react-dom-client.development.js:25631 Download the React DevTools for a better development experience: https://react.dev/link/react-devtools
S:\Program Files\LiftLog\lib\session-manager.ts:272 [SessionManager] Dev tools available at window.SessionManager
S:\Program Files\LiftLog\lib\workout-logger.ts:165 [WorkoutLogger] Development tools available at window.WorkoutLoggerDev
S:\Program Files\LiftLog\lib\debug-logs.ts:54 [DebugLogCapture] Log capture started
S:\Program Files\LiftLog\lib\debug-logs.ts:54 [ProgramTemplateService] Warming cache...
S:\Program Files\LiftLog\lib\debug-logs.ts:54 [SessionManager] 🔐 Starting session monitoring...
S:\Program Files\LiftLog\lib\debug-logs.ts:54 [SessionManager] ✅ Session monitoring active
S:\Program Files\LiftLog\lib\debug-logs.ts:54 [SessionManager] Auth state changed: SIGNED_IN
S:\Program Files\LiftLog\lib\debug-logs.ts:54 [SessionManager] 🔓 User signed in
S:\Program Files\LiftLog\lib\debug-logs.ts:54 [SessionManager] Auth state changed: INITIAL_SESSION
S:\Program Files\LiftLog\lib\debug-logs.ts:54 [SessionManager] Session check: Object
S:\Program Files\LiftLog\lib\debug-logs.ts:54 [Auth] Loading comprehensive user application data for: 6bf0e5d0-cf5c-4820-90f5-346e1e2a4d4c
S:\Program Files\LiftLog\lib\debug-logs.ts:54 [HomePage] Data loading status: Loading your workout data...
S:\Program Files\LiftLog\lib\debug-logs.ts:54 [HomePage] Data loading status: Checking for data recovery...
S:\Program Files\LiftLog\lib\debug-logs.ts:54 [Auth] Development mode: checking for port change scenario
S:\Program Files\LiftLog\lib\debug-logs.ts:54 [WorkoutLogger] Loading user data from database (forceRefresh: true )
S:\Program Files\LiftLog\lib\debug-logs.ts:54 [WorkoutLogger] Testing database access...
S:\Program Files\LiftLog\lib\debug-logs.ts:54 [DevDataRecovery] Development tools available at window.DevDataRecovery
S:\Program Files\LiftLog\lib\debug-logs.ts:54 [DevDataRecovery] === Recovery Statistics ===
S:\Program Files\LiftLog\lib\debug-logs.ts:54 [DevDataRecovery] Local storage:
S:\Program Files\LiftLog\lib\debug-logs.ts:54   Workouts data: Present (350336 chars)
S:\Program Files\LiftLog\lib\debug-logs.ts:54   Program data: Present (5361 chars)
S:\Program Files\LiftLog\lib\debug-logs.ts:54 [ProgramTemplateService] Cache warmed with 3 templates
S:\Program Files\LiftLog\lib\debug-logs.ts:54 [TemplateCacheWarmer] Cache warmed successfully
S:\Program Files\LiftLog\lib\debug-logs.ts:54 [WorkoutLogger] Loading completed workouts...
S:\Program Files\LiftLog\lib\debug-logs.ts:54 [DevDataRecovery] Database:
S:\Program Files\LiftLog\lib\debug-logs.ts:54   Recent workouts: 5
S:\Program Files\LiftLog\lib\debug-logs.ts:54   Active programs: 1
S:\Program Files\LiftLog\lib\debug-logs.ts:54   Recent workout details: Array(5)
S:\Program Files\LiftLog\lib\debug-logs.ts:54   Active program details: Object
S:\Program Files\LiftLog\lib\debug-logs.ts:54 [DevDataRecovery] === End Recovery Statistics ===
S:\Program Files\LiftLog\lib\debug-logs.ts:54 [DevDataRecovery] Checking for port change scenario...
S:\Program Files\LiftLog\lib\debug-logs.ts:54 [DevDataRecovery] Local storage status: Object
S:\Program Files\LiftLog\lib\debug-logs.ts:54 [Auth] Loading user data from database (forceRefresh: false )...
S:\Program Files\LiftLog\lib\debug-logs.ts:54 [DevDataRecovery] Checking for port change scenario...
S:\Program Files\LiftLog\lib\debug-logs.ts:54 [DevDataRecovery] Local storage status: Object
S:\Program Files\LiftLog\lib\debug-logs.ts:54 [Auth] Using safe loading (preserves local data)
S:\Program Files\LiftLog\lib\debug-logs.ts:54 [Auth] Using safe loading (preserves local data)
S:\Program Files\LiftLog\lib\debug-logs.ts:54 [Auth] Loading fresh data from database (database is source of truth)
S:\Program Files\LiftLog\lib\debug-logs.ts:54 [WorkoutLogger] Loading user data from database (forceRefresh: true )
S:\Program Files\LiftLog\lib\debug-logs.ts:54 [WorkoutLogger] Testing database access...
S:\Program Files\LiftLog\lib\debug-logs.ts:54 [WorkoutLogger] Loading user data from database (forceRefresh: false )
S:\Program Files\LiftLog\lib\debug-logs.ts:54 [WorkoutLogger] Testing database access...
S:\Program Files\LiftLog\lib\debug-logs.ts:54 [WorkoutLogger] Loading completed workouts...
S:\Program Files\LiftLog\lib\debug-logs.ts:54 [WorkoutLogger] Found 240 workouts in database
S:\Program Files\LiftLog\lib\debug-logs.ts:54 [WorkoutLogger] Sample workout data: Object
S:\Program Files\LiftLog\lib\debug-logs.ts:54 [WorkoutLogger] Loaded 240 workouts from database (forceRefresh: true )
S:\Program Files\LiftLog\lib\debug-logs.ts:54 [WorkoutLogger] Loading in-progress workouts...
S:\Program Files\LiftLog\lib\debug-logs.ts:54 [WorkoutLogger] Loading completed workouts...
S:\Program Files\LiftLog\lib\debug-logs.ts:54 [WorkoutLogger] Found 3 in-progress workouts in database
S:\Program Files\LiftLog\lib\debug-logs.ts:54 [WorkoutLogger] Loaded 3 in-progress workouts from database (forceRefresh: true )
S:\Program Files\LiftLog\lib\debug-logs.ts:54 [WorkoutLogger] Database loading completed. Total records loaded: 243
S:\Program Files\LiftLog\lib\debug-logs.ts:54 [ProgramState] Found active program in database: 44f1e494-178a-4e14-aaa2-651dd8844163
S:\Program Files\LiftLog\lib\debug-logs.ts:54 [ProgramState] Loaded template from database: 44f1e494-178a-4e14-aaa2-651dd8844163
S:\Program Files\LiftLog\lib\debug-logs.ts:54 [WorkoutLogger] Week 1 Day 1 completion: Object
S:\Program Files\LiftLog\lib\debug-logs.ts:54 [WorkoutLogger] Found 240 workouts in database
S:\Program Files\LiftLog\lib\debug-logs.ts:54 [WorkoutLogger] Sample workout data: Object
S:\Program Files\LiftLog\lib\debug-logs.ts:54 [WorkoutLogger] Loaded 240 workouts from database (forceRefresh: true )
S:\Program Files\LiftLog\lib\debug-logs.ts:54 [WorkoutLogger] Loading in-progress workouts...
S:\Program Files\LiftLog\lib\debug-logs.ts:54 [WorkoutLogger] Found 3 in-progress workouts in database
S:\Program Files\LiftLog\lib\debug-logs.ts:54 [WorkoutLogger] Loaded 3 in-progress workouts from database (forceRefresh: true )
S:\Program Files\LiftLog\lib\debug-logs.ts:54 [WorkoutLogger] Database loading completed. Total records loaded: 243
S:\Program Files\LiftLog\lib\debug-logs.ts:54 [ProgramState] Synced active program to database: Object
S:\Program Files\LiftLog\lib\debug-logs.ts:54 [ProgramState] Loaded active program from database
S:\Program Files\LiftLog\lib\debug-logs.ts:54 [ProgramState] Found active program in database: 44f1e494-178a-4e14-aaa2-651dd8844163
S:\Program Files\LiftLog\lib\debug-logs.ts:54 [ProgramState] Loaded template from database: 44f1e494-178a-4e14-aaa2-651dd8844163
S:\Program Files\LiftLog\lib\debug-logs.ts:54 [WorkoutLogger] Week 1 Day 1 completion: Object
S:\Program Files\LiftLog\lib\debug-logs.ts:54 [ProgramState] Loaded program history from database
S:\Program Files\LiftLog\lib\debug-logs.ts:54 [WorkoutLogger] Found 240 workouts in database
S:\Program Files\LiftLog\lib\debug-logs.ts:54 [WorkoutLogger] Sample workout data: Object
S:\Program Files\LiftLog\lib\debug-logs.ts:54 [WorkoutLogger] Preserving local workouts, found 350336 characters of local data
S:\Program Files\LiftLog\lib\debug-logs.ts:54 [WorkoutLogger] Loading in-progress workouts...
S:\Program Files\LiftLog\lib\debug-logs.ts:54 [ProgramState] Synced active program to database: Object
S:\Program Files\LiftLog\lib\debug-logs.ts:54 [ProgramState] Loaded active program from database
S:\Program Files\LiftLog\lib\debug-logs.ts:54 [ProgramState] Synced active program to database: Object
S:\Program Files\LiftLog\lib\debug-logs.ts:54 Rendering workout with 0 exercises
S:\Program Files\LiftLog\lib\debug-logs.ts:54 Rendering workout with 0 exercises
S:\Program Files\LiftLog\lib\debug-logs.ts:54 [ProgramsSection] Component mounted, loading initial data...
S:\Program Files\LiftLog\lib\debug-logs.ts:54 [ProgramsSection] Fetching fresh templates from database
S:\Program Files\LiftLog\lib\debug-logs.ts:54 [TrainSection] Component mounted, loading program data...
S:\Program Files\LiftLog\lib\debug-logs.ts:54 [TrainSection] Loading active program...
S:\Program Files\LiftLog\lib\debug-logs.ts:54 [TrainSection] localStorage has active program: true
S:\Program Files\LiftLog\lib\debug-logs.ts:54 [TrainSection] Active program templateId in localStorage: 44f1e494-178a-4e14-aaa2-651dd8844163
S:\Program Files\LiftLog\lib\debug-logs.ts:54 [TrainSection] Has template data: true
S:\Program Files\LiftLog\lib\debug-logs.ts:54 [WorkoutLogger] Loading user data from database (forceRefresh: true )
S:\Program Files\LiftLog\lib\debug-logs.ts:54 [WorkoutLogger] Testing database access...
S:\Program Files\LiftLog\lib\debug-logs.ts:54 💾 RAW LOCALSTORAGE CHECK: Object
S:\Program Files\LiftLog\lib\debug-logs.ts:54 [ProgramsSection] Component mounted, loading initial data...
S:\Program Files\LiftLog\lib\debug-logs.ts:54 [ProgramsSection] Fetching fresh templates from database
S:\Program Files\LiftLog\lib\debug-logs.ts:54 [TrainSection] Component mounted, loading program data...
S:\Program Files\LiftLog\lib\debug-logs.ts:54 [TrainSection] Loading active program...
S:\Program Files\LiftLog\lib\debug-logs.ts:54 [TrainSection] localStorage has active program: true
S:\Program Files\LiftLog\lib\debug-logs.ts:54 [TrainSection] Active program templateId in localStorage: 44f1e494-178a-4e14-aaa2-651dd8844163
S:\Program Files\LiftLog\lib\debug-logs.ts:54 [TrainSection] Has template data: true
S:\Program Files\LiftLog\lib\debug-logs.ts:54 [WorkoutLogger] Loading user data from database (forceRefresh: true )
S:\Program Files\LiftLog\lib\debug-logs.ts:54 [WorkoutLogger] Testing database access...
S:\Program Files\LiftLog\lib\debug-logs.ts:54 💾 RAW LOCALSTORAGE CHECK: Object
S:\Program Files\LiftLog\lib\debug-logs.ts:57 The width(0) and height(0) of chart should be greater than 0,
       please check the style of container, or the props width(100%) and height(100%),
       or add a minWidth(0) or minHeight(undefined) or use aspect(undefined) to control the
       height and width.
captureLog @ S:\Program Files\LiftLog\lib\debug-logs.ts:57
S:\Program Files\LiftLog\lib\debug-logs.ts:57 The width(0) and height(0) of chart should be greater than 0,
       please check the style of container, or the props width(100%) and height(100%),
       or add a minWidth(0) or minHeight(undefined) or use aspect(undefined) to control the
       height and width.
captureLog @ S:\Program Files\LiftLog\lib\debug-logs.ts:57
S:\Program Files\LiftLog\lib\debug-logs.ts:54 [ProgramState] Loaded 3 lightweight templates (metadata only)
S:\Program Files\LiftLog\lib\debug-logs.ts:54 [ProgramState] Loaded 3 lightweight templates (metadata only)
S:\Program Files\LiftLog\lib\debug-logs.ts:54 [TrainSection] Loaded active program: Object
S:\Program Files\LiftLog\lib\debug-logs.ts:54 [TrainSection] Loaded active program: Object
S:\Program Files\LiftLog\lib\debug-logs.ts:54 [ProgramsSection] Loaded 3 lightweight templates (metadata only)
S:\Program Files\LiftLog\lib\debug-logs.ts:54 📥 COMPONENT LOAD - Existing workout from localStorage: Object
S:\Program Files\LiftLog\lib\debug-logs.ts:54 Checking if workout should be blocked: Object
S:\Program Files\LiftLog\lib\debug-logs.ts:54 Workout not blocked - current or past week
S:\Program Files\LiftLog\lib\debug-logs.ts:54 [ProgramsSection] Loaded 3 lightweight templates (metadata only)
S:\Program Files\LiftLog\lib\debug-logs.ts:54 📥 COMPONENT LOAD - Existing workout from localStorage: Object
S:\Program Files\LiftLog\lib\debug-logs.ts:54 Checking if workout should be blocked: Object
S:\Program Files\LiftLog\lib\debug-logs.ts:54 Workout not blocked - current or past week
S:\Program Files\LiftLog\lib\debug-logs.ts:54 Rendering workout with 3 exercises
S:\Program Files\LiftLog\lib\debug-logs.ts:54 Exercise 1: Front Squat - 3 sets
S:\Program Files\LiftLog\lib\debug-logs.ts:54 Exercise 2: Barbell Shoulder Press (Standing) - 3 sets
S:\Program Files\LiftLog\lib\debug-logs.ts:54 Exercise 3: Barbell Curl (Normal Grip) - 3 sets
S:\Program Files\LiftLog\lib\debug-logs.ts:54 Rendering workout with 3 exercises
S:\Program Files\LiftLog\lib\debug-logs.ts:54 Exercise 1: Front Squat - 3 sets
S:\Program Files\LiftLog\lib\debug-logs.ts:54 Exercise 2: Barbell Shoulder Press (Standing) - 3 sets
S:\Program Files\LiftLog\lib\debug-logs.ts:54 Exercise 3: Barbell Curl (Normal Grip) - 3 sets
S:\Program Files\LiftLog\lib\debug-logs.ts:54 [ExerciseNotes] Hydrating cache for program instance: undefined
S:\Program Files\LiftLog\lib\debug-logs.ts:54 [ExerciseNotes] Query parameters - userId: 6bf0e5d0-cf5c-4820-90f5-346e1e2a4d4c programInstanceId: undefined
S:\Program Files\LiftLog\lib\debug-logs.ts:54 [WorkoutLogger] Found 3 in-progress workouts in database
S:\Program Files\LiftLog\lib\debug-logs.ts:54 [WorkoutLogger] Preserving local in-progress workouts, found 5820 characters of local data
S:\Program Files\LiftLog\lib\debug-logs.ts:54 [WorkoutLogger] Database loading completed. Total records loaded: 243
S:\Program Files\LiftLog\lib\debug-logs.ts:54 [ProgramState] Loaded program history from database
S:\Program Files\LiftLog\lib\debug-logs.ts:54 [Auth] User data loaded successfully
S:\Program Files\LiftLog\lib\debug-logs.ts:54 [HomePage] Data loading status: Validating workout data...
S:\Program Files\LiftLog\lib\debug-logs.ts:54 [WorkoutLogger] Starting migration from global to user-specific keys for user: 6bf0e5d0-cf5c-4820-90f5-346e1e2a4d4c
S:\Program Files\LiftLog\lib\debug-logs.ts:54 [WorkoutLogger] Starting cleanup of corrupted workouts...
S:\Program Files\LiftLog\lib\debug-logs.ts:54 [WorkoutLogger] Removing corrupted completed workout: iwi95poq1
S:\Program Files\LiftLog\lib\debug-logs.ts:54 [WorkoutLogger] Removing corrupted completed workout: 34s6o91n6
S:\Program Files\LiftLog\lib\debug-logs.ts:54 [WorkoutLogger] Removing corrupted completed workout: i3wgblz6d
S:\Program Files\LiftLog\lib\debug-logs.ts:54 [WorkoutLogger] Removing corrupted completed workout: shms4y8ei
S:\Program Files\LiftLog\lib\debug-logs.ts:54 [WorkoutLogger] Removing corrupted completed workout: ub70tv0lz
S:\Program Files\LiftLog\lib\debug-logs.ts:54 [WorkoutLogger] Removing corrupted completed workout: w1gguaivj
S:\Program Files\LiftLog\lib\debug-logs.ts:54 [WorkoutLogger] Removing corrupted completed workout: dno0n8uy4
S:\Program Files\LiftLog\lib\debug-logs.ts:54 [WorkoutLogger] Removing corrupted completed workout: cq9rxgii7
S:\Program Files\LiftLog\lib\debug-logs.ts:54 [WorkoutLogger] Removing corrupted completed workout: yyvln1tc3
S:\Program Files\LiftLog\lib\debug-logs.ts:54 [WorkoutLogger] Removing corrupted completed workout: 41sckzx79
S:\Program Files\LiftLog\lib\debug-logs.ts:54 [WorkoutLogger] Removing corrupted completed workout: kaz48rpz4
S:\Program Files\LiftLog\lib\debug-logs.ts:54 [WorkoutLogger] Removing corrupted completed workout: y1g8ugehi
S:\Program Files\LiftLog\lib\debug-logs.ts:54 [WorkoutLogger] Removing corrupted completed workout: 6enm8gimg
S:\Program Files\LiftLog\lib\debug-logs.ts:54 [WorkoutLogger] Removing corrupted completed workout: 9hxa9hhv9
S:\Program Files\LiftLog\lib\debug-logs.ts:54 [WorkoutLogger] Removing corrupted completed workout: b02u6l0de
S:\Program Files\LiftLog\lib\debug-logs.ts:54 [WorkoutLogger] Removing corrupted completed workout: j6qwufcva
S:\Program Files\LiftLog\lib\debug-logs.ts:54 [WorkoutLogger] Removing corrupted completed workout: 2c8kwija9
S:\Program Files\LiftLog\lib\debug-logs.ts:54 [WorkoutLogger] Removing corrupted completed workout: rqvpqu4zs
S:\Program Files\LiftLog\lib\debug-logs.ts:54 [WorkoutLogger] Removing corrupted completed workout: 103jquzul
S:\Program Files\LiftLog\lib\debug-logs.ts:54 [WorkoutLogger] Removing corrupted completed workout: 4gg3j8qct
S:\Program Files\LiftLog\lib\debug-logs.ts:54 [WorkoutLogger] Removing corrupted completed workout: wjuvilwba
S:\Program Files\LiftLog\lib\debug-logs.ts:54 [WorkoutLogger] Removing corrupted completed workout: hnu7x8wt5
S:\Program Files\LiftLog\lib\debug-logs.ts:54 [WorkoutLogger] Removing corrupted completed workout: sb2oa6x1v
S:\Program Files\LiftLog\lib\debug-logs.ts:54 [WorkoutLogger] Removing corrupted completed workout: t3a2j1qm3
S:\Program Files\LiftLog\lib\debug-logs.ts:54 [WorkoutLogger] Removing corrupted completed workout: wqh7f4fg4
S:\Program Files\LiftLog\lib\debug-logs.ts:54 [WorkoutLogger] Removing corrupted completed workout: zkfy3ua4c
S:\Program Files\LiftLog\lib\debug-logs.ts:54 [WorkoutLogger] Removing corrupted completed workout: 0qbzxphb8
S:\Program Files\LiftLog\lib\debug-logs.ts:54 [WorkoutLogger] Removing corrupted completed workout: qkxe5uv7n
S:\Program Files\LiftLog\lib\debug-logs.ts:54 [WorkoutLogger] Removing corrupted completed workout: x5sdddozx
S:\Program Files\LiftLog\lib\debug-logs.ts:54 [WorkoutLogger] Removing corrupted completed workout: pdvg8gh54
S:\Program Files\LiftLog\lib\debug-logs.ts:54 [WorkoutLogger] Removing corrupted completed workout: 4xp633ixr
S:\Program Files\LiftLog\lib\debug-logs.ts:54 [WorkoutLogger] Removing corrupted completed workout: 51zv4qnrb
S:\Program Files\LiftLog\lib\debug-logs.ts:54 [WorkoutLogger] Removing corrupted completed workout: 1zncsugj5
S:\Program Files\LiftLog\lib\debug-logs.ts:54 [WorkoutLogger] Removing corrupted completed workout: oxde9tp7p
S:\Program Files\LiftLog\lib\debug-logs.ts:54 [WorkoutLogger] Removing corrupted completed workout: tj7vyiieh
S:\Program Files\LiftLog\lib\debug-logs.ts:54 [WorkoutLogger] Removing corrupted completed workout: ddyt4k3lt
S:\Program Files\LiftLog\lib\debug-logs.ts:54 [WorkoutLogger] Removing corrupted completed workout: frajit11p
S:\Program Files\LiftLog\lib\debug-logs.ts:54 [WorkoutLogger] Removing corrupted completed workout: ywigq3882
S:\Program Files\LiftLog\lib\debug-logs.ts:54 [WorkoutLogger] Removing corrupted completed workout: 3pa2hs9w7
S:\Program Files\LiftLog\lib\debug-logs.ts:54 [WorkoutLogger] Removing corrupted completed workout: 1b6s8o2v1
S:\Program Files\LiftLog\lib\debug-logs.ts:54 [WorkoutLogger] Removing corrupted completed workout: ilf3c8we4
S:\Program Files\LiftLog\lib\debug-logs.ts:54 [WorkoutLogger] Removing corrupted completed workout: w8c8z0d3b
S:\Program Files\LiftLog\lib\debug-logs.ts:54 [WorkoutLogger] Removing corrupted completed workout: 8n7q6e0jj
S:\Program Files\LiftLog\lib\debug-logs.ts:54 [WorkoutLogger] Removing corrupted completed workout: hxu5gmhrc
S:\Program Files\LiftLog\lib\debug-logs.ts:54 [WorkoutLogger] Removing corrupted completed workout: 3eyy6yy8r
S:\Program Files\LiftLog\lib\debug-logs.ts:54 [WorkoutLogger] Removing corrupted completed workout: dof3oliaa
S:\Program Files\LiftLog\lib\debug-logs.ts:54 [WorkoutLogger] Removing corrupted completed workout: hsjqa381j
S:\Program Files\LiftLog\lib\debug-logs.ts:54 [WorkoutLogger] Removing corrupted completed workout: g9anlg1wr
S:\Program Files\LiftLog\lib\debug-logs.ts:54 [WorkoutLogger] Removing corrupted completed workout: 3symv1sng
S:\Program Files\LiftLog\lib\debug-logs.ts:54 [WorkoutLogger] Removing corrupted completed workout: llu4dgiwk
S:\Program Files\LiftLog\lib\debug-logs.ts:54 [WorkoutLogger] Removing corrupted completed workout: gl9wbww4i
S:\Program Files\LiftLog\lib\debug-logs.ts:54 [WorkoutLogger] Removing corrupted completed workout: vrahbxcat
S:\Program Files\LiftLog\lib\debug-logs.ts:54 [WorkoutLogger] Removing corrupted completed workout: baszs7o2v
S:\Program Files\LiftLog\lib\debug-logs.ts:54 [WorkoutLogger] Removing corrupted completed workout: rpox3r2mp
S:\Program Files\LiftLog\lib\debug-logs.ts:54 [WorkoutLogger] Removing corrupted completed workout: bmzchfw7r
S:\Program Files\LiftLog\lib\debug-logs.ts:54 [WorkoutLogger] Removing corrupted completed workout: ftozuhyfu
S:\Program Files\LiftLog\lib\debug-logs.ts:54 [WorkoutLogger] Removing corrupted completed workout: c428fuus2
S:\Program Files\LiftLog\lib\debug-logs.ts:54 [WorkoutLogger] Removing corrupted completed workout: 5gerwokjd
S:\Program Files\LiftLog\lib\debug-logs.ts:54 [WorkoutLogger] Removing corrupted completed workout: u29iym457
S:\Program Files\LiftLog\lib\debug-logs.ts:54 [WorkoutLogger] Removing corrupted completed workout: h9ihfj9k0
S:\Program Files\LiftLog\lib\debug-logs.ts:54 [WorkoutLogger] Removing corrupted completed workout: cuzx8fzgc
S:\Program Files\LiftLog\lib\debug-logs.ts:54 [WorkoutLogger] Removing corrupted completed workout: rg24dfnt6
S:\Program Files\LiftLog\lib\debug-logs.ts:54 [WorkoutLogger] Removing corrupted completed workout: b18qpx3go
S:\Program Files\LiftLog\lib\debug-logs.ts:54 [WorkoutLogger] Removing corrupted completed workout: bbphs7yfi
S:\Program Files\LiftLog\lib\debug-logs.ts:54 [WorkoutLogger] Removing corrupted completed workout: iijlj84gr
S:\Program Files\LiftLog\lib\debug-logs.ts:54 [WorkoutLogger] Removing corrupted completed workout: asyqtfs9o
S:\Program Files\LiftLog\lib\debug-logs.ts:54 [WorkoutLogger] Removing corrupted completed workout: 3pcfz9t6g
S:\Program Files\LiftLog\lib\debug-logs.ts:54 [WorkoutLogger] Removing corrupted completed workout: cgivjfdjr
S:\Program Files\LiftLog\lib\debug-logs.ts:54 [WorkoutLogger] Removing corrupted completed workout: u5rla8iaq
S:\Program Files\LiftLog\lib\debug-logs.ts:54 [WorkoutLogger] Removing corrupted completed workout: r8i5px0hn
S:\Program Files\LiftLog\lib\debug-logs.ts:54 [WorkoutLogger] Removing corrupted completed workout: m8dpykdmk
S:\Program Files\LiftLog\lib\debug-logs.ts:54 [WorkoutLogger] Removing corrupted completed workout: twpjtge7n
S:\Program Files\LiftLog\lib\debug-logs.ts:54 [WorkoutLogger] Removing corrupted completed workout: 7vlwjed21
S:\Program Files\LiftLog\lib\debug-logs.ts:54 [WorkoutLogger] Removing corrupted completed workout: t9rlovezr
S:\Program Files\LiftLog\lib\debug-logs.ts:54 [WorkoutLogger] Removing corrupted completed workout: knkhqwd55
S:\Program Files\LiftLog\lib\debug-logs.ts:54 [WorkoutLogger] Removing corrupted completed workout: jr9wutmnm
S:\Program Files\LiftLog\lib\debug-logs.ts:54 [WorkoutLogger] Removing corrupted completed workout: 30siqmi9s
S:\Program Files\LiftLog\lib\debug-logs.ts:54 [WorkoutLogger] Removing corrupted completed workout: h3nki3fgv
S:\Program Files\LiftLog\lib\debug-logs.ts:54 [WorkoutLogger] Removing corrupted completed workout: 9tc6bw35b
S:\Program Files\LiftLog\lib\debug-logs.ts:54 [WorkoutLogger] Removing corrupted completed workout: 95rb5xqkw
S:\Program Files\LiftLog\lib\debug-logs.ts:54 [WorkoutLogger] Removing corrupted completed workout: cg2bjn8nb
S:\Program Files\LiftLog\lib\debug-logs.ts:54 [WorkoutLogger] Removing corrupted completed workout: x9gyhndti
S:\Program Files\LiftLog\lib\debug-logs.ts:54 [WorkoutLogger] Removing corrupted completed workout: es1i781h1
S:\Program Files\LiftLog\lib\debug-logs.ts:54 [WorkoutLogger] Removing corrupted completed workout: jy0jk77r9
S:\Program Files\LiftLog\lib\debug-logs.ts:54 [WorkoutLogger] Removing corrupted completed workout: m0b14g8vh
S:\Program Files\LiftLog\lib\debug-logs.ts:54 [WorkoutLogger] Removing corrupted completed workout: ytj44q7ly
S:\Program Files\LiftLog\lib\debug-logs.ts:54 [WorkoutLogger] Removing corrupted completed workout: lxq2us5kb
S:\Program Files\LiftLog\lib\debug-logs.ts:54 [WorkoutLogger] Removing corrupted completed workout: k9wjnjwkv
S:\Program Files\LiftLog\lib\debug-logs.ts:54 [WorkoutLogger] Removing corrupted completed workout: 6tp1s7yi3
S:\Program Files\LiftLog\lib\debug-logs.ts:54 [WorkoutLogger] Removing corrupted completed workout: lctweiajl
S:\Program Files\LiftLog\lib\debug-logs.ts:54 [WorkoutLogger] Removing corrupted completed workout: 6lf8bohyn
S:\Program Files\LiftLog\lib\debug-logs.ts:54 [WorkoutLogger] Removing corrupted completed workout: 9sehgmsea
S:\Program Files\LiftLog\lib\debug-logs.ts:54 [WorkoutLogger] Removing corrupted completed workout: x0figy5cy
S:\Program Files\LiftLog\lib\debug-logs.ts:54 [WorkoutLogger] Removing corrupted completed workout: isauh584k
S:\Program Files\LiftLog\lib\debug-logs.ts:54 [WorkoutLogger] Removing corrupted completed workout: 0u6t96ryq
S:\Program Files\LiftLog\lib\debug-logs.ts:54 [WorkoutLogger] Removing corrupted completed workout: unlar54dt
S:\Program Files\LiftLog\lib\debug-logs.ts:54 [WorkoutLogger] Removing corrupted completed workout: 84isrgfcf
S:\Program Files\LiftLog\lib\debug-logs.ts:54 [WorkoutLogger] Removing corrupted completed workout: na5sjuapd
S:\Program Files\LiftLog\lib\debug-logs.ts:54 [WorkoutLogger] Removing corrupted completed workout: 4s6t7ynp8
S:\Program Files\LiftLog\lib\debug-logs.ts:54 [WorkoutLogger] Removing corrupted completed workout: o0po03ruh
S:\Program Files\LiftLog\lib\debug-logs.ts:54 [WorkoutLogger] Removing corrupted completed workout: 40of9t8wb
S:\Program Files\LiftLog\lib\debug-logs.ts:54 [WorkoutLogger] Removing corrupted completed workout: 0pj28qniy
S:\Program Files\LiftLog\lib\debug-logs.ts:54 [WorkoutLogger] Removing corrupted completed workout: 8cav7ibj0
S:\Program Files\LiftLog\lib\debug-logs.ts:54 [WorkoutLogger] Removing corrupted completed workout: 49q6axw4e
S:\Program Files\LiftLog\lib\debug-logs.ts:54 [WorkoutLogger] Removing corrupted completed workout: 6gpoi5wkd
S:\Program Files\LiftLog\lib\debug-logs.ts:54 [WorkoutLogger] Removing corrupted completed workout: m6j0kl5s7
S:\Program Files\LiftLog\lib\debug-logs.ts:54 [WorkoutLogger] Removing corrupted completed workout: rahosck4l
S:\Program Files\LiftLog\lib\debug-logs.ts:54 [WorkoutLogger] Removing corrupted completed workout: blqik9y42
S:\Program Files\LiftLog\lib\debug-logs.ts:54 [WorkoutLogger] Removing corrupted completed workout: nlua38v1n
S:\Program Files\LiftLog\lib\debug-logs.ts:54 [WorkoutLogger] Removing corrupted completed workout: 2fgglisdw
S:\Program Files\LiftLog\lib\debug-logs.ts:54 [WorkoutLogger] Removing corrupted completed workout: 2h2ib4zyt
S:\Program Files\LiftLog\lib\debug-logs.ts:54 [WorkoutLogger] Removing corrupted completed workout: p72stu300
S:\Program Files\LiftLog\lib\debug-logs.ts:54 [WorkoutLogger] Removing corrupted completed workout: 2tgcs2ed9
S:\Program Files\LiftLog\lib\debug-logs.ts:54 [WorkoutLogger] Removing corrupted completed workout: 6tdu1ai7u
S:\Program Files\LiftLog\lib\debug-logs.ts:54 [WorkoutLogger] Removing corrupted completed workout: 5f858km8e
S:\Program Files\LiftLog\lib\debug-logs.ts:54 [WorkoutLogger] Removing corrupted completed workout: 8d0sh2pou
S:\Program Files\LiftLog\lib\debug-logs.ts:54 [WorkoutLogger] Removing corrupted completed workout: r82oxy8z9
S:\Program Files\LiftLog\lib\debug-logs.ts:54 [WorkoutLogger] Removing corrupted completed workout: pz3ayotof
S:\Program Files\LiftLog\lib\debug-logs.ts:54 [WorkoutLogger] Removing corrupted completed workout: gseeqn197
S:\Program Files\LiftLog\lib\debug-logs.ts:54 [WorkoutLogger] Removing corrupted completed workout: 798au4s04
S:\Program Files\LiftLog\lib\debug-logs.ts:54 [WorkoutLogger] Removing corrupted completed workout: u0ydigvsv
S:\Program Files\LiftLog\lib\debug-logs.ts:54 [WorkoutLogger] Removing corrupted completed workout: ytomufgom
S:\Program Files\LiftLog\lib\debug-logs.ts:54 [WorkoutLogger] Removing corrupted completed workout: 5n5ma8tze
S:\Program Files\LiftLog\lib\debug-logs.ts:54 [WorkoutLogger] Removing corrupted completed workout: i904xd8ox
S:\Program Files\LiftLog\lib\debug-logs.ts:54 [WorkoutLogger] Removing corrupted completed workout: bckrwss1e
S:\Program Files\LiftLog\lib\debug-logs.ts:54 [WorkoutLogger] Removing corrupted completed workout: dqv2d6qll
S:\Program Files\LiftLog\lib\debug-logs.ts:54 [WorkoutLogger] Removing corrupted completed workout: 6xxjrnjvt
S:\Program Files\LiftLog\lib\debug-logs.ts:54 [WorkoutLogger] Removing corrupted completed workout: nb1scgyca
S:\Program Files\LiftLog\lib\debug-logs.ts:54 [WorkoutLogger] Removing corrupted completed workout: kjo5u9kkb
S:\Program Files\LiftLog\lib\debug-logs.ts:54 [WorkoutLogger] Removing corrupted completed workout: 7rpwg0wek
S:\Program Files\LiftLog\lib\debug-logs.ts:54 [WorkoutLogger] Removing corrupted completed workout: s5d79wi0n
S:\Program Files\LiftLog\lib\debug-logs.ts:54 [WorkoutLogger] Removing corrupted completed workout: 37jkgycpb
S:\Program Files\LiftLog\lib\debug-logs.ts:54 [WorkoutLogger] Removing corrupted completed workout: iwx6sn148
S:\Program Files\LiftLog\lib\debug-logs.ts:54 [WorkoutLogger] Removing corrupted completed workout: 04xbfpzl0
S:\Program Files\LiftLog\lib\debug-logs.ts:54 [WorkoutLogger] Removing corrupted completed workout: k0a342mcd
S:\Program Files\LiftLog\lib\debug-logs.ts:54 [WorkoutLogger] Removing corrupted completed workout: trz2797mi
S:\Program Files\LiftLog\lib\debug-logs.ts:54 [WorkoutLogger] Removing corrupted completed workout: 2lzs0yply
S:\Program Files\LiftLog\lib\debug-logs.ts:54 [WorkoutLogger] Removing corrupted completed workout: 8s3s0jved
S:\Program Files\LiftLog\lib\debug-logs.ts:54 [WorkoutLogger] Removing corrupted completed workout: wxu1v7cgj
S:\Program Files\LiftLog\lib\debug-logs.ts:54 [WorkoutLogger] Removing corrupted completed workout: x7zfjcxwk
S:\Program Files\LiftLog\lib\debug-logs.ts:54 [WorkoutLogger] Removing corrupted completed workout: jztaz4av5
S:\Program Files\LiftLog\lib\debug-logs.ts:54 [WorkoutLogger] Removing corrupted completed workout: 2qm7a1nmb
S:\Program Files\LiftLog\lib\debug-logs.ts:54 [WorkoutLogger] Removing corrupted completed workout: 7jv930886
S:\Program Files\LiftLog\lib\debug-logs.ts:54 [WorkoutLogger] Removing corrupted completed workout: ncqi356q8
S:\Program Files\LiftLog\lib\debug-logs.ts:54 [WorkoutLogger] Removing corrupted completed workout: 4i2777q0j
S:\Program Files\LiftLog\lib\debug-logs.ts:54 [WorkoutLogger] Removing corrupted completed workout: 8a8k01h0j
S:\Program Files\LiftLog\lib\debug-logs.ts:54 [WorkoutLogger] Removing corrupted completed workout: iav2xo4cl
S:\Program Files\LiftLog\lib\debug-logs.ts:54 [WorkoutLogger] Removing corrupted completed workout: lyv5h451s
S:\Program Files\LiftLog\lib\debug-logs.ts:54 [WorkoutLogger] Removing corrupted completed workout: ph6f9yhc4
S:\Program Files\LiftLog\lib\debug-logs.ts:54 [WorkoutLogger] Removing corrupted completed workout: 0qu4ptdeq
S:\Program Files\LiftLog\lib\debug-logs.ts:54 [WorkoutLogger] Removing corrupted completed workout: io53yb1zl
S:\Program Files\LiftLog\lib\debug-logs.ts:54 [WorkoutLogger] Removing corrupted completed workout: 6q21o5u5y
S:\Program Files\LiftLog\lib\debug-logs.ts:54 [WorkoutLogger] Removing corrupted completed workout: gxhfwk8tn
S:\Program Files\LiftLog\lib\debug-logs.ts:54 [WorkoutLogger] Removing corrupted completed workout: zvuason7i
S:\Program Files\LiftLog\lib\debug-logs.ts:54 [WorkoutLogger] Removing corrupted completed workout: s46sbcjao
S:\Program Files\LiftLog\lib\debug-logs.ts:54 [WorkoutLogger] Removing corrupted completed workout: ufrb3tcsh
S:\Program Files\LiftLog\lib\debug-logs.ts:54 [WorkoutLogger] Removing corrupted completed workout: ni65ig2na
S:\Program Files\LiftLog\lib\debug-logs.ts:54 [WorkoutLogger] Removing corrupted completed workout: o3497m67e
S:\Program Files\LiftLog\lib\debug-logs.ts:54 [WorkoutLogger] Cleaned up 158 corrupted completed workouts
S:\Program Files\LiftLog\lib\debug-logs.ts:54 [WorkoutLogger] Cleanup completed. Total items removed: 158
S:\Program Files\LiftLog\lib\debug-logs.ts:54 [WorkoutLogger] Starting workout data integrity validation...
S:\Program Files\LiftLog\lib\debug-logs.ts:54 [WorkoutLogger] Workout data integrity validation completed. Validated 85 workouts, repaired 0 issues.
S:\Program Files\LiftLog\lib\debug-logs.ts:54 [HomePage] Data loading status: Loading active programs...
S:\Program Files\LiftLog\lib\debug-logs.ts:54 [WorkoutLogger] Loading user data from database (forceRefresh: true )
S:\Program Files\LiftLog\lib\debug-logs.ts:54 [WorkoutLogger] Testing database access...
S:\Program Files\LiftLog\lib\debug-logs.ts:54 Rendering workout with 3 exercises
S:\Program Files\LiftLog\lib\debug-logs.ts:54 Exercise 1: Front Squat - 3 sets
S:\Program Files\LiftLog\lib\debug-logs.ts:54 Exercise 2: Barbell Shoulder Press (Standing) - 3 sets
S:\Program Files\LiftLog\lib\debug-logs.ts:54 Exercise 3: Barbell Curl (Normal Grip) - 3 sets
S:\Program Files\LiftLog\lib\debug-logs.ts:54 Rendering workout with 3 exercises
S:\Program Files\LiftLog\lib\debug-logs.ts:54 Exercise 1: Front Squat - 3 sets
S:\Program Files\LiftLog\lib\debug-logs.ts:54 Exercise 2: Barbell Shoulder Press (Standing) - 3 sets
S:\Program Files\LiftLog\lib\debug-logs.ts:54 Exercise 3: Barbell Curl (Normal Grip) - 3 sets
S:\Program Files\LiftLog\lib\debug-logs.ts:57 The width(0) and height(0) of chart should be greater than 0,
       please check the style of container, or the props width(100%) and height(100%),
       or add a minWidth(0) or minHeight(undefined) or use aspect(undefined) to control the
       height and width.
captureLog @ S:\Program Files\LiftLog\lib\debug-logs.ts:57
S:\Program Files\LiftLog\lib\debug-logs.ts:57 The width(0) and height(0) of chart should be greater than 0,
       please check the style of container, or the props width(100%) and height(100%),
       or add a minWidth(0) or minHeight(undefined) or use aspect(undefined) to control the
       height and width.
captureLog @ S:\Program Files\LiftLog\lib\debug-logs.ts:57
S:\Program Files\LiftLog\lib\debug-logs.ts:54 [WorkoutLogger] Loading completed workouts...
S:\Program Files\LiftLog\lib\debug-logs.ts:54 [TrainSection] Preloading next workout: Week 2, Day 1
S:\Program Files\LiftLog\lib\debug-logs.ts:54 [ProgressionRouter] Routing progression calculation: Object
S:\Program Files\LiftLog\lib\debug-logs.ts:54 [ProgressionTierResolver] Resolving tier for: Barbell Shoulder Press (Standing) Object
S:\Program Files\LiftLog\lib\debug-logs.ts:54 [ProgressionRouter] Routing progression calculation: Object
S:\Program Files\LiftLog\lib\debug-logs.ts:54 [ProgressionTierResolver] Resolving tier for: Front Squat Object
fyhbpkjibjtvltwcavlw.supabase.co/rest/v1/exercise_notes?select=*&user_id=eq.6bf0e5d0-cf5c-4820-90f5-346e1e2a4d4c&program_instance_id=eq.undefined:1  Failed to load resource: the server responded with a status of 400 ()
S:\Program Files\LiftLog\lib\debug-logs.ts:54 [ExerciseNotes] Query executed successfully
intercept-console-error.js:57 [ExerciseNotes] Query failed during hydrate. Details: Code=22P02, Message=invalid input syntax for type uuid: "undefined", Status=unknown
error @ intercept-console-error.js:57
intercept-console-error.js:57 [ExerciseNotes] Unexpected error during hydrate: Code=22P02, Message=invalid input syntax for type uuid: "undefined", Status=unknown
error @ intercept-console-error.js:57
S:\Program Files\LiftLog\lib\debug-logs.ts:54 [ProgressionRouter] Routing progression calculation: Object
S:\Program Files\LiftLog\lib\debug-logs.ts:54 [ProgressionTierResolver] Resolving tier for: Barbell Curl (Normal Grip) Object
S:\Program Files\LiftLog\lib\debug-logs.ts:54 [WorkoutLogger] Loading completed workouts...
S:\Program Files\LiftLog\lib\debug-logs.ts:54 [ProgressionRouter] Routing progression calculation: Object
S:\Program Files\LiftLog\lib\debug-logs.ts:54 [ProgressionTierResolver] Resolving tier for: Front Squat Object
S:\Program Files\LiftLog\lib\debug-logs.ts:54 [ProgressionRouter] Routing progression calculation: Object
S:\Program Files\LiftLog\lib\debug-logs.ts:54 [ProgressionTierResolver] Resolving tier for: Barbell Shoulder Press (Standing) Object
S:\Program Files\LiftLog\lib\debug-logs.ts:54 [LinearProgressionTierService] Loaded tier rules for exercise fb594210-799d-478c-8cab-00b71ef25482: Object
S:\Program Files\LiftLog\lib\debug-logs.ts:54 [ProgressionRouter] Routing progression calculation: Object
S:\Program Files\LiftLog\lib\debug-logs.ts:54 [ProgressionTierResolver] Resolving tier for: Barbell Curl (Normal Grip) Object
S:\Program Files\LiftLog\lib\debug-logs.ts:54 [WorkoutLogger] Loading completed workouts...
S:\Program Files\LiftLog\lib\debug-logs.ts:54 [LinearProgressionTierService] Loaded tier rules for exercise b44628a3-1f85-4b5f-8855-25fb151e96e9: Object
fyhbpkjibjtvltwcavlw.supabase.co/rest/v1/exercise_notes?select=*&user_id=eq.6bf0e5d0-cf5c-4820-90f5-346e1e2a4d4c&program_instance_id=eq.undefined&week=eq.undefined:1  Failed to load resource: the server responded with a status of 400 ()
intercept-console-error.js:57 [ExerciseNotes] Failed to fetch week notes: Object
error @ intercept-console-error.js:57
S:\Program Files\LiftLog\lib\debug-logs.ts:57 [WorkoutLogger] Failed to load notes/RPE data: TypeError: Cannot read properties of undefined (reading 'weeks')
    at useWorkoutSession.useEffect.loadNotesAndRpeData (S:\Program Files\LiftLog\components\workout-logger\hooks\use-workout-session.ts:378:34)
captureLog @ S:\Program Files\LiftLog\lib\debug-logs.ts:57
S:\Program Files\LiftLog\lib\debug-logs.ts:54 [LinearProgressionTierService] Loaded tier rules for exercise 7296e9ef-cd09-4d25-be45-e0c533360fac: Object
S:\Program Files\LiftLog\lib\debug-logs.ts:54 Rendering workout with 3 exercises
S:\Program Files\LiftLog\lib\debug-logs.ts:54 Exercise 1: Front Squat - 3 sets
S:\Program Files\LiftLog\lib\debug-logs.ts:54 Exercise 2: Barbell Shoulder Press (Standing) - 3 sets
S:\Program Files\LiftLog\lib\debug-logs.ts:54 Exercise 3: Barbell Curl (Normal Grip) - 3 sets
S:\Program Files\LiftLog\lib\debug-logs.ts:54 Rendering workout with 3 exercises
S:\Program Files\LiftLog\lib\debug-logs.ts:54 Exercise 1: Front Squat - 3 sets
S:\Program Files\LiftLog\lib\debug-logs.ts:54 Exercise 2: Barbell Shoulder Press (Standing) - 3 sets
S:\Program Files\LiftLog\lib\debug-logs.ts:54 Exercise 3: Barbell Curl (Normal Grip) - 3 sets
S:\Program Files\LiftLog\lib\debug-logs.ts:54 [WorkoutLogger] Found 240 workouts in database
S:\Program Files\LiftLog\lib\debug-logs.ts:54 [WorkoutLogger] Sample workout data: Object
S:\Program Files\LiftLog\lib\debug-logs.ts:54 [WorkoutLogger] Loaded 240 workouts from database (forceRefresh: true )
S:\Program Files\LiftLog\lib\debug-logs.ts:54 [WorkoutLogger] Loading in-progress workouts...
S:\Program Files\LiftLog\lib\debug-logs.ts:54 [ProgressionRouter] Routing progression calculation: Object
S:\Program Files\LiftLog\lib\debug-logs.ts:54 [ProgressionTierResolver] Resolving tier for: Barbell Shoulder Press (Standing) Object
S:\Program Files\LiftLog\lib\debug-logs.ts:54 [ProgressionRouter] Routing progression calculation: Object
S:\Program Files\LiftLog\lib\debug-logs.ts:54 [ProgressionTierResolver] Resolving tier for: Front Squat Object
S:\Program Files\LiftLog\lib\debug-logs.ts:54 [ProgressionRouter] Routing progression calculation: Object
S:\Program Files\LiftLog\lib\debug-logs.ts:54 [ProgressionTierResolver] Resolving tier for: Barbell Curl (Normal Grip) Object
S:\Program Files\LiftLog\lib\debug-logs.ts:54 [LinearProgressionTierService] Loaded tier rules for exercise b44628a3-1f85-4b5f-8855-25fb151e96e9: Object
S:\Program Files\LiftLog\lib\debug-logs.ts:54 [LinearProgressionTierService] Loaded tier rules for exercise fb594210-799d-478c-8cab-00b71ef25482: Object
S:\Program Files\LiftLog\lib\debug-logs.ts:54 [LinearProgressionTierService] Loaded tier rules for exercise 7296e9ef-cd09-4d25-be45-e0c533360fac: Object
S:\Program Files\LiftLog\lib\debug-logs.ts:54 [ProgressionTierResolver] ✅ Resolved from DATABASE: Object
S:\Program Files\LiftLog\lib\debug-logs.ts:54 [ProgressionRouter] Tier resolution: Object
S:\Program Files\LiftLog\lib\debug-logs.ts:54 [LinearProgressionEngine] Calculating progression: Object
S:\Program Files\LiftLog\lib\debug-logs.ts:54 [ProgressionTierResolver] ✅ Resolved from DATABASE: Object
S:\Program Files\LiftLog\lib\debug-logs.ts:54 [ProgressionRouter] Tier resolution: Object
S:\Program Files\LiftLog\lib\debug-logs.ts:54 [LinearProgressionEngine] Calculating progression: Object
S:\Program Files\LiftLog\lib\debug-logs.ts:54 [ProgressionTierResolver] ✅ Resolved from DATABASE: Object
S:\Program Files\LiftLog\lib\debug-logs.ts:54 [ProgressionRouter] Tier resolution: Object
S:\Program Files\LiftLog\lib\debug-logs.ts:54 [LinearProgressionEngine] Calculating progression: Object
S:\Program Files\LiftLog\lib\debug-logs.ts:54 [WorkoutLogger] Found 3 in-progress workouts in database
S:\Program Files\LiftLog\lib\debug-logs.ts:54 [WorkoutLogger] Loaded 3 in-progress workouts from database (forceRefresh: true )
S:\Program Files\LiftLog\lib\debug-logs.ts:54 [WorkoutLogger] Database loading completed. Total records loaded: 243
S:\Program Files\LiftLog\lib\debug-logs.ts:54 ===== STORAGE DEBUG =====
S:\Program Files\LiftLog\lib\debug-logs.ts:54 IN-PROGRESS WORKOUTS: None
S:\Program Files\LiftLog\lib\debug-logs.ts:54 WORKOUT HISTORY: None
S:\Program Files\LiftLog\lib\debug-logs.ts:54 ===== END STORAGE DEBUG =====
S:\Program Files\LiftLog\lib\debug-logs.ts:54 [WorkoutLogger] Loading user data from database (forceRefresh: true )
S:\Program Files\LiftLog\lib\debug-logs.ts:54 [WorkoutLogger] Testing database access...
S:\Program Files\LiftLog\lib\debug-logs.ts:54 [ProgressionTierResolver] ✅ Resolved from DATABASE: Object
S:\Program Files\LiftLog\lib\debug-logs.ts:54 [ProgressionRouter] Tier resolution: Object
S:\Program Files\LiftLog\lib\debug-logs.ts:54 [LinearProgressionEngine] Calculating progression: Object
S:\Program Files\LiftLog\lib\debug-logs.ts:54 [WorkoutLogger] Found 240 workouts in database
S:\Program Files\LiftLog\lib\debug-logs.ts:54 [WorkoutLogger] Sample workout data: Object
S:\Program Files\LiftLog\lib\debug-logs.ts:54 [WorkoutLogger] Loaded 240 workouts from database (forceRefresh: true )
S:\Program Files\LiftLog\lib\debug-logs.ts:54 [WorkoutLogger] Loading in-progress workouts...
S:\Program Files\LiftLog\lib\debug-logs.ts:54 [ProgressionTierResolver] ✅ Resolved from DATABASE: Object
S:\Program Files\LiftLog\lib\debug-logs.ts:54 [ProgressionRouter] Tier resolution: Object
S:\Program Files\LiftLog\lib\debug-logs.ts:54 [LinearProgressionEngine] Calculating progression: Object
S:\Program Files\LiftLog\lib\debug-logs.ts:54 [ProgressionTierResolver] ✅ Resolved from DATABASE: Object
S:\Program Files\LiftLog\lib\debug-logs.ts:54 [ProgressionRouter] Tier resolution: Object
S:\Program Files\LiftLog\lib\debug-logs.ts:54 [LinearProgressionEngine] Calculating progression: Object
S:\Program Files\LiftLog\lib\debug-logs.ts:54 [ProgressionTierResolver] ✅ Resolved from DATABASE: Object
S:\Program Files\LiftLog\lib\debug-logs.ts:54 [ProgressionRouter] Tier resolution: Object
S:\Program Files\LiftLog\lib\debug-logs.ts:54 [LinearProgressionEngine] Calculating progression: Object
S:\Program Files\LiftLog\lib\debug-logs.ts:54 [WorkoutLogger] Loading completed workouts...
S:\Program Files\LiftLog\lib\debug-logs.ts:54 [WorkoutLogger] Found 240 workouts in database
S:\Program Files\LiftLog\lib\debug-logs.ts:54 [WorkoutLogger] Sample workout data: Object
S:\Program Files\LiftLog\lib\debug-logs.ts:54 [WorkoutLogger] Loaded 240 workouts from database (forceRefresh: true )
S:\Program Files\LiftLog\lib\debug-logs.ts:54 [WorkoutLogger] Loading in-progress workouts...
S:\Program Files\LiftLog\lib\debug-logs.ts:54 [ProgressionTierResolver] ✅ Resolved from DATABASE: Object
S:\Program Files\LiftLog\lib\debug-logs.ts:54 [ProgressionRouter] Tier resolution: Object
S:\Program Files\LiftLog\lib\debug-logs.ts:54 [LinearProgressionEngine] Calculating progression: Object
S:\Program Files\LiftLog\lib\debug-logs.ts:54 [TrainSection] Loaded current workout: Object
S:\Program Files\LiftLog\lib\debug-logs.ts:54 [TrainSection] Active program loaded but auto-start deferred (tab hidden)
S:\Program Files\LiftLog\lib\debug-logs.ts:54 [WorkoutLogger] Found 3 in-progress workouts in database
S:\Program Files\LiftLog\lib\debug-logs.ts:54 [WorkoutLogger] Loaded 3 in-progress workouts from database (forceRefresh: true )
S:\Program Files\LiftLog\lib\debug-logs.ts:54 [WorkoutLogger] Database loading completed. Total records loaded: 243
S:\Program Files\LiftLog\lib\debug-logs.ts:54 ===== STORAGE DEBUG =====
S:\Program Files\LiftLog\lib\debug-logs.ts:54 IN-PROGRESS WORKOUTS: None
S:\Program Files\LiftLog\lib\debug-logs.ts:54 WORKOUT HISTORY: None
S:\Program Files\LiftLog\lib\debug-logs.ts:54 ===== END STORAGE DEBUG =====
S:\Program Files\LiftLog\lib\debug-logs.ts:54 [WorkoutLogger] Loading user data from database (forceRefresh: true )
S:\Program Files\LiftLog\lib\debug-logs.ts:54 [WorkoutLogger] Testing database access...
S:\Program Files\LiftLog\lib\debug-logs.ts:54 [ProgressionTierResolver] ✅ Resolved from DATABASE: Object
S:\Program Files\LiftLog\lib\debug-logs.ts:54 [ProgressionRouter] Tier resolution: Object
S:\Program Files\LiftLog\lib\debug-logs.ts:54 [LinearProgressionEngine] Calculating progression: Object
S:\Program Files\LiftLog\lib\debug-logs.ts:54 [TrainSection] Loaded current workout: Object
S:\Program Files\LiftLog\lib\debug-logs.ts:54 [TrainSection] Active program loaded but auto-start deferred (tab hidden)
S:\Program Files\LiftLog\lib\debug-logs.ts:54 [WorkoutLogger] Loading completed workouts...
S:\Program Files\LiftLog\lib\debug-logs.ts:54 [WorkoutLogger] Found 3 in-progress workouts in database
S:\Program Files\LiftLog\lib\debug-logs.ts:54 [WorkoutLogger] Loaded 3 in-progress workouts from database (forceRefresh: true )
S:\Program Files\LiftLog\lib\debug-logs.ts:54 [WorkoutLogger] Database loading completed. Total records loaded: 243
S:\Program Files\LiftLog\lib\debug-logs.ts:54 [ProgramState] Found active program in database: 44f1e494-178a-4e14-aaa2-651dd8844163
S:\Program Files\LiftLog\lib\debug-logs.ts:54 [ProgramState] Loaded template from database: 44f1e494-178a-4e14-aaa2-651dd8844163
S:\Program Files\LiftLog\lib\debug-logs.ts:54 [WorkoutLogger] Week 1 Day 1 completion: Object
S:\Program Files\LiftLog\lib\debug-logs.ts:54 [WorkoutLogger] Found 240 workouts in database
S:\Program Files\LiftLog\lib\debug-logs.ts:54 [WorkoutLogger] Sample workout data: Object
S:\Program Files\LiftLog\lib\debug-logs.ts:54 [WorkoutLogger] Loaded 240 workouts from database (forceRefresh: true )
S:\Program Files\LiftLog\lib\debug-logs.ts:54 [WorkoutLogger] Loading in-progress workouts...
S:\Program Files\LiftLog\lib\debug-logs.ts:54 [ProgramState] Synced active program to database: Object
S:\Program Files\LiftLog\lib\debug-logs.ts:54 [ProgramState] Loaded active program from database
S:\Program Files\LiftLog\lib\debug-logs.ts:54 [WorkoutLogger] Found 3 in-progress workouts in database
S:\Program Files\LiftLog\lib\debug-logs.ts:54 [WorkoutLogger] Loaded 3 in-progress workouts from database (forceRefresh: true )
S:\Program Files\LiftLog\lib\debug-logs.ts:54 [WorkoutLogger] Database loading completed. Total records loaded: 243
S:\Program Files\LiftLog\lib\debug-logs.ts:54 [WorkoutLogger] Found 240 workouts in database
S:\Program Files\LiftLog\lib\debug-logs.ts:54 [WorkoutLogger] Sample workout data: Object
S:\Program Files\LiftLog\lib\debug-logs.ts:54 [WorkoutLogger] Loaded 240 workouts from database (forceRefresh: true )
S:\Program Files\LiftLog\lib\debug-logs.ts:54 [WorkoutLogger] Loading in-progress workouts...
S:\Program Files\LiftLog\lib\debug-logs.ts:54 [ProgramState] Loaded program history from database
S:\Program Files\LiftLog\lib\debug-logs.ts:54 [WorkoutLogger] Loading user data from database (forceRefresh: true )
S:\Program Files\LiftLog\lib\debug-logs.ts:54 [WorkoutLogger] Testing database access...
S:\Program Files\LiftLog\lib\debug-logs.ts:54 [ProgramState] Found active program in database: 44f1e494-178a-4e14-aaa2-651dd8844163
S:\Program Files\LiftLog\lib\debug-logs.ts:54 [ProgramState] Loaded template from database: 44f1e494-178a-4e14-aaa2-651dd8844163
S:\Program Files\LiftLog\lib\debug-logs.ts:54 [WorkoutLogger] Week 1 Day 1 completion: Object
S:\Program Files\LiftLog\lib\debug-logs.ts:54 [WorkoutLogger] Found 3 in-progress workouts in database
S:\Program Files\LiftLog\lib\debug-logs.ts:54 [WorkoutLogger] Loaded 3 in-progress workouts from database (forceRefresh: true )
S:\Program Files\LiftLog\lib\debug-logs.ts:54 [WorkoutLogger] Database loading completed. Total records loaded: 243
S:\Program Files\LiftLog\lib\debug-logs.ts:54 [ProgramState] Synced active program to database: Object
S:\Program Files\LiftLog\lib\debug-logs.ts:54 [ProgramState] Loaded active program from database
S:\Program Files\LiftLog\lib\debug-logs.ts:54 [WorkoutLogger] Loading completed workouts...
S:\Program Files\LiftLog\lib\debug-logs.ts:54 [ProgramState] Found active program in database: 44f1e494-178a-4e14-aaa2-651dd8844163
S:\Program Files\LiftLog\lib\debug-logs.ts:54 [ProgramState] Loaded template from database: 44f1e494-178a-4e14-aaa2-651dd8844163
S:\Program Files\LiftLog\lib\debug-logs.ts:54 [WorkoutLogger] Week 1 Day 1 completion: Object
S:\Program Files\LiftLog\lib\debug-logs.ts:54 [ProgramState] Loaded program history from database
S:\Program Files\LiftLog\lib\debug-logs.ts:54 [WorkoutLogger] Loading user data from database (forceRefresh: true )
S:\Program Files\LiftLog\lib\debug-logs.ts:54 [WorkoutLogger] Testing database access...
S:\Program Files\LiftLog\lib\debug-logs.ts:54 [ProgramState] Synced active program to database: Object
S:\Program Files\LiftLog\lib\debug-logs.ts:54 [ProgramState] Loaded active program from database
S:\Program Files\LiftLog\lib\debug-logs.ts:54 [WorkoutLogger] Found 240 workouts in database
S:\Program Files\LiftLog\lib\debug-logs.ts:54 [WorkoutLogger] Sample workout data: Object
S:\Program Files\LiftLog\lib\debug-logs.ts:54 [WorkoutLogger] Loaded 240 workouts from database (forceRefresh: true )
S:\Program Files\LiftLog\lib\debug-logs.ts:54 [WorkoutLogger] Loading in-progress workouts...
S:\Program Files\LiftLog\lib\debug-logs.ts:54 [WorkoutLogger] Loading completed workouts...
S:\Program Files\LiftLog\lib\debug-logs.ts:54 [WorkoutLogger] Found 3 in-progress workouts in database
S:\Program Files\LiftLog\lib\debug-logs.ts:54 [WorkoutLogger] Loaded 3 in-progress workouts from database (forceRefresh: true )
S:\Program Files\LiftLog\lib\debug-logs.ts:54 [WorkoutLogger] Database loading completed. Total records loaded: 243
S:\Program Files\LiftLog\lib\debug-logs.ts:54 [ProgramState] Recalculating progress for user: 6bf0e5d0-cf5c-4820-90f5-346e1e2a4d4c
S:\Program Files\LiftLog\lib\debug-logs.ts:54 [ProgramState] Days per week: 3
S:\Program Files\LiftLog\lib\debug-logs.ts:54 [WorkoutLogger] Week 1 Day 1 completion: Object
S:\Program Files\LiftLog\lib\debug-logs.ts:54 [ProgramState] Completed workouts found: Array(2)
S:\Program Files\LiftLog\lib\debug-logs.ts:54 [WorkoutLogger] Week 1 Day 1 completion: Object
S:\Program Files\LiftLog\lib\debug-logs.ts:54 [ProgramState] Week 1, Day 1: COMPLETED
S:\Program Files\LiftLog\lib\debug-logs.ts:54 [ProgramState] Week 1, Day 2: COMPLETED
S:\Program Files\LiftLog\lib\debug-logs.ts:54 [ProgramState] Week 1, Day 3: INCOMPLETE
S:\Program Files\LiftLog\lib\debug-logs.ts:54 [ProgramState] Recalculated progress to week 1 day 3
S:\Program Files\LiftLog\lib\debug-logs.ts:54 [ProgramState] Loaded program history from database
S:\Program Files\LiftLog\lib\debug-logs.ts:54 [WorkoutLogger] Loading user data from database (forceRefresh: true )
S:\Program Files\LiftLog\lib\debug-logs.ts:54 [WorkoutLogger] Testing database access...
S:\Program Files\LiftLog\lib\debug-logs.ts:54 [ProgramState] Synced active program to database: Object
S:\Program Files\LiftLog\lib\debug-logs.ts:54 [HomePage] Data loading status: Loading program templates...
S:\Program Files\LiftLog\lib\debug-logs.ts:54 [Auth] Preloading program templates for instant access
S:\Program Files\LiftLog\lib\debug-logs.ts:54 [ProgramState] Loaded 3 lightweight templates (metadata only)
S:\Program Files\LiftLog\lib\debug-logs.ts:54 [Auth] Program templates preloaded successfully
S:\Program Files\LiftLog\lib\debug-logs.ts:54 [Auth] Dispatching programChanged event to refresh UI
S:\Program Files\LiftLog\lib\debug-logs.ts:54 [ProgramsSection] Program changed, invalidating template cache...
S:\Program Files\LiftLog\lib\debug-logs.ts:54 [ProgramsSection] Fetching fresh templates from database
S:\Program Files\LiftLog\lib\debug-logs.ts:54 [WorkoutLogger] Loading user data from database (forceRefresh: true )
S:\Program Files\LiftLog\lib\debug-logs.ts:54 [WorkoutLogger] Testing database access...
S:\Program Files\LiftLog\lib\debug-logs.ts:54 [TrainSection] Active program changed event received, reloading...
S:\Program Files\LiftLog\lib\debug-logs.ts:54 [TrainSection] Loading active program...
S:\Program Files\LiftLog\lib\debug-logs.ts:54 [TrainSection] localStorage has active program: true
S:\Program Files\LiftLog\lib\debug-logs.ts:54 [TrainSection] Active program templateId in localStorage: 44f1e494-178a-4e14-aaa2-651dd8844163
S:\Program Files\LiftLog\lib\debug-logs.ts:54 [TrainSection] Has template data: true
S:\Program Files\LiftLog\lib\debug-logs.ts:54 Program state changed, reloading workout...
S:\Program Files\LiftLog\lib\debug-logs.ts:54 [ExerciseNotes] Invalidating cache for week: undefined
S:\Program Files\LiftLog\lib\debug-logs.ts:54 [ExerciseNotes] Hydrating cache for program instance: undefined
S:\Program Files\LiftLog\lib\debug-logs.ts:54 [ExerciseNotes] Query parameters - userId: 6bf0e5d0-cf5c-4820-90f5-346e1e2a4d4c programInstanceId: undefined
S:\Program Files\LiftLog\lib\debug-logs.ts:54 [HomePage] Data loading status: Ready!
S:\Program Files\LiftLog\lib\debug-logs.ts:54 [Auth] User application data loaded successfully
S:\Program Files\LiftLog\lib\debug-logs.ts:54 [ProgramState] Loaded 3 lightweight templates (metadata only)
S:\Program Files\LiftLog\lib\debug-logs.ts:54 [TrainSection] Loaded active program: Object
S:\Program Files\LiftLog\lib\debug-logs.ts:54 Program state after refresh: Object
S:\Program Files\LiftLog\lib\debug-logs.ts:54 Found existing in-progress workout for week 1 day 3 - using it instead of creating new one
S:\Program Files\LiftLog\lib\debug-logs.ts:54 Rendering workout with 3 exercises
S:\Program Files\LiftLog\lib\debug-logs.ts:54 Exercise 1: Front Squat - 3 sets
S:\Program Files\LiftLog\lib\debug-logs.ts:54 Exercise 2: Barbell Shoulder Press (Standing) - 3 sets
S:\Program Files\LiftLog\lib\debug-logs.ts:54 Exercise 3: Barbell Curl (Normal Grip) - 3 sets
S:\Program Files\LiftLog\lib\debug-logs.ts:54 Rendering workout with 3 exercises
S:\Program Files\LiftLog\lib\debug-logs.ts:54 Exercise 1: Front Squat - 3 sets
S:\Program Files\LiftLog\lib\debug-logs.ts:54 Exercise 2: Barbell Shoulder Press (Standing) - 3 sets
S:\Program Files\LiftLog\lib\debug-logs.ts:54 Exercise 3: Barbell Curl (Normal Grip) - 3 sets
S:\Program Files\LiftLog\lib\debug-logs.ts:57 The width(0) and height(0) of chart should be greater than 0,
       please check the style of container, or the props width(100%) and height(100%),
       or add a minWidth(0) or minHeight(undefined) or use aspect(undefined) to control the
       height and width.
captureLog @ S:\Program Files\LiftLog\lib\debug-logs.ts:57
S:\Program Files\LiftLog\lib\debug-logs.ts:57 The width(0) and height(0) of chart should be greater than 0,
       please check the style of container, or the props width(100%) and height(100%),
       or add a minWidth(0) or minHeight(undefined) or use aspect(undefined) to control the
       height and width.
captureLog @ S:\Program Files\LiftLog\lib\debug-logs.ts:57
S:\Program Files\LiftLog\lib\debug-logs.ts:54 [WorkoutLogger] Loading completed workouts...
S:\Program Files\LiftLog\lib\debug-logs.ts:54 [WorkoutLogger] Found 240 workouts in database
S:\Program Files\LiftLog\lib\debug-logs.ts:54 [WorkoutLogger] Sample workout data: Object
S:\Program Files\LiftLog\lib\debug-logs.ts:54 [WorkoutLogger] Loaded 240 workouts from database (forceRefresh: true )
S:\Program Files\LiftLog\lib\debug-logs.ts:54 [WorkoutLogger] Loading in-progress workouts...
S:\Program Files\LiftLog\lib\debug-logs.ts:54 [WorkoutLogger] Loading completed workouts...
fyhbpkjibjtvltwcavlw.supabase.co/rest/v1/exercise_notes?select=*&user_id=eq.6bf0e5d0-cf5c-4820-90f5-346e1e2a4d4c&program_instance_id=eq.undefined:1  Failed to load resource: the server responded with a status of 400 ()
S:\Program Files\LiftLog\lib\debug-logs.ts:54 [ExerciseNotes] Query executed successfully
intercept-console-error.js:57 [ExerciseNotes] Query failed during hydrate. Details: Code=22P02, Message=invalid input syntax for type uuid: "undefined", Status=unknown
error @ intercept-console-error.js:57
intercept-console-error.js:57 [ExerciseNotes] Unexpected error during hydrate: Code=22P02, Message=invalid input syntax for type uuid: "undefined", Status=unknown
error @ intercept-console-error.js:57
S:\Program Files\LiftLog\lib\debug-logs.ts:54 [HomePage] Loading completed, clearing status
S:\Program Files\LiftLog\lib\debug-logs.ts:54 [ProgressionRouter] Routing progression calculation: Object
S:\Program Files\LiftLog\lib\debug-logs.ts:54 [ProgressionTierResolver] Resolving tier for: Front Squat Object
S:\Program Files\LiftLog\lib\debug-logs.ts:54 Rendering workout with 3 exercises
S:\Program Files\LiftLog\lib\debug-logs.ts:54 Exercise 1: Front Squat - 3 sets
S:\Program Files\LiftLog\lib\debug-logs.ts:54 Exercise 2: Barbell Shoulder Press (Standing) - 3 sets
S:\Program Files\LiftLog\lib\debug-logs.ts:54 Exercise 3: Barbell Curl (Normal Grip) - 3 sets
S:\Program Files\LiftLog\lib\debug-logs.ts:54 Rendering workout with 3 exercises
S:\Program Files\LiftLog\lib\debug-logs.ts:54 Exercise 1: Front Squat - 3 sets
S:\Program Files\LiftLog\lib\debug-logs.ts:54 Exercise 2: Barbell Shoulder Press (Standing) - 3 sets
S:\Program Files\LiftLog\lib\debug-logs.ts:54 Exercise 3: Barbell Curl (Normal Grip) - 3 sets
S:\Program Files\LiftLog\lib\debug-logs.ts:57 The width(0) and height(0) of chart should be greater than 0,
       please check the style of container, or the props width(100%) and height(100%),
       or add a minWidth(0) or minHeight(undefined) or use aspect(undefined) to control the
       height and width.
captureLog @ S:\Program Files\LiftLog\lib\debug-logs.ts:57
S:\Program Files\LiftLog\lib\debug-logs.ts:57 The width(0) and height(0) of chart should be greater than 0,
       please check the style of container, or the props width(100%) and height(100%),
       or add a minWidth(0) or minHeight(undefined) or use aspect(undefined) to control the
       height and width.
captureLog @ S:\Program Files\LiftLog\lib\debug-logs.ts:57
S:\Program Files\LiftLog\lib\debug-logs.ts:54 [ProgressionRouter] Routing progression calculation: Object
S:\Program Files\LiftLog\lib\debug-logs.ts:54 [ProgressionTierResolver] Resolving tier for: Barbell Shoulder Press (Standing) Object
fyhbpkjibjtvltwcavlw.supabase.co/rest/v1/exercise_notes?select=*&user_id=eq.6bf0e5d0-cf5c-4820-90f5-346e1e2a4d4c&program_instance_id=eq.undefined&week=eq.undefined:1  Failed to load resource: the server responded with a status of 400 ()
S:\Program Files\LiftLog\lib\debug-logs.ts:54 [WorkoutLogger] Found 3 in-progress workouts in database
S:\Program Files\LiftLog\lib\debug-logs.ts:54 [WorkoutLogger] Loaded 3 in-progress workouts from database (forceRefresh: true )
S:\Program Files\LiftLog\lib\debug-logs.ts:54 [WorkoutLogger] Database loading completed. Total records loaded: 243
S:\Program Files\LiftLog\lib\debug-logs.ts:54 [ProgramState] Recalculating progress for user: 6bf0e5d0-cf5c-4820-90f5-346e1e2a4d4c
S:\Program Files\LiftLog\lib\debug-logs.ts:54 [ProgramState] Days per week: 3
S:\Program Files\LiftLog\lib\debug-logs.ts:54 [WorkoutLogger] Week 1 Day 1 completion: Object
S:\Program Files\LiftLog\lib\debug-logs.ts:54 [ProgramState] Completed workouts found: Array(2)
S:\Program Files\LiftLog\lib\debug-logs.ts:54 [WorkoutLogger] Week 1 Day 1 completion: Object
S:\Program Files\LiftLog\lib\debug-logs.ts:54 [ProgramState] Week 1, Day 1: COMPLETED
S:\Program Files\LiftLog\lib\debug-logs.ts:54 [ProgramState] Week 1, Day 2: COMPLETED
S:\Program Files\LiftLog\lib\debug-logs.ts:54 [ProgramState] Week 1, Day 3: INCOMPLETE
S:\Program Files\LiftLog\lib\debug-logs.ts:54 [ProgramState] Recalculated progress to week 1 day 3
S:\Program Files\LiftLog\lib\debug-logs.ts:54 [ProgressionRouter] Routing progression calculation: Object
S:\Program Files\LiftLog\lib\debug-logs.ts:54 [ProgressionTierResolver] Resolving tier for: Barbell Curl (Normal Grip) Object
S:\Program Files\LiftLog\components\workout-logger\hooks\use-workout-session.ts:410 [ExerciseNotes] Failed to fetch week notes: Object
error @ intercept-console-error.js:57
await in error
useWorkoutSession.useEffect.handleProgramChanged.loadNotesAndRpeData @ S:\Program Files\LiftLog\components\workout-logger\hooks\use-workout-session.ts:410
await in useWorkoutSession.useEffect.handleProgramChanged.loadNotesAndRpeData
useWorkoutSession.useEffect.handleProgramChanged @ S:\Program Files\LiftLog\components\workout-logger\hooks\use-workout-session.ts:473
loadUserApplicationData @ S:\Program Files\LiftLog\contexts\auth-context.tsx:165
S:\Program Files\LiftLog\lib\debug-logs.ts:54 Rendering workout with 3 exercises
S:\Program Files\LiftLog\lib\debug-logs.ts:54 Exercise 1: Front Squat - 3 sets
S:\Program Files\LiftLog\lib\debug-logs.ts:54 Exercise 2: Barbell Shoulder Press (Standing) - 3 sets
S:\Program Files\LiftLog\lib\debug-logs.ts:54 Exercise 3: Barbell Curl (Normal Grip) - 3 sets
S:\Program Files\LiftLog\lib\debug-logs.ts:54 Rendering workout with 3 exercises
S:\Program Files\LiftLog\lib\debug-logs.ts:54 Exercise 1: Front Squat - 3 sets
S:\Program Files\LiftLog\lib\debug-logs.ts:54 Exercise 2: Barbell Shoulder Press (Standing) - 3 sets
S:\Program Files\LiftLog\lib\debug-logs.ts:54 Exercise 3: Barbell Curl (Normal Grip) - 3 sets
S:\Program Files\LiftLog\lib\debug-logs.ts:54 [WorkoutLogger] Found 240 workouts in database
S:\Program Files\LiftLog\lib\debug-logs.ts:54 [WorkoutLogger] Sample workout data: Object
S:\Program Files\LiftLog\lib\debug-logs.ts:54 [WorkoutLogger] Loaded 240 workouts from database (forceRefresh: true )
S:\Program Files\LiftLog\lib\debug-logs.ts:54 [WorkoutLogger] Loading in-progress workouts...
S:\Program Files\LiftLog\lib\debug-logs.ts:54 [ProgressionTierResolver] ✅ Resolved from DATABASE: Object
S:\Program Files\LiftLog\lib\debug-logs.ts:54 [ProgressionRouter] Tier resolution: Object
S:\Program Files\LiftLog\lib\debug-logs.ts:54 [LinearProgressionEngine] Calculating progression: Object
S:\Program Files\LiftLog\lib\debug-logs.ts:54 [ProgressionTierResolver] ✅ Resolved from DATABASE: Object
S:\Program Files\LiftLog\lib\debug-logs.ts:54 [ProgressionRouter] Tier resolution: Object
S:\Program Files\LiftLog\lib\debug-logs.ts:54 [LinearProgressionEngine] Calculating progression: Object
S:\Program Files\LiftLog\lib\debug-logs.ts:54 [ProgramState] Synced active program to database: Object
S:\Program Files\LiftLog\lib\debug-logs.ts:54 [MOUNT] Progress recalculation completed
S:\Program Files\LiftLog\lib\debug-logs.ts:54 [ProgressionTierResolver] ✅ Resolved from DATABASE: Object
S:\Program Files\LiftLog\lib\debug-logs.ts:54 [ProgressionRouter] Tier resolution: Object
S:\Program Files\LiftLog\lib\debug-logs.ts:54 [LinearProgressionEngine] Calculating progression: Object
S:\Program Files\LiftLog\lib\debug-logs.ts:54 [TrainSection] Loaded current workout: Object
S:\Program Files\LiftLog\lib\debug-logs.ts:54 [TrainSection] Active program loaded but auto-start deferred (tab hidden)
S:\Program Files\LiftLog\lib\debug-logs.ts:54 [HomePage] Data loading status: 
S:\Program Files\LiftLog\lib\debug-logs.ts:54 [Auth] All data loading completed successfully
S:\Program Files\LiftLog\lib\debug-logs.ts:54 [WorkoutLogger] Found 3 in-progress workouts in database
S:\Program Files\LiftLog\lib\debug-logs.ts:54 [WorkoutLogger] Loaded 3 in-progress workouts from database (forceRefresh: true )
S:\Program Files\LiftLog\lib\debug-logs.ts:54 [WorkoutLogger] Database loading completed. Total records loaded: 243
S:\Program Files\LiftLog\lib\debug-logs.ts:54 [ProgramState] Recalculating progress for user: 6bf0e5d0-cf5c-4820-90f5-346e1e2a4d4c
S:\Program Files\LiftLog\lib\debug-logs.ts:54 [ProgramState] Days per week: 3
S:\Program Files\LiftLog\lib\debug-logs.ts:54 [WorkoutLogger] Week 1 Day 1 completion: Object
S:\Program Files\LiftLog\lib\debug-logs.ts:54 [ProgramState] Completed workouts found: Array(2)
S:\Program Files\LiftLog\lib\debug-logs.ts:54 [WorkoutLogger] Week 1 Day 1 completion: Object
S:\Program Files\LiftLog\lib\debug-logs.ts:54 [ProgramState] Week 1, Day 1: COMPLETED
S:\Program Files\LiftLog\lib\debug-logs.ts:54 [ProgramState] Week 1, Day 2: COMPLETED
S:\Program Files\LiftLog\lib\debug-logs.ts:54 [ProgramState] Week 1, Day 3: INCOMPLETE
S:\Program Files\LiftLog\lib\debug-logs.ts:54 [ProgramState] Recalculated progress to week 1 day 3
S:\Program Files\LiftLog\lib\debug-logs.ts:54 [WorkoutLogger] Found 240 workouts in database
S:\Program Files\LiftLog\lib\debug-logs.ts:54 [WorkoutLogger] Sample workout data: Object
S:\Program Files\LiftLog\lib\debug-logs.ts:54 [WorkoutLogger] Loaded 240 workouts from database (forceRefresh: true )
S:\Program Files\LiftLog\lib\debug-logs.ts:54 [WorkoutLogger] Loading in-progress workouts...
S:\Program Files\LiftLog\lib\debug-logs.ts:54 [ProgramState] Synced active program to database: Object
S:\Program Files\LiftLog\lib\debug-logs.ts:54 [MOUNT] Progress recalculation completed
S:\Program Files\LiftLog\lib\debug-logs.ts:54 [WorkoutLogger] Found 3 in-progress workouts in database
S:\Program Files\LiftLog\lib\debug-logs.ts:54 [WorkoutLogger] Loaded 3 in-progress workouts from database (forceRefresh: true )
S:\Program Files\LiftLog\lib\debug-logs.ts:54 [WorkoutLogger] Database loading completed. Total records loaded: 243
S:\Program Files\LiftLog\lib\debug-logs.ts:54 [ProgramState] Found active program in database: 44f1e494-178a-4e14-aaa2-651dd8844163
S:\Program Files\LiftLog\lib\debug-logs.ts:54 [ProgramState] Loaded template from database: 44f1e494-178a-4e14-aaa2-651dd8844163
S:\Program Files\LiftLog\lib\debug-logs.ts:54 [WorkoutLogger] Week 1 Day 1 completion: Object
S:\Program Files\LiftLog\lib\debug-logs.ts:54 [HomePage] Loading completed, clearing status
S:\Program Files\LiftLog\lib\debug-logs.ts:54 [ProgramState] Synced active program to database: Object
S:\Program Files\LiftLog\lib\debug-logs.ts:54 [ProgramState] Loaded active program from database
S:\Program Files\LiftLog\lib\debug-logs.ts:54 [ProgramState] Loaded program history from database
S:\Program Files\LiftLog\lib\debug-logs.ts:54 [WorkoutLogger] Loading user data from database (forceRefresh: true )
S:\Program Files\LiftLog\lib\debug-logs.ts:54 [WorkoutLogger] Testing database access...
S:\Program Files\LiftLog\lib\debug-logs.ts:54 [WorkoutLogger] Loading completed workouts...
S:\Program Files\LiftLog\lib\debug-logs.ts:54 [WorkoutLogger] Found 240 workouts in database
S:\Program Files\LiftLog\lib\debug-logs.ts:54 [WorkoutLogger] Sample workout data: Object
S:\Program Files\LiftLog\lib\debug-logs.ts:54 [WorkoutLogger] Loaded 240 workouts from database (forceRefresh: true )
S:\Program Files\LiftLog\lib\debug-logs.ts:54 [WorkoutLogger] Loading in-progress workouts...
S:\Program Files\LiftLog\lib\debug-logs.ts:54 [WorkoutLogger] Found 3 in-progress workouts in database
S:\Program Files\LiftLog\lib\debug-logs.ts:54 [WorkoutLogger] Loaded 3 in-progress workouts from database (forceRefresh: true )
S:\Program Files\LiftLog\lib\debug-logs.ts:54 [WorkoutLogger] Database loading completed. Total records loaded: 243
S:\Program Files\LiftLog\lib\debug-logs.ts:54 [ProgramState] Synced active program to database: Object
S:\Program Files\LiftLog\lib\debug-logs.ts:54 [ProgramState] Refreshing template from database...
S:\Program Files\LiftLog\lib\debug-logs.ts:54 [ProgramState] Loaded template from database: 44f1e494-178a-4e14-aaa2-651dd8844163
S:\Program Files\LiftLog\lib\debug-logs.ts:54 [ProgramState] Synced active program to database: Object
S:\Program Files\LiftLog\lib\debug-logs.ts:54 [ProgramState] Template refreshed with latest database version
S:\Program Files\LiftLog\lib\debug-logs.ts:54 [ProgramsSection] Loaded 3 lightweight templates (metadata only)
