S:\Program Files\LiftLog\lib\debug-logs.ts:54 [WorkoutLogger] Loading user data from database (forceRefresh: true )
S:\Program Files\LiftLog\lib\debug-logs.ts:54 [WorkoutLogger] Testing database access...
S:\Program Files\LiftLog\lib\debug-logs.ts:54 [WorkoutLogger] Loading completed workouts...
S:\Program Files\LiftLog\lib\debug-logs.ts:54 [WorkoutLogger] Found 247 workouts in database
S:\Program Files\LiftLog\lib\debug-logs.ts:54 [WorkoutLogger] Sample workout data: {id: 'yxz19wzwm', user_id: '6bf0e5d0-cf5c-4820-90f5-346e1e2a4d4c', program_id: '44f1e494-178a-4e14-aaa2-651dd8844163', workout_name: 'Full Body C', start_time: 1761604655164, …}
S:\Program Files\LiftLog\lib\debug-logs.ts:54 [WorkoutLogger] Loaded 247 workouts from database (forceRefresh: true )
S:\Program Files\LiftLog\lib\debug-logs.ts:54 [WorkoutLogger] Loading in-progress workouts...
S:\Program Files\LiftLog\lib\debug-logs.ts:54 [WorkoutLogger] Found 2 in-progress workouts in database
S:\Program Files\LiftLog\lib\debug-logs.ts:54 [WorkoutLogger] Loaded 2 in-progress workouts from database (forceRefresh: true )
S:\Program Files\LiftLog\lib\debug-logs.ts:54 [WorkoutLogger] Database loading completed. Total records loaded: 249
S:\Program Files\LiftLog\lib\debug-logs.ts:54 [ProgramState] Found active program in database: 44f1e494-178a-4e14-aaa2-651dd8844163
S:\Program Files\LiftLog\lib\debug-logs.ts:54 [ProgramState] Loaded template from database: 44f1e494-178a-4e14-aaa2-651dd8844163
S:\Program Files\LiftLog\lib\debug-logs.ts:54 [WorkoutLogger] Week 1 Day 1 completion: {found: true, userId: '6bf0e5d0-cf5c-4820-90f5-346e1e2a4d4c'}
S:\Program Files\LiftLog\lib\debug-logs.ts:54 [ProgramState] Synced active program to database: {week: 4, day: 1}
S:\Program Files\LiftLog\lib\debug-logs.ts:54 [ProgramState] Loaded active program from database
S:\Program Files\LiftLog\lib\debug-logs.ts:54 [ProgramState] Loaded program history from database
S:\Program Files\LiftLog\lib\debug-logs.ts:54 [ProgramState] Synced active program to database: {week: 4, day: 1}
S:\Program Files\LiftLog\lib\debug-logs.ts:54 [ExerciseNotes] Queued save sync, queue size: 1
S:\Program Files\LiftLog\lib\debug-logs.ts:54 [ExerciseNotes] Processing sync queue, size: 1
S:\Program Files\LiftLog\lib\debug-logs.ts:54 Rendering workout with 3 exercises
S:\Program Files\LiftLog\lib\debug-logs.ts:54 Exercise 1: Dumbbell RDL - 3 sets
S:\Program Files\LiftLog\lib\debug-logs.ts:54 Exercise 2: Bench Press (Incline) - 3 sets
S:\Program Files\LiftLog\lib\debug-logs.ts:54 Exercise 3: Dumbbell Lateral Raise - 3 sets
S:\Program Files\LiftLog\lib\debug-logs.ts:54 Rendering workout with 3 exercises
S:\Program Files\LiftLog\lib\debug-logs.ts:54 Exercise 1: Dumbbell RDL - 3 sets
S:\Program Files\LiftLog\lib\debug-logs.ts:54 Exercise 2: Bench Press (Incline) - 3 sets
S:\Program Files\LiftLog\lib\debug-logs.ts:54 Exercise 3: Dumbbell Lateral Raise - 3 sets
S:\Program Files\LiftLog\lib\debug-logs.ts:54 [ExerciseNotes] Synced note save: 158050a3-6c3c-4c82-b220-67130f16ffda
S:\Program Files\LiftLog\lib\debug-logs.ts:54 [ExerciseNotes] Sync queue fully processed
S:\Program Files\LiftLog\lib\debug-logs.ts:54 Rendering workout with 3 exercises
S:\Program Files\LiftLog\lib\debug-logs.ts:54 Exercise 1: Dumbbell RDL - 3 sets
S:\Program Files\LiftLog\lib\debug-logs.ts:54 Exercise 2: Bench Press (Incline) - 3 sets
S:\Program Files\LiftLog\lib\debug-logs.ts:54 Exercise 3: Dumbbell Lateral Raise - 3 sets
S:\Program Files\LiftLog\lib\debug-logs.ts:54 Rendering workout with 3 exercises
S:\Program Files\LiftLog\lib\debug-logs.ts:54 Exercise 1: Dumbbell RDL - 3 sets
S:\Program Files\LiftLog\lib\debug-logs.ts:54 Exercise 2: Bench Press (Incline) - 3 sets
S:\Program Files\LiftLog\lib\debug-logs.ts:54 Exercise 3: Dumbbell Lateral Raise - 3 sets
S:\Program Files\LiftLog\lib\debug-logs.ts:54 handleSetUpdate called: {exerciseId: '17hzb7dwm', setId: 'vgyso2x48', field: 'weight', value: 1, isWorkoutBlocked: false}
S:\Program Files\LiftLog\lib\debug-logs.ts:54 Current workout before update: {id: '742o55cfx', exerciseCount: 3}
S:\Program Files\LiftLog\lib\debug-logs.ts:54 [WorkoutLogger.saveCurrentWorkout] Using storage key: liftlog_in_progress_workouts_6bf0e5d0-cf5c-4820-90f5-346e1e2a4d4c for workout ID: 742o55cfx
S:\Program Files\LiftLog\lib\debug-logs.ts:54 [WorkoutLogger.saveCurrentWorkout] Found 2 existing in-progress workouts
S:\Program Files\LiftLog\lib\debug-logs.ts:54 [WorkoutLogger.saveCurrentWorkout] After adding workout, total in-progress: 2
S:\Program Files\LiftLog\lib\debug-logs.ts:54 [WorkoutLogger.saveCurrentWorkout] Saved to localStorage successfully
S:\Program Files\LiftLog\lib\debug-logs.ts:54 Rendering workout with 3 exercises
S:\Program Files\LiftLog\lib\debug-logs.ts:54 Exercise 1: Dumbbell RDL - 3 sets
S:\Program Files\LiftLog\lib\debug-logs.ts:54 Exercise 2: Bench Press (Incline) - 3 sets
S:\Program Files\LiftLog\lib\debug-logs.ts:54 Exercise 3: Dumbbell Lateral Raise - 3 sets
S:\Program Files\LiftLog\lib\debug-logs.ts:54 Rendering workout with 3 exercises
S:\Program Files\LiftLog\lib\debug-logs.ts:54 Exercise 1: Dumbbell RDL - 3 sets
S:\Program Files\LiftLog\lib\debug-logs.ts:54 Exercise 2: Bench Press (Incline) - 3 sets
S:\Program Files\LiftLog\lib\debug-logs.ts:54 Exercise 3: Dumbbell Lateral Raise - 3 sets
S:\Program Files\LiftLog\lib\debug-logs.ts:54 updatedWorkout returned: exists
S:\Program Files\LiftLog\lib\debug-logs.ts:54 Updated set value: {exerciseId: '17hzb7dwm', setId: 'vgyso2x48', field: 'weight', newValue: 1, setObject: {…}}
S:\Program Files\LiftLog\lib\debug-logs.ts:54 setWorkout called with updated workout
S:\Program Files\LiftLog\lib\debug-logs.ts:54 Rendering workout with 3 exercises
S:\Program Files\LiftLog\lib\debug-logs.ts:54 Exercise 1: Dumbbell RDL - 3 sets
S:\Program Files\LiftLog\lib\debug-logs.ts:54 Exercise 2: Bench Press (Incline) - 3 sets
S:\Program Files\LiftLog\lib\debug-logs.ts:54 Exercise 3: Dumbbell Lateral Raise - 3 sets
S:\Program Files\LiftLog\lib\debug-logs.ts:54 Rendering workout with 3 exercises
S:\Program Files\LiftLog\lib\debug-logs.ts:54 Exercise 1: Dumbbell RDL - 3 sets
S:\Program Files\LiftLog\lib\debug-logs.ts:54 Exercise 2: Bench Press (Incline) - 3 sets
S:\Program Files\LiftLog\lib\debug-logs.ts:54 Exercise 3: Dumbbell Lateral Raise - 3 sets
S:\Program Files\LiftLog\lib\debug-logs.ts:54 handleSetUpdate called: {exerciseId: '17hzb7dwm', setId: 'vgyso2x48', field: 'weight', value: 18, isWorkoutBlocked: false}
S:\Program Files\LiftLog\lib\debug-logs.ts:54 Current workout before update: {id: '742o55cfx', exerciseCount: 3}
S:\Program Files\LiftLog\lib\debug-logs.ts:54 [WorkoutLogger.saveCurrentWorkout] Using storage key: liftlog_in_progress_workouts_6bf0e5d0-cf5c-4820-90f5-346e1e2a4d4c for workout ID: 742o55cfx
S:\Program Files\LiftLog\lib\debug-logs.ts:54 [WorkoutLogger.saveCurrentWorkout] Found 2 existing in-progress workouts
S:\Program Files\LiftLog\lib\debug-logs.ts:54 [WorkoutLogger.saveCurrentWorkout] After adding workout, total in-progress: 2
S:\Program Files\LiftLog\lib\debug-logs.ts:54 [WorkoutLogger.saveCurrentWorkout] Saved to localStorage successfully
S:\Program Files\LiftLog\lib\debug-logs.ts:54 Rendering workout with 3 exercises
S:\Program Files\LiftLog\lib\debug-logs.ts:54 Exercise 1: Dumbbell RDL - 3 sets
S:\Program Files\LiftLog\lib\debug-logs.ts:54 Exercise 2: Bench Press (Incline) - 3 sets
S:\Program Files\LiftLog\lib\debug-logs.ts:54 Exercise 3: Dumbbell Lateral Raise - 3 sets
S:\Program Files\LiftLog\lib\debug-logs.ts:54 Rendering workout with 3 exercises
S:\Program Files\LiftLog\lib\debug-logs.ts:54 Exercise 1: Dumbbell RDL - 3 sets
S:\Program Files\LiftLog\lib\debug-logs.ts:54 Exercise 2: Bench Press (Incline) - 3 sets
S:\Program Files\LiftLog\lib\debug-logs.ts:54 Exercise 3: Dumbbell Lateral Raise - 3 sets
S:\Program Files\LiftLog\lib\debug-logs.ts:54 updatedWorkout returned: exists
S:\Program Files\LiftLog\lib\debug-logs.ts:54 Updated set value: {exerciseId: '17hzb7dwm', setId: 'vgyso2x48', field: 'weight', newValue: 18, setObject: {…}}
S:\Program Files\LiftLog\lib\debug-logs.ts:54 setWorkout called with updated workout
S:\Program Files\LiftLog\lib\debug-logs.ts:54 Rendering workout with 3 exercises
S:\Program Files\LiftLog\lib\debug-logs.ts:54 Exercise 1: Dumbbell RDL - 3 sets
S:\Program Files\LiftLog\lib\debug-logs.ts:54 Exercise 2: Bench Press (Incline) - 3 sets
S:\Program Files\LiftLog\lib\debug-logs.ts:54 Exercise 3: Dumbbell Lateral Raise - 3 sets
S:\Program Files\LiftLog\lib\debug-logs.ts:54 Rendering workout with 3 exercises
S:\Program Files\LiftLog\lib\debug-logs.ts:54 Exercise 1: Dumbbell RDL - 3 sets
S:\Program Files\LiftLog\lib\debug-logs.ts:54 Exercise 2: Bench Press (Incline) - 3 sets
S:\Program Files\LiftLog\lib\debug-logs.ts:54 Exercise 3: Dumbbell Lateral Raise - 3 sets
S:\Program Files\LiftLog\lib\debug-logs.ts:54 handleSetUpdate called: {exerciseId: '17hzb7dwm', setId: 'vgyso2x48', field: 'weight', value: 180, isWorkoutBlocked: false}
S:\Program Files\LiftLog\lib\debug-logs.ts:54 Current workout before update: {id: '742o55cfx', exerciseCount: 3}
S:\Program Files\LiftLog\lib\debug-logs.ts:54 [WorkoutLogger.saveCurrentWorkout] Using storage key: liftlog_in_progress_workouts_6bf0e5d0-cf5c-4820-90f5-346e1e2a4d4c for workout ID: 742o55cfx
S:\Program Files\LiftLog\lib\debug-logs.ts:54 [WorkoutLogger.saveCurrentWorkout] Found 2 existing in-progress workouts
S:\Program Files\LiftLog\lib\debug-logs.ts:54 [WorkoutLogger.saveCurrentWorkout] After adding workout, total in-progress: 2
S:\Program Files\LiftLog\lib\debug-logs.ts:54 [WorkoutLogger.saveCurrentWorkout] Saved to localStorage successfully
S:\Program Files\LiftLog\lib\debug-logs.ts:54 Rendering workout with 3 exercises
S:\Program Files\LiftLog\lib\debug-logs.ts:54 Exercise 1: Dumbbell RDL - 3 sets
S:\Program Files\LiftLog\lib\debug-logs.ts:54 Exercise 2: Bench Press (Incline) - 3 sets
S:\Program Files\LiftLog\lib\debug-logs.ts:54 Exercise 3: Dumbbell Lateral Raise - 3 sets
S:\Program Files\LiftLog\lib\debug-logs.ts:54 Rendering workout with 3 exercises
S:\Program Files\LiftLog\lib\debug-logs.ts:54 Exercise 1: Dumbbell RDL - 3 sets
S:\Program Files\LiftLog\lib\debug-logs.ts:54 Exercise 2: Bench Press (Incline) - 3 sets
S:\Program Files\LiftLog\lib\debug-logs.ts:54 Exercise 3: Dumbbell Lateral Raise - 3 sets
S:\Program Files\LiftLog\lib\debug-logs.ts:54 updatedWorkout returned: exists
S:\Program Files\LiftLog\lib\debug-logs.ts:54 Updated set value: {exerciseId: '17hzb7dwm', setId: 'vgyso2x48', field: 'weight', newValue: 180, setObject: {…}}
S:\Program Files\LiftLog\lib\debug-logs.ts:54 setWorkout called with updated workout
S:\Program Files\LiftLog\lib\debug-logs.ts:54 Rendering workout with 3 exercises
S:\Program Files\LiftLog\lib\debug-logs.ts:54 Exercise 1: Dumbbell RDL - 3 sets
S:\Program Files\LiftLog\lib\debug-logs.ts:54 Exercise 2: Bench Press (Incline) - 3 sets
S:\Program Files\LiftLog\lib\debug-logs.ts:54 Exercise 3: Dumbbell Lateral Raise - 3 sets
S:\Program Files\LiftLog\lib\debug-logs.ts:54 Rendering workout with 3 exercises
S:\Program Files\LiftLog\lib\debug-logs.ts:54 Exercise 1: Dumbbell RDL - 3 sets
S:\Program Files\LiftLog\lib\debug-logs.ts:54 Exercise 2: Bench Press (Incline) - 3 sets
S:\Program Files\LiftLog\lib\debug-logs.ts:54 Exercise 3: Dumbbell Lateral Raise - 3 sets
S:\Program Files\LiftLog\lib\debug-logs.ts:54 handleSetUpdate called: {exerciseId: '17hzb7dwm', setId: 'vgyso2x48', field: 'reps', value: 1, isWorkoutBlocked: false}
S:\Program Files\LiftLog\lib\debug-logs.ts:54 Current workout before update: {id: '742o55cfx', exerciseCount: 3}
S:\Program Files\LiftLog\lib\debug-logs.ts:54 [WorkoutLogger.saveCurrentWorkout] Using storage key: liftlog_in_progress_workouts_6bf0e5d0-cf5c-4820-90f5-346e1e2a4d4c for workout ID: 742o55cfx
S:\Program Files\LiftLog\lib\debug-logs.ts:54 [WorkoutLogger.saveCurrentWorkout] Found 2 existing in-progress workouts
S:\Program Files\LiftLog\lib\debug-logs.ts:54 [WorkoutLogger.saveCurrentWorkout] After adding workout, total in-progress: 2
S:\Program Files\LiftLog\lib\debug-logs.ts:54 [WorkoutLogger.saveCurrentWorkout] Saved to localStorage successfully
S:\Program Files\LiftLog\lib\debug-logs.ts:54 updatedWorkout returned: exists
S:\Program Files\LiftLog\lib\debug-logs.ts:54 Updated set value: {exerciseId: '17hzb7dwm', setId: 'vgyso2x48', field: 'reps', newValue: 1, setObject: {…}}
S:\Program Files\LiftLog\lib\debug-logs.ts:54 setWorkout called with updated workout
S:\Program Files\LiftLog\lib\debug-logs.ts:54 Rendering workout with 3 exercises
S:\Program Files\LiftLog\lib\debug-logs.ts:54 Exercise 1: Dumbbell RDL - 3 sets
S:\Program Files\LiftLog\lib\debug-logs.ts:54 Exercise 2: Bench Press (Incline) - 3 sets
S:\Program Files\LiftLog\lib\debug-logs.ts:54 Exercise 3: Dumbbell Lateral Raise - 3 sets
S:\Program Files\LiftLog\lib\debug-logs.ts:54 Rendering workout with 3 exercises
S:\Program Files\LiftLog\lib\debug-logs.ts:54 Exercise 1: Dumbbell RDL - 3 sets
S:\Program Files\LiftLog\lib\debug-logs.ts:54 Exercise 2: Bench Press (Incline) - 3 sets
S:\Program Files\LiftLog\lib\debug-logs.ts:54 Exercise 3: Dumbbell Lateral Raise - 3 sets
S:\Program Files\LiftLog\lib\debug-logs.ts:54 handleSetUpdate called: {exerciseId: '17hzb7dwm', setId: 'vgyso2x48', field: 'reps', value: 10, isWorkoutBlocked: false}
S:\Program Files\LiftLog\lib\debug-logs.ts:54 Current workout before update: {id: '742o55cfx', exerciseCount: 3}
S:\Program Files\LiftLog\lib\debug-logs.ts:54 [WorkoutLogger.saveCurrentWorkout] Using storage key: liftlog_in_progress_workouts_6bf0e5d0-cf5c-4820-90f5-346e1e2a4d4c for workout ID: 742o55cfx
S:\Program Files\LiftLog\lib\debug-logs.ts:54 [WorkoutLogger.saveCurrentWorkout] Found 2 existing in-progress workouts
S:\Program Files\LiftLog\lib\debug-logs.ts:54 [WorkoutLogger.saveCurrentWorkout] After adding workout, total in-progress: 2
S:\Program Files\LiftLog\lib\debug-logs.ts:54 [WorkoutLogger.saveCurrentWorkout] Saved to localStorage successfully
S:\Program Files\LiftLog\lib\debug-logs.ts:54 updatedWorkout returned: exists
S:\Program Files\LiftLog\lib\debug-logs.ts:54 Updated set value: {exerciseId: '17hzb7dwm', setId: 'vgyso2x48', field: 'reps', newValue: 10, setObject: {…}}
S:\Program Files\LiftLog\lib\debug-logs.ts:54 setWorkout called with updated workout
S:\Program Files\LiftLog\lib\debug-logs.ts:54 Rendering workout with 3 exercises
S:\Program Files\LiftLog\lib\debug-logs.ts:54 Exercise 1: Dumbbell RDL - 3 sets
S:\Program Files\LiftLog\lib\debug-logs.ts:54 Exercise 2: Bench Press (Incline) - 3 sets
S:\Program Files\LiftLog\lib\debug-logs.ts:54 Exercise 3: Dumbbell Lateral Raise - 3 sets
S:\Program Files\LiftLog\lib\debug-logs.ts:54 Rendering workout with 3 exercises
S:\Program Files\LiftLog\lib\debug-logs.ts:54 Exercise 1: Dumbbell RDL - 3 sets
S:\Program Files\LiftLog\lib\debug-logs.ts:54 Exercise 2: Bench Press (Incline) - 3 sets
S:\Program Files\LiftLog\lib\debug-logs.ts:54 Exercise 3: Dumbbell Lateral Raise - 3 sets
S:\Program Files\LiftLog\lib\debug-logs.ts:54 [WorkoutLogger.saveCurrentWorkout] Using storage key: liftlog_in_progress_workouts_6bf0e5d0-cf5c-4820-90f5-346e1e2a4d4c for workout ID: 742o55cfx
S:\Program Files\LiftLog\lib\debug-logs.ts:54 [WorkoutLogger.saveCurrentWorkout] Found 2 existing in-progress workouts
S:\Program Files\LiftLog\lib\debug-logs.ts:54 [WorkoutLogger.saveCurrentWorkout] After adding workout, total in-progress: 2
S:\Program Files\LiftLog\lib\debug-logs.ts:54 [WorkoutLogger.saveCurrentWorkout] Saved to localStorage successfully
S:\Program Files\LiftLog\lib\debug-logs.ts:54 Rendering workout with 3 exercises
S:\Program Files\LiftLog\lib\debug-logs.ts:54 Exercise 1: Dumbbell RDL - 3 sets
S:\Program Files\LiftLog\lib\debug-logs.ts:54 Exercise 2: Bench Press (Incline) - 3 sets
S:\Program Files\LiftLog\lib\debug-logs.ts:54 Exercise 3: Dumbbell Lateral Raise - 3 sets
S:\Program Files\LiftLog\lib\debug-logs.ts:54 Rendering workout with 3 exercises
S:\Program Files\LiftLog\lib\debug-logs.ts:54 Exercise 1: Dumbbell RDL - 3 sets
S:\Program Files\LiftLog\lib\debug-logs.ts:54 Exercise 2: Bench Press (Incline) - 3 sets
S:\Program Files\LiftLog\lib\debug-logs.ts:54 Exercise 3: Dumbbell Lateral Raise - 3 sets
S:\Program Files\LiftLog\lib\debug-logs.ts:54 [WorkoutLogger] Set logged successfully: 742o55cfx-17hzb7dwm-1
S:\Program Files\LiftLog\lib\debug-logs.ts:54 Debounced sync triggered for weight/reps update
S:\Program Files\LiftLog\lib\debug-logs.ts:54 [WorkoutLogger.saveCurrentWorkout] Using storage key: liftlog_in_progress_workouts_6bf0e5d0-cf5c-4820-90f5-346e1e2a4d4c for workout ID: 742o55cfx
S:\Program Files\LiftLog\lib\debug-logs.ts:54 [WorkoutLogger.saveCurrentWorkout] Found 2 existing in-progress workouts
S:\Program Files\LiftLog\lib\debug-logs.ts:54 [WorkoutLogger.saveCurrentWorkout] After adding workout, total in-progress: 2
S:\Program Files\LiftLog\lib\debug-logs.ts:54 [WorkoutLogger.saveCurrentWorkout] Saved to localStorage successfully
S:\Program Files\LiftLog\lib\debug-logs.ts:54 [WorkoutLogger] Set logged successfully: 742o55cfx-17hzb7dwm-1
S:\Program Files\LiftLog\lib\debug-logs.ts:54 [WorkoutLogger.saveCurrentWorkout] Successfully updated workout in database
S:\Program Files\LiftLog\lib\debug-logs.ts:54 handleSetUpdate called: {exerciseId: '17hzb7dwm', setId: 'wrjttz286', field: 'weight', value: 1, isWorkoutBlocked: false}
S:\Program Files\LiftLog\lib\debug-logs.ts:54 Current workout before update: {id: '742o55cfx', exerciseCount: 3}
S:\Program Files\LiftLog\lib\debug-logs.ts:54 [WorkoutLogger.saveCurrentWorkout] Using storage key: liftlog_in_progress_workouts_6bf0e5d0-cf5c-4820-90f5-346e1e2a4d4c for workout ID: 742o55cfx
S:\Program Files\LiftLog\lib\debug-logs.ts:54 [WorkoutLogger.saveCurrentWorkout] Found 2 existing in-progress workouts
S:\Program Files\LiftLog\lib\debug-logs.ts:54 [WorkoutLogger.saveCurrentWorkout] After adding workout, total in-progress: 2
S:\Program Files\LiftLog\lib\debug-logs.ts:54 [WorkoutLogger.saveCurrentWorkout] Saved to localStorage successfully
S:\Program Files\LiftLog\lib\debug-logs.ts:54 Rendering workout with 3 exercises
S:\Program Files\LiftLog\lib\debug-logs.ts:54 Exercise 1: Dumbbell RDL - 3 sets
S:\Program Files\LiftLog\lib\debug-logs.ts:54 Exercise 2: Bench Press (Incline) - 3 sets
S:\Program Files\LiftLog\lib\debug-logs.ts:54 Exercise 3: Dumbbell Lateral Raise - 3 sets
S:\Program Files\LiftLog\lib\debug-logs.ts:54 Rendering workout with 3 exercises
S:\Program Files\LiftLog\lib\debug-logs.ts:54 Exercise 1: Dumbbell RDL - 3 sets
S:\Program Files\LiftLog\lib\debug-logs.ts:54 Exercise 2: Bench Press (Incline) - 3 sets
S:\Program Files\LiftLog\lib\debug-logs.ts:54 Exercise 3: Dumbbell Lateral Raise - 3 sets
S:\Program Files\LiftLog\lib\debug-logs.ts:54 updatedWorkout returned: exists
S:\Program Files\LiftLog\lib\debug-logs.ts:54 Updated set value: {exerciseId: '17hzb7dwm', setId: 'wrjttz286', field: 'weight', newValue: 1, setObject: {…}}
S:\Program Files\LiftLog\lib\debug-logs.ts:54 setWorkout called with updated workout
S:\Program Files\LiftLog\lib\debug-logs.ts:54 Rendering workout with 3 exercises
S:\Program Files\LiftLog\lib\debug-logs.ts:54 Exercise 1: Dumbbell RDL - 3 sets
S:\Program Files\LiftLog\lib\debug-logs.ts:54 Exercise 2: Bench Press (Incline) - 3 sets
S:\Program Files\LiftLog\lib\debug-logs.ts:54 Exercise 3: Dumbbell Lateral Raise - 3 sets
S:\Program Files\LiftLog\lib\debug-logs.ts:54 Rendering workout with 3 exercises
S:\Program Files\LiftLog\lib\debug-logs.ts:54 Exercise 1: Dumbbell RDL - 3 sets
S:\Program Files\LiftLog\lib\debug-logs.ts:54 Exercise 2: Bench Press (Incline) - 3 sets
S:\Program Files\LiftLog\lib\debug-logs.ts:54 Exercise 3: Dumbbell Lateral Raise - 3 sets
S:\Program Files\LiftLog\lib\debug-logs.ts:54 handleSetUpdate called: {exerciseId: '17hzb7dwm', setId: 'wrjttz286', field: 'weight', value: 18, isWorkoutBlocked: false}
S:\Program Files\LiftLog\lib\debug-logs.ts:54 Current workout before update: {id: '742o55cfx', exerciseCount: 3}
S:\Program Files\LiftLog\lib\debug-logs.ts:54 [WorkoutLogger.saveCurrentWorkout] Using storage key: liftlog_in_progress_workouts_6bf0e5d0-cf5c-4820-90f5-346e1e2a4d4c for workout ID: 742o55cfx
S:\Program Files\LiftLog\lib\debug-logs.ts:54 [WorkoutLogger.saveCurrentWorkout] Found 2 existing in-progress workouts
S:\Program Files\LiftLog\lib\debug-logs.ts:54 [WorkoutLogger.saveCurrentWorkout] After adding workout, total in-progress: 2
S:\Program Files\LiftLog\lib\debug-logs.ts:54 [WorkoutLogger.saveCurrentWorkout] Saved to localStorage successfully
S:\Program Files\LiftLog\lib\debug-logs.ts:54 Rendering workout with 3 exercises
S:\Program Files\LiftLog\lib\debug-logs.ts:54 Exercise 1: Dumbbell RDL - 3 sets
S:\Program Files\LiftLog\lib\debug-logs.ts:54 Exercise 2: Bench Press (Incline) - 3 sets
S:\Program Files\LiftLog\lib\debug-logs.ts:54 Exercise 3: Dumbbell Lateral Raise - 3 sets
S:\Program Files\LiftLog\lib\debug-logs.ts:54 Rendering workout with 3 exercises
S:\Program Files\LiftLog\lib\debug-logs.ts:54 Exercise 1: Dumbbell RDL - 3 sets
S:\Program Files\LiftLog\lib\debug-logs.ts:54 Exercise 2: Bench Press (Incline) - 3 sets
S:\Program Files\LiftLog\lib\debug-logs.ts:54 Exercise 3: Dumbbell Lateral Raise - 3 sets
S:\Program Files\LiftLog\lib\debug-logs.ts:54 updatedWorkout returned: exists
S:\Program Files\LiftLog\lib\debug-logs.ts:54 Updated set value: {exerciseId: '17hzb7dwm', setId: 'wrjttz286', field: 'weight', newValue: 18, setObject: {…}}
S:\Program Files\LiftLog\lib\debug-logs.ts:54 setWorkout called with updated workout
S:\Program Files\LiftLog\lib\debug-logs.ts:54 Rendering workout with 3 exercises
S:\Program Files\LiftLog\lib\debug-logs.ts:54 Exercise 1: Dumbbell RDL - 3 sets
S:\Program Files\LiftLog\lib\debug-logs.ts:54 Exercise 2: Bench Press (Incline) - 3 sets
S:\Program Files\LiftLog\lib\debug-logs.ts:54 Exercise 3: Dumbbell Lateral Raise - 3 sets
S:\Program Files\LiftLog\lib\debug-logs.ts:54 Rendering workout with 3 exercises
S:\Program Files\LiftLog\lib\debug-logs.ts:54 Exercise 1: Dumbbell RDL - 3 sets
S:\Program Files\LiftLog\lib\debug-logs.ts:54 Exercise 2: Bench Press (Incline) - 3 sets
S:\Program Files\LiftLog\lib\debug-logs.ts:54 Exercise 3: Dumbbell Lateral Raise - 3 sets
S:\Program Files\LiftLog\lib\debug-logs.ts:54 handleSetUpdate called: {exerciseId: '17hzb7dwm', setId: 'wrjttz286', field: 'weight', value: 180, isWorkoutBlocked: false}
S:\Program Files\LiftLog\lib\debug-logs.ts:54 Current workout before update: {id: '742o55cfx', exerciseCount: 3}
S:\Program Files\LiftLog\lib\debug-logs.ts:54 [WorkoutLogger.saveCurrentWorkout] Using storage key: liftlog_in_progress_workouts_6bf0e5d0-cf5c-4820-90f5-346e1e2a4d4c for workout ID: 742o55cfx
S:\Program Files\LiftLog\lib\debug-logs.ts:54 [WorkoutLogger.saveCurrentWorkout] Found 2 existing in-progress workouts
S:\Program Files\LiftLog\lib\debug-logs.ts:54 [WorkoutLogger.saveCurrentWorkout] After adding workout, total in-progress: 2
S:\Program Files\LiftLog\lib\debug-logs.ts:54 [WorkoutLogger.saveCurrentWorkout] Saved to localStorage successfully
S:\Program Files\LiftLog\lib\debug-logs.ts:54 Rendering workout with 3 exercises
S:\Program Files\LiftLog\lib\debug-logs.ts:54 Exercise 1: Dumbbell RDL - 3 sets
S:\Program Files\LiftLog\lib\debug-logs.ts:54 Exercise 2: Bench Press (Incline) - 3 sets
S:\Program Files\LiftLog\lib\debug-logs.ts:54 Exercise 3: Dumbbell Lateral Raise - 3 sets
S:\Program Files\LiftLog\lib\debug-logs.ts:54 Rendering workout with 3 exercises
S:\Program Files\LiftLog\lib\debug-logs.ts:54 Exercise 1: Dumbbell RDL - 3 sets
S:\Program Files\LiftLog\lib\debug-logs.ts:54 Exercise 2: Bench Press (Incline) - 3 sets
S:\Program Files\LiftLog\lib\debug-logs.ts:54 Exercise 3: Dumbbell Lateral Raise - 3 sets
S:\Program Files\LiftLog\lib\debug-logs.ts:54 updatedWorkout returned: exists
S:\Program Files\LiftLog\lib\debug-logs.ts:54 Updated set value: {exerciseId: '17hzb7dwm', setId: 'wrjttz286', field: 'weight', newValue: 180, setObject: {…}}
S:\Program Files\LiftLog\lib\debug-logs.ts:54 setWorkout called with updated workout
S:\Program Files\LiftLog\lib\debug-logs.ts:54 Rendering workout with 3 exercises
S:\Program Files\LiftLog\lib\debug-logs.ts:54 Exercise 1: Dumbbell RDL - 3 sets
S:\Program Files\LiftLog\lib\debug-logs.ts:54 Exercise 2: Bench Press (Incline) - 3 sets
S:\Program Files\LiftLog\lib\debug-logs.ts:54 Exercise 3: Dumbbell Lateral Raise - 3 sets
S:\Program Files\LiftLog\lib\debug-logs.ts:54 Rendering workout with 3 exercises
S:\Program Files\LiftLog\lib\debug-logs.ts:54 Exercise 1: Dumbbell RDL - 3 sets
S:\Program Files\LiftLog\lib\debug-logs.ts:54 Exercise 2: Bench Press (Incline) - 3 sets
S:\Program Files\LiftLog\lib\debug-logs.ts:54 Exercise 3: Dumbbell Lateral Raise - 3 sets
S:\Program Files\LiftLog\lib\debug-logs.ts:54 Debounced sync triggered for weight/reps update
S:\Program Files\LiftLog\lib\debug-logs.ts:54 [WorkoutLogger.saveCurrentWorkout] Using storage key: liftlog_in_progress_workouts_6bf0e5d0-cf5c-4820-90f5-346e1e2a4d4c for workout ID: 742o55cfx
S:\Program Files\LiftLog\lib\debug-logs.ts:54 [WorkoutLogger.saveCurrentWorkout] Found 2 existing in-progress workouts
S:\Program Files\LiftLog\lib\debug-logs.ts:54 [WorkoutLogger.saveCurrentWorkout] After adding workout, total in-progress: 2
S:\Program Files\LiftLog\lib\debug-logs.ts:54 [WorkoutLogger.saveCurrentWorkout] Saved to localStorage successfully
S:\Program Files\LiftLog\lib\debug-logs.ts:54 handleSetUpdate called: {exerciseId: '17hzb7dwm', setId: 'wrjttz286', field: 'reps', value: 1, isWorkoutBlocked: false}
S:\Program Files\LiftLog\lib\debug-logs.ts:54 Current workout before update: {id: '742o55cfx', exerciseCount: 3}
S:\Program Files\LiftLog\lib\debug-logs.ts:54 [WorkoutLogger.saveCurrentWorkout] Using storage key: liftlog_in_progress_workouts_6bf0e5d0-cf5c-4820-90f5-346e1e2a4d4c for workout ID: 742o55cfx
S:\Program Files\LiftLog\lib\debug-logs.ts:54 [WorkoutLogger.saveCurrentWorkout] Found 2 existing in-progress workouts
S:\Program Files\LiftLog\lib\debug-logs.ts:54 [WorkoutLogger.saveCurrentWorkout] After adding workout, total in-progress: 2
S:\Program Files\LiftLog\lib\debug-logs.ts:54 [WorkoutLogger.saveCurrentWorkout] Saved to localStorage successfully
S:\Program Files\LiftLog\lib\debug-logs.ts:54 updatedWorkout returned: exists
S:\Program Files\LiftLog\lib\debug-logs.ts:54 Updated set value: {exerciseId: '17hzb7dwm', setId: 'wrjttz286', field: 'reps', newValue: 1, setObject: {…}}
S:\Program Files\LiftLog\lib\debug-logs.ts:54 setWorkout called with updated workout
S:\Program Files\LiftLog\lib\debug-logs.ts:54 Rendering workout with 3 exercises
S:\Program Files\LiftLog\lib\debug-logs.ts:54 Exercise 1: Dumbbell RDL - 3 sets
S:\Program Files\LiftLog\lib\debug-logs.ts:54 Exercise 2: Bench Press (Incline) - 3 sets
S:\Program Files\LiftLog\lib\debug-logs.ts:54 Exercise 3: Dumbbell Lateral Raise - 3 sets
S:\Program Files\LiftLog\lib\debug-logs.ts:54 Rendering workout with 3 exercises
S:\Program Files\LiftLog\lib\debug-logs.ts:54 Exercise 1: Dumbbell RDL - 3 sets
S:\Program Files\LiftLog\lib\debug-logs.ts:54 Exercise 2: Bench Press (Incline) - 3 sets
S:\Program Files\LiftLog\lib\debug-logs.ts:54 Exercise 3: Dumbbell Lateral Raise - 3 sets
S:\Program Files\LiftLog\lib\debug-logs.ts:54 handleSetUpdate called: {exerciseId: '17hzb7dwm', setId: 'wrjttz286', field: 'reps', value: 10, isWorkoutBlocked: false}
S:\Program Files\LiftLog\lib\debug-logs.ts:54 Current workout before update: {id: '742o55cfx', exerciseCount: 3}
S:\Program Files\LiftLog\lib\debug-logs.ts:54 [WorkoutLogger.saveCurrentWorkout] Using storage key: liftlog_in_progress_workouts_6bf0e5d0-cf5c-4820-90f5-346e1e2a4d4c for workout ID: 742o55cfx
S:\Program Files\LiftLog\lib\debug-logs.ts:54 [WorkoutLogger.saveCurrentWorkout] Found 2 existing in-progress workouts
S:\Program Files\LiftLog\lib\debug-logs.ts:54 [WorkoutLogger.saveCurrentWorkout] After adding workout, total in-progress: 2
S:\Program Files\LiftLog\lib\debug-logs.ts:54 [WorkoutLogger.saveCurrentWorkout] Saved to localStorage successfully
S:\Program Files\LiftLog\lib\debug-logs.ts:54 updatedWorkout returned: exists
S:\Program Files\LiftLog\lib\debug-logs.ts:54 Updated set value: {exerciseId: '17hzb7dwm', setId: 'wrjttz286', field: 'reps', newValue: 10, setObject: {…}}
S:\Program Files\LiftLog\lib\debug-logs.ts:54 setWorkout called with updated workout
S:\Program Files\LiftLog\lib\debug-logs.ts:54 Rendering workout with 3 exercises
S:\Program Files\LiftLog\lib\debug-logs.ts:54 Exercise 1: Dumbbell RDL - 3 sets
S:\Program Files\LiftLog\lib\debug-logs.ts:54 Exercise 2: Bench Press (Incline) - 3 sets
S:\Program Files\LiftLog\lib\debug-logs.ts:54 Exercise 3: Dumbbell Lateral Raise - 3 sets
S:\Program Files\LiftLog\lib\debug-logs.ts:54 Rendering workout with 3 exercises
S:\Program Files\LiftLog\lib\debug-logs.ts:54 Exercise 1: Dumbbell RDL - 3 sets
S:\Program Files\LiftLog\lib\debug-logs.ts:54 Exercise 2: Bench Press (Incline) - 3 sets
S:\Program Files\LiftLog\lib\debug-logs.ts:54 Exercise 3: Dumbbell Lateral Raise - 3 sets
S:\Program Files\LiftLog\lib\debug-logs.ts:54 [WorkoutLogger.saveCurrentWorkout] Using storage key: liftlog_in_progress_workouts_6bf0e5d0-cf5c-4820-90f5-346e1e2a4d4c for workout ID: 742o55cfx
S:\Program Files\LiftLog\lib\debug-logs.ts:54 [WorkoutLogger.saveCurrentWorkout] Found 2 existing in-progress workouts
S:\Program Files\LiftLog\lib\debug-logs.ts:54 [WorkoutLogger.saveCurrentWorkout] After adding workout, total in-progress: 2
S:\Program Files\LiftLog\lib\debug-logs.ts:54 [WorkoutLogger.saveCurrentWorkout] Saved to localStorage successfully
S:\Program Files\LiftLog\lib\debug-logs.ts:54 Rendering workout with 3 exercises
S:\Program Files\LiftLog\lib\debug-logs.ts:54 Exercise 1: Dumbbell RDL - 3 sets
S:\Program Files\LiftLog\lib\debug-logs.ts:54 Exercise 2: Bench Press (Incline) - 3 sets
S:\Program Files\LiftLog\lib\debug-logs.ts:54 Exercise 3: Dumbbell Lateral Raise - 3 sets
S:\Program Files\LiftLog\lib\debug-logs.ts:54 Rendering workout with 3 exercises
S:\Program Files\LiftLog\lib\debug-logs.ts:54 Exercise 1: Dumbbell RDL - 3 sets
S:\Program Files\LiftLog\lib\debug-logs.ts:54 Exercise 2: Bench Press (Incline) - 3 sets
S:\Program Files\LiftLog\lib\debug-logs.ts:54 Exercise 3: Dumbbell Lateral Raise - 3 sets
S:\Program Files\LiftLog\lib\debug-logs.ts:54 [WorkoutLogger.saveCurrentWorkout] Successfully updated workout in database
S:\Program Files\LiftLog\lib\debug-logs.ts:54 [WorkoutLogger] Set logged successfully: 742o55cfx-17hzb7dwm-2
S:\Program Files\LiftLog\lib\debug-logs.ts:54 Debounced sync triggered for weight/reps update
S:\Program Files\LiftLog\lib\debug-logs.ts:54 [WorkoutLogger.saveCurrentWorkout] Using storage key: liftlog_in_progress_workouts_6bf0e5d0-cf5c-4820-90f5-346e1e2a4d4c for workout ID: 742o55cfx
S:\Program Files\LiftLog\lib\debug-logs.ts:54 [WorkoutLogger.saveCurrentWorkout] Found 2 existing in-progress workouts
S:\Program Files\LiftLog\lib\debug-logs.ts:54 [WorkoutLogger.saveCurrentWorkout] After adding workout, total in-progress: 2
S:\Program Files\LiftLog\lib\debug-logs.ts:54 [WorkoutLogger.saveCurrentWorkout] Saved to localStorage successfully
S:\Program Files\LiftLog\lib\debug-logs.ts:54 [WorkoutLogger] Set logged successfully: 742o55cfx-17hzb7dwm-2
S:\Program Files\LiftLog\lib\debug-logs.ts:54 [WorkoutLogger.saveCurrentWorkout] Successfully updated workout in database
S:\Program Files\LiftLog\lib\debug-logs.ts:54 handleSetUpdate called: {exerciseId: '17hzb7dwm', setId: 'fvxvh81m4', field: 'weight', value: 1, isWorkoutBlocked: false}
S:\Program Files\LiftLog\lib\debug-logs.ts:54 Current workout before update: {id: '742o55cfx', exerciseCount: 3}
S:\Program Files\LiftLog\lib\debug-logs.ts:54 [WorkoutLogger.saveCurrentWorkout] Using storage key: liftlog_in_progress_workouts_6bf0e5d0-cf5c-4820-90f5-346e1e2a4d4c for workout ID: 742o55cfx
S:\Program Files\LiftLog\lib\debug-logs.ts:54 [WorkoutLogger.saveCurrentWorkout] Found 2 existing in-progress workouts
S:\Program Files\LiftLog\lib\debug-logs.ts:54 [WorkoutLogger.saveCurrentWorkout] After adding workout, total in-progress: 2
S:\Program Files\LiftLog\lib\debug-logs.ts:54 [WorkoutLogger.saveCurrentWorkout] Saved to localStorage successfully
S:\Program Files\LiftLog\lib\debug-logs.ts:54 Rendering workout with 3 exercises
S:\Program Files\LiftLog\lib\debug-logs.ts:54 Exercise 1: Dumbbell RDL - 3 sets
S:\Program Files\LiftLog\lib\debug-logs.ts:54 Exercise 2: Bench Press (Incline) - 3 sets
S:\Program Files\LiftLog\lib\debug-logs.ts:54 Exercise 3: Dumbbell Lateral Raise - 3 sets
S:\Program Files\LiftLog\lib\debug-logs.ts:54 Rendering workout with 3 exercises
S:\Program Files\LiftLog\lib\debug-logs.ts:54 Exercise 1: Dumbbell RDL - 3 sets
S:\Program Files\LiftLog\lib\debug-logs.ts:54 Exercise 2: Bench Press (Incline) - 3 sets
S:\Program Files\LiftLog\lib\debug-logs.ts:54 Exercise 3: Dumbbell Lateral Raise - 3 sets
S:\Program Files\LiftLog\lib\debug-logs.ts:54 updatedWorkout returned: exists
S:\Program Files\LiftLog\lib\debug-logs.ts:54 Updated set value: {exerciseId: '17hzb7dwm', setId: 'fvxvh81m4', field: 'weight', newValue: 1, setObject: {…}}
S:\Program Files\LiftLog\lib\debug-logs.ts:54 setWorkout called with updated workout
S:\Program Files\LiftLog\lib\debug-logs.ts:54 Rendering workout with 3 exercises
S:\Program Files\LiftLog\lib\debug-logs.ts:54 Exercise 1: Dumbbell RDL - 3 sets
S:\Program Files\LiftLog\lib\debug-logs.ts:54 Exercise 2: Bench Press (Incline) - 3 sets
S:\Program Files\LiftLog\lib\debug-logs.ts:54 Exercise 3: Dumbbell Lateral Raise - 3 sets
S:\Program Files\LiftLog\lib\debug-logs.ts:54 Rendering workout with 3 exercises
S:\Program Files\LiftLog\lib\debug-logs.ts:54 Exercise 1: Dumbbell RDL - 3 sets
S:\Program Files\LiftLog\lib\debug-logs.ts:54 Exercise 2: Bench Press (Incline) - 3 sets
S:\Program Files\LiftLog\lib\debug-logs.ts:54 Exercise 3: Dumbbell Lateral Raise - 3 sets
S:\Program Files\LiftLog\lib\debug-logs.ts:54 handleSetUpdate called: {exerciseId: '17hzb7dwm', setId: 'fvxvh81m4', field: 'weight', value: 18, isWorkoutBlocked: false}
S:\Program Files\LiftLog\lib\debug-logs.ts:54 Current workout before update: {id: '742o55cfx', exerciseCount: 3}
S:\Program Files\LiftLog\lib\debug-logs.ts:54 [WorkoutLogger.saveCurrentWorkout] Using storage key: liftlog_in_progress_workouts_6bf0e5d0-cf5c-4820-90f5-346e1e2a4d4c for workout ID: 742o55cfx
S:\Program Files\LiftLog\lib\debug-logs.ts:54 [WorkoutLogger.saveCurrentWorkout] Found 2 existing in-progress workouts
S:\Program Files\LiftLog\lib\debug-logs.ts:54 [WorkoutLogger.saveCurrentWorkout] After adding workout, total in-progress: 2
S:\Program Files\LiftLog\lib\debug-logs.ts:54 [WorkoutLogger.saveCurrentWorkout] Saved to localStorage successfully
S:\Program Files\LiftLog\lib\debug-logs.ts:54 Rendering workout with 3 exercises
S:\Program Files\LiftLog\lib\debug-logs.ts:54 Exercise 1: Dumbbell RDL - 3 sets
S:\Program Files\LiftLog\lib\debug-logs.ts:54 Exercise 2: Bench Press (Incline) - 3 sets
S:\Program Files\LiftLog\lib\debug-logs.ts:54 Exercise 3: Dumbbell Lateral Raise - 3 sets
S:\Program Files\LiftLog\lib\debug-logs.ts:54 Rendering workout with 3 exercises
S:\Program Files\LiftLog\lib\debug-logs.ts:54 Exercise 1: Dumbbell RDL - 3 sets
S:\Program Files\LiftLog\lib\debug-logs.ts:54 Exercise 2: Bench Press (Incline) - 3 sets
S:\Program Files\LiftLog\lib\debug-logs.ts:54 Exercise 3: Dumbbell Lateral Raise - 3 sets
S:\Program Files\LiftLog\lib\debug-logs.ts:54 updatedWorkout returned: exists
S:\Program Files\LiftLog\lib\debug-logs.ts:54 Updated set value: {exerciseId: '17hzb7dwm', setId: 'fvxvh81m4', field: 'weight', newValue: 18, setObject: {…}}
S:\Program Files\LiftLog\lib\debug-logs.ts:54 setWorkout called with updated workout
S:\Program Files\LiftLog\lib\debug-logs.ts:54 Rendering workout with 3 exercises
S:\Program Files\LiftLog\lib\debug-logs.ts:54 Exercise 1: Dumbbell RDL - 3 sets
S:\Program Files\LiftLog\lib\debug-logs.ts:54 Exercise 2: Bench Press (Incline) - 3 sets
S:\Program Files\LiftLog\lib\debug-logs.ts:54 Exercise 3: Dumbbell Lateral Raise - 3 sets
S:\Program Files\LiftLog\lib\debug-logs.ts:54 Rendering workout with 3 exercises
S:\Program Files\LiftLog\lib\debug-logs.ts:54 Exercise 1: Dumbbell RDL - 3 sets
S:\Program Files\LiftLog\lib\debug-logs.ts:54 Exercise 2: Bench Press (Incline) - 3 sets
S:\Program Files\LiftLog\lib\debug-logs.ts:54 Exercise 3: Dumbbell Lateral Raise - 3 sets
S:\Program Files\LiftLog\lib\debug-logs.ts:54 handleSetUpdate called: {exerciseId: '17hzb7dwm', setId: 'fvxvh81m4', field: 'weight', value: 180, isWorkoutBlocked: false}
S:\Program Files\LiftLog\lib\debug-logs.ts:54 Current workout before update: {id: '742o55cfx', exerciseCount: 3}
S:\Program Files\LiftLog\lib\debug-logs.ts:54 [WorkoutLogger.saveCurrentWorkout] Using storage key: liftlog_in_progress_workouts_6bf0e5d0-cf5c-4820-90f5-346e1e2a4d4c for workout ID: 742o55cfx
S:\Program Files\LiftLog\lib\debug-logs.ts:54 [WorkoutLogger.saveCurrentWorkout] Found 2 existing in-progress workouts
S:\Program Files\LiftLog\lib\debug-logs.ts:54 [WorkoutLogger.saveCurrentWorkout] After adding workout, total in-progress: 2
S:\Program Files\LiftLog\lib\debug-logs.ts:54 [WorkoutLogger.saveCurrentWorkout] Saved to localStorage successfully
S:\Program Files\LiftLog\lib\debug-logs.ts:54 Rendering workout with 3 exercises
S:\Program Files\LiftLog\lib\debug-logs.ts:54 Exercise 1: Dumbbell RDL - 3 sets
S:\Program Files\LiftLog\lib\debug-logs.ts:54 Exercise 2: Bench Press (Incline) - 3 sets
S:\Program Files\LiftLog\lib\debug-logs.ts:54 Exercise 3: Dumbbell Lateral Raise - 3 sets
S:\Program Files\LiftLog\lib\debug-logs.ts:54 Rendering workout with 3 exercises
S:\Program Files\LiftLog\lib\debug-logs.ts:54 Exercise 1: Dumbbell RDL - 3 sets
S:\Program Files\LiftLog\lib\debug-logs.ts:54 Exercise 2: Bench Press (Incline) - 3 sets
S:\Program Files\LiftLog\lib\debug-logs.ts:54 Exercise 3: Dumbbell Lateral Raise - 3 sets
S:\Program Files\LiftLog\lib\debug-logs.ts:54 updatedWorkout returned: exists
S:\Program Files\LiftLog\lib\debug-logs.ts:54 Updated set value: {exerciseId: '17hzb7dwm', setId: 'fvxvh81m4', field: 'weight', newValue: 180, setObject: {…}}
S:\Program Files\LiftLog\lib\debug-logs.ts:54 setWorkout called with updated workout
S:\Program Files\LiftLog\lib\debug-logs.ts:54 Rendering workout with 3 exercises
S:\Program Files\LiftLog\lib\debug-logs.ts:54 Exercise 1: Dumbbell RDL - 3 sets
S:\Program Files\LiftLog\lib\debug-logs.ts:54 Exercise 2: Bench Press (Incline) - 3 sets
S:\Program Files\LiftLog\lib\debug-logs.ts:54 Exercise 3: Dumbbell Lateral Raise - 3 sets
S:\Program Files\LiftLog\lib\debug-logs.ts:54 Rendering workout with 3 exercises
S:\Program Files\LiftLog\lib\debug-logs.ts:54 Exercise 1: Dumbbell RDL - 3 sets
S:\Program Files\LiftLog\lib\debug-logs.ts:54 Exercise 2: Bench Press (Incline) - 3 sets
S:\Program Files\LiftLog\lib\debug-logs.ts:54 Exercise 3: Dumbbell Lateral Raise - 3 sets
S:\Program Files\LiftLog\lib\debug-logs.ts:54 handleSetUpdate called: {exerciseId: '17hzb7dwm', setId: 'fvxvh81m4', field: 'reps', value: 1, isWorkoutBlocked: false}
S:\Program Files\LiftLog\lib\debug-logs.ts:54 Current workout before update: {id: '742o55cfx', exerciseCount: 3}
S:\Program Files\LiftLog\lib\debug-logs.ts:54 [WorkoutLogger.saveCurrentWorkout] Using storage key: liftlog_in_progress_workouts_6bf0e5d0-cf5c-4820-90f5-346e1e2a4d4c for workout ID: 742o55cfx
S:\Program Files\LiftLog\lib\debug-logs.ts:54 [WorkoutLogger.saveCurrentWorkout] Found 2 existing in-progress workouts
S:\Program Files\LiftLog\lib\debug-logs.ts:54 [WorkoutLogger.saveCurrentWorkout] After adding workout, total in-progress: 2
S:\Program Files\LiftLog\lib\debug-logs.ts:54 [WorkoutLogger.saveCurrentWorkout] Saved to localStorage successfully
S:\Program Files\LiftLog\lib\debug-logs.ts:54 updatedWorkout returned: exists
S:\Program Files\LiftLog\lib\debug-logs.ts:54 Updated set value: {exerciseId: '17hzb7dwm', setId: 'fvxvh81m4', field: 'reps', newValue: 1, setObject: {…}}
S:\Program Files\LiftLog\lib\debug-logs.ts:54 setWorkout called with updated workout
S:\Program Files\LiftLog\lib\debug-logs.ts:54 Rendering workout with 3 exercises
S:\Program Files\LiftLog\lib\debug-logs.ts:54 Exercise 1: Dumbbell RDL - 3 sets
S:\Program Files\LiftLog\lib\debug-logs.ts:54 Exercise 2: Bench Press (Incline) - 3 sets
S:\Program Files\LiftLog\lib\debug-logs.ts:54 Exercise 3: Dumbbell Lateral Raise - 3 sets
S:\Program Files\LiftLog\lib\debug-logs.ts:54 Rendering workout with 3 exercises
S:\Program Files\LiftLog\lib\debug-logs.ts:54 Exercise 1: Dumbbell RDL - 3 sets
S:\Program Files\LiftLog\lib\debug-logs.ts:54 Exercise 2: Bench Press (Incline) - 3 sets
S:\Program Files\LiftLog\lib\debug-logs.ts:54 Exercise 3: Dumbbell Lateral Raise - 3 sets
S:\Program Files\LiftLog\lib\debug-logs.ts:54 handleSetUpdate called: {exerciseId: '17hzb7dwm', setId: 'fvxvh81m4', field: 'reps', value: 10, isWorkoutBlocked: false}
S:\Program Files\LiftLog\lib\debug-logs.ts:54 Current workout before update: {id: '742o55cfx', exerciseCount: 3}
S:\Program Files\LiftLog\lib\debug-logs.ts:54 [WorkoutLogger.saveCurrentWorkout] Using storage key: liftlog_in_progress_workouts_6bf0e5d0-cf5c-4820-90f5-346e1e2a4d4c for workout ID: 742o55cfx
S:\Program Files\LiftLog\lib\debug-logs.ts:54 [WorkoutLogger.saveCurrentWorkout] Found 2 existing in-progress workouts
S:\Program Files\LiftLog\lib\debug-logs.ts:54 [WorkoutLogger.saveCurrentWorkout] After adding workout, total in-progress: 2
S:\Program Files\LiftLog\lib\debug-logs.ts:54 [WorkoutLogger.saveCurrentWorkout] Saved to localStorage successfully
S:\Program Files\LiftLog\lib\debug-logs.ts:54 updatedWorkout returned: exists
S:\Program Files\LiftLog\lib\debug-logs.ts:54 Updated set value: {exerciseId: '17hzb7dwm', setId: 'fvxvh81m4', field: 'reps', newValue: 10, setObject: {…}}
S:\Program Files\LiftLog\lib\debug-logs.ts:54 setWorkout called with updated workout
S:\Program Files\LiftLog\lib\debug-logs.ts:54 Rendering workout with 3 exercises
S:\Program Files\LiftLog\lib\debug-logs.ts:54 Exercise 1: Dumbbell RDL - 3 sets
S:\Program Files\LiftLog\lib\debug-logs.ts:54 Exercise 2: Bench Press (Incline) - 3 sets
S:\Program Files\LiftLog\lib\debug-logs.ts:54 Exercise 3: Dumbbell Lateral Raise - 3 sets
S:\Program Files\LiftLog\lib\debug-logs.ts:54 Rendering workout with 3 exercises
S:\Program Files\LiftLog\lib\debug-logs.ts:54 Exercise 1: Dumbbell RDL - 3 sets
S:\Program Files\LiftLog\lib\debug-logs.ts:54 Exercise 2: Bench Press (Incline) - 3 sets
S:\Program Files\LiftLog\lib\debug-logs.ts:54 Exercise 3: Dumbbell Lateral Raise - 3 sets
S:\Program Files\LiftLog\lib\debug-logs.ts:54 [WorkoutLogger.saveCurrentWorkout] Using storage key: liftlog_in_progress_workouts_6bf0e5d0-cf5c-4820-90f5-346e1e2a4d4c for workout ID: 742o55cfx
S:\Program Files\LiftLog\lib\debug-logs.ts:54 [WorkoutLogger.saveCurrentWorkout] Found 2 existing in-progress workouts
S:\Program Files\LiftLog\lib\debug-logs.ts:54 [WorkoutLogger.saveCurrentWorkout] After adding workout, total in-progress: 2
S:\Program Files\LiftLog\lib\debug-logs.ts:54 [WorkoutLogger.saveCurrentWorkout] Saved to localStorage successfully
S:\Program Files\LiftLog\lib\debug-logs.ts:54 Rendering workout with 3 exercises
S:\Program Files\LiftLog\lib\debug-logs.ts:54 Exercise 1: Dumbbell RDL - 3 sets
S:\Program Files\LiftLog\lib\debug-logs.ts:54 Exercise 2: Bench Press (Incline) - 3 sets
S:\Program Files\LiftLog\lib\debug-logs.ts:54 Exercise 3: Dumbbell Lateral Raise - 3 sets
S:\Program Files\LiftLog\lib\debug-logs.ts:54 Rendering workout with 3 exercises
S:\Program Files\LiftLog\lib\debug-logs.ts:54 Exercise 1: Dumbbell RDL - 3 sets
S:\Program Files\LiftLog\lib\debug-logs.ts:54 Exercise 2: Bench Press (Incline) - 3 sets
S:\Program Files\LiftLog\lib\debug-logs.ts:54 Exercise 3: Dumbbell Lateral Raise - 3 sets
S:\Program Files\LiftLog\lib\debug-logs.ts:54 [WorkoutLogger] Set logged successfully: 742o55cfx-17hzb7dwm-3
S:\Program Files\LiftLog\lib\debug-logs.ts:54 Debounced sync triggered for weight/reps update
S:\Program Files\LiftLog\lib\debug-logs.ts:54 [WorkoutLogger.saveCurrentWorkout] Using storage key: liftlog_in_progress_workouts_6bf0e5d0-cf5c-4820-90f5-346e1e2a4d4c for workout ID: 742o55cfx
S:\Program Files\LiftLog\lib\debug-logs.ts:54 [WorkoutLogger.saveCurrentWorkout] Found 2 existing in-progress workouts
S:\Program Files\LiftLog\lib\debug-logs.ts:54 [WorkoutLogger.saveCurrentWorkout] After adding workout, total in-progress: 2
S:\Program Files\LiftLog\lib\debug-logs.ts:54 [WorkoutLogger.saveCurrentWorkout] Saved to localStorage successfully
S:\Program Files\LiftLog\lib\debug-logs.ts:54 [WorkoutLogger] Set logged successfully: 742o55cfx-17hzb7dwm-3
S:\Program Files\LiftLog\lib\debug-logs.ts:54 [WorkoutLogger.saveCurrentWorkout] Successfully updated workout in database
S:\Program Files\LiftLog\lib\debug-logs.ts:54 [WorkoutLogger.saveCurrentWorkout] Using storage key: liftlog_in_progress_workouts_6bf0e5d0-cf5c-4820-90f5-346e1e2a4d4c for workout ID: 742o55cfx
S:\Program Files\LiftLog\lib\debug-logs.ts:54 [WorkoutLogger.saveCurrentWorkout] Found 2 existing in-progress workouts
S:\Program Files\LiftLog\lib\debug-logs.ts:54 [WorkoutLogger.saveCurrentWorkout] After adding workout, total in-progress: 2
S:\Program Files\LiftLog\lib\debug-logs.ts:54 [WorkoutLogger.saveCurrentWorkout] Saved to localStorage successfully
S:\Program Files\LiftLog\lib\debug-logs.ts:54 Rendering workout with 3 exercises
S:\Program Files\LiftLog\lib\debug-logs.ts:54 Exercise 1: Dumbbell RDL - 3 sets
S:\Program Files\LiftLog\lib\debug-logs.ts:54 Exercise 2: Bench Press (Incline) - 3 sets
S:\Program Files\LiftLog\lib\debug-logs.ts:54 Exercise 3: Dumbbell Lateral Raise - 3 sets
S:\Program Files\LiftLog\lib\debug-logs.ts:54 Rendering workout with 3 exercises
S:\Program Files\LiftLog\lib\debug-logs.ts:54 Exercise 1: Dumbbell RDL - 3 sets
S:\Program Files\LiftLog\lib\debug-logs.ts:54 Exercise 2: Bench Press (Incline) - 3 sets
S:\Program Files\LiftLog\lib\debug-logs.ts:54 Exercise 3: Dumbbell Lateral Raise - 3 sets
S:\Program Files\LiftLog\lib\debug-logs.ts:54 [v0] Rendering minus indicator for set {exerciseName: 'Bench Press (Incline)', setIndex: 0, setId: 'bmp5wt468', reps: 0, weight: 0, …}
S:\Program Files\LiftLog\lib\debug-logs.ts:54 [v0] Rendering minus indicator for set {exerciseName: 'Bench Press (Incline)', setIndex: 1, setId: '7dobz9ls5', reps: 0, weight: 0, …}
S:\Program Files\LiftLog\lib\debug-logs.ts:54 [v0] Rendering minus indicator for set {exerciseName: 'Bench Press (Incline)', setIndex: 2, setId: 't3zazukix', reps: 0, weight: 0, …}
S:\Program Files\LiftLog\lib\debug-logs.ts:54 [v0] Rendering minus indicator for set {exerciseName: 'Bench Press (Incline)', setIndex: 0, setId: 'bmp5wt468', reps: 0, weight: 0, …}
S:\Program Files\LiftLog\lib\debug-logs.ts:54 [v0] Rendering minus indicator for set {exerciseName: 'Bench Press (Incline)', setIndex: 1, setId: '7dobz9ls5', reps: 0, weight: 0, …}
S:\Program Files\LiftLog\lib\debug-logs.ts:54 [v0] Rendering minus indicator for set {exerciseName: 'Bench Press (Incline)', setIndex: 2, setId: 't3zazukix', reps: 0, weight: 0, …}
S:\Program Files\LiftLog\lib\debug-logs.ts:54 [WorkoutLogger.saveCurrentWorkout] Successfully updated workout in database
S:\Program Files\LiftLog\lib\debug-logs.ts:54 [WorkoutLogger.saveCurrentWorkout] Using storage key: liftlog_in_progress_workouts_6bf0e5d0-cf5c-4820-90f5-346e1e2a4d4c for workout ID: 742o55cfx
S:\Program Files\LiftLog\lib\debug-logs.ts:54 [WorkoutLogger.saveCurrentWorkout] Found 2 existing in-progress workouts
S:\Program Files\LiftLog\lib\debug-logs.ts:54 [WorkoutLogger.saveCurrentWorkout] After adding workout, total in-progress: 2
S:\Program Files\LiftLog\lib\debug-logs.ts:54 [WorkoutLogger.saveCurrentWorkout] Saved to localStorage successfully
S:\Program Files\LiftLog\lib\debug-logs.ts:54 Rendering workout with 3 exercises
S:\Program Files\LiftLog\lib\debug-logs.ts:54 Exercise 1: Dumbbell RDL - 3 sets
S:\Program Files\LiftLog\lib\debug-logs.ts:54 Exercise 2: Bench Press (Incline) - 3 sets
S:\Program Files\LiftLog\lib\debug-logs.ts:54 Exercise 3: Dumbbell Lateral Raise - 3 sets
S:\Program Files\LiftLog\lib\debug-logs.ts:54 Rendering workout with 3 exercises
S:\Program Files\LiftLog\lib\debug-logs.ts:54 Exercise 1: Dumbbell RDL - 3 sets
S:\Program Files\LiftLog\lib\debug-logs.ts:54 Exercise 2: Bench Press (Incline) - 3 sets
S:\Program Files\LiftLog\lib\debug-logs.ts:54 Exercise 3: Dumbbell Lateral Raise - 3 sets
S:\Program Files\LiftLog\lib\debug-logs.ts:54 [v0] Rendering minus indicator for set {exerciseName: 'Bench Press (Incline)', setIndex: 0, setId: 'bmp5wt468', reps: 0, weight: 0, …}
S:\Program Files\LiftLog\lib\debug-logs.ts:54 [v0] Rendering minus indicator for set {exerciseName: 'Bench Press (Incline)', setIndex: 1, setId: '7dobz9ls5', reps: 0, weight: 0, …}
S:\Program Files\LiftLog\lib\debug-logs.ts:54 [v0] Rendering minus indicator for set {exerciseName: 'Bench Press (Incline)', setIndex: 2, setId: 't3zazukix', reps: 0, weight: 0, …}
S:\Program Files\LiftLog\lib\debug-logs.ts:54 [v0] Rendering minus indicator for set {exerciseName: 'Dumbbell Lateral Raise', setIndex: 0, setId: 'wf9wop3lq', reps: 0, weight: 0, …}
S:\Program Files\LiftLog\lib\debug-logs.ts:54 [v0] Rendering minus indicator for set {exerciseName: 'Dumbbell Lateral Raise', setIndex: 1, setId: 'rmp6f2ani', reps: 0, weight: 0, …}
S:\Program Files\LiftLog\lib\debug-logs.ts:54 [v0] Rendering minus indicator for set {exerciseName: 'Dumbbell Lateral Raise', setIndex: 2, setId: 'rrgmblsun', reps: 0, weight: 0, …}
S:\Program Files\LiftLog\lib\debug-logs.ts:54 [v0] Rendering minus indicator for set {exerciseName: 'Bench Press (Incline)', setIndex: 0, setId: 'bmp5wt468', reps: 0, weight: 0, …}
S:\Program Files\LiftLog\lib\debug-logs.ts:54 [v0] Rendering minus indicator for set {exerciseName: 'Bench Press (Incline)', setIndex: 1, setId: '7dobz9ls5', reps: 0, weight: 0, …}
S:\Program Files\LiftLog\lib\debug-logs.ts:54 [v0] Rendering minus indicator for set {exerciseName: 'Bench Press (Incline)', setIndex: 2, setId: 't3zazukix', reps: 0, weight: 0, …}
S:\Program Files\LiftLog\lib\debug-logs.ts:54 [v0] Rendering minus indicator for set {exerciseName: 'Dumbbell Lateral Raise', setIndex: 0, setId: 'wf9wop3lq', reps: 0, weight: 0, …}
S:\Program Files\LiftLog\lib\debug-logs.ts:54 [v0] Rendering minus indicator for set {exerciseName: 'Dumbbell Lateral Raise', setIndex: 1, setId: 'rmp6f2ani', reps: 0, weight: 0, …}
S:\Program Files\LiftLog\lib\debug-logs.ts:54 [v0] Rendering minus indicator for set {exerciseName: 'Dumbbell Lateral Raise', setIndex: 2, setId: 'rrgmblsun', reps: 0, weight: 0, …}
S:\Program Files\LiftLog\lib\debug-logs.ts:54 [WorkoutLogger.saveCurrentWorkout] Successfully updated workout in database
S:\Program Files\LiftLog\lib\debug-logs.ts:54 [WorkoutLogger.saveCurrentWorkout] Using storage key: liftlog_in_progress_workouts_6bf0e5d0-cf5c-4820-90f5-346e1e2a4d4c for workout ID: 742o55cfx
S:\Program Files\LiftLog\lib\debug-logs.ts:54 [WorkoutLogger.saveCurrentWorkout] Found 2 existing in-progress workouts
S:\Program Files\LiftLog\lib\debug-logs.ts:54 [WorkoutLogger.saveCurrentWorkout] After adding workout, total in-progress: 2
S:\Program Files\LiftLog\lib\debug-logs.ts:54 [WorkoutLogger.saveCurrentWorkout] Saved to localStorage successfully
S:\Program Files\LiftLog\lib\debug-logs.ts:54 Rendering workout with 3 exercises
S:\Program Files\LiftLog\lib\debug-logs.ts:54 Exercise 1: Dumbbell RDL - 3 sets
S:\Program Files\LiftLog\lib\debug-logs.ts:54 Exercise 2: Bench Press (Incline) - 3 sets
S:\Program Files\LiftLog\lib\debug-logs.ts:54 Exercise 3: Dumbbell Lateral Raise - 3 sets
S:\Program Files\LiftLog\lib\debug-logs.ts:54 Rendering workout with 3 exercises
S:\Program Files\LiftLog\lib\debug-logs.ts:54 Exercise 1: Dumbbell RDL - 3 sets
S:\Program Files\LiftLog\lib\debug-logs.ts:54 Exercise 2: Bench Press (Incline) - 3 sets
S:\Program Files\LiftLog\lib\debug-logs.ts:54 Exercise 3: Dumbbell Lateral Raise - 3 sets
S:\Program Files\LiftLog\lib\debug-logs.ts:54 [v0] Rendering minus indicator for set {exerciseName: 'Bench Press (Incline)', setIndex: 0, setId: 'bmp5wt468', reps: 0, weight: 0, …}
S:\Program Files\LiftLog\lib\debug-logs.ts:54 [v0] Rendering minus indicator for set {exerciseName: 'Bench Press (Incline)', setIndex: 1, setId: '7dobz9ls5', reps: 0, weight: 0, …}
S:\Program Files\LiftLog\lib\debug-logs.ts:54 [v0] Rendering minus indicator for set {exerciseName: 'Bench Press (Incline)', setIndex: 2, setId: 't3zazukix', reps: 0, weight: 0, …}
S:\Program Files\LiftLog\lib\debug-logs.ts:54 [v0] Rendering minus indicator for set {exerciseName: 'Dumbbell Lateral Raise', setIndex: 0, setId: 'wf9wop3lq', reps: 0, weight: 0, …}
S:\Program Files\LiftLog\lib\debug-logs.ts:54 [v0] Rendering minus indicator for set {exerciseName: 'Dumbbell Lateral Raise', setIndex: 1, setId: 'rmp6f2ani', reps: 0, weight: 0, …}
S:\Program Files\LiftLog\lib\debug-logs.ts:54 [v0] Rendering minus indicator for set {exerciseName: 'Dumbbell Lateral Raise', setIndex: 2, setId: 'rrgmblsun', reps: 0, weight: 0, …}
S:\Program Files\LiftLog\lib\debug-logs.ts:54 [v0] Rendering minus indicator for set {exerciseName: 'Bench Press (Incline)', setIndex: 0, setId: 'bmp5wt468', reps: 0, weight: 0, …}
S:\Program Files\LiftLog\lib\debug-logs.ts:54 [v0] Rendering minus indicator for set {exerciseName: 'Bench Press (Incline)', setIndex: 1, setId: '7dobz9ls5', reps: 0, weight: 0, …}
S:\Program Files\LiftLog\lib\debug-logs.ts:54 [v0] Rendering minus indicator for set {exerciseName: 'Bench Press (Incline)', setIndex: 2, setId: 't3zazukix', reps: 0, weight: 0, …}
S:\Program Files\LiftLog\lib\debug-logs.ts:54 [v0] Rendering minus indicator for set {exerciseName: 'Dumbbell Lateral Raise', setIndex: 0, setId: 'wf9wop3lq', reps: 0, weight: 0, …}
S:\Program Files\LiftLog\lib\debug-logs.ts:54 [v0] Rendering minus indicator for set {exerciseName: 'Dumbbell Lateral Raise', setIndex: 1, setId: 'rmp6f2ani', reps: 0, weight: 0, …}
S:\Program Files\LiftLog\lib\debug-logs.ts:54 [v0] Rendering minus indicator for set {exerciseName: 'Dumbbell Lateral Raise', setIndex: 2, setId: 'rrgmblsun', reps: 0, weight: 0, …}
S:\Program Files\LiftLog\lib\debug-logs.ts:54 [WorkoutLogger.saveCurrentWorkout] Successfully updated workout in database
S:\Program Files\LiftLog\lib\debug-logs.ts:54 [WorkoutLogger.completeWorkout] Found 2 in-progress workouts, looking for ID: 742o55cfx
S:\Program Files\LiftLog\lib\debug-logs.ts:54 [WorkoutLogger.completeWorkout] Available workout IDs: (2) ['preview-4-1', '742o55cfx']
S:\Program Files\LiftLog\lib\debug-logs.ts:54 [ConnectionMonitor] Added to sync queue, total: 1
S:\Program Files\LiftLog\lib\debug-logs.ts:54 [ConnectionMonitor] Processing sync queue: 1 items
S:\Program Files\LiftLog\lib\debug-logs.ts:54 Rendering workout with 3 exercises
S:\Program Files\LiftLog\lib\debug-logs.ts:54 Exercise 1: Dumbbell RDL - 3 sets
S:\Program Files\LiftLog\lib\debug-logs.ts:54 Exercise 2: Bench Press (Incline) - 3 sets
S:\Program Files\LiftLog\lib\debug-logs.ts:54 Exercise 3: Dumbbell Lateral Raise - 3 sets
S:\Program Files\LiftLog\lib\debug-logs.ts:54 Rendering workout with 3 exercises
S:\Program Files\LiftLog\lib\debug-logs.ts:54 Exercise 1: Dumbbell RDL - 3 sets
S:\Program Files\LiftLog\lib\debug-logs.ts:54 Exercise 2: Bench Press (Incline) - 3 sets
S:\Program Files\LiftLog\lib\debug-logs.ts:54 Exercise 3: Dumbbell Lateral Raise - 3 sets
S:\Program Files\LiftLog\lib\debug-logs.ts:54 [v0] Rendering minus indicator for set {exerciseName: 'Bench Press (Incline)', setIndex: 0, setId: 'bmp5wt468', reps: 0, weight: 0, …}
S:\Program Files\LiftLog\lib\debug-logs.ts:54 [v0] Rendering minus indicator for set {exerciseName: 'Bench Press (Incline)', setIndex: 1, setId: '7dobz9ls5', reps: 0, weight: 0, …}
S:\Program Files\LiftLog\lib\debug-logs.ts:54 [v0] Rendering minus indicator for set {exerciseName: 'Bench Press (Incline)', setIndex: 2, setId: 't3zazukix', reps: 0, weight: 0, …}
S:\Program Files\LiftLog\lib\debug-logs.ts:54 [v0] Rendering minus indicator for set {exerciseName: 'Dumbbell Lateral Raise', setIndex: 0, setId: 'wf9wop3lq', reps: 0, weight: 0, …}
S:\Program Files\LiftLog\lib\debug-logs.ts:54 [v0] Rendering minus indicator for set {exerciseName: 'Dumbbell Lateral Raise', setIndex: 1, setId: 'rmp6f2ani', reps: 0, weight: 0, …}
S:\Program Files\LiftLog\lib\debug-logs.ts:54 [v0] Rendering minus indicator for set {exerciseName: 'Dumbbell Lateral Raise', setIndex: 2, setId: 'rrgmblsun', reps: 0, weight: 0, …}
S:\Program Files\LiftLog\lib\debug-logs.ts:54 [v0] Rendering minus indicator for set {exerciseName: 'Bench Press (Incline)', setIndex: 0, setId: 'bmp5wt468', reps: 0, weight: 0, …}
S:\Program Files\LiftLog\lib\debug-logs.ts:54 [v0] Rendering minus indicator for set {exerciseName: 'Bench Press (Incline)', setIndex: 1, setId: '7dobz9ls5', reps: 0, weight: 0, …}
S:\Program Files\LiftLog\lib\debug-logs.ts:54 [v0] Rendering minus indicator for set {exerciseName: 'Bench Press (Incline)', setIndex: 2, setId: 't3zazukix', reps: 0, weight: 0, …}
S:\Program Files\LiftLog\lib\debug-logs.ts:54 [v0] Rendering minus indicator for set {exerciseName: 'Dumbbell Lateral Raise', setIndex: 0, setId: 'wf9wop3lq', reps: 0, weight: 0, …}
S:\Program Files\LiftLog\lib\debug-logs.ts:54 [v0] Rendering minus indicator for set {exerciseName: 'Dumbbell Lateral Raise', setIndex: 1, setId: 'rmp6f2ani', reps: 0, weight: 0, …}
S:\Program Files\LiftLog\lib\debug-logs.ts:54 [v0] Rendering minus indicator for set {exerciseName: 'Dumbbell Lateral Raise', setIndex: 2, setId: 'rrgmblsun', reps: 0, weight: 0, …}
S:\Program Files\LiftLog\lib\debug-logs.ts:54 [WorkoutLogger] Completed workout synced to database
S:\Program Files\LiftLog\lib\debug-logs.ts:54 Rendering workout with 3 exercises
S:\Program Files\LiftLog\lib\debug-logs.ts:54 Exercise 1: Dumbbell RDL - 3 sets
S:\Program Files\LiftLog\lib\debug-logs.ts:54 Exercise 2: Bench Press (Incline) - 3 sets
S:\Program Files\LiftLog\lib\debug-logs.ts:54 Exercise 3: Dumbbell Lateral Raise - 3 sets
S:\Program Files\LiftLog\lib\debug-logs.ts:54 Rendering workout with 3 exercises
S:\Program Files\LiftLog\lib\debug-logs.ts:54 Exercise 1: Dumbbell RDL - 3 sets
S:\Program Files\LiftLog\lib\debug-logs.ts:54 Exercise 2: Bench Press (Incline) - 3 sets
S:\Program Files\LiftLog\lib\debug-logs.ts:54 Exercise 3: Dumbbell Lateral Raise - 3 sets
S:\Program Files\LiftLog\lib\debug-logs.ts:54 [v0] Rendering minus indicator for set {exerciseName: 'Bench Press (Incline)', setIndex: 0, setId: 'bmp5wt468', reps: 0, weight: 0, …}
S:\Program Files\LiftLog\lib\debug-logs.ts:54 [v0] Rendering minus indicator for set {exerciseName: 'Bench Press (Incline)', setIndex: 1, setId: '7dobz9ls5', reps: 0, weight: 0, …}
S:\Program Files\LiftLog\lib\debug-logs.ts:54 [v0] Rendering minus indicator for set {exerciseName: 'Bench Press (Incline)', setIndex: 2, setId: 't3zazukix', reps: 0, weight: 0, …}
S:\Program Files\LiftLog\lib\debug-logs.ts:54 [v0] Rendering minus indicator for set {exerciseName: 'Dumbbell Lateral Raise', setIndex: 0, setId: 'wf9wop3lq', reps: 0, weight: 0, …}
S:\Program Files\LiftLog\lib\debug-logs.ts:54 [v0] Rendering minus indicator for set {exerciseName: 'Dumbbell Lateral Raise', setIndex: 1, setId: 'rmp6f2ani', reps: 0, weight: 0, …}
S:\Program Files\LiftLog\lib\debug-logs.ts:54 [v0] Rendering minus indicator for set {exerciseName: 'Dumbbell Lateral Raise', setIndex: 2, setId: 'rrgmblsun', reps: 0, weight: 0, …}
S:\Program Files\LiftLog\lib\debug-logs.ts:54 [v0] Rendering minus indicator for set {exerciseName: 'Bench Press (Incline)', setIndex: 0, setId: 'bmp5wt468', reps: 0, weight: 0, …}
S:\Program Files\LiftLog\lib\debug-logs.ts:54 [v0] Rendering minus indicator for set {exerciseName: 'Bench Press (Incline)', setIndex: 1, setId: '7dobz9ls5', reps: 0, weight: 0, …}
S:\Program Files\LiftLog\lib\debug-logs.ts:54 [v0] Rendering minus indicator for set {exerciseName: 'Bench Press (Incline)', setIndex: 2, setId: 't3zazukix', reps: 0, weight: 0, …}
S:\Program Files\LiftLog\lib\debug-logs.ts:54 [v0] Rendering minus indicator for set {exerciseName: 'Dumbbell Lateral Raise', setIndex: 0, setId: 'wf9wop3lq', reps: 0, weight: 0, …}
S:\Program Files\LiftLog\lib\debug-logs.ts:54 [v0] Rendering minus indicator for set {exerciseName: 'Dumbbell Lateral Raise', setIndex: 1, setId: 'rmp6f2ani', reps: 0, weight: 0, …}
S:\Program Files\LiftLog\lib\debug-logs.ts:54 [v0] Rendering minus indicator for set {exerciseName: 'Dumbbell Lateral Raise', setIndex: 2, setId: 'rrgmblsun', reps: 0, weight: 0, …}
S:\Program Files\LiftLog\lib\debug-logs.ts:54 Rendering workout with 3 exercises
S:\Program Files\LiftLog\lib\debug-logs.ts:54 Exercise 1: Dumbbell RDL - 3 sets
S:\Program Files\LiftLog\lib\debug-logs.ts:54 Exercise 2: Bench Press (Incline) - 3 sets
S:\Program Files\LiftLog\lib\debug-logs.ts:54 Exercise 3: Dumbbell Lateral Raise - 3 sets
S:\Program Files\LiftLog\lib\debug-logs.ts:54 Rendering workout with 3 exercises
S:\Program Files\LiftLog\lib\debug-logs.ts:54 Exercise 1: Dumbbell RDL - 3 sets
S:\Program Files\LiftLog\lib\debug-logs.ts:54 Exercise 2: Bench Press (Incline) - 3 sets
S:\Program Files\LiftLog\lib\debug-logs.ts:54 Exercise 3: Dumbbell Lateral Raise - 3 sets
S:\Program Files\LiftLog\lib\debug-logs.ts:54 [v0] Rendering minus indicator for set {exerciseName: 'Bench Press (Incline)', setIndex: 0, setId: 'bmp5wt468', reps: 0, weight: 0, …}
S:\Program Files\LiftLog\lib\debug-logs.ts:54 [v0] Rendering minus indicator for set {exerciseName: 'Bench Press (Incline)', setIndex: 1, setId: '7dobz9ls5', reps: 0, weight: 0, …}
S:\Program Files\LiftLog\lib\debug-logs.ts:54 [v0] Rendering minus indicator for set {exerciseName: 'Bench Press (Incline)', setIndex: 2, setId: 't3zazukix', reps: 0, weight: 0, …}
S:\Program Files\LiftLog\lib\debug-logs.ts:54 [v0] Rendering minus indicator for set {exerciseName: 'Dumbbell Lateral Raise', setIndex: 0, setId: 'wf9wop3lq', reps: 0, weight: 0, …}
S:\Program Files\LiftLog\lib\debug-logs.ts:54 [v0] Rendering minus indicator for set {exerciseName: 'Dumbbell Lateral Raise', setIndex: 1, setId: 'rmp6f2ani', reps: 0, weight: 0, …}
S:\Program Files\LiftLog\lib\debug-logs.ts:54 [v0] Rendering minus indicator for set {exerciseName: 'Dumbbell Lateral Raise', setIndex: 2, setId: 'rrgmblsun', reps: 0, weight: 0, …}
S:\Program Files\LiftLog\lib\debug-logs.ts:54 [v0] Rendering minus indicator for set {exerciseName: 'Bench Press (Incline)', setIndex: 0, setId: 'bmp5wt468', reps: 0, weight: 0, …}
S:\Program Files\LiftLog\lib\debug-logs.ts:54 [v0] Rendering minus indicator for set {exerciseName: 'Bench Press (Incline)', setIndex: 1, setId: '7dobz9ls5', reps: 0, weight: 0, …}
S:\Program Files\LiftLog\lib\debug-logs.ts:54 [v0] Rendering minus indicator for set {exerciseName: 'Bench Press (Incline)', setIndex: 2, setId: 't3zazukix', reps: 0, weight: 0, …}
S:\Program Files\LiftLog\lib\debug-logs.ts:54 [v0] Rendering minus indicator for set {exerciseName: 'Dumbbell Lateral Raise', setIndex: 0, setId: 'wf9wop3lq', reps: 0, weight: 0, …}
S:\Program Files\LiftLog\lib\debug-logs.ts:54 [v0] Rendering minus indicator for set {exerciseName: 'Dumbbell Lateral Raise', setIndex: 1, setId: 'rmp6f2ani', reps: 0, weight: 0, …}
S:\Program Files\LiftLog\lib\debug-logs.ts:54 [v0] Rendering minus indicator for set {exerciseName: 'Dumbbell Lateral Raise', setIndex: 2, setId: 'rrgmblsun', reps: 0, weight: 0, …}
