npm error code ERESOLVE
npm error ERESOLVE could not resolve
npm error
npm error While resolving: vaul@0.9.9
npm error Found: react@19.2.0
npm error node_modules/react
npm error   peer react@">=16.8.0" from @floating-ui/react-dom@2.1.6
npm error   node_modules/@floating-ui/react-dom
npm error     @floating-ui/react-dom@"^2.0.0" from @radix-ui/react-popper@1.2.1
npm error     node_modules/@radix-ui/react-popper
npm error       @radix-ui/react-popper@"1.2.1" from @radix-ui/react-hover-card@1.1.4
npm error       node_modules/@radix-ui/react-hover-card
npm error         @radix-ui/react-hover-card@"1.1.4" from the root project
npm error       3 more (@radix-ui/react-menu, @radix-ui/react-popover, @radix-ui/react-tooltip)
npm error     @floating-ui/react-dom@"^2.0.0" from @radix-ui/react-popper@1.2.8
npm error     node_modules/@radix-ui/react-select/node_modules/@radix-ui/react-popper
npm error       @radix-ui/react-popper@"1.2.8" from @radix-ui/react-select@2.2.6
npm error       node_modules/@radix-ui/react-select
npm error         @radix-ui/react-select@"latest" from the root project
npm error   peer react@"^16.8 || ^17.0 || ^18.0 || ^19.0 || ^19.0.0-rc" from @radix-ui/react-accordion@1.2.2
npm error   node_modules/@radix-ui/react-accordion
npm error     @radix-ui/react-accordion@"1.2.2" from the root project
npm error   109 more (@radix-ui/react-alert-dialog, @radix-ui/react-arrow, ...)
npm error
npm error Could not resolve dependency:
npm error peer react@"^16.8 || ^17.0 || ^18.0" from vaul@0.9.9
npm error node_modules/vaul
npm error   vaul@"^0.9.9" from the root project
npm error
npm error Conflicting peer dependency: react@18.3.1
npm error node_modules/react
npm error   peer react@"^16.8 || ^17.0 || ^18.0" from vaul@0.9.9
npm error   node_modules/vaul
npm error     vaul@"^0.9.9" from the root project
npm error
npm error Fix the upstream dependency conflict, or retry
npm error this command with --force or --legacy-peer-deps
npm error to accept an incorrect (and potentially broken) dependency resolution.
npm error
npm error
npm error For a full report see:
npm error C:\Users\mhdai\AppData\Local\npm-cache\_logs\2025-10-28T06_33_03_434Z-eresolve-report.txt

npm error A complete log of this run can be found in: C:\Users\mhdai\AppData\Local\npm-cache\_logs\2025-10-28T06_33_03_434Z-debug-0.log
