(index):1 The resource http://localhost:3000/_next/static/css/app/layout.css?v=1761256915614 was preloaded using link preload but not used within a few seconds from the window's load event. Please make sure it has an appropriate `as` value and it is preloaded intentionally.
VM405 workout-logger.ts:625 [WorkoutLogger.saveCurrentWorkout] Using storage key: liftlog_in_progress_workouts_6bf0e5d0-cf5c-4820-90f5-346e1e2a4d4c for workout ID: f8cl49nci
VM405 workout-logger.ts:629 [WorkoutLogger.saveCurrentWorkout] Found 1 existing in-progress workouts
VM405 workout-logger.ts:634 [WorkoutLogger.saveCurrentWorkout] After adding workout, total in-progress: 1
VM405 workout-logger.ts:636 [WorkoutLogger.saveCurrentWorkout] Saved to localStorage successfully
S:\Program Files\LiftLog\components\workout-logger\hooks\use-workout-session.ts:1872 Rendering workout with 3 exercises
S:\Program Files\LiftLog\components\workout-logger\hooks\use-workout-session.ts:1874 Exercise 1: Barbell Squat - 4 sets
S:\Program Files\LiftLog\components\workout-logger\hooks\use-workout-session.ts:1874 Exercise 2: Bench Press (Flat) - 3 sets
S:\Program Files\LiftLog\components\workout-logger\hooks\use-workout-session.ts:1874 Exercise 3: Barbell Bent Over Row - 3 sets
S:\Program Files\LiftLog\components\workout-logger\hooks\use-workout-session.ts:1872 Rendering workout with 3 exercises
S:\Program Files\LiftLog\components\workout-logger\hooks\use-workout-session.ts:1874 Exercise 1: Barbell Squat - 4 sets
S:\Program Files\LiftLog\components\workout-logger\hooks\use-workout-session.ts:1874 Exercise 2: Bench Press (Flat) - 3 sets
S:\Program Files\LiftLog\components\workout-logger\hooks\use-workout-session.ts:1874 Exercise 3: Barbell Bent Over Row - 3 sets
VM405 workout-logger.ts:675 [WorkoutLogger.saveCurrentWorkout] Successfully updated workout in database
S:\Program Files\LiftLog\components\workout-logger\hooks\use-workout-session.ts:558 handleSetUpdate called: {exerciseId: '31z9vgr50', setId: '7e6rul8ov', field: 'weight', value: 1, isWorkoutBlocked: false}
S:\Program Files\LiftLog\components\workout-logger\hooks\use-workout-session.ts:649 Current workout before update: {id: 'f8cl49nci', exerciseCount: 3}
VM405 workout-logger.ts:625 [WorkoutLogger.saveCurrentWorkout] Using storage key: liftlog_in_progress_workouts_6bf0e5d0-cf5c-4820-90f5-346e1e2a4d4c for workout ID: f8cl49nci
VM405 workout-logger.ts:629 [WorkoutLogger.saveCurrentWorkout] Found 1 existing in-progress workouts
VM405 workout-logger.ts:634 [WorkoutLogger.saveCurrentWorkout] After adding workout, total in-progress: 1
VM405 workout-logger.ts:636 [WorkoutLogger.saveCurrentWorkout] Saved to localStorage successfully
S:\Program Files\LiftLog\components\workout-logger\hooks\use-workout-session.ts:1872 Rendering workout with 3 exercises
S:\Program Files\LiftLog\components\workout-logger\hooks\use-workout-session.ts:1874 Exercise 1: Barbell Squat - 4 sets
S:\Program Files\LiftLog\components\workout-logger\hooks\use-workout-session.ts:1874 Exercise 2: Bench Press (Flat) - 3 sets
S:\Program Files\LiftLog\components\workout-logger\hooks\use-workout-session.ts:1874 Exercise 3: Barbell Bent Over Row - 3 sets
S:\Program Files\LiftLog\components\workout-logger\hooks\use-workout-session.ts:1872 Rendering workout with 3 exercises
S:\Program Files\LiftLog\components\workout-logger\hooks\use-workout-session.ts:1874 Exercise 1: Barbell Squat - 4 sets
S:\Program Files\LiftLog\components\workout-logger\hooks\use-workout-session.ts:1874 Exercise 2: Bench Press (Flat) - 3 sets
S:\Program Files\LiftLog\components\workout-logger\hooks\use-workout-session.ts:1874 Exercise 3: Barbell Bent Over Row - 3 sets
S:\Program Files\LiftLog\components\workout-logger\hooks\use-workout-session.ts:671 updatedWorkout returned: exists
S:\Program Files\LiftLog\components\workout-logger\hooks\use-workout-session.ts:676 Updated set value: {exerciseId: '31z9vgr50', setId: '7e6rul8ov', field: 'weight', newValue: 1, setObject: {…}}
S:\Program Files\LiftLog\components\workout-logger\hooks\use-workout-session.ts:685 setWorkout called with updated workout
S:\Program Files\LiftLog\components\workout-logger\hooks\use-workout-session.ts:1872 Rendering workout with 3 exercises
S:\Program Files\LiftLog\components\workout-logger\hooks\use-workout-session.ts:1874 Exercise 1: Barbell Squat - 4 sets
S:\Program Files\LiftLog\components\workout-logger\hooks\use-workout-session.ts:1874 Exercise 2: Bench Press (Flat) - 3 sets
S:\Program Files\LiftLog\components\workout-logger\hooks\use-workout-session.ts:1874 Exercise 3: Barbell Bent Over Row - 3 sets
S:\Program Files\LiftLog\components\workout-logger\hooks\use-workout-session.ts:1872 Rendering workout with 3 exercises
S:\Program Files\LiftLog\components\workout-logger\hooks\use-workout-session.ts:1874 Exercise 1: Barbell Squat - 4 sets
S:\Program Files\LiftLog\components\workout-logger\hooks\use-workout-session.ts:1874 Exercise 2: Bench Press (Flat) - 3 sets
S:\Program Files\LiftLog\components\workout-logger\hooks\use-workout-session.ts:1874 Exercise 3: Barbell Bent Over Row - 3 sets
S:\Program Files\LiftLog\components\workout-logger\hooks\use-workout-session.ts:558 handleSetUpdate called: {exerciseId: '31z9vgr50', setId: '7e6rul8ov', field: 'weight', value: 14, isWorkoutBlocked: false}
S:\Program Files\LiftLog\components\workout-logger\hooks\use-workout-session.ts:649 Current workout before update: {id: 'f8cl49nci', exerciseCount: 3}
VM405 workout-logger.ts:625 [WorkoutLogger.saveCurrentWorkout] Using storage key: liftlog_in_progress_workouts_6bf0e5d0-cf5c-4820-90f5-346e1e2a4d4c for workout ID: f8cl49nci
VM405 workout-logger.ts:629 [WorkoutLogger.saveCurrentWorkout] Found 1 existing in-progress workouts
VM405 workout-logger.ts:634 [WorkoutLogger.saveCurrentWorkout] After adding workout, total in-progress: 1
VM405 workout-logger.ts:636 [WorkoutLogger.saveCurrentWorkout] Saved to localStorage successfully
S:\Program Files\LiftLog\components\workout-logger\hooks\use-workout-session.ts:1872 Rendering workout with 3 exercises
S:\Program Files\LiftLog\components\workout-logger\hooks\use-workout-session.ts:1874 Exercise 1: Barbell Squat - 4 sets
S:\Program Files\LiftLog\components\workout-logger\hooks\use-workout-session.ts:1874 Exercise 2: Bench Press (Flat) - 3 sets
S:\Program Files\LiftLog\components\workout-logger\hooks\use-workout-session.ts:1874 Exercise 3: Barbell Bent Over Row - 3 sets
S:\Program Files\LiftLog\components\workout-logger\hooks\use-workout-session.ts:1872 Rendering workout with 3 exercises
S:\Program Files\LiftLog\components\workout-logger\hooks\use-workout-session.ts:1874 Exercise 1: Barbell Squat - 4 sets
S:\Program Files\LiftLog\components\workout-logger\hooks\use-workout-session.ts:1874 Exercise 2: Bench Press (Flat) - 3 sets
S:\Program Files\LiftLog\components\workout-logger\hooks\use-workout-session.ts:1874 Exercise 3: Barbell Bent Over Row - 3 sets
S:\Program Files\LiftLog\components\workout-logger\hooks\use-workout-session.ts:671 updatedWorkout returned: exists
S:\Program Files\LiftLog\components\workout-logger\hooks\use-workout-session.ts:676 Updated set value: {exerciseId: '31z9vgr50', setId: '7e6rul8ov', field: 'weight', newValue: 14, setObject: {…}}
S:\Program Files\LiftLog\components\workout-logger\hooks\use-workout-session.ts:685 setWorkout called with updated workout
S:\Program Files\LiftLog\components\workout-logger\hooks\use-workout-session.ts:1872 Rendering workout with 3 exercises
S:\Program Files\LiftLog\components\workout-logger\hooks\use-workout-session.ts:1874 Exercise 1: Barbell Squat - 4 sets
S:\Program Files\LiftLog\components\workout-logger\hooks\use-workout-session.ts:1874 Exercise 2: Bench Press (Flat) - 3 sets
S:\Program Files\LiftLog\components\workout-logger\hooks\use-workout-session.ts:1874 Exercise 3: Barbell Bent Over Row - 3 sets
S:\Program Files\LiftLog\components\workout-logger\hooks\use-workout-session.ts:1872 Rendering workout with 3 exercises
S:\Program Files\LiftLog\components\workout-logger\hooks\use-workout-session.ts:1874 Exercise 1: Barbell Squat - 4 sets
S:\Program Files\LiftLog\components\workout-logger\hooks\use-workout-session.ts:1874 Exercise 2: Bench Press (Flat) - 3 sets
S:\Program Files\LiftLog\components\workout-logger\hooks\use-workout-session.ts:1874 Exercise 3: Barbell Bent Over Row - 3 sets
S:\Program Files\LiftLog\components\workout-logger\hooks\use-workout-session.ts:558 handleSetUpdate called: {exerciseId: '31z9vgr50', setId: '7e6rul8ov', field: 'weight', value: 140, isWorkoutBlocked: false}
S:\Program Files\LiftLog\components\workout-logger\hooks\use-workout-session.ts:649 Current workout before update: {id: 'f8cl49nci', exerciseCount: 3}
VM405 workout-logger.ts:625 [WorkoutLogger.saveCurrentWorkout] Using storage key: liftlog_in_progress_workouts_6bf0e5d0-cf5c-4820-90f5-346e1e2a4d4c for workout ID: f8cl49nci
VM405 workout-logger.ts:629 [WorkoutLogger.saveCurrentWorkout] Found 1 existing in-progress workouts
VM405 workout-logger.ts:634 [WorkoutLogger.saveCurrentWorkout] After adding workout, total in-progress: 1
VM405 workout-logger.ts:636 [WorkoutLogger.saveCurrentWorkout] Saved to localStorage successfully
S:\Program Files\LiftLog\components\workout-logger\hooks\use-workout-session.ts:1872 Rendering workout with 3 exercises
S:\Program Files\LiftLog\components\workout-logger\hooks\use-workout-session.ts:1874 Exercise 1: Barbell Squat - 4 sets
S:\Program Files\LiftLog\components\workout-logger\hooks\use-workout-session.ts:1874 Exercise 2: Bench Press (Flat) - 3 sets
S:\Program Files\LiftLog\components\workout-logger\hooks\use-workout-session.ts:1874 Exercise 3: Barbell Bent Over Row - 3 sets
S:\Program Files\LiftLog\components\workout-logger\hooks\use-workout-session.ts:1872 Rendering workout with 3 exercises
S:\Program Files\LiftLog\components\workout-logger\hooks\use-workout-session.ts:1874 Exercise 1: Barbell Squat - 4 sets
S:\Program Files\LiftLog\components\workout-logger\hooks\use-workout-session.ts:1874 Exercise 2: Bench Press (Flat) - 3 sets
S:\Program Files\LiftLog\components\workout-logger\hooks\use-workout-session.ts:1874 Exercise 3: Barbell Bent Over Row - 3 sets
S:\Program Files\LiftLog\components\workout-logger\hooks\use-workout-session.ts:671 updatedWorkout returned: exists
S:\Program Files\LiftLog\components\workout-logger\hooks\use-workout-session.ts:676 Updated set value: {exerciseId: '31z9vgr50', setId: '7e6rul8ov', field: 'weight', newValue: 140, setObject: {…}}
S:\Program Files\LiftLog\components\workout-logger\hooks\use-workout-session.ts:685 setWorkout called with updated workout
S:\Program Files\LiftLog\components\workout-logger\hooks\use-workout-session.ts:1872 Rendering workout with 3 exercises
S:\Program Files\LiftLog\components\workout-logger\hooks\use-workout-session.ts:1874 Exercise 1: Barbell Squat - 4 sets
S:\Program Files\LiftLog\components\workout-logger\hooks\use-workout-session.ts:1874 Exercise 2: Bench Press (Flat) - 3 sets
S:\Program Files\LiftLog\components\workout-logger\hooks\use-workout-session.ts:1874 Exercise 3: Barbell Bent Over Row - 3 sets
S:\Program Files\LiftLog\components\workout-logger\hooks\use-workout-session.ts:1872 Rendering workout with 3 exercises
S:\Program Files\LiftLog\components\workout-logger\hooks\use-workout-session.ts:1874 Exercise 1: Barbell Squat - 4 sets
S:\Program Files\LiftLog\components\workout-logger\hooks\use-workout-session.ts:1874 Exercise 2: Bench Press (Flat) - 3 sets
S:\Program Files\LiftLog\components\workout-logger\hooks\use-workout-session.ts:1874 Exercise 3: Barbell Bent Over Row - 3 sets
(index):1 The resource http://localhost:3000/_next/static/css/app/layout.css?v=1761256915614 was preloaded using link preload but not used within a few seconds from the window's load event. Please make sure it has an appropriate `as` value and it is preloaded intentionally.
S:\Program Files\LiftLog\components\workout-logger\hooks\use-workout-session.ts:693 Debounced sync triggered for weight/reps update
VM405 workout-logger.ts:625 [WorkoutLogger.saveCurrentWorkout] Using storage key: liftlog_in_progress_workouts_6bf0e5d0-cf5c-4820-90f5-346e1e2a4d4c for workout ID: f8cl49nci
VM405 workout-logger.ts:629 [WorkoutLogger.saveCurrentWorkout] Found 1 existing in-progress workouts
VM405 workout-logger.ts:634 [WorkoutLogger.saveCurrentWorkout] After adding workout, total in-progress: 1
VM405 workout-logger.ts:636 [WorkoutLogger.saveCurrentWorkout] Saved to localStorage successfully
VM405 workout-logger.ts:675 [WorkoutLogger.saveCurrentWorkout] Successfully updated workout in database
S:\Program Files\LiftLog\components\workout-logger\hooks\use-workout-session.ts:558 handleSetUpdate called: {exerciseId: '31z9vgr50', setId: '7e6rul8ov', field: 'reps', value: 1, isWorkoutBlocked: false}
S:\Program Files\LiftLog\components\workout-logger\hooks\use-workout-session.ts:649 Current workout before update: {id: 'f8cl49nci', exerciseCount: 3}
VM405 workout-logger.ts:625 [WorkoutLogger.saveCurrentWorkout] Using storage key: liftlog_in_progress_workouts_6bf0e5d0-cf5c-4820-90f5-346e1e2a4d4c for workout ID: f8cl49nci
VM405 workout-logger.ts:629 [WorkoutLogger.saveCurrentWorkout] Found 1 existing in-progress workouts
VM405 workout-logger.ts:634 [WorkoutLogger.saveCurrentWorkout] After adding workout, total in-progress: 1
VM405 workout-logger.ts:636 [WorkoutLogger.saveCurrentWorkout] Saved to localStorage successfully
S:\Program Files\LiftLog\components\workout-logger\hooks\use-workout-session.ts:671 updatedWorkout returned: exists
S:\Program Files\LiftLog\components\workout-logger\hooks\use-workout-session.ts:676 Updated set value: {exerciseId: '31z9vgr50', setId: '7e6rul8ov', field: 'reps', newValue: 1, setObject: {…}}
S:\Program Files\LiftLog\components\workout-logger\hooks\use-workout-session.ts:685 setWorkout called with updated workout
S:\Program Files\LiftLog\components\workout-logger\hooks\use-workout-session.ts:1872 Rendering workout with 3 exercises
S:\Program Files\LiftLog\components\workout-logger\hooks\use-workout-session.ts:1874 Exercise 1: Barbell Squat - 4 sets
S:\Program Files\LiftLog\components\workout-logger\hooks\use-workout-session.ts:1874 Exercise 2: Bench Press (Flat) - 3 sets
S:\Program Files\LiftLog\components\workout-logger\hooks\use-workout-session.ts:1874 Exercise 3: Barbell Bent Over Row - 3 sets
S:\Program Files\LiftLog\components\workout-logger\hooks\use-workout-session.ts:1872 Rendering workout with 3 exercises
S:\Program Files\LiftLog\components\workout-logger\hooks\use-workout-session.ts:1874 Exercise 1: Barbell Squat - 4 sets
S:\Program Files\LiftLog\components\workout-logger\hooks\use-workout-session.ts:1874 Exercise 2: Bench Press (Flat) - 3 sets
S:\Program Files\LiftLog\components\workout-logger\hooks\use-workout-session.ts:1874 Exercise 3: Barbell Bent Over Row - 3 sets
S:\Program Files\LiftLog\components\workout-logger\hooks\use-workout-session.ts:558 handleSetUpdate called: {exerciseId: '31z9vgr50', setId: '7e6rul8ov', field: 'reps', value: 10, isWorkoutBlocked: false}
S:\Program Files\LiftLog\components\workout-logger\hooks\use-workout-session.ts:649 Current workout before update: {id: 'f8cl49nci', exerciseCount: 3}
VM405 workout-logger.ts:625 [WorkoutLogger.saveCurrentWorkout] Using storage key: liftlog_in_progress_workouts_6bf0e5d0-cf5c-4820-90f5-346e1e2a4d4c for workout ID: f8cl49nci
VM405 workout-logger.ts:629 [WorkoutLogger.saveCurrentWorkout] Found 1 existing in-progress workouts
VM405 workout-logger.ts:634 [WorkoutLogger.saveCurrentWorkout] After adding workout, total in-progress: 1
VM405 workout-logger.ts:636 [WorkoutLogger.saveCurrentWorkout] Saved to localStorage successfully
S:\Program Files\LiftLog\components\workout-logger\hooks\use-workout-session.ts:671 updatedWorkout returned: exists
S:\Program Files\LiftLog\components\workout-logger\hooks\use-workout-session.ts:676 Updated set value: {exerciseId: '31z9vgr50', setId: '7e6rul8ov', field: 'reps', newValue: 10, setObject: {…}}
S:\Program Files\LiftLog\components\workout-logger\hooks\use-workout-session.ts:685 setWorkout called with updated workout
S:\Program Files\LiftLog\components\workout-logger\hooks\use-workout-session.ts:1872 Rendering workout with 3 exercises
S:\Program Files\LiftLog\components\workout-logger\hooks\use-workout-session.ts:1874 Exercise 1: Barbell Squat - 4 sets
S:\Program Files\LiftLog\components\workout-logger\hooks\use-workout-session.ts:1874 Exercise 2: Bench Press (Flat) - 3 sets
S:\Program Files\LiftLog\components\workout-logger\hooks\use-workout-session.ts:1874 Exercise 3: Barbell Bent Over Row - 3 sets
S:\Program Files\LiftLog\components\workout-logger\hooks\use-workout-session.ts:1872 Rendering workout with 3 exercises
S:\Program Files\LiftLog\components\workout-logger\hooks\use-workout-session.ts:1874 Exercise 1: Barbell Squat - 4 sets
S:\Program Files\LiftLog\components\workout-logger\hooks\use-workout-session.ts:1874 Exercise 2: Bench Press (Flat) - 3 sets
S:\Program Files\LiftLog\components\workout-logger\hooks\use-workout-session.ts:1874 Exercise 3: Barbell Bent Over Row - 3 sets
S:\Program Files\LiftLog\components\workout-logger\hooks\use-workout-session.ts:693 Debounced sync triggered for weight/reps update
VM405 workout-logger.ts:625 [WorkoutLogger.saveCurrentWorkout] Using storage key: liftlog_in_progress_workouts_6bf0e5d0-cf5c-4820-90f5-346e1e2a4d4c for workout ID: f8cl49nci
VM405 workout-logger.ts:629 [WorkoutLogger.saveCurrentWorkout] Found 1 existing in-progress workouts
VM405 workout-logger.ts:634 [WorkoutLogger.saveCurrentWorkout] After adding workout, total in-progress: 1
VM405 workout-logger.ts:636 [WorkoutLogger.saveCurrentWorkout] Saved to localStorage successfully
VM405 workout-logger.ts:675 [WorkoutLogger.saveCurrentWorkout] Successfully updated workout in database
VM405 workout-logger.ts:625 [WorkoutLogger.saveCurrentWorkout] Using storage key: liftlog_in_progress_workouts_6bf0e5d0-cf5c-4820-90f5-346e1e2a4d4c for workout ID: f8cl49nci
VM405 workout-logger.ts:629 [WorkoutLogger.saveCurrentWorkout] Found 1 existing in-progress workouts
VM405 workout-logger.ts:634 [WorkoutLogger.saveCurrentWorkout] After adding workout, total in-progress: 1
VM405 workout-logger.ts:636 [WorkoutLogger.saveCurrentWorkout] Saved to localStorage successfully
VM405 workout-logger.ts:1193 [WorkoutLogger] Set logged successfully: f8cl49nci-31z9vgr50-4
S:\Program Files\LiftLog\components\workout-logger\hooks\use-workout-session.ts:1872 Rendering workout with 3 exercises
S:\Program Files\LiftLog\components\workout-logger\hooks\use-workout-session.ts:1874 Exercise 1: Barbell Squat - 4 sets
S:\Program Files\LiftLog\components\workout-logger\hooks\use-workout-session.ts:1874 Exercise 2: Bench Press (Flat) - 3 sets
S:\Program Files\LiftLog\components\workout-logger\hooks\use-workout-session.ts:1874 Exercise 3: Barbell Bent Over Row - 3 sets
S:\Program Files\LiftLog\components\workout-logger\hooks\use-workout-session.ts:1872 Rendering workout with 3 exercises
S:\Program Files\LiftLog\components\workout-logger\hooks\use-workout-session.ts:1874 Exercise 1: Barbell Squat - 4 sets
S:\Program Files\LiftLog\components\workout-logger\hooks\use-workout-session.ts:1874 Exercise 2: Bench Press (Flat) - 3 sets
S:\Program Files\LiftLog\components\workout-logger\hooks\use-workout-session.ts:1874 Exercise 3: Barbell Bent Over Row - 3 sets
VM405 workout-logger.ts:675 [WorkoutLogger.saveCurrentWorkout] Successfully updated workout in database
S:\Program Files\LiftLog\components\workout-logger\hooks\use-workout-session.ts:1872 Rendering workout with 3 exercises
S:\Program Files\LiftLog\components\workout-logger\hooks\use-workout-session.ts:1874 Exercise 1: Barbell Squat - 4 sets
S:\Program Files\LiftLog\components\workout-logger\hooks\use-workout-session.ts:1874 Exercise 2: Bench Press (Flat) - 3 sets
S:\Program Files\LiftLog\components\workout-logger\hooks\use-workout-session.ts:1874 Exercise 3: Barbell Bent Over Row - 3 sets
S:\Program Files\LiftLog\components\workout-logger\hooks\use-workout-session.ts:1872 Rendering workout with 3 exercises
S:\Program Files\LiftLog\components\workout-logger\hooks\use-workout-session.ts:1874 Exercise 1: Barbell Squat - 4 sets
S:\Program Files\LiftLog\components\workout-logger\hooks\use-workout-session.ts:1874 Exercise 2: Bench Press (Flat) - 3 sets
S:\Program Files\LiftLog\components\workout-logger\hooks\use-workout-session.ts:1874 Exercise 3: Barbell Bent Over Row - 3 sets
S:\Program Files\LiftLog\components\workout-logger\hooks\use-workout-session.ts:1872 Rendering workout with 3 exercises
S:\Program Files\LiftLog\components\workout-logger\hooks\use-workout-session.ts:1874 Exercise 1: Barbell Squat - 4 sets
S:\Program Files\LiftLog\components\workout-logger\hooks\use-workout-session.ts:1874 Exercise 2: Bench Press (Flat) - 3 sets
S:\Program Files\LiftLog\components\workout-logger\hooks\use-workout-session.ts:1874 Exercise 3: Barbell Bent Over Row - 3 sets
S:\Program Files\LiftLog\components\workout-logger\hooks\use-workout-session.ts:1872 Rendering workout with 3 exercises
S:\Program Files\LiftLog\components\workout-logger\hooks\use-workout-session.ts:1874 Exercise 1: Barbell Squat - 4 sets
S:\Program Files\LiftLog\components\workout-logger\hooks\use-workout-session.ts:1874 Exercise 2: Bench Press (Flat) - 3 sets
S:\Program Files\LiftLog\components\workout-logger\hooks\use-workout-session.ts:1874 Exercise 3: Barbell Bent Over Row - 3 sets
S:\Program Files\LiftLog\components\workout-logger\hooks\use-workout-session.ts:1872 Rendering workout with 3 exercises
S:\Program Files\LiftLog\components\workout-logger\hooks\use-workout-session.ts:1874 Exercise 1: Barbell Squat - 4 sets
S:\Program Files\LiftLog\components\workout-logger\hooks\use-workout-session.ts:1874 Exercise 2: Bench Press (Flat) - 3 sets
S:\Program Files\LiftLog\components\workout-logger\hooks\use-workout-session.ts:1874 Exercise 3: Barbell Bent Over Row - 3 sets
S:\Program Files\LiftLog\components\workout-logger\hooks\use-workout-session.ts:1872 Rendering workout with 3 exercises
S:\Program Files\LiftLog\components\workout-logger\hooks\use-workout-session.ts:1874 Exercise 1: Barbell Squat - 4 sets
S:\Program Files\LiftLog\components\workout-logger\hooks\use-workout-session.ts:1874 Exercise 2: Bench Press (Flat) - 3 sets
S:\Program Files\LiftLog\components\workout-logger\hooks\use-workout-session.ts:1874 Exercise 3: Barbell Bent Over Row - 3 sets
S:\Program Files\LiftLog\components\workout-logger\hooks\use-workout-session.ts:1872 Rendering workout with 3 exercises
S:\Program Files\LiftLog\components\workout-logger\hooks\use-workout-session.ts:1874 Exercise 1: Barbell Squat - 4 sets
S:\Program Files\LiftLog\components\workout-logger\hooks\use-workout-session.ts:1874 Exercise 2: Bench Press (Flat) - 3 sets
S:\Program Files\LiftLog\components\workout-logger\hooks\use-workout-session.ts:1874 Exercise 3: Barbell Bent Over Row - 3 sets
S:\Program Files\LiftLog\components\workout-logger\hooks\use-workout-session.ts:1872 Rendering workout with 3 exercises
S:\Program Files\LiftLog\components\workout-logger\hooks\use-workout-session.ts:1874 Exercise 1: Barbell Squat - 4 sets
S:\Program Files\LiftLog\components\workout-logger\hooks\use-workout-session.ts:1874 Exercise 2: Bench Press (Flat) - 3 sets
S:\Program Files\LiftLog\components\workout-logger\hooks\use-workout-session.ts:1874 Exercise 3: Barbell Bent Over Row - 3 sets
S:\Program Files\LiftLog\components\workout-logger\hooks\use-workout-session.ts:1872 Rendering workout with 3 exercises
S:\Program Files\LiftLog\components\workout-logger\hooks\use-workout-session.ts:1874 Exercise 1: Barbell Squat - 4 sets
S:\Program Files\LiftLog\components\workout-logger\hooks\use-workout-session.ts:1874 Exercise 2: Bench Press (Flat) - 3 sets
S:\Program Files\LiftLog\components\workout-logger\hooks\use-workout-session.ts:1874 Exercise 3: Barbell Bent Over Row - 3 sets
S:\Program Files\LiftLog\components\workout-logger\hooks\use-workout-session.ts:1872 Rendering workout with 3 exercises
S:\Program Files\LiftLog\components\workout-logger\hooks\use-workout-session.ts:1874 Exercise 1: Barbell Squat - 4 sets
S:\Program Files\LiftLog\components\workout-logger\hooks\use-workout-session.ts:1874 Exercise 2: Bench Press (Flat) - 3 sets
S:\Program Files\LiftLog\components\workout-logger\hooks\use-workout-session.ts:1874 Exercise 3: Barbell Bent Over Row - 3 sets
S:\Program Files\LiftLog\components\workout-logger\hooks\use-workout-session.ts:1872 Rendering workout with 3 exercises
S:\Program Files\LiftLog\components\workout-logger\hooks\use-workout-session.ts:1874 Exercise 1: Barbell Squat - 4 sets
S:\Program Files\LiftLog\components\workout-logger\hooks\use-workout-session.ts:1874 Exercise 2: Bench Press (Flat) - 3 sets
S:\Program Files\LiftLog\components\workout-logger\hooks\use-workout-session.ts:1874 Exercise 3: Barbell Bent Over Row - 3 sets
S:\Program Files\LiftLog\components\workout-logger\hooks\use-workout-session.ts:1872 Rendering workout with 3 exercises
S:\Program Files\LiftLog\components\workout-logger\hooks\use-workout-session.ts:1874 Exercise 1: Barbell Squat - 4 sets
S:\Program Files\LiftLog\components\workout-logger\hooks\use-workout-session.ts:1874 Exercise 2: Bench Press (Flat) - 3 sets
S:\Program Files\LiftLog\components\workout-logger\hooks\use-workout-session.ts:1874 Exercise 3: Barbell Bent Over Row - 3 sets
(index):1 The resource http://localhost:3000/_next/static/css/app/layout.css?v=1761256915614 was preloaded using link preload but not used within a few seconds from the window's load event. Please make sure it has an appropriate `as` value and it is preloaded intentionally.
S:\Program Files\LiftLog\components\workout-logger\hooks\use-workout-session.ts:1872 Rendering workout with 3 exercises
S:\Program Files\LiftLog\components\workout-logger\hooks\use-workout-session.ts:1874 Exercise 1: Barbell Squat - 4 sets
S:\Program Files\LiftLog\components\workout-logger\hooks\use-workout-session.ts:1874 Exercise 2: Bench Press (Flat) - 3 sets
S:\Program Files\LiftLog\components\workout-logger\hooks\use-workout-session.ts:1874 Exercise 3: Barbell Bent Over Row - 3 sets
S:\Program Files\LiftLog\components\workout-logger\hooks\use-workout-session.ts:1872 Rendering workout with 3 exercises
S:\Program Files\LiftLog\components\workout-logger\hooks\use-workout-session.ts:1874 Exercise 1: Barbell Squat - 4 sets
S:\Program Files\LiftLog\components\workout-logger\hooks\use-workout-session.ts:1874 Exercise 2: Bench Press (Flat) - 3 sets
S:\Program Files\LiftLog\components\workout-logger\hooks\use-workout-session.ts:1874 Exercise 3: Barbell Bent Over Row - 3 sets
S:\Program Files\LiftLog\components\workout-logger\hooks\use-workout-session.ts:1872 Rendering workout with 3 exercises
S:\Program Files\LiftLog\components\workout-logger\hooks\use-workout-session.ts:1874 Exercise 1: Barbell Squat - 4 sets
S:\Program Files\LiftLog\components\workout-logger\hooks\use-workout-session.ts:1874 Exercise 2: Bench Press (Flat) - 3 sets
S:\Program Files\LiftLog\components\workout-logger\hooks\use-workout-session.ts:1874 Exercise 3: Barbell Bent Over Row - 3 sets
S:\Program Files\LiftLog\components\workout-logger\hooks\use-workout-session.ts:1872 Rendering workout with 3 exercises
S:\Program Files\LiftLog\components\workout-logger\hooks\use-workout-session.ts:1874 Exercise 1: Barbell Squat - 4 sets
S:\Program Files\LiftLog\components\workout-logger\hooks\use-workout-session.ts:1874 Exercise 2: Bench Press (Flat) - 3 sets
S:\Program Files\LiftLog\components\workout-logger\hooks\use-workout-session.ts:1874 Exercise 3: Barbell Bent Over Row - 3 sets
S:\Program Files\LiftLog\components\workout-logger\hooks\use-workout-session.ts:1872 Rendering workout with 3 exercises
S:\Program Files\LiftLog\components\workout-logger\hooks\use-workout-session.ts:1874 Exercise 1: Barbell Squat - 4 sets
S:\Program Files\LiftLog\components\workout-logger\hooks\use-workout-session.ts:1874 Exercise 2: Bench Press (Flat) - 3 sets
S:\Program Files\LiftLog\components\workout-logger\hooks\use-workout-session.ts:1874 Exercise 3: Barbell Bent Over Row - 3 sets
S:\Program Files\LiftLog\components\workout-logger\hooks\use-workout-session.ts:1872 Rendering workout with 3 exercises
S:\Program Files\LiftLog\components\workout-logger\hooks\use-workout-session.ts:1874 Exercise 1: Barbell Squat - 4 sets
S:\Program Files\LiftLog\components\workout-logger\hooks\use-workout-session.ts:1874 Exercise 2: Bench Press (Flat) - 3 sets
S:\Program Files\LiftLog\components\workout-logger\hooks\use-workout-session.ts:1874 Exercise 3: Barbell Bent Over Row - 3 sets
S:\Program Files\LiftLog\components\workout-logger\hooks\use-workout-session.ts:1872 Rendering workout with 3 exercises
S:\Program Files\LiftLog\components\workout-logger\hooks\use-workout-session.ts:1874 Exercise 1: Barbell Squat - 4 sets
S:\Program Files\LiftLog\components\workout-logger\hooks\use-workout-session.ts:1874 Exercise 2: Bench Press (Flat) - 3 sets
S:\Program Files\LiftLog\components\workout-logger\hooks\use-workout-session.ts:1874 Exercise 3: Barbell Bent Over Row - 3 sets
S:\Program Files\LiftLog\components\workout-logger\hooks\use-workout-session.ts:1872 Rendering workout with 3 exercises
S:\Program Files\LiftLog\components\workout-logger\hooks\use-workout-session.ts:1874 Exercise 1: Barbell Squat - 4 sets
S:\Program Files\LiftLog\components\workout-logger\hooks\use-workout-session.ts:1874 Exercise 2: Bench Press (Flat) - 3 sets
S:\Program Files\LiftLog\components\workout-logger\hooks\use-workout-session.ts:1874 Exercise 3: Barbell Bent Over Row - 3 sets
S:\Program Files\LiftLog\components\workout-logger\hooks\use-workout-session.ts:1872 Rendering workout with 3 exercises
S:\Program Files\LiftLog\components\workout-logger\hooks\use-workout-session.ts:1874 Exercise 1: Barbell Squat - 4 sets
S:\Program Files\LiftLog\components\workout-logger\hooks\use-workout-session.ts:1874 Exercise 2: Bench Press (Flat) - 3 sets
S:\Program Files\LiftLog\components\workout-logger\hooks\use-workout-session.ts:1874 Exercise 3: Barbell Bent Over Row - 3 sets
S:\Program Files\LiftLog\components\workout-logger\hooks\use-workout-session.ts:1872 Rendering workout with 3 exercises
S:\Program Files\LiftLog\components\workout-logger\hooks\use-workout-session.ts:1874 Exercise 1: Barbell Squat - 4 sets
S:\Program Files\LiftLog\components\workout-logger\hooks\use-workout-session.ts:1874 Exercise 2: Bench Press (Flat) - 3 sets
S:\Program Files\LiftLog\components\workout-logger\hooks\use-workout-session.ts:1874 Exercise 3: Barbell Bent Over Row - 3 sets
S:\Program Files\LiftLog\components\workout-logger\hooks\use-workout-session.ts:1872 Rendering workout with 3 exercises
S:\Program Files\LiftLog\components\workout-logger\hooks\use-workout-session.ts:1874 Exercise 1: Barbell Squat - 4 sets
S:\Program Files\LiftLog\components\workout-logger\hooks\use-workout-session.ts:1874 Exercise 2: Bench Press (Flat) - 3 sets
S:\Program Files\LiftLog\components\workout-logger\hooks\use-workout-session.ts:1874 Exercise 3: Barbell Bent Over Row - 3 sets
S:\Program Files\LiftLog\components\workout-logger\hooks\use-workout-session.ts:1872 Rendering workout with 3 exercises
S:\Program Files\LiftLog\components\workout-logger\hooks\use-workout-session.ts:1874 Exercise 1: Barbell Squat - 4 sets
S:\Program Files\LiftLog\components\workout-logger\hooks\use-workout-session.ts:1874 Exercise 2: Bench Press (Flat) - 3 sets
S:\Program Files\LiftLog\components\workout-logger\hooks\use-workout-session.ts:1874 Exercise 3: Barbell Bent Over Row - 3 sets
S:\Program Files\LiftLog\components\workout-logger\hooks\use-workout-session.ts:1872 Rendering workout with 3 exercises
S:\Program Files\LiftLog\components\workout-logger\hooks\use-workout-session.ts:1874 Exercise 1: Barbell Squat - 4 sets
S:\Program Files\LiftLog\components\workout-logger\hooks\use-workout-session.ts:1874 Exercise 2: Bench Press (Flat) - 3 sets
S:\Program Files\LiftLog\components\workout-logger\hooks\use-workout-session.ts:1874 Exercise 3: Barbell Bent Over Row - 3 sets
S:\Program Files\LiftLog\components\workout-logger\hooks\use-workout-session.ts:1872 Rendering workout with 3 exercises
S:\Program Files\LiftLog\components\workout-logger\hooks\use-workout-session.ts:1874 Exercise 1: Barbell Squat - 4 sets
S:\Program Files\LiftLog\components\workout-logger\hooks\use-workout-session.ts:1874 Exercise 2: Bench Press (Flat) - 3 sets
S:\Program Files\LiftLog\components\workout-logger\hooks\use-workout-session.ts:1874 Exercise 3: Barbell Bent Over Row - 3 sets
S:\Program Files\LiftLog\components\workout-logger\hooks\use-workout-session.ts:1872 Rendering workout with 3 exercises
S:\Program Files\LiftLog\components\workout-logger\hooks\use-workout-session.ts:1874 Exercise 1: Barbell Squat - 4 sets
S:\Program Files\LiftLog\components\workout-logger\hooks\use-workout-session.ts:1874 Exercise 2: Bench Press (Flat) - 3 sets
S:\Program Files\LiftLog\components\workout-logger\hooks\use-workout-session.ts:1874 Exercise 3: Barbell Bent Over Row - 3 sets
S:\Program Files\LiftLog\components\workout-logger\hooks\use-workout-session.ts:1872 Rendering workout with 3 exercises
S:\Program Files\LiftLog\components\workout-logger\hooks\use-workout-session.ts:1874 Exercise 1: Barbell Squat - 4 sets
S:\Program Files\LiftLog\components\workout-logger\hooks\use-workout-session.ts:1874 Exercise 2: Bench Press (Flat) - 3 sets
S:\Program Files\LiftLog\components\workout-logger\hooks\use-workout-session.ts:1874 Exercise 3: Barbell Bent Over Row - 3 sets
S:\Program Files\LiftLog\components\workout-logger\hooks\use-workout-session.ts:1872 Rendering workout with 3 exercises
S:\Program Files\LiftLog\components\workout-logger\hooks\use-workout-session.ts:1874 Exercise 1: Barbell Squat - 4 sets
S:\Program Files\LiftLog\components\workout-logger\hooks\use-workout-session.ts:1874 Exercise 2: Bench Press (Flat) - 3 sets
S:\Program Files\LiftLog\components\workout-logger\hooks\use-workout-session.ts:1874 Exercise 3: Barbell Bent Over Row - 3 sets
S:\Program Files\LiftLog\components\workout-logger\hooks\use-workout-session.ts:1872 Rendering workout with 3 exercises
S:\Program Files\LiftLog\components\workout-logger\hooks\use-workout-session.ts:1874 Exercise 1: Barbell Squat - 4 sets
S:\Program Files\LiftLog\components\workout-logger\hooks\use-workout-session.ts:1874 Exercise 2: Bench Press (Flat) - 3 sets
S:\Program Files\LiftLog\components\workout-logger\hooks\use-workout-session.ts:1874 Exercise 3: Barbell Bent Over Row - 3 sets
S:\Program Files\LiftLog\components\workout-logger\hooks\use-workout-session.ts:1872 Rendering workout with 3 exercises
S:\Program Files\LiftLog\components\workout-logger\hooks\use-workout-session.ts:1874 Exercise 1: Barbell Squat - 4 sets
S:\Program Files\LiftLog\components\workout-logger\hooks\use-workout-session.ts:1874 Exercise 2: Bench Press (Flat) - 3 sets
S:\Program Files\LiftLog\components\workout-logger\hooks\use-workout-session.ts:1874 Exercise 3: Barbell Bent Over Row - 3 sets
S:\Program Files\LiftLog\components\workout-logger\hooks\use-workout-session.ts:1872 Rendering workout with 3 exercises
S:\Program Files\LiftLog\components\workout-logger\hooks\use-workout-session.ts:1874 Exercise 1: Barbell Squat - 4 sets
S:\Program Files\LiftLog\components\workout-logger\hooks\use-workout-session.ts:1874 Exercise 2: Bench Press (Flat) - 3 sets
S:\Program Files\LiftLog\components\workout-logger\hooks\use-workout-session.ts:1874 Exercise 3: Barbell Bent Over Row - 3 sets
S:\Program Files\LiftLog\components\workout-logger\hooks\use-workout-session.ts:1872 Rendering workout with 3 exercises
S:\Program Files\LiftLog\components\workout-logger\hooks\use-workout-session.ts:1874 Exercise 1: Barbell Squat - 4 sets
S:\Program Files\LiftLog\components\workout-logger\hooks\use-workout-session.ts:1874 Exercise 2: Bench Press (Flat) - 3 sets
S:\Program Files\LiftLog\components\workout-logger\hooks\use-workout-session.ts:1874 Exercise 3: Barbell Bent Over Row - 3 sets
S:\Program Files\LiftLog\components\workout-logger\hooks\use-workout-session.ts:1872 Rendering workout with 3 exercises
S:\Program Files\LiftLog\components\workout-logger\hooks\use-workout-session.ts:1874 Exercise 1: Barbell Squat - 4 sets
S:\Program Files\LiftLog\components\workout-logger\hooks\use-workout-session.ts:1874 Exercise 2: Bench Press (Flat) - 3 sets
S:\Program Files\LiftLog\components\workout-logger\hooks\use-workout-session.ts:1874 Exercise 3: Barbell Bent Over Row - 3 sets
S:\Program Files\LiftLog\components\workout-logger\hooks\use-workout-session.ts:1872 Rendering workout with 3 exercises
S:\Program Files\LiftLog\components\workout-logger\hooks\use-workout-session.ts:1874 Exercise 1: Barbell Squat - 4 sets
S:\Program Files\LiftLog\components\workout-logger\hooks\use-workout-session.ts:1874 Exercise 2: Bench Press (Flat) - 3 sets
S:\Program Files\LiftLog\components\workout-logger\hooks\use-workout-session.ts:1874 Exercise 3: Barbell Bent Over Row - 3 sets
S:\Program Files\LiftLog\components\workout-logger\hooks\use-workout-session.ts:1872 Rendering workout with 3 exercises
S:\Program Files\LiftLog\components\workout-logger\hooks\use-workout-session.ts:1874 Exercise 1: Barbell Squat - 4 sets
S:\Program Files\LiftLog\components\workout-logger\hooks\use-workout-session.ts:1874 Exercise 2: Bench Press (Flat) - 3 sets
S:\Program Files\LiftLog\components\workout-logger\hooks\use-workout-session.ts:1874 Exercise 3: Barbell Bent Over Row - 3 sets
S:\Program Files\LiftLog\components\workout-logger\hooks\use-workout-session.ts:1872 Rendering workout with 3 exercises
S:\Program Files\LiftLog\components\workout-logger\hooks\use-workout-session.ts:1874 Exercise 1: Barbell Squat - 4 sets
S:\Program Files\LiftLog\components\workout-logger\hooks\use-workout-session.ts:1874 Exercise 2: Bench Press (Flat) - 3 sets
S:\Program Files\LiftLog\components\workout-logger\hooks\use-workout-session.ts:1874 Exercise 3: Barbell Bent Over Row - 3 sets
S:\Program Files\LiftLog\components\workout-logger\hooks\use-workout-session.ts:1872 Rendering workout with 3 exercises
S:\Program Files\LiftLog\components\workout-logger\hooks\use-workout-session.ts:1874 Exercise 1: Barbell Squat - 4 sets
S:\Program Files\LiftLog\components\workout-logger\hooks\use-workout-session.ts:1874 Exercise 2: Bench Press (Flat) - 3 sets
S:\Program Files\LiftLog\components\workout-logger\hooks\use-workout-session.ts:1874 Exercise 3: Barbell Bent Over Row - 3 sets
S:\Program Files\LiftLog\components\workout-logger\hooks\use-workout-session.ts:1872 Rendering workout with 3 exercises
S:\Program Files\LiftLog\components\workout-logger\hooks\use-workout-session.ts:1874 Exercise 1: Barbell Squat - 4 sets
S:\Program Files\LiftLog\components\workout-logger\hooks\use-workout-session.ts:1874 Exercise 2: Bench Press (Flat) - 3 sets
S:\Program Files\LiftLog\components\workout-logger\hooks\use-workout-session.ts:1874 Exercise 3: Barbell Bent Over Row - 3 sets
S:\Program Files\LiftLog\components\workout-logger\hooks\use-workout-session.ts:1872 Rendering workout with 3 exercises
S:\Program Files\LiftLog\components\workout-logger\hooks\use-workout-session.ts:1874 Exercise 1: Barbell Squat - 4 sets
S:\Program Files\LiftLog\components\workout-logger\hooks\use-workout-session.ts:1874 Exercise 2: Bench Press (Flat) - 3 sets
S:\Program Files\LiftLog\components\workout-logger\hooks\use-workout-session.ts:1874 Exercise 3: Barbell Bent Over Row - 3 sets
VM405 workout-logger.ts:625 [WorkoutLogger.saveCurrentWorkout] Using storage key: liftlog_in_progress_workouts_6bf0e5d0-cf5c-4820-90f5-346e1e2a4d4c for workout ID: f8cl49nci
VM405 workout-logger.ts:629 [WorkoutLogger.saveCurrentWorkout] Found 1 existing in-progress workouts
VM405 workout-logger.ts:634 [WorkoutLogger.saveCurrentWorkout] After adding workout, total in-progress: 1
VM405 workout-logger.ts:636 [WorkoutLogger.saveCurrentWorkout] Saved to localStorage successfully
S:\Program Files\LiftLog\components\workout-logger\hooks\use-workout-session.ts:1872 Rendering workout with 3 exercises
S:\Program Files\LiftLog\components\workout-logger\hooks\use-workout-session.ts:1874 Exercise 1: Barbell Squat - 4 sets
S:\Program Files\LiftLog\components\workout-logger\hooks\use-workout-session.ts:1874 Exercise 2: Bench Press (Flat) - 3 sets
S:\Program Files\LiftLog\components\workout-logger\hooks\use-workout-session.ts:1874 Exercise 3: Barbell Bent Over Row - 3 sets
S:\Program Files\LiftLog\components\workout-logger\hooks\use-workout-session.ts:1872 Rendering workout with 3 exercises
S:\Program Files\LiftLog\components\workout-logger\hooks\use-workout-session.ts:1874 Exercise 1: Barbell Squat - 4 sets
S:\Program Files\LiftLog\components\workout-logger\hooks\use-workout-session.ts:1874 Exercise 2: Bench Press (Flat) - 3 sets
S:\Program Files\LiftLog\components\workout-logger\hooks\use-workout-session.ts:1874 Exercise 3: Barbell Bent Over Row - 3 sets
S:\Program Files\LiftLog\components\workout-logger\components\ExerciseGroups.tsx:244 [v0] Rendering minus indicator for set {exerciseName: 'Bench Press (Flat)', setIndex: 0, setId: 'fu430x1ex', reps: 0, weight: 0, …}
S:\Program Files\LiftLog\components\workout-logger\components\ExerciseGroups.tsx:244 [v0] Rendering minus indicator for set {exerciseName: 'Bench Press (Flat)', setIndex: 1, setId: '2ot1qlly9', reps: 0, weight: 0, …}
S:\Program Files\LiftLog\components\workout-logger\components\ExerciseGroups.tsx:244 [v0] Rendering minus indicator for set {exerciseName: 'Bench Press (Flat)', setIndex: 2, setId: '6dhfi6nyz', reps: 0, weight: 0, …}
S:\Program Files\LiftLog\components\workout-logger\components\ExerciseGroups.tsx:244 [v0] Rendering minus indicator for set {exerciseName: 'Barbell Bent Over Row', setIndex: 0, setId: 'cx1rpyqya', reps: 0, weight: 0, …}
S:\Program Files\LiftLog\components\workout-logger\components\ExerciseGroups.tsx:244 [v0] Rendering minus indicator for set {exerciseName: 'Barbell Bent Over Row', setIndex: 1, setId: 'nxcs0ylxc', reps: 0, weight: 0, …}
S:\Program Files\LiftLog\components\workout-logger\components\ExerciseGroups.tsx:244 [v0] Rendering minus indicator for set {exerciseName: 'Barbell Bent Over Row', setIndex: 2, setId: 'chyw9jj89', reps: 0, weight: 0, …}
S:\Program Files\LiftLog\components\workout-logger\components\ExerciseGroups.tsx:244 [v0] Rendering minus indicator for set {exerciseName: 'Bench Press (Flat)', setIndex: 0, setId: 'fu430x1ex', reps: 0, weight: 0, …}
S:\Program Files\LiftLog\components\workout-logger\components\ExerciseGroups.tsx:244 [v0] Rendering minus indicator for set {exerciseName: 'Bench Press (Flat)', setIndex: 1, setId: '2ot1qlly9', reps: 0, weight: 0, …}
S:\Program Files\LiftLog\components\workout-logger\components\ExerciseGroups.tsx:244 [v0] Rendering minus indicator for set {exerciseName: 'Bench Press (Flat)', setIndex: 2, setId: '6dhfi6nyz', reps: 0, weight: 0, …}
S:\Program Files\LiftLog\components\workout-logger\components\ExerciseGroups.tsx:244 [v0] Rendering minus indicator for set {exerciseName: 'Barbell Bent Over Row', setIndex: 0, setId: 'cx1rpyqya', reps: 0, weight: 0, …}
S:\Program Files\LiftLog\components\workout-logger\components\ExerciseGroups.tsx:244 [v0] Rendering minus indicator for set {exerciseName: 'Barbell Bent Over Row', setIndex: 1, setId: 'nxcs0ylxc', reps: 0, weight: 0, …}
S:\Program Files\LiftLog\components\workout-logger\components\ExerciseGroups.tsx:244 [v0] Rendering minus indicator for set {exerciseName: 'Barbell Bent Over Row', setIndex: 2, setId: 'chyw9jj89', reps: 0, weight: 0, …}
VM405 workout-logger.ts:675 [WorkoutLogger.saveCurrentWorkout] Successfully updated workout in database
VM405 workout-logger.ts:1062 [WorkoutLogger] Week 1 Day 1 completion: {found: false, userId: '6bf0e5d0-cf5c-4820-90f5-346e1e2a4d4c'}
VM405 workout-logger.ts:905 [WorkoutLogger.completeWorkout] Found 1 in-progress workouts, looking for ID: f8cl49nci
VM405 workout-logger.ts:906 [WorkoutLogger.completeWorkout] Available workout IDs: ['f8cl49nci']
S:\Program Files\LiftLog\lib\connection-monitor.ts:88 [ConnectionMonitor] Added to sync queue, total: 1
S:\Program Files\LiftLog\lib\connection-monitor.ts:117 [ConnectionMonitor] Processing sync queue: 1 items
S:\Program Files\LiftLog\components\workout-logger\hooks\use-workout-session.ts:1872 Rendering workout with 3 exercises
S:\Program Files\LiftLog\components\workout-logger\hooks\use-workout-session.ts:1874 Exercise 1: Barbell Squat - 4 sets
S:\Program Files\LiftLog\components\workout-logger\hooks\use-workout-session.ts:1874 Exercise 2: Bench Press (Flat) - 3 sets
S:\Program Files\LiftLog\components\workout-logger\hooks\use-workout-session.ts:1874 Exercise 3: Barbell Bent Over Row - 3 sets
S:\Program Files\LiftLog\components\workout-logger\hooks\use-workout-session.ts:1872 Rendering workout with 3 exercises
S:\Program Files\LiftLog\components\workout-logger\hooks\use-workout-session.ts:1874 Exercise 1: Barbell Squat - 4 sets
S:\Program Files\LiftLog\components\workout-logger\hooks\use-workout-session.ts:1874 Exercise 2: Bench Press (Flat) - 3 sets
S:\Program Files\LiftLog\components\workout-logger\hooks\use-workout-session.ts:1874 Exercise 3: Barbell Bent Over Row - 3 sets
S:\Program Files\LiftLog\components\workout-logger\components\ExerciseGroups.tsx:244 [v0] Rendering minus indicator for set {exerciseName: 'Bench Press (Flat)', setIndex: 0, setId: 'fu430x1ex', reps: 0, weight: 0, …}
S:\Program Files\LiftLog\components\workout-logger\components\ExerciseGroups.tsx:244 [v0] Rendering minus indicator for set {exerciseName: 'Bench Press (Flat)', setIndex: 1, setId: '2ot1qlly9', reps: 0, weight: 0, …}
S:\Program Files\LiftLog\components\workout-logger\components\ExerciseGroups.tsx:244 [v0] Rendering minus indicator for set {exerciseName: 'Bench Press (Flat)', setIndex: 2, setId: '6dhfi6nyz', reps: 0, weight: 0, …}
S:\Program Files\LiftLog\components\workout-logger\components\ExerciseGroups.tsx:244 [v0] Rendering minus indicator for set {exerciseName: 'Barbell Bent Over Row', setIndex: 0, setId: 'cx1rpyqya', reps: 0, weight: 0, …}
S:\Program Files\LiftLog\components\workout-logger\components\ExerciseGroups.tsx:244 [v0] Rendering minus indicator for set {exerciseName: 'Barbell Bent Over Row', setIndex: 1, setId: 'nxcs0ylxc', reps: 0, weight: 0, …}
S:\Program Files\LiftLog\components\workout-logger\components\ExerciseGroups.tsx:244 [v0] Rendering minus indicator for set {exerciseName: 'Barbell Bent Over Row', setIndex: 2, setId: 'chyw9jj89', reps: 0, weight: 0, …}
S:\Program Files\LiftLog\components\workout-logger\components\ExerciseGroups.tsx:244 [v0] Rendering minus indicator for set {exerciseName: 'Bench Press (Flat)', setIndex: 0, setId: 'fu430x1ex', reps: 0, weight: 0, …}
S:\Program Files\LiftLog\components\workout-logger\components\ExerciseGroups.tsx:244 [v0] Rendering minus indicator for set {exerciseName: 'Bench Press (Flat)', setIndex: 1, setId: '2ot1qlly9', reps: 0, weight: 0, …}
S:\Program Files\LiftLog\components\workout-logger\components\ExerciseGroups.tsx:244 [v0] Rendering minus indicator for set {exerciseName: 'Bench Press (Flat)', setIndex: 2, setId: '6dhfi6nyz', reps: 0, weight: 0, …}
S:\Program Files\LiftLog\components\workout-logger\components\ExerciseGroups.tsx:244 [v0] Rendering minus indicator for set {exerciseName: 'Barbell Bent Over Row', setIndex: 0, setId: 'cx1rpyqya', reps: 0, weight: 0, …}
S:\Program Files\LiftLog\components\workout-logger\components\ExerciseGroups.tsx:244 [v0] Rendering minus indicator for set {exerciseName: 'Barbell Bent Over Row', setIndex: 1, setId: 'nxcs0ylxc', reps: 0, weight: 0, …}
S:\Program Files\LiftLog\components\workout-logger\components\ExerciseGroups.tsx:244 [v0] Rendering minus indicator for set {exerciseName: 'Barbell Bent Over Row', setIndex: 2, setId: 'chyw9jj89', reps: 0, weight: 0, …}
VM405 workout-logger.ts:975 [WorkoutLogger] Completed workout synced to database
S:\Program Files\LiftLog\components\workout-logger\hooks\use-workout-session.ts:1872 Rendering workout with 3 exercises
S:\Program Files\LiftLog\components\workout-logger\hooks\use-workout-session.ts:1874 Exercise 1: Barbell Squat - 4 sets
S:\Program Files\LiftLog\components\workout-logger\hooks\use-workout-session.ts:1874 Exercise 2: Bench Press (Flat) - 3 sets
S:\Program Files\LiftLog\components\workout-logger\hooks\use-workout-session.ts:1874 Exercise 3: Barbell Bent Over Row - 3 sets
S:\Program Files\LiftLog\components\workout-logger\hooks\use-workout-session.ts:1872 Rendering workout with 3 exercises
S:\Program Files\LiftLog\components\workout-logger\hooks\use-workout-session.ts:1874 Exercise 1: Barbell Squat - 4 sets
S:\Program Files\LiftLog\components\workout-logger\hooks\use-workout-session.ts:1874 Exercise 2: Bench Press (Flat) - 3 sets
S:\Program Files\LiftLog\components\workout-logger\hooks\use-workout-session.ts:1874 Exercise 3: Barbell Bent Over Row - 3 sets
S:\Program Files\LiftLog\components\workout-logger\components\ExerciseGroups.tsx:244 [v0] Rendering minus indicator for set {exerciseName: 'Bench Press (Flat)', setIndex: 0, setId: 'fu430x1ex', reps: 0, weight: 0, …}
S:\Program Files\LiftLog\components\workout-logger\components\ExerciseGroups.tsx:244 [v0] Rendering minus indicator for set {exerciseName: 'Bench Press (Flat)', setIndex: 1, setId: '2ot1qlly9', reps: 0, weight: 0, …}
S:\Program Files\LiftLog\components\workout-logger\components\ExerciseGroups.tsx:244 [v0] Rendering minus indicator for set {exerciseName: 'Bench Press (Flat)', setIndex: 2, setId: '6dhfi6nyz', reps: 0, weight: 0, …}
S:\Program Files\LiftLog\components\workout-logger\components\ExerciseGroups.tsx:244 [v0] Rendering minus indicator for set {exerciseName: 'Barbell Bent Over Row', setIndex: 0, setId: 'cx1rpyqya', reps: 0, weight: 0, …}
S:\Program Files\LiftLog\components\workout-logger\components\ExerciseGroups.tsx:244 [v0] Rendering minus indicator for set {exerciseName: 'Barbell Bent Over Row', setIndex: 1, setId: 'nxcs0ylxc', reps: 0, weight: 0, …}
S:\Program Files\LiftLog\components\workout-logger\components\ExerciseGroups.tsx:244 [v0] Rendering minus indicator for set {exerciseName: 'Barbell Bent Over Row', setIndex: 2, setId: 'chyw9jj89', reps: 0, weight: 0, …}
S:\Program Files\LiftLog\components\workout-logger\components\ExerciseGroups.tsx:244 [v0] Rendering minus indicator for set {exerciseName: 'Bench Press (Flat)', setIndex: 0, setId: 'fu430x1ex', reps: 0, weight: 0, …}
S:\Program Files\LiftLog\components\workout-logger\components\ExerciseGroups.tsx:244 [v0] Rendering minus indicator for set {exerciseName: 'Bench Press (Flat)', setIndex: 1, setId: '2ot1qlly9', reps: 0, weight: 0, …}
S:\Program Files\LiftLog\components\workout-logger\components\ExerciseGroups.tsx:244 [v0] Rendering minus indicator for set {exerciseName: 'Bench Press (Flat)', setIndex: 2, setId: '6dhfi6nyz', reps: 0, weight: 0, …}
S:\Program Files\LiftLog\components\workout-logger\components\ExerciseGroups.tsx:244 [v0] Rendering minus indicator for set {exerciseName: 'Barbell Bent Over Row', setIndex: 0, setId: 'cx1rpyqya', reps: 0, weight: 0, …}
S:\Program Files\LiftLog\components\workout-logger\components\ExerciseGroups.tsx:244 [v0] Rendering minus indicator for set {exerciseName: 'Barbell Bent Over Row', setIndex: 1, setId: 'nxcs0ylxc', reps: 0, weight: 0, …}
S:\Program Files\LiftLog\components\workout-logger\components\ExerciseGroups.tsx:244 [v0] Rendering minus indicator for set {exerciseName: 'Barbell Bent Over Row', setIndex: 2, setId: 'chyw9jj89', reps: 0, weight: 0, …}
VM405 workout-logger.ts:1551 [WorkoutLogger] Loading user data from database (forceRefresh: true )
VM405 workout-logger.ts:1556 [WorkoutLogger] Testing database access...
VM405 workout-logger.ts:1567 [WorkoutLogger] Loading completed workouts...
VM405 workout-logger.ts:1579 [WorkoutLogger] Found 191 workouts in database
VM405 workout-logger.ts:1580 [WorkoutLogger] Sample workout data: {id: 'f8cl49nci', user_id: '6bf0e5d0-cf5c-4820-90f5-346e1e2a4d4c', program_id: '0f1a9e64-fd05-4b88-94c0-2f79ce754b28', workout_name: 'Upper Body Strength', start_time: 1761257187099, …}
VM405 workout-logger.ts:1600 [WorkoutLogger] Loaded 191 workouts from database (forceRefresh: true )
VM405 workout-logger.ts:1610 [WorkoutLogger] Loading in-progress workouts...
VM405 workout-logger.ts:1646 [WorkoutLogger] No in-progress workouts found in database
VM405 workout-logger.ts:1648 [WorkoutLogger] Database loading completed. Total records loaded: 191
S:\Program Files\LiftLog\lib\program-state.ts:1439 [ProgramState] Found active program in database: 0f1a9e64-fd05-4b88-94c0-2f79ce754b28
S:\Program Files\LiftLog\lib\program-state.ts:273 [ProgramState] Loaded template from database: 0f1a9e64-fd05-4b88-94c0-2f79ce754b28
S:\Program Files\LiftLog\lib\program-state.ts:1228 [ProgramState] Synced active program to database: {week: 1, day: 1}
S:\Program Files\LiftLog\lib\program-state.ts:1481 [ProgramState] Loaded active program from database
S:\Program Files\LiftLog\lib\program-state.ts:1512 [ProgramState] Loaded program history from database
S:\Program Files\LiftLog\lib\program-state.ts:1228 [ProgramState] Synced active program to database: {week: 1, day: 1}
VM405 workout-logger.ts:1062 [WorkoutLogger] Week 1 Day 1 completion: {found: true, userId: '6bf0e5d0-cf5c-4820-90f5-346e1e2a4d4c'}
VM405 workout-logger.ts:1062 [WorkoutLogger] Week 1 Day 1 completion: {found: true, userId: '6bf0e5d0-cf5c-4820-90f5-346e1e2a4d4c'}
S:\Program Files\LiftLog\lib\program-state.ts:1042 [v0] Advanced to next incomplete day: 2
S:\Program Files\LiftLog\lib\program-state.ts:1228 [ProgramState] Synced active program to database: {week: 1, day: 2}
VM405 workout-logger.ts:1551 [WorkoutLogger] Loading user data from database (forceRefresh: true )
VM405 workout-logger.ts:1556 [WorkoutLogger] Testing database access...
S:\Program Files\LiftLog\components\train-section.tsx:96 [TrainSection] Active program changed event received, reloading...
S:\Program Files\LiftLog\components\train-section.tsx:26 [TrainSection] Loading active program...
S:\Program Files\LiftLog\components\train-section.tsx:36 [TrainSection] localStorage has active program: true
S:\Program Files\LiftLog\components\train-section.tsx:40 [TrainSection] Active program templateId in localStorage: 0f1a9e64-fd05-4b88-94c0-2f79ce754b28
S:\Program Files\LiftLog\components\train-section.tsx:41 [TrainSection] Has template data: true
VM405 workout-logger.ts:1551 [WorkoutLogger] Loading user data from database (forceRefresh: true )
VM405 workout-logger.ts:1556 [WorkoutLogger] Testing database access...
S:\Program Files\LiftLog\components\workout-logger\hooks\use-workout-session.ts:482 Program state changed, reloading workout...
S:\Program Files\LiftLog\lib\program-state.ts:1058 [v0] Completed workout, updated progress: {templateId: '0f1a9e64-fd05-4b88-94c0-2f79ce754b28', template: {…}, instanceId: 'd0ef2cce-9505-455f-b249-25aa350cbf5a', startDate: 1761257185335, currentWeek: 1, …}
S:\Program Files\LiftLog\lib\program-state.ts:328 [ProgramState] Loaded 6 lightweight templates (metadata only)
S:\Program Files\LiftLog\components\workout-logger\hooks\use-workout-session.ts:488 Program state after refresh: {currentWeek: 1, currentDay: 2, timestamp: '2025-10-23T22:07:30.243Z'}
S:\Program Files\LiftLog\components\workout-logger\hooks\use-workout-session.ts:1872 Rendering workout with 3 exercises
S:\Program Files\LiftLog\components\workout-logger\hooks\use-workout-session.ts:1874 Exercise 1: Barbell Squat - 4 sets
S:\Program Files\LiftLog\components\workout-logger\hooks\use-workout-session.ts:1874 Exercise 2: Bench Press (Flat) - 3 sets
S:\Program Files\LiftLog\components\workout-logger\hooks\use-workout-session.ts:1874 Exercise 3: Barbell Bent Over Row - 3 sets
S:\Program Files\LiftLog\components\workout-logger\hooks\use-workout-session.ts:1872 Rendering workout with 3 exercises
S:\Program Files\LiftLog\components\workout-logger\hooks\use-workout-session.ts:1874 Exercise 1: Barbell Squat - 4 sets
S:\Program Files\LiftLog\components\workout-logger\hooks\use-workout-session.ts:1874 Exercise 2: Bench Press (Flat) - 3 sets
S:\Program Files\LiftLog\components\workout-logger\hooks\use-workout-session.ts:1874 Exercise 3: Barbell Bent Over Row - 3 sets
S:\Program Files\LiftLog\components\workout-logger\components\ExerciseGroups.tsx:244 [v0] Rendering minus indicator for set {exerciseName: 'Bench Press (Flat)', setIndex: 0, setId: 'fu430x1ex', reps: 0, weight: 0, …}
S:\Program Files\LiftLog\components\workout-logger\components\ExerciseGroups.tsx:244 [v0] Rendering minus indicator for set {exerciseName: 'Bench Press (Flat)', setIndex: 1, setId: '2ot1qlly9', reps: 0, weight: 0, …}
S:\Program Files\LiftLog\components\workout-logger\components\ExerciseGroups.tsx:244 [v0] Rendering minus indicator for set {exerciseName: 'Bench Press (Flat)', setIndex: 2, setId: '6dhfi6nyz', reps: 0, weight: 0, …}
S:\Program Files\LiftLog\components\workout-logger\components\ExerciseGroups.tsx:244 [v0] Rendering minus indicator for set {exerciseName: 'Barbell Bent Over Row', setIndex: 0, setId: 'cx1rpyqya', reps: 0, weight: 0, …}
S:\Program Files\LiftLog\components\workout-logger\components\ExerciseGroups.tsx:244 [v0] Rendering minus indicator for set {exerciseName: 'Barbell Bent Over Row', setIndex: 1, setId: 'nxcs0ylxc', reps: 0, weight: 0, …}
S:\Program Files\LiftLog\components\workout-logger\components\ExerciseGroups.tsx:244 [v0] Rendering minus indicator for set {exerciseName: 'Barbell Bent Over Row', setIndex: 2, setId: 'chyw9jj89', reps: 0, weight: 0, …}
S:\Program Files\LiftLog\components\workout-logger\components\ExerciseGroups.tsx:244 [v0] Rendering minus indicator for set {exerciseName: 'Bench Press (Flat)', setIndex: 0, setId: 'fu430x1ex', reps: 0, weight: 0, …}
S:\Program Files\LiftLog\components\workout-logger\components\ExerciseGroups.tsx:244 [v0] Rendering minus indicator for set {exerciseName: 'Bench Press (Flat)', setIndex: 1, setId: '2ot1qlly9', reps: 0, weight: 0, …}
S:\Program Files\LiftLog\components\workout-logger\components\ExerciseGroups.tsx:244 [v0] Rendering minus indicator for set {exerciseName: 'Bench Press (Flat)', setIndex: 2, setId: '6dhfi6nyz', reps: 0, weight: 0, …}
S:\Program Files\LiftLog\components\workout-logger\components\ExerciseGroups.tsx:244 [v0] Rendering minus indicator for set {exerciseName: 'Barbell Bent Over Row', setIndex: 0, setId: 'cx1rpyqya', reps: 0, weight: 0, …}
S:\Program Files\LiftLog\components\workout-logger\components\ExerciseGroups.tsx:244 [v0] Rendering minus indicator for set {exerciseName: 'Barbell Bent Over Row', setIndex: 1, setId: 'nxcs0ylxc', reps: 0, weight: 0, …}
S:\Program Files\LiftLog\components\workout-logger\components\ExerciseGroups.tsx:244 [v0] Rendering minus indicator for set {exerciseName: 'Barbell Bent Over Row', setIndex: 2, setId: 'chyw9jj89', reps: 0, weight: 0, …}
VM405 workout-logger.ts:1567 [WorkoutLogger] Loading completed workouts...
S:\Program Files\LiftLog\lib\session-manager.ts:51 [SessionManager] Auth state changed: TOKEN_REFRESHED
S:\Program Files\LiftLog\lib\session-manager.ts:54 [SessionManager] ✅ Token refreshed successfully
S:\Program Files\LiftLog\lib\program-state.ts:1330 [ProgramState] Session refreshed successfully
VM405 workout-logger.ts:1567 [WorkoutLogger] Loading completed workouts...
S:\Program Files\LiftLog\lib\program-state.ts:1334 [ProgramState] Current authenticated user: 6bf0e5d0-cf5c-4820-90f5-346e1e2a4d4c
S:\Program Files\LiftLog\lib\program-state.ts:1335 [ProgramState] Trying to sync with user_id: 6bf0e5d0-cf5c-4820-90f5-346e1e2a4d4c
S:\Program Files\LiftLog\lib\progression-router.ts:135 [ProgressionRouter] Routing progression calculation: {exerciseName: 'Deadlift (Conventional)', category: 'compound', templateSchemeType: 'linear', templateConfigType: undefined, resolvedStrategy: 'linear', …}
S:\Program Files\LiftLog\lib\progression-tier-resolver.ts:35 [ProgressionTierResolver] Resolving tier for: Deadlift (Conventional) {exerciseLibraryId: '11903e7a-7358-4d7b-b5a0-352378216298', category: 'compound', hasExerciseId: true}
S:\Program Files\LiftLog\lib\progression-router.ts:135 [ProgressionRouter] Routing progression calculation: {exerciseName: 'Barbell Curl (Normal Grip)', category: 'isolation', templateSchemeType: 'linear', templateConfigType: undefined, resolvedStrategy: 'linear', …}
S:\Program Files\LiftLog\lib\progression-tier-resolver.ts:35 [ProgressionTierResolver] Resolving tier for: Barbell Curl (Normal Grip) {exerciseLibraryId: '7296e9ef-cd09-4d25-be45-e0c533360fac', category: 'isolation', hasExerciseId: true}
S:\Program Files\LiftLog\lib\progression-router.ts:135 [ProgressionRouter] Routing progression calculation: {exerciseName: 'Barbell Shoulder Press (Standing)', category: 'compound', templateSchemeType: 'linear', templateConfigType: undefined, resolvedStrategy: 'linear', …}
S:\Program Files\LiftLog\lib\progression-tier-resolver.ts:35 [ProgressionTierResolver] Resolving tier for: Barbell Shoulder Press (Standing) {exerciseLibraryId: 'b44628a3-1f85-4b5f-8855-25fb151e96e9', category: 'compound', hasExerciseId: true}
S:\Program Files\LiftLog\lib\program-state.ts:1368 [ProgramState] Synced active program to database
S:\Program Files\LiftLog\lib\services\linear-progression-tier-service.ts:236 [LinearProgressionTierService] Loaded tier rules for exercise 11903e7a-7358-4d7b-b5a0-352378216298: {tierName: 'large_compound', rules: {…}}
S:\Program Files\LiftLog\lib\services\linear-progression-tier-service.ts:236 [LinearProgressionTierService] Loaded tier rules for exercise 7296e9ef-cd09-4d25-be45-e0c533360fac: {tierName: 'small_isolation', rules: {…}}
S:\Program Files\LiftLog\lib\services\linear-progression-tier-service.ts:236 [LinearProgressionTierService] Loaded tier rules for exercise b44628a3-1f85-4b5f-8855-25fb151e96e9: {tierName: 'medium_compound', rules: {…}}
VM405 workout-logger.ts:1579 [WorkoutLogger] Found 191 workouts in database
VM405 workout-logger.ts:1580 [WorkoutLogger] Sample workout data: {id: 'f8cl49nci', user_id: '6bf0e5d0-cf5c-4820-90f5-346e1e2a4d4c', program_id: '0f1a9e64-fd05-4b88-94c0-2f79ce754b28', workout_name: 'Upper Body Strength', start_time: 1761257187099, …}
VM405 workout-logger.ts:1600 [WorkoutLogger] Loaded 191 workouts from database (forceRefresh: true )
VM405 workout-logger.ts:1610 [WorkoutLogger] Loading in-progress workouts...
S:\Program Files\LiftLog\lib\program-state.ts:1409 [ProgramState] Synced program history to database
VM405 workout-logger.ts:1737 [WorkoutLogger] Syncing 191 completed workouts to database
S:\Program Files\LiftLog\app\page.tsx:194 [v0] handleWorkoutComplete called - workout completed
S:\Program Files\LiftLog\components\workout-logger\hooks\use-workout-session.ts:1872 Rendering workout with 0 exercises
S:\Program Files\LiftLog\components\workout-logger\hooks\use-workout-session.ts:1872 Rendering workout with 0 exercises
VM405 workout-logger.ts:1551 [WorkoutLogger] Loading user data from database (forceRefresh: true )
VM405 workout-logger.ts:1556 [WorkoutLogger] Testing database access...
S:\Program Files\LiftLog\components\workout-logger\hooks\use-workout-session.ts:198 💾 RAW LOCALSTORAGE CHECK: {inProgressKey: 'liftlog_in_progress_workouts', rawValue: null, parsed: null}
VM405 workout-logger.ts:1551 [WorkoutLogger] Loading user data from database (forceRefresh: true )
VM405 workout-logger.ts:1556 [WorkoutLogger] Testing database access...
S:\Program Files\LiftLog\components\workout-logger\hooks\use-workout-session.ts:198 💾 RAW LOCALSTORAGE CHECK: {inProgressKey: 'liftlog_in_progress_workouts', rawValue: null, parsed: null}
S:\Program Files\LiftLog\components\workout-logger\hooks\use-workout-session.ts:449 No existing workout or initialWorkout, loading current workout from program
S:\Program Files\LiftLog\components\workout-logger\hooks\use-workout-session.ts:449 No existing workout or initialWorkout, loading current workout from program
S:\Program Files\LiftLog\components\workout-logger\hooks\use-workout-session.ts:1872 Rendering workout with 0 exercises
S:\Program Files\LiftLog\components\workout-logger\hooks\use-workout-session.ts:1872 Rendering workout with 0 exercises
S:\Program Files\LiftLog\lib\progression-tier-resolver.ts:50 [ProgressionTierResolver] ✅ Resolved from DATABASE: {exerciseName: 'Deadlift (Conventional)', tierName: 'large_compound', tierRules: {…}}
S:\Program Files\LiftLog\lib\progression-router.ts:216 [ProgressionRouter] Tier resolution: {exerciseName: 'Deadlift (Conventional)', source: 'database', tierName: 'large_compound', tierRules: {…}}
S:\Program Files\LiftLog\lib\progression-engines\linear-engine.ts:48 [LinearProgressionEngine] Calculating progression: {exerciseName: 'Deadlift (Conventional)', currentWeek: 1, hasPreviousData: false, userWeightAdjustment: undefined}
S:\Program Files\LiftLog\lib\progression-tier-resolver.ts:50 [ProgressionTierResolver] ✅ Resolved from DATABASE: {exerciseName: 'Barbell Curl (Normal Grip)', tierName: 'small_isolation', tierRules: {…}}
S:\Program Files\LiftLog\lib\progression-router.ts:216 [ProgressionRouter] Tier resolution: {exerciseName: 'Barbell Curl (Normal Grip)', source: 'database', tierName: 'small_isolation', tierRules: {…}}
S:\Program Files\LiftLog\lib\progression-engines\linear-engine.ts:48 [LinearProgressionEngine] Calculating progression: {exerciseName: 'Barbell Curl (Normal Grip)', currentWeek: 1, hasPreviousData: false, userWeightAdjustment: undefined}
S:\Program Files\LiftLog\lib\progression-tier-resolver.ts:50 [ProgressionTierResolver] ✅ Resolved from DATABASE: {exerciseName: 'Barbell Shoulder Press (Standing)', tierName: 'medium_compound', tierRules: {…}}
S:\Program Files\LiftLog\lib\progression-router.ts:216 [ProgressionRouter] Tier resolution: {exerciseName: 'Barbell Shoulder Press (Standing)', source: 'database', tierName: 'medium_compound', tierRules: {…}}
S:\Program Files\LiftLog\lib\progression-engines\linear-engine.ts:48 [LinearProgressionEngine] Calculating progression: {exerciseName: 'Barbell Shoulder Press (Standing)', currentWeek: 1, hasPreviousData: false, userWeightAdjustment: undefined}
VM405 workout-logger.ts:765 [v0] Creating new workout for week 1 day 2
VM405 workout-logger.ts:801 [WorkoutLogger] Set 1 starting with empty reps (no previous performance data)
VM405 workout-logger.ts:801 [WorkoutLogger] Set 2 starting with empty reps (no previous performance data)
VM405 workout-logger.ts:801 [WorkoutLogger] Set 3 starting with empty reps (no previous performance data)
VM405 workout-logger.ts:801 [WorkoutLogger] Set 1 starting with empty reps (no previous performance data)
VM405 workout-logger.ts:801 [WorkoutLogger] Set 2 starting with empty reps (no previous performance data)
VM405 workout-logger.ts:801 [WorkoutLogger] Set 3 starting with empty reps (no previous performance data)
VM405 workout-logger.ts:801 [WorkoutLogger] Set 1 starting with empty reps (no previous performance data)
VM405 workout-logger.ts:801 [WorkoutLogger] Set 2 starting with empty reps (no previous performance data)
VM405 workout-logger.ts:801 [WorkoutLogger] Set 3 starting with empty reps (no previous performance data)
VM405 workout-logger.ts:815 [v0] Created workout structure: {id: 'kiureht61', exerciseCount: 3, exercises: Array(3)}
VM405 workout-logger.ts:625 [WorkoutLogger.saveCurrentWorkout] Using storage key: liftlog_in_progress_workouts_6bf0e5d0-cf5c-4820-90f5-346e1e2a4d4c for workout ID: kiureht61
VM405 workout-logger.ts:629 [WorkoutLogger.saveCurrentWorkout] Found 0 existing in-progress workouts
VM405 workout-logger.ts:634 [WorkoutLogger.saveCurrentWorkout] After adding workout, total in-progress: 1
VM405 workout-logger.ts:636 [WorkoutLogger.saveCurrentWorkout] Saved to localStorage successfully
VM405 workout-logger.ts:853 [v0] Saved workout to localStorage and database
S:\Program Files\LiftLog\components\workout-logger\hooks\use-workout-session.ts:524 Loaded new workout after program change: {week: 1, day: 2, workoutName: 'Lower Body Power'}
VM405 workout-logger.ts:1646 [WorkoutLogger] No in-progress workouts found in database
VM405 workout-logger.ts:1648 [WorkoutLogger] Database loading completed. Total records loaded: 191
VM405 workout-logger.ts:1579 [WorkoutLogger] Found 191 workouts in database
VM405 workout-logger.ts:1580 [WorkoutLogger] Sample workout data: {id: 'f8cl49nci', user_id: '6bf0e5d0-cf5c-4820-90f5-346e1e2a4d4c', program_id: '0f1a9e64-fd05-4b88-94c0-2f79ce754b28', workout_name: 'Upper Body Strength', start_time: 1761257187099, …}
VM405 workout-logger.ts:1600 [WorkoutLogger] Loaded 191 workouts from database (forceRefresh: true )
VM405 workout-logger.ts:1610 [WorkoutLogger] Loading in-progress workouts...
S:\Program Files\LiftLog\lib\progression-router.ts:135 [ProgressionRouter] Routing progression calculation: {exerciseName: 'Barbell Curl (Normal Grip)', category: 'isolation', templateSchemeType: 'linear', templateConfigType: undefined, resolvedStrategy: 'linear', …}
S:\Program Files\LiftLog\lib\progression-tier-resolver.ts:35 [ProgressionTierResolver] Resolving tier for: Barbell Curl (Normal Grip) {exerciseLibraryId: '7296e9ef-cd09-4d25-be45-e0c533360fac', category: 'isolation', hasExerciseId: true}
VM405 workout-logger.ts:1567 [WorkoutLogger] Loading completed workouts...
S:\Program Files\LiftLog\lib\program-state.ts:1439 [ProgramState] Found active program in database: 0f1a9e64-fd05-4b88-94c0-2f79ce754b28
S:\Program Files\LiftLog\lib\program-state.ts:273 [ProgramState] Loaded template from database: 0f1a9e64-fd05-4b88-94c0-2f79ce754b28
VM405 workout-logger.ts:1062 [WorkoutLogger] Week 1 Day 1 completion: {found: true, userId: '6bf0e5d0-cf5c-4820-90f5-346e1e2a4d4c'}
S:\Program Files\LiftLog\lib\progression-router.ts:135 [ProgressionRouter] Routing progression calculation: {exerciseName: 'Barbell Shoulder Press (Standing)', category: 'compound', templateSchemeType: 'linear', templateConfigType: undefined, resolvedStrategy: 'linear', …}
S:\Program Files\LiftLog\lib\progression-tier-resolver.ts:35 [ProgressionTierResolver] Resolving tier for: Barbell Shoulder Press (Standing) {exerciseLibraryId: 'b44628a3-1f85-4b5f-8855-25fb151e96e9', category: 'compound', hasExerciseId: true}
S:\Program Files\LiftLog\lib\progression-router.ts:135 [ProgressionRouter] Routing progression calculation: {exerciseName: 'Deadlift (Conventional)', category: 'compound', templateSchemeType: 'linear', templateConfigType: undefined, resolvedStrategy: 'linear', …}
S:\Program Files\LiftLog\lib\progression-tier-resolver.ts:35 [ProgressionTierResolver] Resolving tier for: Deadlift (Conventional) {exerciseLibraryId: '11903e7a-7358-4d7b-b5a0-352378216298', category: 'compound', hasExerciseId: true}
VM405 workout-logger.ts:1646 [WorkoutLogger] No in-progress workouts found in database
VM405 workout-logger.ts:1648 [WorkoutLogger] Database loading completed. Total records loaded: 191
VM405 workout-logger.ts:651 [WorkoutLogger.saveCurrentWorkout] No existing workout found, inserting new one
S:\Program Files\LiftLog\lib\progression-router.ts:135 [ProgressionRouter] Routing progression calculation: {exerciseName: 'Barbell Curl (Normal Grip)', category: 'isolation', templateSchemeType: 'linear', templateConfigType: undefined, resolvedStrategy: 'linear', …}
S:\Program Files\LiftLog\lib\progression-tier-resolver.ts:35 [ProgressionTierResolver] Resolving tier for: Barbell Curl (Normal Grip) {exerciseLibraryId: '7296e9ef-cd09-4d25-be45-e0c533360fac', category: 'isolation', hasExerciseId: true}
VM405 workout-logger.ts:1567 [WorkoutLogger] Loading completed workouts...
S:\Program Files\LiftLog\lib\progression-router.ts:135 [ProgressionRouter] Routing progression calculation: {exerciseName: 'Barbell Shoulder Press (Standing)', category: 'compound', templateSchemeType: 'linear', templateConfigType: undefined, resolvedStrategy: 'linear', …}
S:\Program Files\LiftLog\lib\progression-tier-resolver.ts:35 [ProgressionTierResolver] Resolving tier for: Barbell Shoulder Press (Standing) {exerciseLibraryId: 'b44628a3-1f85-4b5f-8855-25fb151e96e9', category: 'compound', hasExerciseId: true}
S:\Program Files\LiftLog\lib\progression-router.ts:135 [ProgressionRouter] Routing progression calculation: {exerciseName: 'Deadlift (Conventional)', category: 'compound', templateSchemeType: 'linear', templateConfigType: undefined, resolvedStrategy: 'linear', …}
S:\Program Files\LiftLog\lib\progression-tier-resolver.ts:35 [ProgressionTierResolver] Resolving tier for: Deadlift (Conventional) {exerciseLibraryId: '11903e7a-7358-4d7b-b5a0-352378216298', category: 'compound', hasExerciseId: true}
S:\Program Files\LiftLog\lib\progression-tier-resolver.ts:50 [ProgressionTierResolver] ✅ Resolved from DATABASE: {exerciseName: 'Deadlift (Conventional)', tierName: 'large_compound', tierRules: {…}}
S:\Program Files\LiftLog\lib\progression-router.ts:216 [ProgressionRouter] Tier resolution: {exerciseName: 'Deadlift (Conventional)', source: 'database', tierName: 'large_compound', tierRules: {…}}
S:\Program Files\LiftLog\lib\progression-engines\linear-engine.ts:48 [LinearProgressionEngine] Calculating progression: {exerciseName: 'Deadlift (Conventional)', currentWeek: 1, hasPreviousData: false, userWeightAdjustment: undefined}
S:\Program Files\LiftLog\lib\progression-tier-resolver.ts:50 [ProgressionTierResolver] ✅ Resolved from DATABASE: {exerciseName: 'Barbell Curl (Normal Grip)', tierName: 'small_isolation', tierRules: {…}}
S:\Program Files\LiftLog\lib\progression-router.ts:216 [ProgressionRouter] Tier resolution: {exerciseName: 'Barbell Curl (Normal Grip)', source: 'database', tierName: 'small_isolation', tierRules: {…}}
S:\Program Files\LiftLog\lib\progression-engines\linear-engine.ts:48 [LinearProgressionEngine] Calculating progression: {exerciseName: 'Barbell Curl (Normal Grip)', currentWeek: 1, hasPreviousData: false, userWeightAdjustment: undefined}
S:\Program Files\LiftLog\lib\program-state.ts:1439 [ProgramState] Found active program in database: 0f1a9e64-fd05-4b88-94c0-2f79ce754b28
S:\Program Files\LiftLog\lib\program-state.ts:273 [ProgramState] Loaded template from database: 0f1a9e64-fd05-4b88-94c0-2f79ce754b28
VM405 workout-logger.ts:1062 [WorkoutLogger] Week 1 Day 1 completion: {found: true, userId: '6bf0e5d0-cf5c-4820-90f5-346e1e2a4d4c'}
S:\Program Files\LiftLog\lib\progression-tier-resolver.ts:50 [ProgressionTierResolver] ✅ Resolved from DATABASE: {exerciseName: 'Barbell Shoulder Press (Standing)', tierName: 'medium_compound', tierRules: {…}}
S:\Program Files\LiftLog\lib\progression-router.ts:216 [ProgressionRouter] Tier resolution: {exerciseName: 'Barbell Shoulder Press (Standing)', source: 'database', tierName: 'medium_compound', tierRules: {…}}
S:\Program Files\LiftLog\lib\progression-engines\linear-engine.ts:48 [LinearProgressionEngine] Calculating progression: {exerciseName: 'Barbell Shoulder Press (Standing)', currentWeek: 1, hasPreviousData: false, userWeightAdjustment: undefined}
S:\Program Files\LiftLog\lib\program-state.ts:1228 [ProgramState] Synced active program to database: {week: 1, day: 2}
S:\Program Files\LiftLog\lib\program-state.ts:1481 [ProgramState] Loaded active program from database
VM405 workout-logger.ts:672 [WorkoutLogger.saveCurrentWorkout] Successfully inserted workout to database
S:\Program Files\LiftLog\lib\progression-tier-resolver.ts:50 [ProgressionTierResolver] ✅ Resolved from DATABASE: {exerciseName: 'Barbell Curl (Normal Grip)', tierName: 'small_isolation', tierRules: {…}}
S:\Program Files\LiftLog\lib\progression-router.ts:216 [ProgressionRouter] Tier resolution: {exerciseName: 'Barbell Curl (Normal Grip)', source: 'database', tierName: 'small_isolation', tierRules: {…}}
S:\Program Files\LiftLog\lib\progression-engines\linear-engine.ts:48 [LinearProgressionEngine] Calculating progression: {exerciseName: 'Barbell Curl (Normal Grip)', currentWeek: 1, hasPreviousData: false, userWeightAdjustment: undefined}
S:\Program Files\LiftLog\lib\program-state.ts:1228 [ProgramState] Synced active program to database: {week: 1, day: 2}
S:\Program Files\LiftLog\lib\program-state.ts:1481 [ProgramState] Loaded active program from database
S:\Program Files\LiftLog\lib\program-state.ts:1228 [ProgramState] Synced active program to database: {week: 1, day: 2}
VM405 workout-logger.ts:748 [v0] Found existing workout for week 1 day 2 with 3 exercises
VM405 workout-logger.ts:749 [v0] Workout structure: {id: 'kiureht61', exerciseCount: 3, exercises: Array(3)}
S:\Program Files\LiftLog\components\workout-logger\hooks\use-workout-session.ts:462 🆕 COMPONENT NEW WORKOUT - Created from current program workout: {id: 'kiureht61', week: 1, day: 2, exerciseCount: 3, workoutName: 'Lower Body Power'}
S:\Program Files\LiftLog\components\workout-logger\hooks\use-workout-session.ts:1872 Rendering workout with 3 exercises
S:\Program Files\LiftLog\components\workout-logger\hooks\use-workout-session.ts:1874 Exercise 1: Deadlift (Conventional) - 3 sets
S:\Program Files\LiftLog\components\workout-logger\hooks\use-workout-session.ts:1874 Exercise 2: Barbell Shoulder Press (Standing) - 3 sets
S:\Program Files\LiftLog\components\workout-logger\hooks\use-workout-session.ts:1874 Exercise 3: Barbell Curl (Normal Grip) - 3 sets
S:\Program Files\LiftLog\components\workout-logger\hooks\use-workout-session.ts:1872 Rendering workout with 3 exercises
S:\Program Files\LiftLog\components\workout-logger\hooks\use-workout-session.ts:1874 Exercise 1: Deadlift (Conventional) - 3 sets
S:\Program Files\LiftLog\components\workout-logger\hooks\use-workout-session.ts:1874 Exercise 2: Barbell Shoulder Press (Standing) - 3 sets
S:\Program Files\LiftLog\components\workout-logger\hooks\use-workout-session.ts:1874 Exercise 3: Barbell Curl (Normal Grip) - 3 sets
S:\Program Files\LiftLog\lib\progression-tier-resolver.ts:50 [ProgressionTierResolver] ✅ Resolved from DATABASE: {exerciseName: 'Deadlift (Conventional)', tierName: 'large_compound', tierRules: {…}}
S:\Program Files\LiftLog\lib\progression-router.ts:216 [ProgressionRouter] Tier resolution: {exerciseName: 'Deadlift (Conventional)', source: 'database', tierName: 'large_compound', tierRules: {…}}
S:\Program Files\LiftLog\lib\progression-engines\linear-engine.ts:48 [LinearProgressionEngine] Calculating progression: {exerciseName: 'Deadlift (Conventional)', currentWeek: 1, hasPreviousData: false, userWeightAdjustment: undefined}
S:\Program Files\LiftLog\lib\progression-tier-resolver.ts:50 [ProgressionTierResolver] ✅ Resolved from DATABASE: {exerciseName: 'Barbell Shoulder Press (Standing)', tierName: 'medium_compound', tierRules: {…}}
S:\Program Files\LiftLog\lib\progression-router.ts:216 [ProgressionRouter] Tier resolution: {exerciseName: 'Barbell Shoulder Press (Standing)', source: 'database', tierName: 'medium_compound', tierRules: {…}}
S:\Program Files\LiftLog\lib\progression-engines\linear-engine.ts:48 [LinearProgressionEngine] Calculating progression: {exerciseName: 'Barbell Shoulder Press (Standing)', currentWeek: 1, hasPreviousData: false, userWeightAdjustment: undefined}
VM405 workout-logger.ts:748 [v0] Found existing workout for week 1 day 2 with 3 exercises
VM405 workout-logger.ts:749 [v0] Workout structure: {id: 'kiureht61', exerciseCount: 3, exercises: Array(3)}
S:\Program Files\LiftLog\components\workout-logger\hooks\use-workout-session.ts:462 🆕 COMPONENT NEW WORKOUT - Created from current program workout: {id: 'kiureht61', week: 1, day: 2, exerciseCount: 3, workoutName: 'Lower Body Power'}
S:\Program Files\LiftLog\components\workout-logger\hooks\use-workout-session.ts:1872 Rendering workout with 3 exercises
S:\Program Files\LiftLog\components\workout-logger\hooks\use-workout-session.ts:1874 Exercise 1: Deadlift (Conventional) - 3 sets
S:\Program Files\LiftLog\components\workout-logger\hooks\use-workout-session.ts:1874 Exercise 2: Barbell Shoulder Press (Standing) - 3 sets
S:\Program Files\LiftLog\components\workout-logger\hooks\use-workout-session.ts:1874 Exercise 3: Barbell Curl (Normal Grip) - 3 sets
S:\Program Files\LiftLog\components\workout-logger\hooks\use-workout-session.ts:1872 Rendering workout with 3 exercises
S:\Program Files\LiftLog\components\workout-logger\hooks\use-workout-session.ts:1874 Exercise 1: Deadlift (Conventional) - 3 sets
S:\Program Files\LiftLog\components\workout-logger\hooks\use-workout-session.ts:1874 Exercise 2: Barbell Shoulder Press (Standing) - 3 sets
S:\Program Files\LiftLog\components\workout-logger\hooks\use-workout-session.ts:1874 Exercise 3: Barbell Curl (Normal Grip) - 3 sets
VM405 workout-logger.ts:1579 [WorkoutLogger] Found 191 workouts in database
VM405 workout-logger.ts:1580 [WorkoutLogger] Sample workout data: {id: 'f8cl49nci', user_id: '6bf0e5d0-cf5c-4820-90f5-346e1e2a4d4c', program_id: '0f1a9e64-fd05-4b88-94c0-2f79ce754b28', workout_name: 'Upper Body Strength', start_time: 1761257187099, …}
VM405 workout-logger.ts:1600 [WorkoutLogger] Loaded 191 workouts from database (forceRefresh: true )
VM405 workout-logger.ts:1610 [WorkoutLogger] Loading in-progress workouts...
VM405 workout-logger.ts:1757 [WorkoutLogger] Successfully synced completed workouts
S:\Program Files\LiftLog\components\workout-logger\hooks\use-workout-session.ts:1009 [handleEndWorkout] Background database sync completed
S:\Program Files\LiftLog\lib\program-state.ts:1512 [ProgramState] Loaded program history from database
VM405 workout-logger.ts:1551 [WorkoutLogger] Loading user data from database (forceRefresh: true )
VM405 workout-logger.ts:1556 [WorkoutLogger] Testing database access...
S:\Program Files\LiftLog\lib\program-state.ts:1512 [ProgramState] Loaded program history from database
VM405 workout-logger.ts:1551 [WorkoutLogger] Loading user data from database (forceRefresh: true )
VM405 workout-logger.ts:1556 [WorkoutLogger] Testing database access...
VM405 workout-logger.ts:1579 [WorkoutLogger] Found 191 workouts in database
VM405 workout-logger.ts:1580 [WorkoutLogger] Sample workout data: {id: 'f8cl49nci', user_id: '6bf0e5d0-cf5c-4820-90f5-346e1e2a4d4c', program_id: '0f1a9e64-fd05-4b88-94c0-2f79ce754b28', workout_name: 'Upper Body Strength', start_time: 1761257187099, …}
VM405 workout-logger.ts:1600 [WorkoutLogger] Loaded 191 workouts from database (forceRefresh: true )
VM405 workout-logger.ts:1610 [WorkoutLogger] Loading in-progress workouts...
VM405 workout-logger.ts:1567 [WorkoutLogger] Loading completed workouts...
VM405 workout-logger.ts:1620 [WorkoutLogger] Found 1 in-progress workouts in database
VM405 workout-logger.ts:1639 [WorkoutLogger] Loaded 1 in-progress workouts from database (forceRefresh: true )
VM405 workout-logger.ts:1648 [WorkoutLogger] Database loading completed. Total records loaded: 192
S:\Program Files\LiftLog\components\workout-logger\hooks\use-workout-session.ts:102 ===== STORAGE DEBUG =====
S:\Program Files\LiftLog\components\workout-logger\hooks\use-workout-session.ts:123 IN-PROGRESS WORKOUTS: None
S:\Program Files\LiftLog\components\workout-logger\hooks\use-workout-session.ts:145 WORKOUT HISTORY: None
S:\Program Files\LiftLog\components\workout-logger\hooks\use-workout-session.ts:148 ===== END STORAGE DEBUG =====
VM405 workout-logger.ts:1551 [WorkoutLogger] Loading user data from database (forceRefresh: true )
VM405 workout-logger.ts:1556 [WorkoutLogger] Testing database access...
VM405 workout-logger.ts:1567 [WorkoutLogger] Loading completed workouts...
VM405 workout-logger.ts:1620 [WorkoutLogger] Found 1 in-progress workouts in database
VM405 workout-logger.ts:1639 [WorkoutLogger] Loaded 1 in-progress workouts from database (forceRefresh: true )
VM405 workout-logger.ts:1648 [WorkoutLogger] Database loading completed. Total records loaded: 192
S:\Program Files\LiftLog\components\workout-logger\hooks\use-workout-session.ts:102 ===== STORAGE DEBUG =====
S:\Program Files\LiftLog\components\workout-logger\hooks\use-workout-session.ts:123 IN-PROGRESS WORKOUTS: None
S:\Program Files\LiftLog\components\workout-logger\hooks\use-workout-session.ts:145 WORKOUT HISTORY: None
S:\Program Files\LiftLog\components\workout-logger\hooks\use-workout-session.ts:148 ===== END STORAGE DEBUG =====
VM405 workout-logger.ts:1551 [WorkoutLogger] Loading user data from database (forceRefresh: true )
VM405 workout-logger.ts:1556 [WorkoutLogger] Testing database access...
VM405 workout-logger.ts:1567 [WorkoutLogger] Loading completed workouts...
VM405 workout-logger.ts:1579 [WorkoutLogger] Found 191 workouts in database
VM405 workout-logger.ts:1580 [WorkoutLogger] Sample workout data: {id: 'f8cl49nci', user_id: '6bf0e5d0-cf5c-4820-90f5-346e1e2a4d4c', program_id: '0f1a9e64-fd05-4b88-94c0-2f79ce754b28', workout_name: 'Upper Body Strength', start_time: 1761257187099, …}
VM405 workout-logger.ts:1600 [WorkoutLogger] Loaded 191 workouts from database (forceRefresh: true )
VM405 workout-logger.ts:1610 [WorkoutLogger] Loading in-progress workouts...
VM405 workout-logger.ts:1567 [WorkoutLogger] Loading completed workouts...
VM405 workout-logger.ts:1620 [WorkoutLogger] Found 1 in-progress workouts in database
VM405 workout-logger.ts:1639 [WorkoutLogger] Loaded 1 in-progress workouts from database (forceRefresh: true )
VM405 workout-logger.ts:1648 [WorkoutLogger] Database loading completed. Total records loaded: 192
S:\Program Files\LiftLog\lib\program-state.ts:423 [ProgramState] Refreshing template from database...
S:\Program Files\LiftLog\lib\program-state.ts:273 [ProgramState] Loaded template from database: 0f1a9e64-fd05-4b88-94c0-2f79ce754b28
VM405 workout-logger.ts:1579 [WorkoutLogger] Found 191 workouts in database
VM405 workout-logger.ts:1580 [WorkoutLogger] Sample workout data: {id: 'f8cl49nci', user_id: '6bf0e5d0-cf5c-4820-90f5-346e1e2a4d4c', program_id: '0f1a9e64-fd05-4b88-94c0-2f79ce754b28', workout_name: 'Upper Body Strength', start_time: 1761257187099, …}
VM405 workout-logger.ts:1600 [WorkoutLogger] Loaded 191 workouts from database (forceRefresh: true )
VM405 workout-logger.ts:1610 [WorkoutLogger] Loading in-progress workouts...
S:\Program Files\LiftLog\lib\program-state.ts:1228 [ProgramState] Synced active program to database: {week: 1, day: 2}
S:\Program Files\LiftLog\lib\program-state.ts:429 [ProgramState] Template refreshed with latest database version
S:\Program Files\LiftLog\components\programs-section.tsx:181 [ProgramsSection] Loaded 6 lightweight templates (metadata only)
VM405 workout-logger.ts:1620 [WorkoutLogger] Found 1 in-progress workouts in database
VM405 workout-logger.ts:1639 [WorkoutLogger] Loaded 1 in-progress workouts from database (forceRefresh: true )
VM405 workout-logger.ts:1648 [WorkoutLogger] Database loading completed. Total records loaded: 192
S:\Program Files\LiftLog\lib\program-state.ts:423 [ProgramState] Refreshing template from database...
S:\Program Files\LiftLog\lib\program-state.ts:273 [ProgramState] Loaded template from database: 0f1a9e64-fd05-4b88-94c0-2f79ce754b28
VM405 workout-logger.ts:1579 [WorkoutLogger] Found 191 workouts in database
VM405 workout-logger.ts:1580 [WorkoutLogger] Sample workout data: {id: 'f8cl49nci', user_id: '6bf0e5d0-cf5c-4820-90f5-346e1e2a4d4c', program_id: '0f1a9e64-fd05-4b88-94c0-2f79ce754b28', workout_name: 'Upper Body Strength', start_time: 1761257187099, …}
VM405 workout-logger.ts:1600 [WorkoutLogger] Loaded 191 workouts from database (forceRefresh: true )
VM405 workout-logger.ts:1610 [WorkoutLogger] Loading in-progress workouts...
S:\Program Files\LiftLog\lib\program-state.ts:1228 [ProgramState] Synced active program to database: {week: 1, day: 2}
S:\Program Files\LiftLog\lib\program-state.ts:429 [ProgramState] Template refreshed with latest database version
S:\Program Files\LiftLog\components\train-section.tsx:49 [TrainSection] Loaded active program: {templateId: '0f1a9e64-fd05-4b88-94c0-2f79ce754b28', templateName: '2-Week Test Program (DEV ONLY) v2', currentWeek: 1, currentDay: 2}
VM405 workout-logger.ts:1620 [WorkoutLogger] Found 1 in-progress workouts in database
VM405 workout-logger.ts:1639 [WorkoutLogger] Loaded 1 in-progress workouts from database (forceRefresh: true )
VM405 workout-logger.ts:1648 [WorkoutLogger] Database loading completed. Total records loaded: 192
S:\Program Files\LiftLog\lib\progression-router.ts:135 [ProgressionRouter] Routing progression calculation: {exerciseName: 'Deadlift (Conventional)', category: 'compound', templateSchemeType: 'linear', templateConfigType: undefined, resolvedStrategy: 'linear', …}
S:\Program Files\LiftLog\lib\progression-tier-resolver.ts:35 [ProgressionTierResolver] Resolving tier for: Deadlift (Conventional) {exerciseLibraryId: '11903e7a-7358-4d7b-b5a0-352378216298', category: 'compound', hasExerciseId: true}
S:\Program Files\LiftLog\lib\progression-router.ts:135 [ProgressionRouter] Routing progression calculation: {exerciseName: 'Barbell Curl (Normal Grip)', category: 'isolation', templateSchemeType: 'linear', templateConfigType: undefined, resolvedStrategy: 'linear', …}
S:\Program Files\LiftLog\lib\progression-tier-resolver.ts:35 [ProgressionTierResolver] Resolving tier for: Barbell Curl (Normal Grip) {exerciseLibraryId: '7296e9ef-cd09-4d25-be45-e0c533360fac', category: 'isolation', hasExerciseId: true}
S:\Program Files\LiftLog\lib\progression-router.ts:135 [ProgressionRouter] Routing progression calculation: {exerciseName: 'Barbell Shoulder Press (Standing)', category: 'compound', templateSchemeType: 'linear', templateConfigType: undefined, resolvedStrategy: 'linear', …}
S:\Program Files\LiftLog\lib\progression-tier-resolver.ts:35 [ProgressionTierResolver] Resolving tier for: Barbell Shoulder Press (Standing) {exerciseLibraryId: 'b44628a3-1f85-4b5f-8855-25fb151e96e9', category: 'compound', hasExerciseId: true}
VM405 workout-logger.ts:1579 [WorkoutLogger] Found 191 workouts in database
VM405 workout-logger.ts:1580 [WorkoutLogger] Sample workout data: {id: 'f8cl49nci', user_id: '6bf0e5d0-cf5c-4820-90f5-346e1e2a4d4c', program_id: '0f1a9e64-fd05-4b88-94c0-2f79ce754b28', workout_name: 'Upper Body Strength', start_time: 1761257187099, …}
VM405 workout-logger.ts:1600 [WorkoutLogger] Loaded 191 workouts from database (forceRefresh: true )
VM405 workout-logger.ts:1610 [WorkoutLogger] Loading in-progress workouts...
S:\Program Files\LiftLog\lib\program-state.ts:1439 [ProgramState] Found active program in database: 0f1a9e64-fd05-4b88-94c0-2f79ce754b28
S:\Program Files\LiftLog\lib\program-state.ts:273 [ProgramState] Loaded template from database: 0f1a9e64-fd05-4b88-94c0-2f79ce754b28
VM405 workout-logger.ts:1062 [WorkoutLogger] Week 1 Day 1 completion: {found: true, userId: '6bf0e5d0-cf5c-4820-90f5-346e1e2a4d4c'}
S:\Program Files\LiftLog\lib\progression-tier-resolver.ts:50 [ProgressionTierResolver] ✅ Resolved from DATABASE: {exerciseName: 'Barbell Curl (Normal Grip)', tierName: 'small_isolation', tierRules: {…}}
S:\Program Files\LiftLog\lib\progression-router.ts:216 [ProgressionRouter] Tier resolution: {exerciseName: 'Barbell Curl (Normal Grip)', source: 'database', tierName: 'small_isolation', tierRules: {…}}
S:\Program Files\LiftLog\lib\progression-engines\linear-engine.ts:48 [LinearProgressionEngine] Calculating progression: {exerciseName: 'Barbell Curl (Normal Grip)', currentWeek: 1, hasPreviousData: false, userWeightAdjustment: undefined}
S:\Program Files\LiftLog\lib\progression-tier-resolver.ts:50 [ProgressionTierResolver] ✅ Resolved from DATABASE: {exerciseName: 'Barbell Shoulder Press (Standing)', tierName: 'medium_compound', tierRules: {…}}
S:\Program Files\LiftLog\lib\progression-router.ts:216 [ProgressionRouter] Tier resolution: {exerciseName: 'Barbell Shoulder Press (Standing)', source: 'database', tierName: 'medium_compound', tierRules: {…}}
S:\Program Files\LiftLog\lib\progression-engines\linear-engine.ts:48 [LinearProgressionEngine] Calculating progression: {exerciseName: 'Barbell Shoulder Press (Standing)', currentWeek: 1, hasPreviousData: false, userWeightAdjustment: undefined}
S:\Program Files\LiftLog\lib\progression-tier-resolver.ts:50 [ProgressionTierResolver] ✅ Resolved from DATABASE: {exerciseName: 'Deadlift (Conventional)', tierName: 'large_compound', tierRules: {…}}
S:\Program Files\LiftLog\lib\progression-router.ts:216 [ProgressionRouter] Tier resolution: {exerciseName: 'Deadlift (Conventional)', source: 'database', tierName: 'large_compound', tierRules: {…}}
S:\Program Files\LiftLog\lib\progression-engines\linear-engine.ts:48 [LinearProgressionEngine] Calculating progression: {exerciseName: 'Deadlift (Conventional)', currentWeek: 1, hasPreviousData: false, userWeightAdjustment: undefined}
S:\Program Files\LiftLog\components\train-section.tsx:59 [TrainSection] Loaded current workout: {name: 'Lower Body Power', exercises: Array(3)}
S:\Program Files\LiftLog\components\train-section.tsx:69 [TrainSection] Active program loaded but auto-start deferred (tab hidden)
VM405 workout-logger.ts:1620 [WorkoutLogger] Found 1 in-progress workouts in database
VM405 workout-logger.ts:1639 [WorkoutLogger] Loaded 1 in-progress workouts from database (forceRefresh: true )
VM405 workout-logger.ts:1648 [WorkoutLogger] Database loading completed. Total records loaded: 192
S:\Program Files\LiftLog\lib\program-state.ts:1228 [ProgramState] Synced active program to database: {week: 1, day: 2}
S:\Program Files\LiftLog\lib\program-state.ts:1481 [ProgramState] Loaded active program from database
S:\Program Files\LiftLog\lib\program-state.ts:1439 [ProgramState] Found active program in database: 0f1a9e64-fd05-4b88-94c0-2f79ce754b28
S:\Program Files\LiftLog\lib\program-state.ts:273 [ProgramState] Loaded template from database: 0f1a9e64-fd05-4b88-94c0-2f79ce754b28
VM405 workout-logger.ts:1062 [WorkoutLogger] Week 1 Day 1 completion: {found: true, userId: '6bf0e5d0-cf5c-4820-90f5-346e1e2a4d4c'}
S:\Program Files\LiftLog\lib\program-state.ts:1512 [ProgramState] Loaded program history from database
VM405 workout-logger.ts:1551 [WorkoutLogger] Loading user data from database (forceRefresh: true )
VM405 workout-logger.ts:1556 [WorkoutLogger] Testing database access...
S:\Program Files\LiftLog\lib\program-state.ts:1228 [ProgramState] Synced active program to database: {week: 1, day: 2}
S:\Program Files\LiftLog\lib\program-state.ts:1481 [ProgramState] Loaded active program from database
VM405 workout-logger.ts:1567 [WorkoutLogger] Loading completed workouts...
S:\Program Files\LiftLog\lib\program-state.ts:1512 [ProgramState] Loaded program history from database
VM405 workout-logger.ts:1551 [WorkoutLogger] Loading user data from database (forceRefresh: true )
VM405 workout-logger.ts:1556 [WorkoutLogger] Testing database access...
VM405 workout-logger.ts:1567 [WorkoutLogger] Loading completed workouts...
VM405 workout-logger.ts:1579 [WorkoutLogger] Found 191 workouts in database
VM405 workout-logger.ts:1580 [WorkoutLogger] Sample workout data: {id: 'f8cl49nci', user_id: '6bf0e5d0-cf5c-4820-90f5-346e1e2a4d4c', program_id: '0f1a9e64-fd05-4b88-94c0-2f79ce754b28', workout_name: 'Upper Body Strength', start_time: 1761257187099, …}
VM405 workout-logger.ts:1600 [WorkoutLogger] Loaded 191 workouts from database (forceRefresh: true )
VM405 workout-logger.ts:1610 [WorkoutLogger] Loading in-progress workouts...
VM405 workout-logger.ts:1620 [WorkoutLogger] Found 1 in-progress workouts in database
VM405 workout-logger.ts:1639 [WorkoutLogger] Loaded 1 in-progress workouts from database (forceRefresh: true )
VM405 workout-logger.ts:1648 [WorkoutLogger] Database loading completed. Total records loaded: 192
S:\Program Files\LiftLog\lib\program-state.ts:1158 [ProgramState] Recalculating progress for user: 6bf0e5d0-cf5c-4820-90f5-346e1e2a4d4c
S:\Program Files\LiftLog\lib\program-state.ts:1159 [ProgramState] Days per week: 3
VM405 workout-logger.ts:1062 [WorkoutLogger] Week 1 Day 1 completion: {found: true, userId: '6bf0e5d0-cf5c-4820-90f5-346e1e2a4d4c'}
S:\Program Files\LiftLog\lib\program-state.ts:1171 [ProgramState] Completed workouts found: [{…}]
VM405 workout-logger.ts:1062 [WorkoutLogger] Week 1 Day 1 completion: {found: true, userId: '6bf0e5d0-cf5c-4820-90f5-346e1e2a4d4c'}
S:\Program Files\LiftLog\lib\program-state.ts:1179 [ProgramState] Week 1, Day 1: COMPLETED
S:\Program Files\LiftLog\lib\program-state.ts:1179 [ProgramState] Week 1, Day 2: INCOMPLETE
S:\Program Files\LiftLog\lib\program-state.ts:1185 [ProgramState] Recalculated progress to week 1 day 2
VM405 workout-logger.ts:1579 [WorkoutLogger] Found 191 workouts in database
VM405 workout-logger.ts:1580 [WorkoutLogger] Sample workout data: {id: 'f8cl49nci', user_id: '6bf0e5d0-cf5c-4820-90f5-346e1e2a4d4c', program_id: '0f1a9e64-fd05-4b88-94c0-2f79ce754b28', workout_name: 'Upper Body Strength', start_time: 1761257187099, …}
VM405 workout-logger.ts:1600 [WorkoutLogger] Loaded 191 workouts from database (forceRefresh: true )
VM405 workout-logger.ts:1610 [WorkoutLogger] Loading in-progress workouts...
S:\Program Files\LiftLog\lib\program-state.ts:1228 [ProgramState] Synced active program to database: {week: 1, day: 2}
S:\Program Files\LiftLog\components\workout-logger\hooks\use-workout-session.ts:153 [MOUNT] Progress recalculation completed
VM405 workout-logger.ts:1620 [WorkoutLogger] Found 1 in-progress workouts in database
VM405 workout-logger.ts:1639 [WorkoutLogger] Loaded 1 in-progress workouts from database (forceRefresh: true )
VM405 workout-logger.ts:1648 [WorkoutLogger] Database loading completed. Total records loaded: 192
S:\Program Files\LiftLog\lib\program-state.ts:1158 [ProgramState] Recalculating progress for user: 6bf0e5d0-cf5c-4820-90f5-346e1e2a4d4c
S:\Program Files\LiftLog\lib\program-state.ts:1159 [ProgramState] Days per week: 3
VM405 workout-logger.ts:1062 [WorkoutLogger] Week 1 Day 1 completion: {found: true, userId: '6bf0e5d0-cf5c-4820-90f5-346e1e2a4d4c'}
S:\Program Files\LiftLog\lib\program-state.ts:1171 [ProgramState] Completed workouts found: [{…}]
VM405 workout-logger.ts:1062 [WorkoutLogger] Week 1 Day 1 completion: {found: true, userId: '6bf0e5d0-cf5c-4820-90f5-346e1e2a4d4c'}
S:\Program Files\LiftLog\lib\program-state.ts:1179 [ProgramState] Week 1, Day 1: COMPLETED
S:\Program Files\LiftLog\lib\program-state.ts:1179 [ProgramState] Week 1, Day 2: INCOMPLETE
S:\Program Files\LiftLog\lib\program-state.ts:1185 [ProgramState] Recalculated progress to week 1 day 2
S:\Program Files\LiftLog\lib\program-state.ts:1228 [ProgramState] Synced active program to database: {week: 1, day: 2}
S:\Program Files\LiftLog\components\workout-logger\hooks\use-workout-session.ts:153 [MOUNT] Progress recalculation completed
(index):1 The resource http://localhost:3000/_next/static/css/app/layout.css?v=1761256915614 was preloaded using link preload but not used within a few seconds from the window's load event. Please make sure it has an appropriate `as` value and it is preloaded intentionally.
