main-app.js?v=1760569659985:1170 Download the React DevTools for a better development experience: https://react.dev/link/react-devtools
S:\Program Files\LiftLog\lib\session-manager.ts:272 [SessionManager] Dev tools available at window.SessionManager
S:\Program Files\LiftLog\lib\workout-logger.ts:162 [WorkoutLogger] Development tools available at window.WorkoutLoggerDev
S:\Program Files\LiftLog\lib\services\program-template-service.ts:371 [ProgramTemplateService] Warming cache...
S:\Program Files\LiftLog\lib\session-manager.ts:47 [SessionManager] 🔐 Starting session monitoring...
S:\Program Files\LiftLog\lib\session-manager.ts:73 [SessionManager] ✅ Session monitoring active
S:\Program Files\LiftLog\lib\session-manager.ts:51 [SessionManager] Auth state changed: SIGNED_IN
S:\Program Files\LiftLog\lib\session-manager.ts:61 [SessionManager] 🔓 User signed in
S:\Program Files\LiftLog\lib\session-manager.ts:51 [SessionManager] Auth state changed: INITIAL_SESSION
S:\Program Files\LiftLog\lib\session-manager.ts:125 [SessionManager] Session check: {expiresIn: '59 minutes', expiresAt: '4:07:38 AM', userId: '6bf0e5d0...'}
S:\Program Files\LiftLog\contexts\auth-context.tsx:63 [Auth] Loading comprehensive user application data for: 6bf0e5d0-cf5c-4820-90f5-346e1e2a4d4c
S:\Program Files\LiftLog\app\page.tsx:74 [HomePage] Data loading status: Loading your workout data...
S:\Program Files\LiftLog\app\page.tsx:74 [HomePage] Data loading status: Checking for data recovery...
S:\Program Files\LiftLog\contexts\auth-context.tsx:78 [Auth] Development mode: checking for port change scenario
S:\Program Files\LiftLog\lib\workout-logger.ts:2000 [WorkoutLogger] Loading user data from database (forceRefresh: true )
S:\Program Files\LiftLog\lib\workout-logger.ts:2007 [WorkoutLogger] Testing database access...
S:\Program Files\LiftLog\lib\dev-data-recovery.ts:208 [DevDataRecovery] Development tools available at window.DevDataRecovery
S:\Program Files\LiftLog\lib\dev-data-recovery.ts:163 [DevDataRecovery] === Recovery Statistics ===
S:\Program Files\LiftLog\lib\dev-data-recovery.ts:169 [DevDataRecovery] Local storage:
S:\Program Files\LiftLog\lib\dev-data-recovery.ts:170   Workouts data: Missing
S:\Program Files\LiftLog\lib\dev-data-recovery.ts:171   Program data: Missing
S:\Program Files\LiftLog\lib\services\program-template-service.ts:382 [ProgramTemplateService] Cache warmed with 2 templates
S:\Program Files\LiftLog\components\template-cache-warmer.tsx:20 [TemplateCacheWarmer] Cache warmed successfully
S:\Program Files\LiftLog\lib\workout-logger.ts:2023 [WorkoutLogger] Loading completed workouts...
S:\Program Files\LiftLog\lib\dev-data-recovery.ts:186 [DevDataRecovery] Database:
S:\Program Files\LiftLog\lib\dev-data-recovery.ts:187   Recent workouts: 5
S:\Program Files\LiftLog\lib\dev-data-recovery.ts:188   Active programs: 1
S:\Program Files\LiftLog\lib\dev-data-recovery.ts:191   Recent workout details: (5) [{…}, {…}, {…}, {…}, {…}]
S:\Program Files\LiftLog\lib\dev-data-recovery.ts:194   Active program details: {program_id: '44f1e494-178a-4e14-aaa2-651dd8844163', current_week: 2, current_day: 1}
S:\Program Files\LiftLog\lib\dev-data-recovery.ts:198 [DevDataRecovery] === End Recovery Statistics ===
S:\Program Files\LiftLog\lib\dev-data-recovery.ts:15 [DevDataRecovery] Checking for port change scenario...
S:\Program Files\LiftLog\lib\dev-data-recovery.ts:23 [DevDataRecovery] Local storage status: {hasLocalWorkoutData: false, hasLocalInProgressData: false, hasLocalProgramData: false, userId: '6bf0e5d0-cf5c-4820-90f5-346e1e2a4d4c'}
S:\Program Files\LiftLog\lib\workout-logger.ts:2038 [WorkoutLogger] Found 33 workouts in database
S:\Program Files\LiftLog\lib\workout-logger.ts:2039 [WorkoutLogger] Sample workout data: {id: 'v8dd51axx', user_id: '6bf0e5d0-cf5c-4820-90f5-346e1e2a4d4c', program_id: '44f1e494-178a-4e14-aaa2-651dd8844163', workout_name: 'Full Body A', start_time: 1760565549814, …}
S:\Program Files\LiftLog\lib\workout-logger.ts:2062 [WorkoutLogger] Loaded 33 workouts from database (forceRefresh: true )
S:\Program Files\LiftLog\lib\workout-logger.ts:2074 [WorkoutLogger] Loading in-progress workouts...
S:\Program Files\LiftLog\lib\workout-logger.ts:2118 [WorkoutLogger] No in-progress workouts found in database
S:\Program Files\LiftLog\lib\workout-logger.ts:2121 [WorkoutLogger] Database loading completed. Total records loaded: 33
S:\Program Files\LiftLog\lib\dev-data-recovery.ts:81 [DevDataRecovery] Database data found: {hasWorkouts: true, hasPrograms: true, workoutsCount: 1, programsCount: 1}
S:\Program Files\LiftLog\lib\dev-data-recovery.ts:33 [DevDataRecovery] Database has data: true
S:\Program Files\LiftLog\app\page.tsx:74 [HomePage] Data loading status: Recovering data from database...
S:\Program Files\LiftLog\contexts\auth-context.tsx:89 [Auth] Port change detected, initiating recovery
S:\Program Files\LiftLog\lib\dev-data-recovery.ts:105 [DevDataRecovery] Starting data recovery for user: 6bf0e5d0-cf5c-4820-90f5-346e1e2a4d4c
S:\Program Files\LiftLog\lib\workout-logger.ts:2000 [WorkoutLogger] Loading user data from database (forceRefresh: true )
S:\Program Files\LiftLog\lib\workout-logger.ts:2007 [WorkoutLogger] Testing database access...
S:\Program Files\LiftLog\lib\program-state.ts:237 [ProgramState] Loaded template from database: 44f1e494-178a-4e14-aaa2-651dd8844163
S:\Program Files\LiftLog\lib\workout-logger.ts:1331 [WorkoutLogger] Week 1 Day 1 completion: {found: true, userId: '6bf0e5d0-cf5c-4820-90f5-346e1e2a4d4c'}
S:\Program Files\LiftLog\lib\program-state.ts:910 [ProgramState] Loaded active program from database
S:\Program Files\LiftLog\lib\workout-logger.ts:2023 [WorkoutLogger] Loading completed workouts...
S:\Program Files\LiftLog\lib\program-state.ts:941 [ProgramState] Loaded program history from database
S:\Program Files\LiftLog\components\workout-logger\hooks\use-workout-session.ts:1666 Rendering workout with 0 exercises
S:\Program Files\LiftLog\components\workout-logger\hooks\use-workout-session.ts:1666 Rendering workout with 0 exercises
S:\Program Files\LiftLog\lib\workout-logger.ts:2000 [WorkoutLogger] Loading user data from database (forceRefresh: true )
S:\Program Files\LiftLog\lib\workout-logger.ts:2007 [WorkoutLogger] Testing database access...
S:\Program Files\LiftLog\components\workout-logger\hooks\use-workout-session.ts:194 💾 RAW LOCALSTORAGE CHECK: {inProgressKey: 'liftlog_in_progress_workouts', rawValue: null, parsed: null}
S:\Program Files\LiftLog\lib\workout-logger.ts:2000 [WorkoutLogger] Loading user data from database (forceRefresh: true )
S:\Program Files\LiftLog\lib\workout-logger.ts:2007 [WorkoutLogger] Testing database access...
S:\Program Files\LiftLog\components\workout-logger\hooks\use-workout-session.ts:194 💾 RAW LOCALSTORAGE CHECK: {inProgressKey: 'liftlog_in_progress_workouts', rawValue: null, parsed: null}
S:\Program Files\LiftLog\components\workout-logger\hooks\use-workout-session.ts:444 No existing workout or initialWorkout, loading current workout from program
S:\Program Files\LiftLog\components\workout-logger\hooks\use-workout-session.ts:444 No existing workout or initialWorkout, loading current workout from program
S:\Program Files\LiftLog\components\workout-logger\hooks\use-workout-session.ts:1666 Rendering workout with 0 exercises
S:\Program Files\LiftLog\components\workout-logger\hooks\use-workout-session.ts:1666 Rendering workout with 0 exercises
S:\Program Files\LiftLog\lib\workout-logger.ts:2038 [WorkoutLogger] Found 33 workouts in database
S:\Program Files\LiftLog\lib\workout-logger.ts:2039 [WorkoutLogger] Sample workout data: {id: 'v8dd51axx', user_id: '6bf0e5d0-cf5c-4820-90f5-346e1e2a4d4c', program_id: '44f1e494-178a-4e14-aaa2-651dd8844163', workout_name: 'Full Body A', start_time: 1760565549814, …}
S:\Program Files\LiftLog\lib\workout-logger.ts:2062 [WorkoutLogger] Loaded 33 workouts from database (forceRefresh: true )
S:\Program Files\LiftLog\lib\workout-logger.ts:2074 [WorkoutLogger] Loading in-progress workouts...
S:\Program Files\LiftLog\lib\workout-logger.ts:2023 [WorkoutLogger] Loading completed workouts...
S:\Program Files\LiftLog\lib\workout-logger.ts:988 [v0] Creating new workout for week 2 day 1
S:\Program Files\LiftLog\lib\workout-logger.ts:1021 [v0] Created workout structure: {id: 'expco64k5', exerciseCount: 3, exercises: Array(3)}
S:\Program Files\LiftLog\lib\workout-logger.ts:809 [WorkoutLogger.saveCurrentWorkout] Using storage key: liftlog_in_progress_workouts_6bf0e5d0-cf5c-4820-90f5-346e1e2a4d4c for workout ID: expco64k5
S:\Program Files\LiftLog\lib\workout-logger.ts:814 [WorkoutLogger.saveCurrentWorkout] Found 0 existing in-progress workouts
S:\Program Files\LiftLog\lib\workout-logger.ts:828 [WorkoutLogger.saveCurrentWorkout] After adding workout, total in-progress: 1
S:\Program Files\LiftLog\lib\workout-logger.ts:831 [WorkoutLogger.saveCurrentWorkout] Saved to localStorage successfully
S:\Program Files\LiftLog\lib\workout-logger.ts:1031 [v0] Saved workout to localStorage
S:\Program Files\LiftLog\components\workout-logger\hooks\use-workout-session.ts:457 🆕 COMPONENT NEW WORKOUT - Created from current program workout: {id: 'expco64k5', week: 2, day: 1, exerciseCount: 3, workoutName: 'Full Body A'}
S:\Program Files\LiftLog\components\workout-logger\hooks\use-workout-session.ts:1666 Rendering workout with 3 exercises
S:\Program Files\LiftLog\components\workout-logger\hooks\use-workout-session.ts:1668 Exercise 1: Barbell Squat - 3 sets
S:\Program Files\LiftLog\components\workout-logger\hooks\use-workout-session.ts:1668 Exercise 2: Bench Press (Flat) - 3 sets
S:\Program Files\LiftLog\components\workout-logger\hooks\use-workout-session.ts:1668 Exercise 3: Barbell Bent Over Row - 3 sets
S:\Program Files\LiftLog\components\workout-logger\hooks\use-workout-session.ts:1666 Rendering workout with 3 exercises
S:\Program Files\LiftLog\components\workout-logger\hooks\use-workout-session.ts:1668 Exercise 1: Barbell Squat - 3 sets
S:\Program Files\LiftLog\components\workout-logger\hooks\use-workout-session.ts:1668 Exercise 2: Bench Press (Flat) - 3 sets
S:\Program Files\LiftLog\components\workout-logger\hooks\use-workout-session.ts:1668 Exercise 3: Barbell Bent Over Row - 3 sets
S:\Program Files\LiftLog\lib\workout-logger.ts:2038 [WorkoutLogger] Found 33 workouts in database
S:\Program Files\LiftLog\lib\workout-logger.ts:2039 [WorkoutLogger] Sample workout data: {id: 'v8dd51axx', user_id: '6bf0e5d0-cf5c-4820-90f5-346e1e2a4d4c', program_id: '44f1e494-178a-4e14-aaa2-651dd8844163', workout_name: 'Full Body A', start_time: 1760565549814, …}
S:\Program Files\LiftLog\lib\workout-logger.ts:2062 [WorkoutLogger] Loaded 33 workouts from database (forceRefresh: true )
S:\Program Files\LiftLog\lib\workout-logger.ts:2074 [WorkoutLogger] Loading in-progress workouts...
S:\Program Files\LiftLog\lib\workout-logger.ts:2023 [WorkoutLogger] Loading completed workouts...
S:\Program Files\LiftLog\lib\workout-logger.ts:2118 [WorkoutLogger] No in-progress workouts found in database
S:\Program Files\LiftLog\lib\workout-logger.ts:2121 [WorkoutLogger] Database loading completed. Total records loaded: 33
S:\Program Files\LiftLog\lib\dev-data-recovery.ts:109 [DevDataRecovery] Workout data loaded
S:\Program Files\LiftLog\lib\workout-logger.ts:2000 [WorkoutLogger] Loading user data from database (forceRefresh: true )
S:\Program Files\LiftLog\lib\workout-logger.ts:2007 [WorkoutLogger] Testing database access...
S:\Program Files\LiftLog\lib\workout-logger.ts:2038 [WorkoutLogger] Found 33 workouts in database
S:\Program Files\LiftLog\lib\workout-logger.ts:2039 [WorkoutLogger] Sample workout data: {id: 'v8dd51axx', user_id: '6bf0e5d0-cf5c-4820-90f5-346e1e2a4d4c', program_id: '44f1e494-178a-4e14-aaa2-651dd8844163', workout_name: 'Full Body A', start_time: 1760565549814, …}
S:\Program Files\LiftLog\lib\workout-logger.ts:2062 [WorkoutLogger] Loaded 33 workouts from database (forceRefresh: true )
S:\Program Files\LiftLog\lib\workout-logger.ts:2074 [WorkoutLogger] Loading in-progress workouts...
S:\Program Files\LiftLog\lib\workout-logger.ts:965 [v0] Found existing workout for week 2 day 1 with 3 exercises
S:\Program Files\LiftLog\lib\workout-logger.ts:974 [v0] Workout structure: {id: 'expco64k5', exerciseCount: 3, exercises: Array(3)}
S:\Program Files\LiftLog\components\workout-logger\hooks\use-workout-session.ts:457 🆕 COMPONENT NEW WORKOUT - Created from current program workout: {id: 'expco64k5', week: 2, day: 1, exerciseCount: 3, workoutName: 'Full Body A'}
S:\Program Files\LiftLog\components\workout-logger\hooks\use-workout-session.ts:1666 Rendering workout with 3 exercises
S:\Program Files\LiftLog\components\workout-logger\hooks\use-workout-session.ts:1668 Exercise 1: Barbell Squat - 3 sets
S:\Program Files\LiftLog\components\workout-logger\hooks\use-workout-session.ts:1668 Exercise 2: Bench Press (Flat) - 3 sets
S:\Program Files\LiftLog\components\workout-logger\hooks\use-workout-session.ts:1668 Exercise 3: Barbell Bent Over Row - 3 sets
S:\Program Files\LiftLog\components\workout-logger\hooks\use-workout-session.ts:1666 Rendering workout with 3 exercises
S:\Program Files\LiftLog\components\workout-logger\hooks\use-workout-session.ts:1668 Exercise 1: Barbell Squat - 3 sets
S:\Program Files\LiftLog\components\workout-logger\hooks\use-workout-session.ts:1668 Exercise 2: Bench Press (Flat) - 3 sets
S:\Program Files\LiftLog\components\workout-logger\hooks\use-workout-session.ts:1668 Exercise 3: Barbell Bent Over Row - 3 sets
S:\Program Files\LiftLog\lib\workout-logger.ts:2118 [WorkoutLogger] No in-progress workouts found in database
S:\Program Files\LiftLog\lib\workout-logger.ts:2121 [WorkoutLogger] Database loading completed. Total records loaded: 33
S:\Program Files\LiftLog\components\workout-logger\hooks\use-workout-session.ts:101 ===== STORAGE DEBUG =====
S:\Program Files\LiftLog\components\workout-logger\hooks\use-workout-session.ts:122 IN-PROGRESS WORKOUTS: None
S:\Program Files\LiftLog\components\workout-logger\hooks\use-workout-session.ts:144 WORKOUT HISTORY: None
S:\Program Files\LiftLog\components\workout-logger\hooks\use-workout-session.ts:147 ===== END STORAGE DEBUG =====
S:\Program Files\LiftLog\lib\workout-logger.ts:2000 [WorkoutLogger] Loading user data from database (forceRefresh: true )
S:\Program Files\LiftLog\lib\workout-logger.ts:2007 [WorkoutLogger] Testing database access...
S:\Program Files\LiftLog\lib\workout-logger.ts:2023 [WorkoutLogger] Loading completed workouts...
S:\Program Files\LiftLog\lib\workout-logger.ts:2118 [WorkoutLogger] No in-progress workouts found in database
S:\Program Files\LiftLog\lib\workout-logger.ts:2121 [WorkoutLogger] Database loading completed. Total records loaded: 33
S:\Program Files\LiftLog\components\workout-logger\hooks\use-workout-session.ts:101 ===== STORAGE DEBUG =====
S:\Program Files\LiftLog\components\workout-logger\hooks\use-workout-session.ts:122 IN-PROGRESS WORKOUTS: None
S:\Program Files\LiftLog\components\workout-logger\hooks\use-workout-session.ts:144 WORKOUT HISTORY: None
S:\Program Files\LiftLog\components\workout-logger\hooks\use-workout-session.ts:147 ===== END STORAGE DEBUG =====
S:\Program Files\LiftLog\lib\workout-logger.ts:2000 [WorkoutLogger] Loading user data from database (forceRefresh: true )
S:\Program Files\LiftLog\lib\workout-logger.ts:2007 [WorkoutLogger] Testing database access...
S:\Program Files\LiftLog\lib\workout-logger.ts:2023 [WorkoutLogger] Loading completed workouts...
S:\Program Files\LiftLog\lib\workout-logger.ts:2038 [WorkoutLogger] Found 33 workouts in database
S:\Program Files\LiftLog\lib\workout-logger.ts:2039 [WorkoutLogger] Sample workout data: {id: 'v8dd51axx', user_id: '6bf0e5d0-cf5c-4820-90f5-346e1e2a4d4c', program_id: '44f1e494-178a-4e14-aaa2-651dd8844163', workout_name: 'Full Body A', start_time: 1760565549814, …}
S:\Program Files\LiftLog\lib\workout-logger.ts:2062 [WorkoutLogger] Loaded 33 workouts from database (forceRefresh: true )
S:\Program Files\LiftLog\lib\workout-logger.ts:2074 [WorkoutLogger] Loading in-progress workouts...
S:\Program Files\LiftLog\lib\workout-logger.ts:2023 [WorkoutLogger] Loading completed workouts...
S:\Program Files\LiftLog\lib\workout-logger.ts:2038 [WorkoutLogger] Found 33 workouts in database
S:\Program Files\LiftLog\lib\workout-logger.ts:2039 [WorkoutLogger] Sample workout data: {id: 'v8dd51axx', user_id: '6bf0e5d0-cf5c-4820-90f5-346e1e2a4d4c', program_id: '44f1e494-178a-4e14-aaa2-651dd8844163', workout_name: 'Full Body A', start_time: 1760565549814, …}
S:\Program Files\LiftLog\lib\workout-logger.ts:2062 [WorkoutLogger] Loaded 33 workouts from database (forceRefresh: true )
S:\Program Files\LiftLog\lib\workout-logger.ts:2074 [WorkoutLogger] Loading in-progress workouts...
S:\Program Files\LiftLog\lib\workout-logger.ts:2118 [WorkoutLogger] No in-progress workouts found in database
S:\Program Files\LiftLog\lib\workout-logger.ts:2121 [WorkoutLogger] Database loading completed. Total records loaded: 33
S:\Program Files\LiftLog\lib\workout-logger.ts:2118 [WorkoutLogger] No in-progress workouts found in database
S:\Program Files\LiftLog\lib\workout-logger.ts:2121 [WorkoutLogger] Database loading completed. Total records loaded: 33
S:\Program Files\LiftLog\lib\workout-logger.ts:2038 [WorkoutLogger] Found 33 workouts in database
S:\Program Files\LiftLog\lib\workout-logger.ts:2039 [WorkoutLogger] Sample workout data: {id: 'v8dd51axx', user_id: '6bf0e5d0-cf5c-4820-90f5-346e1e2a4d4c', program_id: '44f1e494-178a-4e14-aaa2-651dd8844163', workout_name: 'Full Body A', start_time: 1760565549814, …}
S:\Program Files\LiftLog\lib\workout-logger.ts:2062 [WorkoutLogger] Loaded 33 workouts from database (forceRefresh: true )
S:\Program Files\LiftLog\lib\workout-logger.ts:2074 [WorkoutLogger] Loading in-progress workouts...
S:\Program Files\LiftLog\lib\program-state.ts:237 [ProgramState] Loaded template from database: 44f1e494-178a-4e14-aaa2-651dd8844163
S:\Program Files\LiftLog\lib\workout-logger.ts:1331 [WorkoutLogger] Week 1 Day 1 completion: {found: true, userId: '6bf0e5d0-cf5c-4820-90f5-346e1e2a4d4c'}
S:\Program Files\LiftLog\lib\program-state.ts:910 [ProgramState] Loaded active program from database
S:\Program Files\LiftLog\lib\workout-logger.ts:2118 [WorkoutLogger] No in-progress workouts found in database
S:\Program Files\LiftLog\lib\workout-logger.ts:2121 [WorkoutLogger] Database loading completed. Total records loaded: 33
S:\Program Files\LiftLog\lib\program-state.ts:237 [ProgramState] Loaded template from database: 44f1e494-178a-4e14-aaa2-651dd8844163
S:\Program Files\LiftLog\lib\workout-logger.ts:1331 [WorkoutLogger] Week 1 Day 1 completion: {found: true, userId: '6bf0e5d0-cf5c-4820-90f5-346e1e2a4d4c'}
S:\Program Files\LiftLog\lib\program-state.ts:910 [ProgramState] Loaded active program from database
S:\Program Files\LiftLog\lib\program-state.ts:941 [ProgramState] Loaded program history from database
S:\Program Files\LiftLog\lib\dev-data-recovery.ts:113 [DevDataRecovery] Program state loaded
S:\Program Files\LiftLog\lib\dev-data-recovery.ts:121 [DevDataRecovery] Recovery status: {successful: true, hasWorkoutData: true, hasProgramData: true}
S:\Program Files\LiftLog\app\page.tsx:74 [HomePage] Data loading status: Data recovered successfully!
S:\Program Files\LiftLog\contexts\auth-context.tsx:93 [Auth] Data recovery completed successfully
S:\Program Files\LiftLog\components\workout-logger\hooks\use-workout-session.ts:1666 Rendering workout with 3 exercises
S:\Program Files\LiftLog\components\workout-logger\hooks\use-workout-session.ts:1668 Exercise 1: Barbell Squat - 3 sets
S:\Program Files\LiftLog\components\workout-logger\hooks\use-workout-session.ts:1668 Exercise 2: Bench Press (Flat) - 3 sets
S:\Program Files\LiftLog\components\workout-logger\hooks\use-workout-session.ts:1668 Exercise 3: Barbell Bent Over Row - 3 sets
S:\Program Files\LiftLog\components\workout-logger\hooks\use-workout-session.ts:1666 Rendering workout with 3 exercises
S:\Program Files\LiftLog\components\workout-logger\hooks\use-workout-session.ts:1668 Exercise 1: Barbell Squat - 3 sets
S:\Program Files\LiftLog\components\workout-logger\hooks\use-workout-session.ts:1668 Exercise 2: Bench Press (Flat) - 3 sets
S:\Program Files\LiftLog\components\workout-logger\hooks\use-workout-session.ts:1668 Exercise 3: Barbell Bent Over Row - 3 sets
S:\Program Files\LiftLog\lib\program-state.ts:237 [ProgramState] Loaded template from database: 44f1e494-178a-4e14-aaa2-651dd8844163
S:\Program Files\LiftLog\lib\workout-logger.ts:1331 [WorkoutLogger] Week 1 Day 1 completion: {found: true, userId: '6bf0e5d0-cf5c-4820-90f5-346e1e2a4d4c'}
S:\Program Files\LiftLog\lib\program-state.ts:910 [ProgramState] Loaded active program from database
S:\Program Files\LiftLog\lib\program-state.ts:941 [ProgramState] Loaded program history from database
S:\Program Files\LiftLog\lib\workout-logger.ts:2000 [WorkoutLogger] Loading user data from database (forceRefresh: true )
S:\Program Files\LiftLog\lib\workout-logger.ts:2007 [WorkoutLogger] Testing database access...
S:\Program Files\LiftLog\lib\auth.ts:252 [Auth] Loading user data from database (forceRefresh: false )...
S:\Program Files\LiftLog\lib\dev-data-recovery.ts:15 [DevDataRecovery] Checking for port change scenario...
S:\Program Files\LiftLog\lib\dev-data-recovery.ts:23 [DevDataRecovery] Local storage status: {hasLocalWorkoutData: true, hasLocalInProgressData: true, hasLocalProgramData: true, userId: '6bf0e5d0-cf5c-4820-90f5-346e1e2a4d4c'}
S:\Program Files\LiftLog\lib\auth.ts:279 [Auth] Using safe loading (preserves local data)
S:\Program Files\LiftLog\lib\auth.ts:296 [Auth] Using safe loading (preserves local data)
S:\Program Files\LiftLog\lib\auth.ts:299 [Auth] Loading fresh data from database (database is source of truth)
S:\Program Files\LiftLog\lib\workout-logger.ts:2000 [WorkoutLogger] Loading user data from database (forceRefresh: true )
S:\Program Files\LiftLog\lib\workout-logger.ts:2007 [WorkoutLogger] Testing database access...
S:\Program Files\LiftLog\lib\workout-logger.ts:2000 [WorkoutLogger] Loading user data from database (forceRefresh: false )
S:\Program Files\LiftLog\lib\workout-logger.ts:2007 [WorkoutLogger] Testing database access...
S:\Program Files\LiftLog\lib\program-state.ts:941 [ProgramState] Loaded program history from database
S:\Program Files\LiftLog\lib\workout-logger.ts:2000 [WorkoutLogger] Loading user data from database (forceRefresh: true )
S:\Program Files\LiftLog\lib\workout-logger.ts:2007 [WorkoutLogger] Testing database access...
S:\Program Files\LiftLog\lib\workout-logger.ts:2023 [WorkoutLogger] Loading completed workouts...
S:\Program Files\LiftLog\lib\workout-logger.ts:2023 [WorkoutLogger] Loading completed workouts...
S:\Program Files\LiftLog\lib\workout-logger.ts:2038 [WorkoutLogger] Found 33 workouts in database
S:\Program Files\LiftLog\lib\workout-logger.ts:2039 [WorkoutLogger] Sample workout data: {id: 'v8dd51axx', user_id: '6bf0e5d0-cf5c-4820-90f5-346e1e2a4d4c', program_id: '44f1e494-178a-4e14-aaa2-651dd8844163', workout_name: 'Full Body A', start_time: 1760565549814, …}
S:\Program Files\LiftLog\lib\workout-logger.ts:2062 [WorkoutLogger] Loaded 33 workouts from database (forceRefresh: true )
S:\Program Files\LiftLog\lib\workout-logger.ts:2074 [WorkoutLogger] Loading in-progress workouts...
S:\Program Files\LiftLog\lib\workout-logger.ts:2023 [WorkoutLogger] Loading completed workouts...
S:\Program Files\LiftLog\lib\workout-logger.ts:2038 [WorkoutLogger] Found 33 workouts in database
S:\Program Files\LiftLog\lib\workout-logger.ts:2039 [WorkoutLogger] Sample workout data: {id: 'v8dd51axx', user_id: '6bf0e5d0-cf5c-4820-90f5-346e1e2a4d4c', program_id: '44f1e494-178a-4e14-aaa2-651dd8844163', workout_name: 'Full Body A', start_time: 1760565549814, …}
S:\Program Files\LiftLog\lib\workout-logger.ts:2062 [WorkoutLogger] Loaded 33 workouts from database (forceRefresh: true )
S:\Program Files\LiftLog\lib\workout-logger.ts:2074 [WorkoutLogger] Loading in-progress workouts...
S:\Program Files\LiftLog\lib\workout-logger.ts:2118 [WorkoutLogger] No in-progress workouts found in database
S:\Program Files\LiftLog\lib\workout-logger.ts:2121 [WorkoutLogger] Database loading completed. Total records loaded: 33
S:\Program Files\LiftLog\lib\program-state.ts:675 [ProgramState] Recalculating progress for user: 6bf0e5d0-cf5c-4820-90f5-346e1e2a4d4c
S:\Program Files\LiftLog\lib\program-state.ts:676 [ProgramState] Days per week: 3
S:\Program Files\LiftLog\lib\workout-logger.ts:1331 [WorkoutLogger] Week 1 Day 1 completion: {found: true, userId: '6bf0e5d0-cf5c-4820-90f5-346e1e2a4d4c'}
S:\Program Files\LiftLog\lib\program-state.ts:688 [ProgramState] Completed workouts found: (18) [{…}, {…}, {…}, {…}, {…}, {…}, {…}, {…}, {…}, {…}, {…}, {…}, {…}, {…}, {…}, {…}, {…}, {…}]
S:\Program Files\LiftLog\lib\workout-logger.ts:1331 [WorkoutLogger] Week 1 Day 1 completion: {found: true, userId: '6bf0e5d0-cf5c-4820-90f5-346e1e2a4d4c'}
S:\Program Files\LiftLog\lib\program-state.ts:696 [ProgramState] Week 1, Day 1: COMPLETED
S:\Program Files\LiftLog\lib\program-state.ts:696 [ProgramState] Week 1, Day 2: COMPLETED
S:\Program Files\LiftLog\lib\program-state.ts:696 [ProgramState] Week 1, Day 3: COMPLETED
S:\Program Files\LiftLog\lib\program-state.ts:696 [ProgramState] Week 2, Day 1: COMPLETED
S:\Program Files\LiftLog\lib\program-state.ts:696 [ProgramState] Week 2, Day 2: COMPLETED
S:\Program Files\LiftLog\lib\program-state.ts:696 [ProgramState] Week 2, Day 3: COMPLETED
S:\Program Files\LiftLog\lib\program-state.ts:696 [ProgramState] Week 3, Day 1: COMPLETED
S:\Program Files\LiftLog\lib\program-state.ts:696 [ProgramState] Week 3, Day 2: COMPLETED
S:\Program Files\LiftLog\lib\program-state.ts:696 [ProgramState] Week 3, Day 3: COMPLETED
S:\Program Files\LiftLog\lib\program-state.ts:696 [ProgramState] Week 4, Day 1: COMPLETED
S:\Program Files\LiftLog\lib\program-state.ts:696 [ProgramState] Week 4, Day 2: COMPLETED
S:\Program Files\LiftLog\lib\program-state.ts:696 [ProgramState] Week 4, Day 3: COMPLETED
S:\Program Files\LiftLog\lib\program-state.ts:696 [ProgramState] Week 5, Day 1: COMPLETED
S:\Program Files\LiftLog\lib\program-state.ts:696 [ProgramState] Week 5, Day 2: COMPLETED
S:\Program Files\LiftLog\lib\program-state.ts:696 [ProgramState] Week 5, Day 3: COMPLETED
S:\Program Files\LiftLog\lib\program-state.ts:696 [ProgramState] Week 6, Day 1: COMPLETED
S:\Program Files\LiftLog\lib\program-state.ts:696 [ProgramState] Week 6, Day 2: COMPLETED
S:\Program Files\LiftLog\lib\program-state.ts:696 [ProgramState] Week 6, Day 3: COMPLETED
S:\Program Files\LiftLog\lib\program-state.ts:711 [ProgramState] All workouts appear to be completed, staying at current position
S:\Program Files\LiftLog\lib\workout-logger.ts:2023 [WorkoutLogger] Loading completed workouts...
S:\Program Files\LiftLog\lib\workout-logger.ts:2038 [WorkoutLogger] Found 33 workouts in database
S:\Program Files\LiftLog\lib\workout-logger.ts:2039 [WorkoutLogger] Sample workout data: {id: 'v8dd51axx', user_id: '6bf0e5d0-cf5c-4820-90f5-346e1e2a4d4c', program_id: '44f1e494-178a-4e14-aaa2-651dd8844163', workout_name: 'Full Body A', start_time: 1760565549814, …}
S:\Program Files\LiftLog\lib\workout-logger.ts:2064 [WorkoutLogger] Preserving local workouts, found 46837 characters of local data
S:\Program Files\LiftLog\lib\workout-logger.ts:2074 [WorkoutLogger] Loading in-progress workouts...
S:\Program Files\LiftLog\lib\workout-logger.ts:2118 [WorkoutLogger] No in-progress workouts found in database
S:\Program Files\LiftLog\lib\workout-logger.ts:2121 [WorkoutLogger] Database loading completed. Total records loaded: 33
S:\Program Files\LiftLog\lib\workout-logger.ts:2038 [WorkoutLogger] Found 33 workouts in database
S:\Program Files\LiftLog\lib\workout-logger.ts:2039 [WorkoutLogger] Sample workout data: {id: 'v8dd51axx', user_id: '6bf0e5d0-cf5c-4820-90f5-346e1e2a4d4c', program_id: '44f1e494-178a-4e14-aaa2-651dd8844163', workout_name: 'Full Body A', start_time: 1760565549814, …}
S:\Program Files\LiftLog\lib\workout-logger.ts:2062 [WorkoutLogger] Loaded 33 workouts from database (forceRefresh: true )
S:\Program Files\LiftLog\lib\workout-logger.ts:2074 [WorkoutLogger] Loading in-progress workouts...
S:\Program Files\LiftLog\lib\workout-logger.ts:2118 [WorkoutLogger] No in-progress workouts found in database
S:\Program Files\LiftLog\lib\workout-logger.ts:2121 [WorkoutLogger] Database loading completed. Total records loaded: 33
S:\Program Files\LiftLog\lib\program-state.ts:237 [ProgramState] Loaded template from database: 44f1e494-178a-4e14-aaa2-651dd8844163
S:\Program Files\LiftLog\lib\workout-logger.ts:1331 [WorkoutLogger] Week 1 Day 1 completion: {found: true, userId: '6bf0e5d0-cf5c-4820-90f5-346e1e2a4d4c'}
S:\Program Files\LiftLog\lib\program-state.ts:910 [ProgramState] Loaded active program from database
S:\Program Files\LiftLog\lib\workout-logger.ts:2118 [WorkoutLogger] No in-progress workouts found in database
S:\Program Files\LiftLog\lib\workout-logger.ts:2121 [WorkoutLogger] Database loading completed. Total records loaded: 33
S:\Program Files\LiftLog\lib\program-state.ts:675 [ProgramState] Recalculating progress for user: 6bf0e5d0-cf5c-4820-90f5-346e1e2a4d4c
S:\Program Files\LiftLog\lib\program-state.ts:676 [ProgramState] Days per week: 3
S:\Program Files\LiftLog\lib\workout-logger.ts:1331 [WorkoutLogger] Week 1 Day 1 completion: {found: true, userId: '6bf0e5d0-cf5c-4820-90f5-346e1e2a4d4c'}
S:\Program Files\LiftLog\lib\program-state.ts:688 [ProgramState] Completed workouts found: (18) [{…}, {…}, {…}, {…}, {…}, {…}, {…}, {…}, {…}, {…}, {…}, {…}, {…}, {…}, {…}, {…}, {…}, {…}]
S:\Program Files\LiftLog\lib\workout-logger.ts:1331 [WorkoutLogger] Week 1 Day 1 completion: {found: true, userId: '6bf0e5d0-cf5c-4820-90f5-346e1e2a4d4c'}
S:\Program Files\LiftLog\lib\program-state.ts:696 [ProgramState] Week 1, Day 1: COMPLETED
S:\Program Files\LiftLog\lib\program-state.ts:696 [ProgramState] Week 1, Day 2: COMPLETED
S:\Program Files\LiftLog\lib\program-state.ts:696 [ProgramState] Week 1, Day 3: COMPLETED
S:\Program Files\LiftLog\lib\program-state.ts:696 [ProgramState] Week 2, Day 1: COMPLETED
S:\Program Files\LiftLog\lib\program-state.ts:696 [ProgramState] Week 2, Day 2: COMPLETED
S:\Program Files\LiftLog\lib\program-state.ts:696 [ProgramState] Week 2, Day 3: COMPLETED
S:\Program Files\LiftLog\lib\program-state.ts:696 [ProgramState] Week 3, Day 1: COMPLETED
S:\Program Files\LiftLog\lib\program-state.ts:696 [ProgramState] Week 3, Day 2: COMPLETED
S:\Program Files\LiftLog\lib\program-state.ts:696 [ProgramState] Week 3, Day 3: COMPLETED
S:\Program Files\LiftLog\lib\program-state.ts:696 [ProgramState] Week 4, Day 1: COMPLETED
S:\Program Files\LiftLog\lib\program-state.ts:696 [ProgramState] Week 4, Day 2: COMPLETED
S:\Program Files\LiftLog\lib\program-state.ts:696 [ProgramState] Week 4, Day 3: COMPLETED
S:\Program Files\LiftLog\lib\program-state.ts:696 [ProgramState] Week 5, Day 1: COMPLETED
S:\Program Files\LiftLog\lib\program-state.ts:696 [ProgramState] Week 5, Day 2: COMPLETED
S:\Program Files\LiftLog\lib\program-state.ts:696 [ProgramState] Week 5, Day 3: COMPLETED
S:\Program Files\LiftLog\lib\program-state.ts:696 [ProgramState] Week 6, Day 1: COMPLETED
S:\Program Files\LiftLog\lib\program-state.ts:696 [ProgramState] Week 6, Day 2: COMPLETED
S:\Program Files\LiftLog\lib\program-state.ts:696 [ProgramState] Week 6, Day 3: COMPLETED
S:\Program Files\LiftLog\lib\program-state.ts:711 [ProgramState] All workouts appear to be completed, staying at current position
S:\Program Files\LiftLog\lib\program-state.ts:941 [ProgramState] Loaded program history from database
S:\Program Files\LiftLog\lib\auth.ts:307 [Auth] User data loaded successfully
S:\Program Files\LiftLog\app\page.tsx:74 [HomePage] Data loading status: Validating workout data...
S:\Program Files\LiftLog\lib\workout-logger.ts:199 [WorkoutLogger] Starting migration from global to user-specific keys for user: 6bf0e5d0-cf5c-4820-90f5-346e1e2a4d4c
S:\Program Files\LiftLog\lib\workout-logger.ts:327 [WorkoutLogger] Starting cleanup of corrupted workouts...
S:\Program Files\LiftLog\lib\workout-logger.ts:388 [WorkoutLogger] Removing corrupted completed workout: inrb0ldas
S:\Program Files\LiftLog\lib\workout-logger.ts:388 [WorkoutLogger] Removing corrupted completed workout: qc8t59pjf
S:\Program Files\LiftLog\lib\workout-logger.ts:388 [WorkoutLogger] Removing corrupted completed workout: gjj40h0s2
S:\Program Files\LiftLog\lib\workout-logger.ts:388 [WorkoutLogger] Removing corrupted completed workout: jdatj7xev
S:\Program Files\LiftLog\lib\workout-logger.ts:388 [WorkoutLogger] Removing corrupted completed workout: qj2ffnqe0
S:\Program Files\LiftLog\lib\workout-logger.ts:388 [WorkoutLogger] Removing corrupted completed workout: z2ersci3x
S:\Program Files\LiftLog\lib\workout-logger.ts:388 [WorkoutLogger] Removing corrupted completed workout: ozdszecy2
S:\Program Files\LiftLog\lib\workout-logger.ts:388 [WorkoutLogger] Removing corrupted completed workout: j9e1jlxml
S:\Program Files\LiftLog\lib\workout-logger.ts:388 [WorkoutLogger] Removing corrupted completed workout: art7sg7n8
S:\Program Files\LiftLog\lib\workout-logger.ts:388 [WorkoutLogger] Removing corrupted completed workout: 3kzr80jng
S:\Program Files\LiftLog\lib\workout-logger.ts:388 [WorkoutLogger] Removing corrupted completed workout: pv9gephe5
S:\Program Files\LiftLog\lib\workout-logger.ts:388 [WorkoutLogger] Removing corrupted completed workout: jtxpiebiy
S:\Program Files\LiftLog\lib\workout-logger.ts:388 [WorkoutLogger] Removing corrupted completed workout: n3ej8h1ha
S:\Program Files\LiftLog\lib\workout-logger.ts:388 [WorkoutLogger] Removing corrupted completed workout: u2dn7ncpw
S:\Program Files\LiftLog\lib\workout-logger.ts:388 [WorkoutLogger] Removing corrupted completed workout: iq9vkkj8o
S:\Program Files\LiftLog\lib\workout-logger.ts:388 [WorkoutLogger] Removing corrupted completed workout: 8ck6g6o65
S:\Program Files\LiftLog\lib\workout-logger.ts:388 [WorkoutLogger] Removing corrupted completed workout: y1kzkfqgc
S:\Program Files\LiftLog\lib\workout-logger.ts:388 [WorkoutLogger] Removing corrupted completed workout: wb1auv2je
S:\Program Files\LiftLog\lib\workout-logger.ts:388 [WorkoutLogger] Removing corrupted completed workout: 5x6erxy3c
S:\Program Files\LiftLog\lib\workout-logger.ts:388 [WorkoutLogger] Removing corrupted completed workout: 1y5lt3pl6
S:\Program Files\LiftLog\lib\workout-logger.ts:388 [WorkoutLogger] Removing corrupted completed workout: jdyzwlihl
S:\Program Files\LiftLog\lib\workout-logger.ts:388 [WorkoutLogger] Removing corrupted completed workout: 95v1z20vm
S:\Program Files\LiftLog\lib\workout-logger.ts:388 [WorkoutLogger] Removing corrupted completed workout: w3q4hv3jf
S:\Program Files\LiftLog\lib\workout-logger.ts:388 [WorkoutLogger] Removing corrupted completed workout: kk3zde052
S:\Program Files\LiftLog\lib\workout-logger.ts:388 [WorkoutLogger] Removing corrupted completed workout: q1ud05ft0
S:\Program Files\LiftLog\lib\workout-logger.ts:388 [WorkoutLogger] Removing corrupted completed workout: bjh4ezwpq
S:\Program Files\LiftLog\lib\workout-logger.ts:396 [WorkoutLogger] Cleaned up 26 corrupted completed workouts
S:\Program Files\LiftLog\lib\workout-logger.ts:403 [WorkoutLogger] Cleanup completed. Total items removed: 26
S:\Program Files\LiftLog\lib\workout-logger.ts:412 [WorkoutLogger] Starting workout data integrity validation...
S:\Program Files\LiftLog\lib\workout-logger.ts:609 [WorkoutLogger] Workout data integrity validation completed. Validated 8 workouts, repaired 0 issues.
S:\Program Files\LiftLog\app\page.tsx:74 [HomePage] Data loading status: Loading active programs...
S:\Program Files\LiftLog\lib\workout-logger.ts:2000 [WorkoutLogger] Loading user data from database (forceRefresh: true )
S:\Program Files\LiftLog\lib\workout-logger.ts:2007 [WorkoutLogger] Testing database access...
S:\Program Files\LiftLog\components\workout-logger\hooks\use-workout-session.ts:1666 Rendering workout with 3 exercises
S:\Program Files\LiftLog\components\workout-logger\hooks\use-workout-session.ts:1668 Exercise 1: Barbell Squat - 3 sets
S:\Program Files\LiftLog\components\workout-logger\hooks\use-workout-session.ts:1668 Exercise 2: Bench Press (Flat) - 3 sets
S:\Program Files\LiftLog\components\workout-logger\hooks\use-workout-session.ts:1668 Exercise 3: Barbell Bent Over Row - 3 sets
S:\Program Files\LiftLog\components\workout-logger\hooks\use-workout-session.ts:1666 Rendering workout with 3 exercises
S:\Program Files\LiftLog\components\workout-logger\hooks\use-workout-session.ts:1668 Exercise 1: Barbell Squat - 3 sets
S:\Program Files\LiftLog\components\workout-logger\hooks\use-workout-session.ts:1668 Exercise 2: Bench Press (Flat) - 3 sets
S:\Program Files\LiftLog\components\workout-logger\hooks\use-workout-session.ts:1668 Exercise 3: Barbell Bent Over Row - 3 sets
S:\Program Files\LiftLog\lib\workout-logger.ts:2023 [WorkoutLogger] Loading completed workouts...
S:\Program Files\LiftLog\lib\workout-logger.ts:2038 [WorkoutLogger] Found 33 workouts in database
S:\Program Files\LiftLog\lib\workout-logger.ts:2039 [WorkoutLogger] Sample workout data: {id: 'v8dd51axx', user_id: '6bf0e5d0-cf5c-4820-90f5-346e1e2a4d4c', program_id: '44f1e494-178a-4e14-aaa2-651dd8844163', workout_name: 'Full Body A', start_time: 1760565549814, …}
S:\Program Files\LiftLog\lib\workout-logger.ts:2062 [WorkoutLogger] Loaded 33 workouts from database (forceRefresh: true )
S:\Program Files\LiftLog\lib\workout-logger.ts:2074 [WorkoutLogger] Loading in-progress workouts...
S:\Program Files\LiftLog\lib\workout-logger.ts:2118 [WorkoutLogger] No in-progress workouts found in database
S:\Program Files\LiftLog\lib\workout-logger.ts:2121 [WorkoutLogger] Database loading completed. Total records loaded: 33
S:\Program Files\LiftLog\lib\program-state.ts:237 [ProgramState] Loaded template from database: 44f1e494-178a-4e14-aaa2-651dd8844163
S:\Program Files\LiftLog\lib\workout-logger.ts:1331 [WorkoutLogger] Week 1 Day 1 completion: {found: true, userId: '6bf0e5d0-cf5c-4820-90f5-346e1e2a4d4c'}
S:\Program Files\LiftLog\lib\program-state.ts:910 [ProgramState] Loaded active program from database
S:\Program Files\LiftLog\lib\program-state.ts:941 [ProgramState] Loaded program history from database
S:\Program Files\LiftLog\lib\workout-logger.ts:2000 [WorkoutLogger] Loading user data from database (forceRefresh: true )
S:\Program Files\LiftLog\lib\workout-logger.ts:2007 [WorkoutLogger] Testing database access...
S:\Program Files\LiftLog\lib\workout-logger.ts:2023 [WorkoutLogger] Loading completed workouts...
S:\Program Files\LiftLog\lib\workout-logger.ts:2038 [WorkoutLogger] Found 33 workouts in database
S:\Program Files\LiftLog\lib\workout-logger.ts:2039 [WorkoutLogger] Sample workout data: {id: 'v8dd51axx', user_id: '6bf0e5d0-cf5c-4820-90f5-346e1e2a4d4c', program_id: '44f1e494-178a-4e14-aaa2-651dd8844163', workout_name: 'Full Body A', start_time: 1760565549814, …}
S:\Program Files\LiftLog\lib\workout-logger.ts:2062 [WorkoutLogger] Loaded 33 workouts from database (forceRefresh: true )
S:\Program Files\LiftLog\lib\workout-logger.ts:2074 [WorkoutLogger] Loading in-progress workouts...
S:\Program Files\LiftLog\lib\workout-logger.ts:2118 [WorkoutLogger] No in-progress workouts found in database
S:\Program Files\LiftLog\lib\workout-logger.ts:2121 [WorkoutLogger] Database loading completed. Total records loaded: 33
S:\Program Files\LiftLog\lib\program-state.ts:675 [ProgramState] Recalculating progress for user: 6bf0e5d0-cf5c-4820-90f5-346e1e2a4d4c
S:\Program Files\LiftLog\lib\program-state.ts:676 [ProgramState] Days per week: 3
S:\Program Files\LiftLog\lib\workout-logger.ts:1331 [WorkoutLogger] Week 1 Day 1 completion: {found: true, userId: '6bf0e5d0-cf5c-4820-90f5-346e1e2a4d4c'}
S:\Program Files\LiftLog\lib\program-state.ts:688 [ProgramState] Completed workouts found: (18) [{…}, {…}, {…}, {…}, {…}, {…}, {…}, {…}, {…}, {…}, {…}, {…}, {…}, {…}, {…}, {…}, {…}, {…}]
S:\Program Files\LiftLog\lib\workout-logger.ts:1331 [WorkoutLogger] Week 1 Day 1 completion: {found: true, userId: '6bf0e5d0-cf5c-4820-90f5-346e1e2a4d4c'}
S:\Program Files\LiftLog\lib\program-state.ts:696 [ProgramState] Week 1, Day 1: COMPLETED
S:\Program Files\LiftLog\lib\program-state.ts:696 [ProgramState] Week 1, Day 2: COMPLETED
S:\Program Files\LiftLog\lib\program-state.ts:696 [ProgramState] Week 1, Day 3: COMPLETED
S:\Program Files\LiftLog\lib\program-state.ts:696 [ProgramState] Week 2, Day 1: COMPLETED
S:\Program Files\LiftLog\lib\program-state.ts:696 [ProgramState] Week 2, Day 2: COMPLETED
S:\Program Files\LiftLog\lib\program-state.ts:696 [ProgramState] Week 2, Day 3: COMPLETED
S:\Program Files\LiftLog\lib\program-state.ts:696 [ProgramState] Week 3, Day 1: COMPLETED
S:\Program Files\LiftLog\lib\program-state.ts:696 [ProgramState] Week 3, Day 2: COMPLETED
S:\Program Files\LiftLog\lib\program-state.ts:696 [ProgramState] Week 3, Day 3: COMPLETED
S:\Program Files\LiftLog\lib\program-state.ts:696 [ProgramState] Week 4, Day 1: COMPLETED
S:\Program Files\LiftLog\lib\program-state.ts:696 [ProgramState] Week 4, Day 2: COMPLETED
S:\Program Files\LiftLog\lib\program-state.ts:696 [ProgramState] Week 4, Day 3: COMPLETED
S:\Program Files\LiftLog\lib\program-state.ts:696 [ProgramState] Week 5, Day 1: COMPLETED
S:\Program Files\LiftLog\lib\program-state.ts:696 [ProgramState] Week 5, Day 2: COMPLETED
S:\Program Files\LiftLog\lib\program-state.ts:696 [ProgramState] Week 5, Day 3: COMPLETED
S:\Program Files\LiftLog\lib\program-state.ts:696 [ProgramState] Week 6, Day 1: COMPLETED
S:\Program Files\LiftLog\lib\program-state.ts:696 [ProgramState] Week 6, Day 2: COMPLETED
S:\Program Files\LiftLog\lib\program-state.ts:696 [ProgramState] Week 6, Day 3: COMPLETED
S:\Program Files\LiftLog\lib\program-state.ts:711 [ProgramState] All workouts appear to be completed, staying at current position
S:\Program Files\LiftLog\contexts\auth-context.tsx:154 [Auth] Dispatching programChanged event to refresh UI
S:\Program Files\LiftLog\components\workout-logger\hooks\use-workout-session.ts:477 Program state changed, reloading workout...
S:\Program Files\LiftLog\app\page.tsx:74 [HomePage] Data loading status: Ready!
S:\Program Files\LiftLog\contexts\auth-context.tsx:166 [Auth] User application data loaded successfully
S:\Program Files\LiftLog\components\workout-logger\hooks\use-workout-session.ts:1666 Rendering workout with 3 exercises
S:\Program Files\LiftLog\components\workout-logger\hooks\use-workout-session.ts:1668 Exercise 1: Barbell Squat - 3 sets
S:\Program Files\LiftLog\components\workout-logger\hooks\use-workout-session.ts:1668 Exercise 2: Bench Press (Flat) - 3 sets
S:\Program Files\LiftLog\components\workout-logger\hooks\use-workout-session.ts:1668 Exercise 3: Barbell Bent Over Row - 3 sets
S:\Program Files\LiftLog\components\workout-logger\hooks\use-workout-session.ts:1666 Rendering workout with 3 exercises
S:\Program Files\LiftLog\components\workout-logger\hooks\use-workout-session.ts:1668 Exercise 1: Barbell Squat - 3 sets
S:\Program Files\LiftLog\components\workout-logger\hooks\use-workout-session.ts:1668 Exercise 2: Bench Press (Flat) - 3 sets
S:\Program Files\LiftLog\components\workout-logger\hooks\use-workout-session.ts:1668 Exercise 3: Barbell Bent Over Row - 3 sets
S:\Program Files\LiftLog\lib\workout-logger.ts:965 [v0] Found existing workout for week 2 day 1 with 3 exercises
S:\Program Files\LiftLog\lib\workout-logger.ts:974 [v0] Workout structure: {id: 'expco64k5', exerciseCount: 3, exercises: Array(3)}
S:\Program Files\LiftLog\components\workout-logger\hooks\use-workout-session.ts:490 Loaded new workout after program change: {week: 2, day: 1, workoutName: 'Full Body A'}
S:\Program Files\LiftLog\components\workout-logger\hooks\use-workout-session.ts:1666 Rendering workout with 3 exercises
S:\Program Files\LiftLog\components\workout-logger\hooks\use-workout-session.ts:1668 Exercise 1: Barbell Squat - 3 sets
S:\Program Files\LiftLog\components\workout-logger\hooks\use-workout-session.ts:1668 Exercise 2: Bench Press (Flat) - 3 sets
S:\Program Files\LiftLog\components\workout-logger\hooks\use-workout-session.ts:1668 Exercise 3: Barbell Bent Over Row - 3 sets
S:\Program Files\LiftLog\components\workout-logger\hooks\use-workout-session.ts:1666 Rendering workout with 3 exercises
S:\Program Files\LiftLog\components\workout-logger\hooks\use-workout-session.ts:1668 Exercise 1: Barbell Squat - 3 sets
S:\Program Files\LiftLog\components\workout-logger\hooks\use-workout-session.ts:1668 Exercise 2: Bench Press (Flat) - 3 sets
S:\Program Files\LiftLog\components\workout-logger\hooks\use-workout-session.ts:1668 Exercise 3: Barbell Bent Over Row - 3 sets
S:\Program Files\LiftLog\app\page.tsx:81 [HomePage] Loading completed, clearing status
S:\Program Files\LiftLog\components\workout-logger\hooks\use-workout-session.ts:1666 Rendering workout with 3 exercises
S:\Program Files\LiftLog\components\workout-logger\hooks\use-workout-session.ts:1668 Exercise 1: Barbell Squat - 3 sets
S:\Program Files\LiftLog\components\workout-logger\hooks\use-workout-session.ts:1668 Exercise 2: Bench Press (Flat) - 3 sets
S:\Program Files\LiftLog\components\workout-logger\hooks\use-workout-session.ts:1668 Exercise 3: Barbell Bent Over Row - 3 sets
S:\Program Files\LiftLog\components\workout-logger\hooks\use-workout-session.ts:1666 Rendering workout with 3 exercises
S:\Program Files\LiftLog\components\workout-logger\hooks\use-workout-session.ts:1668 Exercise 1: Barbell Squat - 3 sets
S:\Program Files\LiftLog\components\workout-logger\hooks\use-workout-session.ts:1668 Exercise 2: Bench Press (Flat) - 3 sets
S:\Program Files\LiftLog\components\workout-logger\hooks\use-workout-session.ts:1668 Exercise 3: Barbell Bent Over Row - 3 sets
S:\Program Files\LiftLog\app\page.tsx:74 [HomePage] Data loading status: 
S:\Program Files\LiftLog\contexts\auth-context.tsx:163 [Auth] All data loading completed successfully
S:\Program Files\LiftLog\app\page.tsx:81 [HomePage] Loading completed, clearing status
S:\Program Files\LiftLog\components\workout-logger\hooks\use-workout-session.ts:1666 Rendering workout with 3 exercises
S:\Program Files\LiftLog\components\workout-logger\hooks\use-workout-session.ts:1668 Exercise 1: Barbell Squat - 3 sets
S:\Program Files\LiftLog\components\workout-logger\hooks\use-workout-session.ts:1668 Exercise 2: Bench Press (Flat) - 3 sets
S:\Program Files\LiftLog\components\workout-logger\hooks\use-workout-session.ts:1668 Exercise 3: Barbell Bent Over Row - 3 sets
S:\Program Files\LiftLog\components\workout-logger\hooks\use-workout-session.ts:1666 Rendering workout with 3 exercises
S:\Program Files\LiftLog\components\workout-logger\hooks\use-workout-session.ts:1668 Exercise 1: Barbell Squat - 3 sets
S:\Program Files\LiftLog\components\workout-logger\hooks\use-workout-session.ts:1668 Exercise 2: Bench Press (Flat) - 3 sets
S:\Program Files\LiftLog\components\workout-logger\hooks\use-workout-session.ts:1668 Exercise 3: Barbell Bent Over Row - 3 sets
S:\Program Files\LiftLog\components\workout-logger\hooks\use-workout-session.ts:1666 Rendering workout with 3 exercises
S:\Program Files\LiftLog\components\workout-logger\hooks\use-workout-session.ts:1668 Exercise 1: Barbell Squat - 3 sets
S:\Program Files\LiftLog\components\workout-logger\hooks\use-workout-session.ts:1668 Exercise 2: Bench Press (Flat) - 3 sets
S:\Program Files\LiftLog\components\workout-logger\hooks\use-workout-session.ts:1668 Exercise 3: Barbell Bent Over Row - 3 sets
S:\Program Files\LiftLog\components\workout-logger\hooks\use-workout-session.ts:1666 Rendering workout with 3 exercises
S:\Program Files\LiftLog\components\workout-logger\hooks\use-workout-session.ts:1668 Exercise 1: Barbell Squat - 3 sets
S:\Program Files\LiftLog\components\workout-logger\hooks\use-workout-session.ts:1668 Exercise 2: Bench Press (Flat) - 3 sets
S:\Program Files\LiftLog\components\workout-logger\hooks\use-workout-session.ts:1668 Exercise 3: Barbell Bent Over Row - 3 sets
S:\Program Files\LiftLog\components\workout-logger\hooks\use-workout-session.ts:1666 Rendering workout with 3 exercises
S:\Program Files\LiftLog\components\workout-logger\hooks\use-workout-session.ts:1668 Exercise 1: Barbell Squat - 3 sets
S:\Program Files\LiftLog\components\workout-logger\hooks\use-workout-session.ts:1668 Exercise 2: Bench Press (Flat) - 3 sets
S:\Program Files\LiftLog\components\workout-logger\hooks\use-workout-session.ts:1668 Exercise 3: Barbell Bent Over Row - 3 sets
S:\Program Files\LiftLog\components\workout-logger\hooks\use-workout-session.ts:1666 Rendering workout with 3 exercises
S:\Program Files\LiftLog\components\workout-logger\hooks\use-workout-session.ts:1668 Exercise 1: Barbell Squat - 3 sets
S:\Program Files\LiftLog\components\workout-logger\hooks\use-workout-session.ts:1668 Exercise 2: Bench Press (Flat) - 3 sets
S:\Program Files\LiftLog\components\workout-logger\hooks\use-workout-session.ts:1668 Exercise 3: Barbell Bent Over Row - 3 sets
S:\Program Files\LiftLog\components\workout-logger\hooks\use-workout-session.ts:1666 Rendering workout with 3 exercises
S:\Program Files\LiftLog\components\workout-logger\hooks\use-workout-session.ts:1668 Exercise 1: Barbell Squat - 3 sets
S:\Program Files\LiftLog\components\workout-logger\hooks\use-workout-session.ts:1668 Exercise 2: Bench Press (Flat) - 3 sets
S:\Program Files\LiftLog\components\workout-logger\hooks\use-workout-session.ts:1668 Exercise 3: Barbell Bent Over Row - 3 sets
S:\Program Files\LiftLog\components\workout-logger\hooks\use-workout-session.ts:1666 Rendering workout with 3 exercises
S:\Program Files\LiftLog\components\workout-logger\hooks\use-workout-session.ts:1668 Exercise 1: Barbell Squat - 3 sets
S:\Program Files\LiftLog\components\workout-logger\hooks\use-workout-session.ts:1668 Exercise 2: Bench Press (Flat) - 3 sets
S:\Program Files\LiftLog\components\workout-logger\hooks\use-workout-session.ts:1668 Exercise 3: Barbell Bent Over Row - 3 sets
S:\Program Files\LiftLog\components\workout-logger\hooks\use-workout-session.ts:1666 Rendering workout with 3 exercises
S:\Program Files\LiftLog\components\workout-logger\hooks\use-workout-session.ts:1668 Exercise 1: Barbell Squat - 3 sets
S:\Program Files\LiftLog\components\workout-logger\hooks\use-workout-session.ts:1668 Exercise 2: Bench Press (Flat) - 3 sets
S:\Program Files\LiftLog\components\workout-logger\hooks\use-workout-session.ts:1668 Exercise 3: Barbell Bent Over Row - 3 sets
S:\Program Files\LiftLog\components\workout-logger\hooks\use-workout-session.ts:1666 Rendering workout with 3 exercises
S:\Program Files\LiftLog\components\workout-logger\hooks\use-workout-session.ts:1668 Exercise 1: Barbell Squat - 3 sets
S:\Program Files\LiftLog\components\workout-logger\hooks\use-workout-session.ts:1668 Exercise 2: Bench Press (Flat) - 3 sets
S:\Program Files\LiftLog\components\workout-logger\hooks\use-workout-session.ts:1668 Exercise 3: Barbell Bent Over Row - 3 sets
S:\Program Files\LiftLog\components\workout-logger\hooks\use-workout-session.ts:1666 Rendering workout with 3 exercises
S:\Program Files\LiftLog\components\workout-logger\hooks\use-workout-session.ts:1668 Exercise 1: Barbell Squat - 3 sets
S:\Program Files\LiftLog\components\workout-logger\hooks\use-workout-session.ts:1668 Exercise 2: Bench Press (Flat) - 3 sets
S:\Program Files\LiftLog\components\workout-logger\hooks\use-workout-session.ts:1668 Exercise 3: Barbell Bent Over Row - 3 sets
S:\Program Files\LiftLog\components\workout-logger\hooks\use-workout-session.ts:1666 Rendering workout with 3 exercises
S:\Program Files\LiftLog\components\workout-logger\hooks\use-workout-session.ts:1668 Exercise 1: Barbell Squat - 3 sets
S:\Program Files\LiftLog\components\workout-logger\hooks\use-workout-session.ts:1668 Exercise 2: Bench Press (Flat) - 3 sets
S:\Program Files\LiftLog\components\workout-logger\hooks\use-workout-session.ts:1668 Exercise 3: Barbell Bent Over Row - 3 sets
S:\Program Files\LiftLog\components\workout-logger\hooks\use-workout-session.ts:1666 Rendering workout with 3 exercises
S:\Program Files\LiftLog\components\workout-logger\hooks\use-workout-session.ts:1668 Exercise 1: Barbell Squat - 3 sets
S:\Program Files\LiftLog\components\workout-logger\hooks\use-workout-session.ts:1668 Exercise 2: Bench Press (Flat) - 3 sets
S:\Program Files\LiftLog\components\workout-logger\hooks\use-workout-session.ts:1668 Exercise 3: Barbell Bent Over Row - 3 sets
S:\Program Files\LiftLog\components\workout-logger\hooks\use-workout-session.ts:1666 Rendering workout with 3 exercises
S:\Program Files\LiftLog\components\workout-logger\hooks\use-workout-session.ts:1668 Exercise 1: Barbell Squat - 3 sets
S:\Program Files\LiftLog\components\workout-logger\hooks\use-workout-session.ts:1668 Exercise 2: Bench Press (Flat) - 3 sets
S:\Program Files\LiftLog\components\workout-logger\hooks\use-workout-session.ts:1668 Exercise 3: Barbell Bent Over Row - 3 sets
S:\Program Files\LiftLog\components\workout-logger\hooks\use-workout-session.ts:1666 Rendering workout with 3 exercises
S:\Program Files\LiftLog\components\workout-logger\hooks\use-workout-session.ts:1668 Exercise 1: Barbell Squat - 3 sets
S:\Program Files\LiftLog\components\workout-logger\hooks\use-workout-session.ts:1668 Exercise 2: Bench Press (Flat) - 3 sets
S:\Program Files\LiftLog\components\workout-logger\hooks\use-workout-session.ts:1668 Exercise 3: Barbell Bent Over Row - 3 sets
S:\Program Files\LiftLog\components\workout-logger\hooks\use-workout-session.ts:1666 Rendering workout with 3 exercises
S:\Program Files\LiftLog\components\workout-logger\hooks\use-workout-session.ts:1668 Exercise 1: Barbell Squat - 3 sets
S:\Program Files\LiftLog\components\workout-logger\hooks\use-workout-session.ts:1668 Exercise 2: Bench Press (Flat) - 3 sets
S:\Program Files\LiftLog\components\workout-logger\hooks\use-workout-session.ts:1668 Exercise 3: Barbell Bent Over Row - 3 sets
S:\Program Files\LiftLog\components\workout-logger\hooks\use-workout-session.ts:1666 Rendering workout with 3 exercises
S:\Program Files\LiftLog\components\workout-logger\hooks\use-workout-session.ts:1668 Exercise 1: Barbell Squat - 3 sets
S:\Program Files\LiftLog\components\workout-logger\hooks\use-workout-session.ts:1668 Exercise 2: Bench Press (Flat) - 3 sets
S:\Program Files\LiftLog\components\workout-logger\hooks\use-workout-session.ts:1668 Exercise 3: Barbell Bent Over Row - 3 sets
S:\Program Files\LiftLog\components\workout-logger\hooks\use-workout-session.ts:1666 Rendering workout with 3 exercises
S:\Program Files\LiftLog\components\workout-logger\hooks\use-workout-session.ts:1668 Exercise 1: Barbell Squat - 3 sets
S:\Program Files\LiftLog\components\workout-logger\hooks\use-workout-session.ts:1668 Exercise 2: Bench Press (Flat) - 3 sets
S:\Program Files\LiftLog\components\workout-logger\hooks\use-workout-session.ts:1668 Exercise 3: Barbell Bent Over Row - 3 sets
S:\Program Files\LiftLog\components\workout-logger\hooks\use-workout-session.ts:1666 Rendering workout with 3 exercises
S:\Program Files\LiftLog\components\workout-logger\hooks\use-workout-session.ts:1668 Exercise 1: Barbell Squat - 3 sets
S:\Program Files\LiftLog\components\workout-logger\hooks\use-workout-session.ts:1668 Exercise 2: Bench Press (Flat) - 3 sets
S:\Program Files\LiftLog\components\workout-logger\hooks\use-workout-session.ts:1668 Exercise 3: Barbell Bent Over Row - 3 sets
S:\Program Files\LiftLog\components\workout-logger\hooks\use-workout-session.ts:1666 Rendering workout with 3 exercises
S:\Program Files\LiftLog\components\workout-logger\hooks\use-workout-session.ts:1668 Exercise 1: Barbell Squat - 3 sets
S:\Program Files\LiftLog\components\workout-logger\hooks\use-workout-session.ts:1668 Exercise 2: Bench Press (Flat) - 3 sets
S:\Program Files\LiftLog\components\workout-logger\hooks\use-workout-session.ts:1668 Exercise 3: Barbell Bent Over Row - 3 sets
S:\Program Files\LiftLog\components\workout-logger\hooks\use-workout-session.ts:1666 Rendering workout with 3 exercises
S:\Program Files\LiftLog\components\workout-logger\hooks\use-workout-session.ts:1668 Exercise 1: Barbell Squat - 3 sets
S:\Program Files\LiftLog\components\workout-logger\hooks\use-workout-session.ts:1668 Exercise 2: Bench Press (Flat) - 3 sets
S:\Program Files\LiftLog\components\workout-logger\hooks\use-workout-session.ts:1668 Exercise 3: Barbell Bent Over Row - 3 sets
S:\Program Files\LiftLog\components\workout-logger\hooks\use-workout-session.ts:1666 Rendering workout with 3 exercises
S:\Program Files\LiftLog\components\workout-logger\hooks\use-workout-session.ts:1668 Exercise 1: Barbell Squat - 3 sets
S:\Program Files\LiftLog\components\workout-logger\hooks\use-workout-session.ts:1668 Exercise 2: Bench Press (Flat) - 3 sets
S:\Program Files\LiftLog\components\workout-logger\hooks\use-workout-session.ts:1668 Exercise 3: Barbell Bent Over Row - 3 sets
S:\Program Files\LiftLog\components\workout-logger\hooks\use-workout-session.ts:1666 Rendering workout with 3 exercises
S:\Program Files\LiftLog\components\workout-logger\hooks\use-workout-session.ts:1668 Exercise 1: Barbell Squat - 3 sets
S:\Program Files\LiftLog\components\workout-logger\hooks\use-workout-session.ts:1668 Exercise 2: Bench Press (Flat) - 3 sets
S:\Program Files\LiftLog\components\workout-logger\hooks\use-workout-session.ts:1668 Exercise 3: Barbell Bent Over Row - 3 sets
S:\Program Files\LiftLog\components\workout-logger\hooks\use-workout-session.ts:1666 Rendering workout with 3 exercises
S:\Program Files\LiftLog\components\workout-logger\hooks\use-workout-session.ts:1668 Exercise 1: Barbell Squat - 3 sets
S:\Program Files\LiftLog\components\workout-logger\hooks\use-workout-session.ts:1668 Exercise 2: Bench Press (Flat) - 3 sets
S:\Program Files\LiftLog\components\workout-logger\hooks\use-workout-session.ts:1668 Exercise 3: Barbell Bent Over Row - 3 sets
S:\Program Files\LiftLog\components\workout-logger\hooks\use-workout-session.ts:1666 Rendering workout with 3 exercises
S:\Program Files\LiftLog\components\workout-logger\hooks\use-workout-session.ts:1668 Exercise 1: Barbell Squat - 3 sets
S:\Program Files\LiftLog\components\workout-logger\hooks\use-workout-session.ts:1668 Exercise 2: Bench Press (Flat) - 3 sets
S:\Program Files\LiftLog\components\workout-logger\hooks\use-workout-session.ts:1668 Exercise 3: Barbell Bent Over Row - 3 sets
S:\Program Files\LiftLog\components\workout-logger\hooks\use-workout-session.ts:1666 Rendering workout with 3 exercises
S:\Program Files\LiftLog\components\workout-logger\hooks\use-workout-session.ts:1668 Exercise 1: Barbell Squat - 3 sets
S:\Program Files\LiftLog\components\workout-logger\hooks\use-workout-session.ts:1668 Exercise 2: Bench Press (Flat) - 3 sets
S:\Program Files\LiftLog\components\workout-logger\hooks\use-workout-session.ts:1668 Exercise 3: Barbell Bent Over Row - 3 sets
S:\Program Files\LiftLog\components\workout-logger\hooks\use-workout-session.ts:1666 Rendering workout with 3 exercises
S:\Program Files\LiftLog\components\workout-logger\hooks\use-workout-session.ts:1668 Exercise 1: Barbell Squat - 3 sets
S:\Program Files\LiftLog\components\workout-logger\hooks\use-workout-session.ts:1668 Exercise 2: Bench Press (Flat) - 3 sets
S:\Program Files\LiftLog\components\workout-logger\hooks\use-workout-session.ts:1668 Exercise 3: Barbell Bent Over Row - 3 sets
S:\Program Files\LiftLog\components\workout-logger\hooks\use-workout-session.ts:1666 Rendering workout with 3 exercises
S:\Program Files\LiftLog\components\workout-logger\hooks\use-workout-session.ts:1668 Exercise 1: Barbell Squat - 3 sets
S:\Program Files\LiftLog\components\workout-logger\hooks\use-workout-session.ts:1668 Exercise 2: Bench Press (Flat) - 3 sets
S:\Program Files\LiftLog\components\workout-logger\hooks\use-workout-session.ts:1668 Exercise 3: Barbell Bent Over Row - 3 sets
S:\Program Files\LiftLog\components\workout-logger\hooks\use-workout-session.ts:1666 Rendering workout with 3 exercises
S:\Program Files\LiftLog\components\workout-logger\hooks\use-workout-session.ts:1668 Exercise 1: Barbell Squat - 3 sets
S:\Program Files\LiftLog\components\workout-logger\hooks\use-workout-session.ts:1668 Exercise 2: Bench Press (Flat) - 3 sets
S:\Program Files\LiftLog\components\workout-logger\hooks\use-workout-session.ts:1668 Exercise 3: Barbell Bent Over Row - 3 sets
S:\Program Files\LiftLog\components\workout-logger\hooks\use-workout-session.ts:1666 Rendering workout with 3 exercises
S:\Program Files\LiftLog\components\workout-logger\hooks\use-workout-session.ts:1668 Exercise 1: Barbell Squat - 3 sets
S:\Program Files\LiftLog\components\workout-logger\hooks\use-workout-session.ts:1668 Exercise 2: Bench Press (Flat) - 3 sets
S:\Program Files\LiftLog\components\workout-logger\hooks\use-workout-session.ts:1668 Exercise 3: Barbell Bent Over Row - 3 sets
S:\Program Files\LiftLog\components\workout-logger\hooks\use-workout-session.ts:1666 Rendering workout with 3 exercises
S:\Program Files\LiftLog\components\workout-logger\hooks\use-workout-session.ts:1668 Exercise 1: Barbell Squat - 3 sets
S:\Program Files\LiftLog\components\workout-logger\hooks\use-workout-session.ts:1668 Exercise 2: Bench Press (Flat) - 3 sets
S:\Program Files\LiftLog\components\workout-logger\hooks\use-workout-session.ts:1668 Exercise 3: Barbell Bent Over Row - 3 sets
S:\Program Files\LiftLog\components\workout-logger\hooks\use-workout-session.ts:1666 Rendering workout with 3 exercises
S:\Program Files\LiftLog\components\workout-logger\hooks\use-workout-session.ts:1668 Exercise 1: Barbell Squat - 3 sets
S:\Program Files\LiftLog\components\workout-logger\hooks\use-workout-session.ts:1668 Exercise 2: Bench Press (Flat) - 3 sets
S:\Program Files\LiftLog\components\workout-logger\hooks\use-workout-session.ts:1668 Exercise 3: Barbell Bent Over Row - 3 sets
S:\Program Files\LiftLog\lib\workout-logger.ts:2000 [WorkoutLogger] Loading user data from database (forceRefresh: true )
S:\Program Files\LiftLog\lib\workout-logger.ts:2007 [WorkoutLogger] Testing database access...
S:\Program Files\LiftLog\lib\workout-logger.ts:2023 [WorkoutLogger] Loading completed workouts...
S:\Program Files\LiftLog\lib\workout-logger.ts:2038 [WorkoutLogger] Found 33 workouts in database
S:\Program Files\LiftLog\lib\workout-logger.ts:2039 [WorkoutLogger] Sample workout data: {id: 'v8dd51axx', user_id: '6bf0e5d0-cf5c-4820-90f5-346e1e2a4d4c', program_id: '44f1e494-178a-4e14-aaa2-651dd8844163', workout_name: 'Full Body A', start_time: 1760565549814, …}
S:\Program Files\LiftLog\lib\workout-logger.ts:2062 [WorkoutLogger] Loaded 33 workouts from database (forceRefresh: true )
S:\Program Files\LiftLog\lib\workout-logger.ts:2074 [WorkoutLogger] Loading in-progress workouts...
S:\Program Files\LiftLog\lib\workout-logger.ts:2118 [WorkoutLogger] No in-progress workouts found in database
S:\Program Files\LiftLog\lib\workout-logger.ts:2121 [WorkoutLogger] Database loading completed. Total records loaded: 33
S:\Program Files\LiftLog\lib\program-state.ts:237 [ProgramState] Loaded template from database: 44f1e494-178a-4e14-aaa2-651dd8844163
S:\Program Files\LiftLog\lib\workout-logger.ts:1331 [WorkoutLogger] Week 1 Day 1 completion: {found: true, userId: '6bf0e5d0-cf5c-4820-90f5-346e1e2a4d4c'}
S:\Program Files\LiftLog\lib\program-state.ts:910 [ProgramState] Loaded active program from database
S:\Program Files\LiftLog\lib\program-state.ts:941 [ProgramState] Loaded program history from database
S:\Program Files\LiftLog\components\workout-logger\hooks\use-workout-session.ts:1037 [handleEndProgram] Saving workout with ID: expco64k5 userId: 6bf0e5d0-cf5c-4820-90f5-346e1e2a4d4c
S:\Program Files\LiftLog\lib\workout-logger.ts:809 [WorkoutLogger.saveCurrentWorkout] Using storage key: liftlog_in_progress_workouts_6bf0e5d0-cf5c-4820-90f5-346e1e2a4d4c for workout ID: expco64k5
S:\Program Files\LiftLog\lib\workout-logger.ts:814 [WorkoutLogger.saveCurrentWorkout] Found 1 existing in-progress workouts
S:\Program Files\LiftLog\lib\workout-logger.ts:828 [WorkoutLogger.saveCurrentWorkout] After adding workout, total in-progress: 1
S:\Program Files\LiftLog\lib\workout-logger.ts:831 [WorkoutLogger.saveCurrentWorkout] Saved to localStorage successfully
S:\Program Files\LiftLog\components\workout-logger\hooks\use-workout-session.ts:1666 Rendering workout with 3 exercises
S:\Program Files\LiftLog\components\workout-logger\hooks\use-workout-session.ts:1668 Exercise 1: Barbell Squat - 3 sets
S:\Program Files\LiftLog\components\workout-logger\hooks\use-workout-session.ts:1668 Exercise 2: Bench Press (Flat) - 3 sets
S:\Program Files\LiftLog\components\workout-logger\hooks\use-workout-session.ts:1668 Exercise 3: Barbell Bent Over Row - 3 sets
S:\Program Files\LiftLog\components\workout-logger\hooks\use-workout-session.ts:1666 Rendering workout with 3 exercises
S:\Program Files\LiftLog\components\workout-logger\hooks\use-workout-session.ts:1668 Exercise 1: Barbell Squat - 3 sets
S:\Program Files\LiftLog\components\workout-logger\hooks\use-workout-session.ts:1668 Exercise 2: Bench Press (Flat) - 3 sets
S:\Program Files\LiftLog\components\workout-logger\hooks\use-workout-session.ts:1668 Exercise 3: Barbell Bent Over Row - 3 sets
S:\Program Files\LiftLog\components\workout-logger\components\ExerciseGroups.tsx:234 [v0] Rendering minus indicator for set {exerciseName: 'Barbell Squat', setIndex: 0, setId: 'e42d8rlq1', reps: 0, weight: 0, …}
S:\Program Files\LiftLog\components\workout-logger\components\ExerciseGroups.tsx:234 [v0] Rendering minus indicator for set {exerciseName: 'Barbell Squat', setIndex: 1, setId: 'oarwq3j77', reps: 0, weight: 0, …}
S:\Program Files\LiftLog\components\workout-logger\components\ExerciseGroups.tsx:234 [v0] Rendering minus indicator for set {exerciseName: 'Barbell Squat', setIndex: 2, setId: 'wieknfx5q', reps: 0, weight: 0, …}
S:\Program Files\LiftLog\components\workout-logger\components\ExerciseGroups.tsx:234 [v0] Rendering minus indicator for set {exerciseName: 'Bench Press (Flat)', setIndex: 0, setId: 'r328amdvr', reps: 0, weight: 0, …}
S:\Program Files\LiftLog\components\workout-logger\components\ExerciseGroups.tsx:234 [v0] Rendering minus indicator for set {exerciseName: 'Bench Press (Flat)', setIndex: 1, setId: 'im11p3plb', reps: 0, weight: 0, …}
S:\Program Files\LiftLog\components\workout-logger\components\ExerciseGroups.tsx:234 [v0] Rendering minus indicator for set {exerciseName: 'Bench Press (Flat)', setIndex: 2, setId: '0678ioglv', reps: 0, weight: 0, …}
S:\Program Files\LiftLog\components\workout-logger\components\ExerciseGroups.tsx:234 [v0] Rendering minus indicator for set {exerciseName: 'Barbell Bent Over Row', setIndex: 0, setId: 'mqbqrs8zp', reps: 0, weight: 0, …}
S:\Program Files\LiftLog\components\workout-logger\components\ExerciseGroups.tsx:234 [v0] Rendering minus indicator for set {exerciseName: 'Barbell Bent Over Row', setIndex: 1, setId: '6g0z72ex9', reps: 0, weight: 0, …}
S:\Program Files\LiftLog\components\workout-logger\components\ExerciseGroups.tsx:234 [v0] Rendering minus indicator for set {exerciseName: 'Barbell Bent Over Row', setIndex: 2, setId: 'mkjsk8o9m', reps: 0, weight: 0, …}
S:\Program Files\LiftLog\components\workout-logger\components\ExerciseGroups.tsx:234 [v0] Rendering minus indicator for set {exerciseName: 'Barbell Squat', setIndex: 0, setId: 'e42d8rlq1', reps: 0, weight: 0, …}
S:\Program Files\LiftLog\components\workout-logger\components\ExerciseGroups.tsx:234 [v0] Rendering minus indicator for set {exerciseName: 'Barbell Squat', setIndex: 1, setId: 'oarwq3j77', reps: 0, weight: 0, …}
S:\Program Files\LiftLog\components\workout-logger\components\ExerciseGroups.tsx:234 [v0] Rendering minus indicator for set {exerciseName: 'Barbell Squat', setIndex: 2, setId: 'wieknfx5q', reps: 0, weight: 0, …}
S:\Program Files\LiftLog\components\workout-logger\components\ExerciseGroups.tsx:234 [v0] Rendering minus indicator for set {exerciseName: 'Bench Press (Flat)', setIndex: 0, setId: 'r328amdvr', reps: 0, weight: 0, …}
S:\Program Files\LiftLog\components\workout-logger\components\ExerciseGroups.tsx:234 [v0] Rendering minus indicator for set {exerciseName: 'Bench Press (Flat)', setIndex: 1, setId: 'im11p3plb', reps: 0, weight: 0, …}
S:\Program Files\LiftLog\components\workout-logger\components\ExerciseGroups.tsx:234 [v0] Rendering minus indicator for set {exerciseName: 'Bench Press (Flat)', setIndex: 2, setId: '0678ioglv', reps: 0, weight: 0, …}
S:\Program Files\LiftLog\components\workout-logger\components\ExerciseGroups.tsx:234 [v0] Rendering minus indicator for set {exerciseName: 'Barbell Bent Over Row', setIndex: 0, setId: 'mqbqrs8zp', reps: 0, weight: 0, …}
S:\Program Files\LiftLog\components\workout-logger\components\ExerciseGroups.tsx:234 [v0] Rendering minus indicator for set {exerciseName: 'Barbell Bent Over Row', setIndex: 1, setId: '6g0z72ex9', reps: 0, weight: 0, …}
S:\Program Files\LiftLog\components\workout-logger\components\ExerciseGroups.tsx:234 [v0] Rendering minus indicator for set {exerciseName: 'Barbell Bent Over Row', setIndex: 2, setId: 'mkjsk8o9m', reps: 0, weight: 0, …}
S:\Program Files\LiftLog\components\workout-logger\hooks\use-workout-session.ts:1040 [handleEndProgram] Attempting to complete workout with ID: expco64k5 userId: 6bf0e5d0-cf5c-4820-90f5-346e1e2a4d4c
S:\Program Files\LiftLog\lib\workout-logger.ts:1115 [WorkoutLogger.completeWorkout] Found 1 in-progress workouts, looking for ID: expco64k5
S:\Program Files\LiftLog\lib\workout-logger.ts:1116 [WorkoutLogger.completeWorkout] Available workout IDs: ['expco64k5']
S:\Program Files\LiftLog\lib\connection-monitor.ts:85 [ConnectionMonitor] Added to sync queue, total: 1
S:\Program Files\LiftLog\lib\connection-monitor.ts:103 [ConnectionMonitor] Processing sync queue: 1 items
S:\Program Files\LiftLog\components\workout-logger\hooks\use-workout-session.ts:1666 Rendering workout with 3 exercises
S:\Program Files\LiftLog\components\workout-logger\hooks\use-workout-session.ts:1668 Exercise 1: Barbell Squat - 3 sets
S:\Program Files\LiftLog\components\workout-logger\hooks\use-workout-session.ts:1668 Exercise 2: Bench Press (Flat) - 3 sets
S:\Program Files\LiftLog\components\workout-logger\hooks\use-workout-session.ts:1668 Exercise 3: Barbell Bent Over Row - 3 sets
S:\Program Files\LiftLog\components\workout-logger\hooks\use-workout-session.ts:1666 Rendering workout with 3 exercises
S:\Program Files\LiftLog\components\workout-logger\hooks\use-workout-session.ts:1668 Exercise 1: Barbell Squat - 3 sets
S:\Program Files\LiftLog\components\workout-logger\hooks\use-workout-session.ts:1668 Exercise 2: Bench Press (Flat) - 3 sets
S:\Program Files\LiftLog\components\workout-logger\hooks\use-workout-session.ts:1668 Exercise 3: Barbell Bent Over Row - 3 sets
S:\Program Files\LiftLog\components\workout-logger\components\ExerciseGroups.tsx:234 [v0] Rendering minus indicator for set {exerciseName: 'Barbell Squat', setIndex: 0, setId: 'e42d8rlq1', reps: 0, weight: 0, …}
S:\Program Files\LiftLog\components\workout-logger\components\ExerciseGroups.tsx:234 [v0] Rendering minus indicator for set {exerciseName: 'Barbell Squat', setIndex: 1, setId: 'oarwq3j77', reps: 0, weight: 0, …}
S:\Program Files\LiftLog\components\workout-logger\components\ExerciseGroups.tsx:234 [v0] Rendering minus indicator for set {exerciseName: 'Barbell Squat', setIndex: 2, setId: 'wieknfx5q', reps: 0, weight: 0, …}
S:\Program Files\LiftLog\components\workout-logger\components\ExerciseGroups.tsx:234 [v0] Rendering minus indicator for set {exerciseName: 'Bench Press (Flat)', setIndex: 0, setId: 'r328amdvr', reps: 0, weight: 0, …}
S:\Program Files\LiftLog\components\workout-logger\components\ExerciseGroups.tsx:234 [v0] Rendering minus indicator for set {exerciseName: 'Bench Press (Flat)', setIndex: 1, setId: 'im11p3plb', reps: 0, weight: 0, …}
S:\Program Files\LiftLog\components\workout-logger\components\ExerciseGroups.tsx:234 [v0] Rendering minus indicator for set {exerciseName: 'Bench Press (Flat)', setIndex: 2, setId: '0678ioglv', reps: 0, weight: 0, …}
S:\Program Files\LiftLog\components\workout-logger\components\ExerciseGroups.tsx:234 [v0] Rendering minus indicator for set {exerciseName: 'Barbell Bent Over Row', setIndex: 0, setId: 'mqbqrs8zp', reps: 0, weight: 0, …}
S:\Program Files\LiftLog\components\workout-logger\components\ExerciseGroups.tsx:234 [v0] Rendering minus indicator for set {exerciseName: 'Barbell Bent Over Row', setIndex: 1, setId: '6g0z72ex9', reps: 0, weight: 0, …}
S:\Program Files\LiftLog\components\workout-logger\components\ExerciseGroups.tsx:234 [v0] Rendering minus indicator for set {exerciseName: 'Barbell Bent Over Row', setIndex: 2, setId: 'mkjsk8o9m', reps: 0, weight: 0, …}
S:\Program Files\LiftLog\components\workout-logger\components\ExerciseGroups.tsx:234 [v0] Rendering minus indicator for set {exerciseName: 'Barbell Squat', setIndex: 0, setId: 'e42d8rlq1', reps: 0, weight: 0, …}
S:\Program Files\LiftLog\components\workout-logger\components\ExerciseGroups.tsx:234 [v0] Rendering minus indicator for set {exerciseName: 'Barbell Squat', setIndex: 1, setId: 'oarwq3j77', reps: 0, weight: 0, …}
S:\Program Files\LiftLog\components\workout-logger\components\ExerciseGroups.tsx:234 [v0] Rendering minus indicator for set {exerciseName: 'Barbell Squat', setIndex: 2, setId: 'wieknfx5q', reps: 0, weight: 0, …}
S:\Program Files\LiftLog\components\workout-logger\components\ExerciseGroups.tsx:234 [v0] Rendering minus indicator for set {exerciseName: 'Bench Press (Flat)', setIndex: 0, setId: 'r328amdvr', reps: 0, weight: 0, …}
S:\Program Files\LiftLog\components\workout-logger\components\ExerciseGroups.tsx:234 [v0] Rendering minus indicator for set {exerciseName: 'Bench Press (Flat)', setIndex: 1, setId: 'im11p3plb', reps: 0, weight: 0, …}
S:\Program Files\LiftLog\components\workout-logger\components\ExerciseGroups.tsx:234 [v0] Rendering minus indicator for set {exerciseName: 'Bench Press (Flat)', setIndex: 2, setId: '0678ioglv', reps: 0, weight: 0, …}
S:\Program Files\LiftLog\components\workout-logger\components\ExerciseGroups.tsx:234 [v0] Rendering minus indicator for set {exerciseName: 'Barbell Bent Over Row', setIndex: 0, setId: 'mqbqrs8zp', reps: 0, weight: 0, …}
S:\Program Files\LiftLog\components\workout-logger\components\ExerciseGroups.tsx:234 [v0] Rendering minus indicator for set {exerciseName: 'Barbell Bent Over Row', setIndex: 1, setId: '6g0z72ex9', reps: 0, weight: 0, …}
S:\Program Files\LiftLog\components\workout-logger\components\ExerciseGroups.tsx:234 [v0] Rendering minus indicator for set {exerciseName: 'Barbell Bent Over Row', setIndex: 2, setId: 'mkjsk8o9m', reps: 0, weight: 0, …}
S:\Program Files\LiftLog\components\workout-logger\hooks\use-workout-session.ts:1046 [handleEndProgram] Successfully completed workout
S:\Program Files\LiftLog\lib\workout-logger.ts:2235 [WorkoutLogger] Syncing 34 completed workouts to database
S:\Program Files\LiftLog\lib\workout-logger.ts:1199 [WorkoutLogger] Completed workout synced to database
S:\Program Files\LiftLog\components\workout-logger\hooks\use-workout-session.ts:1666 Rendering workout with 3 exercises
S:\Program Files\LiftLog\components\workout-logger\hooks\use-workout-session.ts:1668 Exercise 1: Barbell Squat - 3 sets
S:\Program Files\LiftLog\components\workout-logger\hooks\use-workout-session.ts:1668 Exercise 2: Bench Press (Flat) - 3 sets
S:\Program Files\LiftLog\components\workout-logger\hooks\use-workout-session.ts:1668 Exercise 3: Barbell Bent Over Row - 3 sets
S:\Program Files\LiftLog\components\workout-logger\hooks\use-workout-session.ts:1666 Rendering workout with 3 exercises
S:\Program Files\LiftLog\components\workout-logger\hooks\use-workout-session.ts:1668 Exercise 1: Barbell Squat - 3 sets
S:\Program Files\LiftLog\components\workout-logger\hooks\use-workout-session.ts:1668 Exercise 2: Bench Press (Flat) - 3 sets
S:\Program Files\LiftLog\components\workout-logger\hooks\use-workout-session.ts:1668 Exercise 3: Barbell Bent Over Row - 3 sets
S:\Program Files\LiftLog\components\workout-logger\components\ExerciseGroups.tsx:234 [v0] Rendering minus indicator for set {exerciseName: 'Barbell Squat', setIndex: 0, setId: 'e42d8rlq1', reps: 0, weight: 0, …}
S:\Program Files\LiftLog\components\workout-logger\components\ExerciseGroups.tsx:234 [v0] Rendering minus indicator for set {exerciseName: 'Barbell Squat', setIndex: 1, setId: 'oarwq3j77', reps: 0, weight: 0, …}
S:\Program Files\LiftLog\components\workout-logger\components\ExerciseGroups.tsx:234 [v0] Rendering minus indicator for set {exerciseName: 'Barbell Squat', setIndex: 2, setId: 'wieknfx5q', reps: 0, weight: 0, …}
S:\Program Files\LiftLog\components\workout-logger\components\ExerciseGroups.tsx:234 [v0] Rendering minus indicator for set {exerciseName: 'Bench Press (Flat)', setIndex: 0, setId: 'r328amdvr', reps: 0, weight: 0, …}
S:\Program Files\LiftLog\components\workout-logger\components\ExerciseGroups.tsx:234 [v0] Rendering minus indicator for set {exerciseName: 'Bench Press (Flat)', setIndex: 1, setId: 'im11p3plb', reps: 0, weight: 0, …}
S:\Program Files\LiftLog\components\workout-logger\components\ExerciseGroups.tsx:234 [v0] Rendering minus indicator for set {exerciseName: 'Bench Press (Flat)', setIndex: 2, setId: '0678ioglv', reps: 0, weight: 0, …}
S:\Program Files\LiftLog\components\workout-logger\components\ExerciseGroups.tsx:234 [v0] Rendering minus indicator for set {exerciseName: 'Barbell Bent Over Row', setIndex: 0, setId: 'mqbqrs8zp', reps: 0, weight: 0, …}
S:\Program Files\LiftLog\components\workout-logger\components\ExerciseGroups.tsx:234 [v0] Rendering minus indicator for set {exerciseName: 'Barbell Bent Over Row', setIndex: 1, setId: '6g0z72ex9', reps: 0, weight: 0, …}
S:\Program Files\LiftLog\components\workout-logger\components\ExerciseGroups.tsx:234 [v0] Rendering minus indicator for set {exerciseName: 'Barbell Bent Over Row', setIndex: 2, setId: 'mkjsk8o9m', reps: 0, weight: 0, …}
S:\Program Files\LiftLog\components\workout-logger\components\ExerciseGroups.tsx:234 [v0] Rendering minus indicator for set {exerciseName: 'Barbell Squat', setIndex: 0, setId: 'e42d8rlq1', reps: 0, weight: 0, …}
S:\Program Files\LiftLog\components\workout-logger\components\ExerciseGroups.tsx:234 [v0] Rendering minus indicator for set {exerciseName: 'Barbell Squat', setIndex: 1, setId: 'oarwq3j77', reps: 0, weight: 0, …}
S:\Program Files\LiftLog\components\workout-logger\components\ExerciseGroups.tsx:234 [v0] Rendering minus indicator for set {exerciseName: 'Barbell Squat', setIndex: 2, setId: 'wieknfx5q', reps: 0, weight: 0, …}
S:\Program Files\LiftLog\components\workout-logger\components\ExerciseGroups.tsx:234 [v0] Rendering minus indicator for set {exerciseName: 'Bench Press (Flat)', setIndex: 0, setId: 'r328amdvr', reps: 0, weight: 0, …}
S:\Program Files\LiftLog\components\workout-logger\components\ExerciseGroups.tsx:234 [v0] Rendering minus indicator for set {exerciseName: 'Bench Press (Flat)', setIndex: 1, setId: 'im11p3plb', reps: 0, weight: 0, …}
S:\Program Files\LiftLog\components\workout-logger\components\ExerciseGroups.tsx:234 [v0] Rendering minus indicator for set {exerciseName: 'Bench Press (Flat)', setIndex: 2, setId: '0678ioglv', reps: 0, weight: 0, …}
S:\Program Files\LiftLog\components\workout-logger\components\ExerciseGroups.tsx:234 [v0] Rendering minus indicator for set {exerciseName: 'Barbell Bent Over Row', setIndex: 0, setId: 'mqbqrs8zp', reps: 0, weight: 0, …}
S:\Program Files\LiftLog\components\workout-logger\components\ExerciseGroups.tsx:234 [v0] Rendering minus indicator for set {exerciseName: 'Barbell Bent Over Row', setIndex: 1, setId: '6g0z72ex9', reps: 0, weight: 0, …}
S:\Program Files\LiftLog\components\workout-logger\components\ExerciseGroups.tsx:234 [v0] Rendering minus indicator for set {exerciseName: 'Barbell Bent Over Row', setIndex: 2, setId: 'mkjsk8o9m', reps: 0, weight: 0, …}
S:\Program Files\LiftLog\lib\workout-logger.ts:2260 [WorkoutLogger] Successfully synced completed workouts
S:\Program Files\LiftLog\components\workout-logger\hooks\use-workout-session.ts:477 Program state changed, reloading workout...
fetch.js:30  DELETE https://fyhbpkjibjtvltwcavlw.supabase.co/rest/v1/active_programs?user_id=eq.6bf0e5d0-cf5c-4820-90f5-346e1e2a4d4c 400 (Bad Request)
eval @ fetch.js:30
eval @ fetch.js:51
fulfilled @ fetch.js:11
Promise.then
step @ fetch.js:13
eval @ fetch.js:14
__awaiter @ fetch.js:10
eval @ fetch.js:41
then @ PostgrestBuilder.js:66
S:\Program Files\LiftLog\lib\program-state.ts:424 [ProgramState] Cleared active program from localStorage
S:\Program Files\LiftLog\components\workout-logger\hooks\use-workout-session.ts:1121 [handleEndProgram] Program ended and cleared
S:\Program Files\LiftLog\app\page.tsx:60 [HomePage] Program ended, navigating to program selection
S:\Program Files\LiftLog\components\train-section.tsx:68 [TrainSection] Component mounted or updated, loading program data...
S:\Program Files\LiftLog\components\train-section.tsx:24 [TrainSection] Loading active program...
S:\Program Files\LiftLog\components\train-section.tsx:28 [TrainSection] localStorage has active program: false
S:\Program Files\LiftLog\lib\workout-logger.ts:2000 [WorkoutLogger] Loading user data from database (forceRefresh: true )
S:\Program Files\LiftLog\lib\workout-logger.ts:2007 [WorkoutLogger] Testing database access...
S:\Program Files\LiftLog\components\train-section.tsx:68 [TrainSection] Component mounted or updated, loading program data...
S:\Program Files\LiftLog\components\train-section.tsx:24 [TrainSection] Loading active program...
S:\Program Files\LiftLog\components\train-section.tsx:28 [TrainSection] localStorage has active program: false
S:\Program Files\LiftLog\lib\workout-logger.ts:2000 [WorkoutLogger] Loading user data from database (forceRefresh: true )
S:\Program Files\LiftLog\lib\workout-logger.ts:2007 [WorkoutLogger] Testing database access...
S:\Program Files\LiftLog\lib\workout-logger.ts:2023 [WorkoutLogger] Loading completed workouts...
S:\Program Files\LiftLog\lib\workout-logger.ts:2023 [WorkoutLogger] Loading completed workouts...
S:\Program Files\LiftLog\lib\workout-logger.ts:2038 [WorkoutLogger] Found 34 workouts in database
S:\Program Files\LiftLog\lib\workout-logger.ts:2039 [WorkoutLogger] Sample workout data: {id: 'expco64k5', user_id: '6bf0e5d0-cf5c-4820-90f5-346e1e2a4d4c', program_id: '44f1e494-178a-4e14-aaa2-651dd8844163', workout_name: 'Full Body A', start_time: 1760569663125, …}
S:\Program Files\LiftLog\lib\workout-logger.ts:2062 [WorkoutLogger] Loaded 34 workouts from database (forceRefresh: true )
S:\Program Files\LiftLog\lib\workout-logger.ts:2074 [WorkoutLogger] Loading in-progress workouts...
S:\Program Files\LiftLog\lib\workout-logger.ts:2038 [WorkoutLogger] Found 34 workouts in database
S:\Program Files\LiftLog\lib\workout-logger.ts:2039 [WorkoutLogger] Sample workout data: {id: 'expco64k5', user_id: '6bf0e5d0-cf5c-4820-90f5-346e1e2a4d4c', program_id: '44f1e494-178a-4e14-aaa2-651dd8844163', workout_name: 'Full Body A', start_time: 1760569663125, …}
S:\Program Files\LiftLog\lib\workout-logger.ts:2062 [WorkoutLogger] Loaded 34 workouts from database (forceRefresh: true )
S:\Program Files\LiftLog\lib\workout-logger.ts:2074 [WorkoutLogger] Loading in-progress workouts...
S:\Program Files\LiftLog\lib\workout-logger.ts:2118 [WorkoutLogger] No in-progress workouts found in database
S:\Program Files\LiftLog\lib\workout-logger.ts:2121 [WorkoutLogger] Database loading completed. Total records loaded: 34
S:\Program Files\LiftLog\lib\workout-logger.ts:2118 [WorkoutLogger] No in-progress workouts found in database
S:\Program Files\LiftLog\lib\workout-logger.ts:2121 [WorkoutLogger] Database loading completed. Total records loaded: 34
S:\Program Files\LiftLog\lib\program-state.ts:237 [ProgramState] Loaded template from database: 44f1e494-178a-4e14-aaa2-651dd8844163
S:\Program Files\LiftLog\lib\workout-logger.ts:1331 [WorkoutLogger] Week 1 Day 1 completion: {found: true, userId: '6bf0e5d0-cf5c-4820-90f5-346e1e2a4d4c'}
S:\Program Files\LiftLog\lib\program-state.ts:910 [ProgramState] Loaded active program from database
S:\Program Files\LiftLog\lib\program-state.ts:237 [ProgramState] Loaded template from database: 44f1e494-178a-4e14-aaa2-651dd8844163
S:\Program Files\LiftLog\lib\workout-logger.ts:1331 [WorkoutLogger] Week 1 Day 1 completion: {found: true, userId: '6bf0e5d0-cf5c-4820-90f5-346e1e2a4d4c'}
S:\Program Files\LiftLog\lib\program-state.ts:910 [ProgramState] Loaded active program from database
S:\Program Files\LiftLog\lib\program-state.ts:941 [ProgramState] Loaded program history from database
S:\Program Files\LiftLog\lib\workout-logger.ts:2000 [WorkoutLogger] Loading user data from database (forceRefresh: true )
S:\Program Files\LiftLog\lib\workout-logger.ts:2007 [WorkoutLogger] Testing database access...
S:\Program Files\LiftLog\lib\program-state.ts:941 [ProgramState] Loaded program history from database
S:\Program Files\LiftLog\lib\workout-logger.ts:2000 [WorkoutLogger] Loading user data from database (forceRefresh: true )
S:\Program Files\LiftLog\lib\workout-logger.ts:2007 [WorkoutLogger] Testing database access...
S:\Program Files\LiftLog\lib\workout-logger.ts:2023 [WorkoutLogger] Loading completed workouts...
S:\Program Files\LiftLog\lib\workout-logger.ts:2023 [WorkoutLogger] Loading completed workouts...
S:\Program Files\LiftLog\lib\workout-logger.ts:2038 [WorkoutLogger] Found 34 workouts in database
S:\Program Files\LiftLog\lib\workout-logger.ts:2039 [WorkoutLogger] Sample workout data: {id: 'expco64k5', user_id: '6bf0e5d0-cf5c-4820-90f5-346e1e2a4d4c', program_id: '44f1e494-178a-4e14-aaa2-651dd8844163', workout_name: 'Full Body A', start_time: 1760569663125, …}
S:\Program Files\LiftLog\lib\workout-logger.ts:2062 [WorkoutLogger] Loaded 34 workouts from database (forceRefresh: true )
S:\Program Files\LiftLog\lib\workout-logger.ts:2074 [WorkoutLogger] Loading in-progress workouts...
S:\Program Files\LiftLog\lib\workout-logger.ts:2038 [WorkoutLogger] Found 34 workouts in database
S:\Program Files\LiftLog\lib\workout-logger.ts:2039 [WorkoutLogger] Sample workout data: {id: 'expco64k5', user_id: '6bf0e5d0-cf5c-4820-90f5-346e1e2a4d4c', program_id: '44f1e494-178a-4e14-aaa2-651dd8844163', workout_name: 'Full Body A', start_time: 1760569663125, …}
S:\Program Files\LiftLog\lib\workout-logger.ts:2062 [WorkoutLogger] Loaded 34 workouts from database (forceRefresh: true )
S:\Program Files\LiftLog\lib\workout-logger.ts:2074 [WorkoutLogger] Loading in-progress workouts...
S:\Program Files\LiftLog\lib\workout-logger.ts:2118 [WorkoutLogger] No in-progress workouts found in database
S:\Program Files\LiftLog\lib\workout-logger.ts:2121 [WorkoutLogger] Database loading completed. Total records loaded: 34
S:\Program Files\LiftLog\lib\program-state.ts:315 [ProgramState] Refreshing template from database...
S:\Program Files\LiftLog\lib\program-state.ts:237 [ProgramState] Loaded template from database: 44f1e494-178a-4e14-aaa2-651dd8844163
S:\Program Files\LiftLog\lib\program-state.ts:321 [ProgramState] Template refreshed with latest database version
S:\Program Files\LiftLog\components\train-section.tsx:41 [TrainSection] Loaded active program: {templateId: '44f1e494-178a-4e14-aaa2-651dd8844163', templateName: '3-Day Full Body Beginner v2', currentWeek: 2, currentDay: 1}
S:\Program Files\LiftLog\lib\workout-logger.ts:2118 [WorkoutLogger] No in-progress workouts found in database
S:\Program Files\LiftLog\lib\workout-logger.ts:2121 [WorkoutLogger] Database loading completed. Total records loaded: 34
S:\Program Files\LiftLog\lib\program-state.ts:315 [ProgramState] Refreshing template from database...
S:\Program Files\LiftLog\lib\program-state.ts:237 [ProgramState] Loaded template from database: 44f1e494-178a-4e14-aaa2-651dd8844163
S:\Program Files\LiftLog\lib\program-state.ts:321 [ProgramState] Template refreshed with latest database version
S:\Program Files\LiftLog\components\train-section.tsx:41 [TrainSection] Loaded active program: {templateId: '44f1e494-178a-4e14-aaa2-651dd8844163', templateName: '3-Day Full Body Beginner v2', currentWeek: 2, currentDay: 1}
S:\Program Files\LiftLog\components\train-section.tsx:51 [TrainSection] Loaded current workout: {name: 'Full Body A', exercises: Array(3)}
S:\Program Files\LiftLog\components\train-section.tsx:51 [TrainSection] Loaded current workout: {name: 'Full Body A', exercises: Array(3)}
