main-app.js?v=1760603219742:1170 Download the React DevTools for a better development experience: https://react.dev/link/react-devtools
S:\Program Files\LiftLog\lib\session-manager.ts:272 [SessionManager] Dev tools available at window.SessionManager
S:\Program Files\LiftLog\lib\workout-logger.ts:162 [WorkoutLogger] Development tools available at window.WorkoutLoggerDev
S:\Program Files\LiftLog\lib\services\program-template-service.ts:371 [ProgramTemplateService] Warming cache...
S:\Program Files\LiftLog\lib\session-manager.ts:47 [SessionManager] 🔐 Starting session monitoring...
S:\Program Files\LiftLog\lib\session-manager.ts:73 [SessionManager] ✅ Session monitoring active
S:\Program Files\LiftLog\lib\session-manager.ts:51 [SessionManager] Auth state changed: SIGNED_IN
S:\Program Files\LiftLog\lib\session-manager.ts:61 [SessionManager] 🔓 User signed in
S:\Program Files\LiftLog\lib\session-manager.ts:51 [SessionManager] Auth state changed: INITIAL_SESSION
S:\Program Files\LiftLog\lib\session-manager.ts:125 [SessionManager] Session check: {expiresIn: '59 minutes', expiresAt: '1:26:58 PM', userId: '6bf0e5d0...'}
S:\Program Files\LiftLog\contexts\auth-context.tsx:63 [Auth] Loading comprehensive user application data for: 6bf0e5d0-cf5c-4820-90f5-346e1e2a4d4c
S:\Program Files\LiftLog\app\page.tsx:74 [HomePage] Data loading status: Loading your workout data...
S:\Program Files\LiftLog\app\page.tsx:74 [HomePage] Data loading status: Checking for data recovery...
S:\Program Files\LiftLog\contexts\auth-context.tsx:78 [Auth] Development mode: checking for port change scenario
S:\Program Files\LiftLog\lib\workout-logger.ts:2000 [WorkoutLogger] Loading user data from database (forceRefresh: true )
S:\Program Files\LiftLog\lib\workout-logger.ts:2007 [WorkoutLogger] Testing database access...
S:\Program Files\LiftLog\lib\dev-data-recovery.ts:208 [DevDataRecovery] Development tools available at window.DevDataRecovery
S:\Program Files\LiftLog\lib\dev-data-recovery.ts:163 [DevDataRecovery] === Recovery Statistics ===
S:\Program Files\LiftLog\lib\dev-data-recovery.ts:169 [DevDataRecovery] Local storage:
S:\Program Files\LiftLog\lib\dev-data-recovery.ts:170   Workouts data: Missing
S:\Program Files\LiftLog\lib\dev-data-recovery.ts:171   Program data: Missing
S:\Program Files\LiftLog\lib\services\program-template-service.ts:382 [ProgramTemplateService] Cache warmed with 2 templates
S:\Program Files\LiftLog\components\template-cache-warmer.tsx:20 [TemplateCacheWarmer] Cache warmed successfully
S:\Program Files\LiftLog\lib\workout-logger.ts:2023 [WorkoutLogger] Loading completed workouts...
S:\Program Files\LiftLog\lib\dev-data-recovery.ts:186 [DevDataRecovery] Database:
S:\Program Files\LiftLog\lib\dev-data-recovery.ts:187   Recent workouts: 5
S:\Program Files\LiftLog\lib\dev-data-recovery.ts:188   Active programs: 0
S:\Program Files\LiftLog\lib\dev-data-recovery.ts:191   Recent workout details: (5) [{…}, {…}, {…}, {…}, {…}]
S:\Program Files\LiftLog\lib\dev-data-recovery.ts:198 [DevDataRecovery] === End Recovery Statistics ===
S:\Program Files\LiftLog\lib\dev-data-recovery.ts:15 [DevDataRecovery] Checking for port change scenario...
S:\Program Files\LiftLog\lib\dev-data-recovery.ts:23 [DevDataRecovery] Local storage status: {hasLocalWorkoutData: false, hasLocalInProgressData: false, hasLocalProgramData: false, userId: '6bf0e5d0-cf5c-4820-90f5-346e1e2a4d4c'}
S:\Program Files\LiftLog\lib\workout-logger.ts:2038 [WorkoutLogger] Found 35 workouts in database
S:\Program Files\LiftLog\lib\workout-logger.ts:2039 [WorkoutLogger] Sample workout data: {id: 'xm9gl40xp', user_id: '6bf0e5d0-cf5c-4820-90f5-346e1e2a4d4c', program_id: '44f1e494-178a-4e14-aaa2-651dd8844163', workout_name: 'Full Body A', start_time: 1760570042505, …}
S:\Program Files\LiftLog\lib\workout-logger.ts:2062 [WorkoutLogger] Loaded 35 workouts from database (forceRefresh: true )
S:\Program Files\LiftLog\lib\workout-logger.ts:2074 [WorkoutLogger] Loading in-progress workouts...
S:\Program Files\LiftLog\lib\workout-logger.ts:2088 [WorkoutLogger] Found 4 in-progress workouts in database
S:\Program Files\LiftLog\lib\workout-logger.ts:2110 [WorkoutLogger] Loaded 4 in-progress workouts from database (forceRefresh: true )
S:\Program Files\LiftLog\lib\workout-logger.ts:2121 [WorkoutLogger] Database loading completed. Total records loaded: 39
S:\Program Files\LiftLog\lib\dev-data-recovery.ts:81 [DevDataRecovery] Database data found: {hasWorkouts: true, hasPrograms: true, workoutsCount: 1, programsCount: 1}
S:\Program Files\LiftLog\lib\dev-data-recovery.ts:33 [DevDataRecovery] Database has data: true
S:\Program Files\LiftLog\app\page.tsx:74 [HomePage] Data loading status: Recovering data from database...
S:\Program Files\LiftLog\contexts\auth-context.tsx:89 [Auth] Port change detected, initiating recovery
S:\Program Files\LiftLog\lib\dev-data-recovery.ts:105 [DevDataRecovery] Starting data recovery for user: 6bf0e5d0-cf5c-4820-90f5-346e1e2a4d4c
S:\Program Files\LiftLog\lib\workout-logger.ts:2000 [WorkoutLogger] Loading user data from database (forceRefresh: true )
S:\Program Files\LiftLog\lib\workout-logger.ts:2007 [WorkoutLogger] Testing database access...
S:\Program Files\LiftLog\lib\workout-logger.ts:2023 [WorkoutLogger] Loading completed workouts...
S:\Program Files\LiftLog\lib\workout-logger.ts:2038 [WorkoutLogger] Found 35 workouts in database
S:\Program Files\LiftLog\lib\workout-logger.ts:2039 [WorkoutLogger] Sample workout data: {id: 'xm9gl40xp', user_id: '6bf0e5d0-cf5c-4820-90f5-346e1e2a4d4c', program_id: '44f1e494-178a-4e14-aaa2-651dd8844163', workout_name: 'Full Body A', start_time: 1760570042505, …}
S:\Program Files\LiftLog\lib\workout-logger.ts:2062 [WorkoutLogger] Loaded 35 workouts from database (forceRefresh: true )
S:\Program Files\LiftLog\lib\workout-logger.ts:2074 [WorkoutLogger] Loading in-progress workouts...
S:\Program Files\LiftLog\lib\program-state.ts:949 [ProgramState] Loaded program history from database
S:\Program Files\LiftLog\components\train-section.tsx:68 [TrainSection] Component mounted or updated, loading program data...
S:\Program Files\LiftLog\components\train-section.tsx:24 [TrainSection] Loading active program...
S:\Program Files\LiftLog\components\train-section.tsx:28 [TrainSection] localStorage has active program: false
S:\Program Files\LiftLog\lib\workout-logger.ts:2000 [WorkoutLogger] Loading user data from database (forceRefresh: true )
S:\Program Files\LiftLog\lib\workout-logger.ts:2007 [WorkoutLogger] Testing database access...
S:\Program Files\LiftLog\components\train-section.tsx:68 [TrainSection] Component mounted or updated, loading program data...
S:\Program Files\LiftLog\components\train-section.tsx:24 [TrainSection] Loading active program...
S:\Program Files\LiftLog\components\train-section.tsx:28 [TrainSection] localStorage has active program: false
S:\Program Files\LiftLog\lib\workout-logger.ts:2000 [WorkoutLogger] Loading user data from database (forceRefresh: true )
S:\Program Files\LiftLog\lib\workout-logger.ts:2007 [WorkoutLogger] Testing database access...
S:\Program Files\LiftLog\lib\workout-logger.ts:2088 [WorkoutLogger] Found 4 in-progress workouts in database
S:\Program Files\LiftLog\lib\workout-logger.ts:2110 [WorkoutLogger] Loaded 4 in-progress workouts from database (forceRefresh: true )
S:\Program Files\LiftLog\lib\workout-logger.ts:2121 [WorkoutLogger] Database loading completed. Total records loaded: 39
S:\Program Files\LiftLog\lib\dev-data-recovery.ts:109 [DevDataRecovery] Workout data loaded
S:\Program Files\LiftLog\lib\workout-logger.ts:2000 [WorkoutLogger] Loading user data from database (forceRefresh: true )
S:\Program Files\LiftLog\lib\workout-logger.ts:2007 [WorkoutLogger] Testing database access...
S:\Program Files\LiftLog\lib\workout-logger.ts:2023 [WorkoutLogger] Loading completed workouts...
S:\Program Files\LiftLog\lib\workout-logger.ts:2023 [WorkoutLogger] Loading completed workouts...
S:\Program Files\LiftLog\lib\workout-logger.ts:2038 [WorkoutLogger] Found 35 workouts in database
S:\Program Files\LiftLog\lib\workout-logger.ts:2039 [WorkoutLogger] Sample workout data: {id: 'xm9gl40xp', user_id: '6bf0e5d0-cf5c-4820-90f5-346e1e2a4d4c', program_id: '44f1e494-178a-4e14-aaa2-651dd8844163', workout_name: 'Full Body A', start_time: 1760570042505, …}
S:\Program Files\LiftLog\lib\workout-logger.ts:2062 [WorkoutLogger] Loaded 35 workouts from database (forceRefresh: true )
S:\Program Files\LiftLog\lib\workout-logger.ts:2074 [WorkoutLogger] Loading in-progress workouts...
S:\Program Files\LiftLog\lib\workout-logger.ts:2023 [WorkoutLogger] Loading completed workouts...
S:\Program Files\LiftLog\lib\workout-logger.ts:2038 [WorkoutLogger] Found 35 workouts in database
S:\Program Files\LiftLog\lib\workout-logger.ts:2039 [WorkoutLogger] Sample workout data: {id: 'xm9gl40xp', user_id: '6bf0e5d0-cf5c-4820-90f5-346e1e2a4d4c', program_id: '44f1e494-178a-4e14-aaa2-651dd8844163', workout_name: 'Full Body A', start_time: 1760570042505, …}
S:\Program Files\LiftLog\lib\workout-logger.ts:2062 [WorkoutLogger] Loaded 35 workouts from database (forceRefresh: true )
S:\Program Files\LiftLog\lib\workout-logger.ts:2074 [WorkoutLogger] Loading in-progress workouts...
S:\Program Files\LiftLog\lib\workout-logger.ts:2088 [WorkoutLogger] Found 4 in-progress workouts in database
S:\Program Files\LiftLog\lib\workout-logger.ts:2110 [WorkoutLogger] Loaded 4 in-progress workouts from database (forceRefresh: true )
S:\Program Files\LiftLog\lib\workout-logger.ts:2121 [WorkoutLogger] Database loading completed. Total records loaded: 39
S:\Program Files\LiftLog\lib\workout-logger.ts:2088 [WorkoutLogger] Found 4 in-progress workouts in database
S:\Program Files\LiftLog\lib\workout-logger.ts:2110 [WorkoutLogger] Loaded 4 in-progress workouts from database (forceRefresh: true )
S:\Program Files\LiftLog\lib\workout-logger.ts:2121 [WorkoutLogger] Database loading completed. Total records loaded: 39
S:\Program Files\LiftLog\lib\workout-logger.ts:2038 [WorkoutLogger] Found 35 workouts in database
S:\Program Files\LiftLog\lib\workout-logger.ts:2039 [WorkoutLogger] Sample workout data: {id: 'xm9gl40xp', user_id: '6bf0e5d0-cf5c-4820-90f5-346e1e2a4d4c', program_id: '44f1e494-178a-4e14-aaa2-651dd8844163', workout_name: 'Full Body A', start_time: 1760570042505, …}
S:\Program Files\LiftLog\lib\workout-logger.ts:2062 [WorkoutLogger] Loaded 35 workouts from database (forceRefresh: true )
S:\Program Files\LiftLog\lib\workout-logger.ts:2074 [WorkoutLogger] Loading in-progress workouts...
S:\Program Files\LiftLog\lib\program-state.ts:949 [ProgramState] Loaded program history from database
S:\Program Files\LiftLog\lib\workout-logger.ts:2000 [WorkoutLogger] Loading user data from database (forceRefresh: true )
S:\Program Files\LiftLog\lib\workout-logger.ts:2007 [WorkoutLogger] Testing database access...
S:\Program Files\LiftLog\lib\workout-logger.ts:2088 [WorkoutLogger] Found 4 in-progress workouts in database
S:\Program Files\LiftLog\lib\workout-logger.ts:2110 [WorkoutLogger] Loaded 4 in-progress workouts from database (forceRefresh: true )
S:\Program Files\LiftLog\lib\workout-logger.ts:2121 [WorkoutLogger] Database loading completed. Total records loaded: 39
S:\Program Files\LiftLog\lib\workout-logger.ts:2023 [WorkoutLogger] Loading completed workouts...
S:\Program Files\LiftLog\lib\program-state.ts:949 [ProgramState] Loaded program history from database
S:\Program Files\LiftLog\lib\workout-logger.ts:2000 [WorkoutLogger] Loading user data from database (forceRefresh: true )
S:\Program Files\LiftLog\lib\workout-logger.ts:2007 [WorkoutLogger] Testing database access...
S:\Program Files\LiftLog\lib\workout-logger.ts:2023 [WorkoutLogger] Loading completed workouts...
S:\Program Files\LiftLog\lib\workout-logger.ts:2038 [WorkoutLogger] Found 35 workouts in database
S:\Program Files\LiftLog\lib\workout-logger.ts:2039 [WorkoutLogger] Sample workout data: {id: 'xm9gl40xp', user_id: '6bf0e5d0-cf5c-4820-90f5-346e1e2a4d4c', program_id: '44f1e494-178a-4e14-aaa2-651dd8844163', workout_name: 'Full Body A', start_time: 1760570042505, …}
S:\Program Files\LiftLog\lib\workout-logger.ts:2062 [WorkoutLogger] Loaded 35 workouts from database (forceRefresh: true )
S:\Program Files\LiftLog\lib\workout-logger.ts:2074 [WorkoutLogger] Loading in-progress workouts...
S:\Program Files\LiftLog\lib\program-state.ts:949 [ProgramState] Loaded program history from database
S:\Program Files\LiftLog\lib\dev-data-recovery.ts:113 [DevDataRecovery] Program state loaded
S:\Program Files\LiftLog\lib\dev-data-recovery.ts:121 [DevDataRecovery] Recovery status: {successful: true, hasWorkoutData: true, hasProgramData: false}
S:\Program Files\LiftLog\app\page.tsx:74 [HomePage] Data loading status: Data recovered successfully!
S:\Program Files\LiftLog\contexts\auth-context.tsx:93 [Auth] Data recovery completed successfully
S:\Program Files\LiftLog\lib\auth.ts:252 [Auth] Loading user data from database (forceRefresh: false )...
S:\Program Files\LiftLog\lib\dev-data-recovery.ts:15 [DevDataRecovery] Checking for port change scenario...
S:\Program Files\LiftLog\lib\dev-data-recovery.ts:23 [DevDataRecovery] Local storage status: {hasLocalWorkoutData: true, hasLocalInProgressData: true, hasLocalProgramData: false, userId: '6bf0e5d0-cf5c-4820-90f5-346e1e2a4d4c'}
S:\Program Files\LiftLog\lib\auth.ts:279 [Auth] Using safe loading (preserves local data)
S:\Program Files\LiftLog\lib\auth.ts:296 [Auth] Using safe loading (preserves local data)
S:\Program Files\LiftLog\lib\auth.ts:299 [Auth] Loading fresh data from database (database is source of truth)
S:\Program Files\LiftLog\lib\workout-logger.ts:2000 [WorkoutLogger] Loading user data from database (forceRefresh: true )
S:\Program Files\LiftLog\lib\workout-logger.ts:2007 [WorkoutLogger] Testing database access...
S:\Program Files\LiftLog\lib\workout-logger.ts:2000 [WorkoutLogger] Loading user data from database (forceRefresh: false )
S:\Program Files\LiftLog\lib\workout-logger.ts:2007 [WorkoutLogger] Testing database access...
S:\Program Files\LiftLog\lib\workout-logger.ts:2038 [WorkoutLogger] Found 35 workouts in database
S:\Program Files\LiftLog\lib\workout-logger.ts:2039 [WorkoutLogger] Sample workout data: {id: 'xm9gl40xp', user_id: '6bf0e5d0-cf5c-4820-90f5-346e1e2a4d4c', program_id: '44f1e494-178a-4e14-aaa2-651dd8844163', workout_name: 'Full Body A', start_time: 1760570042505, …}
S:\Program Files\LiftLog\lib\workout-logger.ts:2062 [WorkoutLogger] Loaded 35 workouts from database (forceRefresh: true )
S:\Program Files\LiftLog\lib\workout-logger.ts:2074 [WorkoutLogger] Loading in-progress workouts...
S:\Program Files\LiftLog\lib\workout-logger.ts:2088 [WorkoutLogger] Found 4 in-progress workouts in database
S:\Program Files\LiftLog\lib\workout-logger.ts:2110 [WorkoutLogger] Loaded 4 in-progress workouts from database (forceRefresh: true )
S:\Program Files\LiftLog\lib\workout-logger.ts:2121 [WorkoutLogger] Database loading completed. Total records loaded: 39
S:\Program Files\LiftLog\components\train-section.tsx:41 [TrainSection] Loaded active program: null
S:\Program Files\LiftLog\components\train-section.tsx:54 [TrainSection] No active program returned from ProgramStateManager
loadProgramData @ S:\Program Files\LiftLog\components\train-section.tsx:54
await in loadProgramData
TrainSection.useEffect @ S:\Program Files\LiftLog\components\train-section.tsx:69
react_stack_bottom_frame @ react-dom-client.development.js:23669
runWithFiberInDEV @ react-dom-client.development.js:872
commitHookEffectListMount @ react-dom-client.development.js:12345
commitHookPassiveMountEffects @ react-dom-client.development.js:12466
commitPassiveMountOnFiber @ react-dom-client.development.js:14387
recursivelyTraversePassiveMountEffects @ react-dom-client.development.js:14360
commitPassiveMountOnFiber @ react-dom-client.development.js:14514
recursivelyTraversePassiveMountEffects @ react-dom-client.development.js:14360
commitPassiveMountOnFiber @ react-dom-client.development.js:14514
recursivelyTraversePassiveMountEffects @ react-dom-client.development.js:14360
commitPassiveMountOnFiber @ react-dom-client.development.js:14380
recursivelyTraversePassiveMountEffects @ react-dom-client.development.js:14360
commitPassiveMountOnFiber @ react-dom-client.development.js:14380
recursivelyTraversePassiveMountEffects @ react-dom-client.development.js:14360
commitPassiveMountOnFiber @ react-dom-client.development.js:14380
recursivelyTraversePassiveMountEffects @ react-dom-client.development.js:14360
commitPassiveMountOnFiber @ react-dom-client.development.js:14514
recursivelyTraversePassiveMountEffects @ react-dom-client.development.js:14360
commitPassiveMountOnFiber @ react-dom-client.development.js:14514
recursivelyTraversePassiveMountEffects @ react-dom-client.development.js:14360
commitPassiveMountOnFiber @ react-dom-client.development.js:14380
recursivelyTraversePassiveMountEffects @ react-dom-client.development.js:14360
commitPassiveMountOnFiber @ react-dom-client.development.js:14390
recursivelyTraversePassiveMountEffects @ react-dom-client.development.js:14360
commitPassiveMountOnFiber @ react-dom-client.development.js:14380
recursivelyTraversePassiveMountEffects @ react-dom-client.development.js:14360
commitPassiveMountOnFiber @ react-dom-client.development.js:14390
recursivelyTraversePassiveMountEffects @ react-dom-client.development.js:14360
commitPassiveMountOnFiber @ react-dom-client.development.js:14380
recursivelyTraversePassiveMountEffects @ react-dom-client.development.js:14360
commitPassiveMountOnFiber @ react-dom-client.development.js:14485
recursivelyTraversePassiveMountEffects @ react-dom-client.development.js:14360
commitPassiveMountOnFiber @ react-dom-client.development.js:14458
recursivelyTraversePassiveMountEffects @ react-dom-client.development.js:14360
commitPassiveMountOnFiber @ react-dom-client.development.js:14380
recursivelyTraversePassiveMountEffects @ react-dom-client.development.js:14360
commitPassiveMountOnFiber @ react-dom-client.development.js:14380
recursivelyTraversePassiveMountEffects @ react-dom-client.development.js:14360
commitPassiveMountOnFiber @ react-dom-client.development.js:14390
recursivelyTraversePassiveMountEffects @ react-dom-client.development.js:14360
commitPassiveMountOnFiber @ react-dom-client.development.js:14380
recursivelyTraversePassiveMountEffects @ react-dom-client.development.js:14360
commitPassiveMountOnFiber @ react-dom-client.development.js:14380
recursivelyTraversePassiveMountEffects @ react-dom-client.development.js:14360
commitPassiveMountOnFiber @ react-dom-client.development.js:14514
recursivelyTraversePassiveMountEffects @ react-dom-client.development.js:14360
commitPassiveMountOnFiber @ react-dom-client.development.js:14514
recursivelyTraversePassiveMountEffects @ react-dom-client.development.js:14360
commitPassiveMountOnFiber @ react-dom-client.development.js:14380
recursivelyTraversePassiveMountEffects @ react-dom-client.development.js:14360
commitPassiveMountOnFiber @ react-dom-client.development.js:14380
recursivelyTraversePassiveMountEffects @ react-dom-client.development.js:14360
commitPassiveMountOnFiber @ react-dom-client.development.js:14485
recursivelyTraversePassiveMountEffects @ react-dom-client.development.js:14360
commitPassiveMountOnFiber @ react-dom-client.development.js:14458
recursivelyTraversePassiveMountEffects @ react-dom-client.development.js:14360
commitPassiveMountOnFiber @ react-dom-client.development.js:14514
recursivelyTraversePassiveMountEffects @ react-dom-client.development.js:14360
commitPassiveMountOnFiber @ react-dom-client.development.js:14514
recursivelyTraversePassiveMountEffects @ react-dom-client.development.js:14360
commitPassiveMountOnFiber @ react-dom-client.development.js:14380
recursivelyTraversePassiveMountEffects @ react-dom-client.development.js:14360
commitPassiveMountOnFiber @ react-dom-client.development.js:14380
recursivelyTraversePassiveMountEffects @ react-dom-client.development.js:14360
commitPassiveMountOnFiber @ react-dom-client.development.js:14380
recursivelyTraversePassiveMountEffects @ react-dom-client.development.js:14360
commitPassiveMountOnFiber @ react-dom-client.development.js:14514
recursivelyTraversePassiveMountEffects @ react-dom-client.development.js:14360
commitPassiveMountOnFiber @ react-dom-client.development.js:14380
recursivelyTraversePassiveMountEffects @ react-dom-client.development.js:14360
commitPassiveMountOnFiber @ react-dom-client.development.js:14514
recursivelyTraversePassiveMountEffects @ react-dom-client.development.js:14360
commitPassiveMountOnFiber @ react-dom-client.development.js:14514
recursivelyTraversePassiveMountEffects @ react-dom-client.development.js:14360
commitPassiveMountOnFiber @ react-dom-client.development.js:14514
recursivelyTraversePassiveMountEffects @ react-dom-client.development.js:14360
commitPassiveMountOnFiber @ react-dom-client.development.js:14380
recursivelyTraversePassiveMountEffects @ react-dom-client.development.js:14360
commitPassiveMountOnFiber @ react-dom-client.development.js:14380
recursivelyTraversePassiveMountEffects @ react-dom-client.development.js:14360
commitPassiveMountOnFiber @ react-dom-client.development.js:14390
recursivelyTraversePassiveMountEffects @ react-dom-client.development.js:14360
commitPassiveMountOnFiber @ react-dom-client.development.js:14380
recursivelyTraversePassiveMountEffects @ react-dom-client.development.js:14360
commitPassiveMountOnFiber @ react-dom-client.development.js:14390
recursivelyTraversePassiveMountEffects @ react-dom-client.development.js:14360
commitPassiveMountOnFiber @ react-dom-client.development.js:14380
recursivelyTraversePassiveMountEffects @ react-dom-client.development.js:14360
commitPassiveMountOnFiber @ react-dom-client.development.js:14380
recursivelyTraversePassiveMountEffects @ react-dom-client.development.js:14360
commitPassiveMountOnFiber @ react-dom-client.development.js:14390
recursivelyTraversePassiveMountEffects @ react-dom-client.development.js:14360
commitPassiveMountOnFiber @ react-dom-client.development.js:14380
recursivelyTraversePassiveMountEffects @ react-dom-client.development.js:14360
commitPassiveMountOnFiber @ react-dom-client.development.js:14514
recursivelyTraversePassiveMountEffects @ react-dom-client.development.js:14360
commitPassiveMountOnFiber @ react-dom-client.development.js:14514
recursivelyTraversePassiveMountEffects @ react-dom-client.development.js:14360
commitPassiveMountOnFiber @ react-dom-client.development.js:14514
recursivelyTraversePassiveMountEffects @ react-dom-client.development.js:14360
commitPassiveMountOnFiber @ react-dom-client.development.js:14514
recursivelyTraversePassiveMountEffects @ react-dom-client.development.js:14360
commitPassiveMountOnFiber @ react-dom-client.development.js:14514
recursivelyTraversePassiveMountEffects @ react-dom-client.development.js:14360
commitPassiveMountOnFiber @ react-dom-client.development.js:14514
recursivelyTraversePassiveMountEffects @ react-dom-client.development.js:14360
commitPassiveMountOnFiber @ react-dom-client.development.js:14380
recursivelyTraversePassiveMountEffects @ react-dom-client.development.js:14360
commitPassiveMountOnFiber @ react-dom-client.development.js:14390
recursivelyTraversePassiveMountEffects @ react-dom-client.development.js:14360
commitPassiveMountOnFiber @ react-dom-client.development.js:14380
recursivelyTraversePassiveMountEffects @ react-dom-client.development.js:14360
commitPassiveMountOnFiber @ react-dom-client.development.js:14380
recursivelyTraversePassiveMountEffects @ react-dom-client.development.js:14360
commitPassiveMountOnFiber @ react-dom-client.development.js:14380
recursivelyTraversePassiveMountEffects @ react-dom-client.development.js:14360
commitPassiveMountOnFiber @ react-dom-client.development.js:14514
recursivelyTraversePassiveMountEffects @ react-dom-client.development.js:14360
commitPassiveMountOnFiber @ react-dom-client.development.js:14380
recursivelyTraversePassiveMountEffects @ react-dom-client.development.js:14360
commitPassiveMountOnFiber @ react-dom-client.development.js:14380
recursivelyTraversePassiveMountEffects @ react-dom-client.development.js:14360
commitPassiveMountOnFiber @ react-dom-client.development.js:14514
recursivelyTraversePassiveMountEffects @ react-dom-client.development.js:14360
commitPassiveMountOnFiber @ react-dom-client.development.js:14514
recursivelyTraversePassiveMountEffects @ react-dom-client.development.js:14360
commitPassiveMountOnFiber @ react-dom-client.development.js:14399
flushPassiveEffects @ react-dom-client.development.js:16338
flushPendingEffects @ react-dom-client.development.js:16299
performSyncWorkOnRoot @ react-dom-client.development.js:16828
flushSyncWorkAcrossRoots_impl @ react-dom-client.development.js:16677
flushSpawnedWork @ react-dom-client.development.js:16274
commitRoot @ react-dom-client.development.js:15998
commitRootWhenReady @ react-dom-client.development.js:15228
performWorkOnRoot @ react-dom-client.development.js:15147
performWorkOnRootViaSchedulerTask @ react-dom-client.development.js:16816
performWorkUntilDeadline @ scheduler.development.js:45
<TrainSection>
exports.jsxDEV @ react-jsx-dev-runtime.development.js:323
HomePage @ S:\Program Files\LiftLog\app\page.tsx:280
react_stack_bottom_frame @ react-dom-client.development.js:23584
renderWithHooksAgain @ react-dom-client.development.js:6893
renderWithHooks @ react-dom-client.development.js:6805
updateFunctionComponent @ react-dom-client.development.js:9247
beginWork @ react-dom-client.development.js:10858
runWithFiberInDEV @ react-dom-client.development.js:872
performUnitOfWork @ react-dom-client.development.js:15727
workLoopSync @ react-dom-client.development.js:15547
renderRootSync @ react-dom-client.development.js:15527
performWorkOnRoot @ react-dom-client.development.js:14991
performWorkOnRootViaSchedulerTask @ react-dom-client.development.js:16816
performWorkUntilDeadline @ scheduler.development.js:45
<HomePage>
exports.jsx @ react-jsx-runtime.development.js:323
ClientPageRoot @ client-page.js:20
react_stack_bottom_frame @ react-dom-client.development.js:23584
renderWithHooksAgain @ react-dom-client.development.js:6893
renderWithHooks @ react-dom-client.development.js:6805
updateFunctionComponent @ react-dom-client.development.js:9247
beginWork @ react-dom-client.development.js:10807
runWithFiberInDEV @ react-dom-client.development.js:872
performUnitOfWork @ react-dom-client.development.js:15727
workLoopConcurrentByScheduler @ react-dom-client.development.js:15721
renderRootConcurrent @ react-dom-client.development.js:15696
performWorkOnRoot @ react-dom-client.development.js:14990
performWorkOnRootViaSchedulerTask @ react-dom-client.development.js:16816
performWorkUntilDeadline @ scheduler.development.js:45
"use client"
Function.all @ VM516 <anonymous>:1
initializeElement @ react-server-dom-webpack-client.browser.development.js:1343
eval @ react-server-dom-webpack-client.browser.development.js:3066
initializeModelChunk @ react-server-dom-webpack-client.browser.development.js:1246
resolveModelChunk @ react-server-dom-webpack-client.browser.development.js:1101
processFullStringRow @ react-server-dom-webpack-client.browser.development.js:2899
processFullBinaryRow @ react-server-dom-webpack-client.browser.development.js:2766
processBinaryChunk @ react-server-dom-webpack-client.browser.development.js:2969
progress @ react-server-dom-webpack-client.browser.development.js:3233
"use server"
ResponseInstance @ react-server-dom-webpack-client.browser.development.js:2041
createResponseFromOptions @ react-server-dom-webpack-client.browser.development.js:3094
exports.createFromReadableStream @ react-server-dom-webpack-client.browser.development.js:3478
eval @ app-index.js:130
(app-pages-browser)/./node_modules/next/dist/client/app-index.js @ main-app.js?v=1760603219742:160
options.factory @ webpack.js:1
__webpack_require__ @ webpack.js:1
fn @ webpack.js:1
eval @ app-next-dev.js:14
eval @ app-bootstrap.js:59
loadScriptsInSequence @ app-bootstrap.js:24
appBootstrap @ app-bootstrap.js:53
eval @ app-next-dev.js:13
(app-pages-browser)/./node_modules/next/dist/client/app-next-dev.js @ main-app.js?v=1760603219742:182
options.factory @ webpack.js:1
__webpack_require__ @ webpack.js:1
__webpack_exec__ @ main-app.js?v=1760603219742:1878
(anonymous) @ main-app.js?v=1760603219742:1879
webpackJsonpCallback @ webpack.js:1
(anonymous) @ main-app.js?v=1760603219742:9
S:\Program Files\LiftLog\lib\workout-logger.ts:2023 [WorkoutLogger] Loading completed workouts...
S:\Program Files\LiftLog\lib\workout-logger.ts:2088 [WorkoutLogger] Found 4 in-progress workouts in database
S:\Program Files\LiftLog\lib\workout-logger.ts:2110 [WorkoutLogger] Loaded 4 in-progress workouts from database (forceRefresh: true )
S:\Program Files\LiftLog\lib\workout-logger.ts:2121 [WorkoutLogger] Database loading completed. Total records loaded: 39
S:\Program Files\LiftLog\components\train-section.tsx:41 [TrainSection] Loaded active program: null
S:\Program Files\LiftLog\components\train-section.tsx:54 [TrainSection] No active program returned from ProgramStateManager
loadProgramData @ S:\Program Files\LiftLog\components\train-section.tsx:54
await in loadProgramData
TrainSection.useEffect @ S:\Program Files\LiftLog\components\train-section.tsx:69
react_stack_bottom_frame @ react-dom-client.development.js:23669
runWithFiberInDEV @ react-dom-client.development.js:872
commitHookEffectListMount @ react-dom-client.development.js:12345
commitHookPassiveMountEffects @ react-dom-client.development.js:12466
reconnectPassiveEffects @ react-dom-client.development.js:14563
recursivelyTraverseReconnectPassiveEffects @ react-dom-client.development.js:14534
reconnectPassiveEffects @ react-dom-client.development.js:14610
doubleInvokeEffectsOnFiber @ react-dom-client.development.js:16566
runWithFiberInDEV @ react-dom-client.development.js:872
recursivelyTraverseAndDoubleInvokeEffectsInDEV @ react-dom-client.development.js:16530
recursivelyTraverseAndDoubleInvokeEffectsInDEV @ react-dom-client.development.js:16536
recursivelyTraverseAndDoubleInvokeEffectsInDEV @ react-dom-client.development.js:16536
recursivelyTraverseAndDoubleInvokeEffectsInDEV @ react-dom-client.development.js:16536
recursivelyTraverseAndDoubleInvokeEffectsInDEV @ react-dom-client.development.js:16536
recursivelyTraverseAndDoubleInvokeEffectsInDEV @ react-dom-client.development.js:16536
recursivelyTraverseAndDoubleInvokeEffectsInDEV @ react-dom-client.development.js:16536
recursivelyTraverseAndDoubleInvokeEffectsInDEV @ react-dom-client.development.js:16536
recursivelyTraverseAndDoubleInvokeEffectsInDEV @ react-dom-client.development.js:16536
recursivelyTraverseAndDoubleInvokeEffectsInDEV @ react-dom-client.development.js:16536
recursivelyTraverseAndDoubleInvokeEffectsInDEV @ react-dom-client.development.js:16536
recursivelyTraverseAndDoubleInvokeEffectsInDEV @ react-dom-client.development.js:16536
runWithFiberInDEV @ react-dom-client.development.js:875
recursivelyTraverseAndDoubleInvokeEffectsInDEV @ react-dom-client.development.js:16550
recursivelyTraverseAndDoubleInvokeEffectsInDEV @ react-dom-client.development.js:16536
recursivelyTraverseAndDoubleInvokeEffectsInDEV @ react-dom-client.development.js:16536
recursivelyTraverseAndDoubleInvokeEffectsInDEV @ react-dom-client.development.js:16536
recursivelyTraverseAndDoubleInvokeEffectsInDEV @ react-dom-client.development.js:16536
recursivelyTraverseAndDoubleInvokeEffectsInDEV @ react-dom-client.development.js:16536
recursivelyTraverseAndDoubleInvokeEffectsInDEV @ react-dom-client.development.js:16536
recursivelyTraverseAndDoubleInvokeEffectsInDEV @ react-dom-client.development.js:16536
recursivelyTraverseAndDoubleInvokeEffectsInDEV @ react-dom-client.development.js:16536
recursivelyTraverseAndDoubleInvokeEffectsInDEV @ react-dom-client.development.js:16536
recursivelyTraverseAndDoubleInvokeEffectsInDEV @ react-dom-client.development.js:16536
runWithFiberInDEV @ react-dom-client.development.js:875
recursivelyTraverseAndDoubleInvokeEffectsInDEV @ react-dom-client.development.js:16550
recursivelyTraverseAndDoubleInvokeEffectsInDEV @ react-dom-client.development.js:16536
recursivelyTraverseAndDoubleInvokeEffectsInDEV @ react-dom-client.development.js:16536
recursivelyTraverseAndDoubleInvokeEffectsInDEV @ react-dom-client.development.js:16536
recursivelyTraverseAndDoubleInvokeEffectsInDEV @ react-dom-client.development.js:16536
recursivelyTraverseAndDoubleInvokeEffectsInDEV @ react-dom-client.development.js:16536
recursivelyTraverseAndDoubleInvokeEffectsInDEV @ react-dom-client.development.js:16536
recursivelyTraverseAndDoubleInvokeEffectsInDEV @ react-dom-client.development.js:16536
recursivelyTraverseAndDoubleInvokeEffectsInDEV @ react-dom-client.development.js:16536
recursivelyTraverseAndDoubleInvokeEffectsInDEV @ react-dom-client.development.js:16536
recursivelyTraverseAndDoubleInvokeEffectsInDEV @ react-dom-client.development.js:16536
recursivelyTraverseAndDoubleInvokeEffectsInDEV @ react-dom-client.development.js:16536
recursivelyTraverseAndDoubleInvokeEffectsInDEV @ react-dom-client.development.js:16536
recursivelyTraverseAndDoubleInvokeEffectsInDEV @ react-dom-client.development.js:16536
recursivelyTraverseAndDoubleInvokeEffectsInDEV @ react-dom-client.development.js:16536
recursivelyTraverseAndDoubleInvokeEffectsInDEV @ react-dom-client.development.js:16536
recursivelyTraverseAndDoubleInvokeEffectsInDEV @ react-dom-client.development.js:16536
recursivelyTraverseAndDoubleInvokeEffectsInDEV @ react-dom-client.development.js:16536
recursivelyTraverseAndDoubleInvokeEffectsInDEV @ react-dom-client.development.js:16536
recursivelyTraverseAndDoubleInvokeEffectsInDEV @ react-dom-client.development.js:16536
recursivelyTraverseAndDoubleInvokeEffectsInDEV @ react-dom-client.development.js:16536
recursivelyTraverseAndDoubleInvokeEffectsInDEV @ react-dom-client.development.js:16536
recursivelyTraverseAndDoubleInvokeEffectsInDEV @ react-dom-client.development.js:16536
recursivelyTraverseAndDoubleInvokeEffectsInDEV @ react-dom-client.development.js:16536
recursivelyTraverseAndDoubleInvokeEffectsInDEV @ react-dom-client.development.js:16536
recursivelyTraverseAndDoubleInvokeEffectsInDEV @ react-dom-client.development.js:16536
recursivelyTraverseAndDoubleInvokeEffectsInDEV @ react-dom-client.development.js:16536
recursivelyTraverseAndDoubleInvokeEffectsInDEV @ react-dom-client.development.js:16536
recursivelyTraverseAndDoubleInvokeEffectsInDEV @ react-dom-client.development.js:16536
recursivelyTraverseAndDoubleInvokeEffectsInDEV @ react-dom-client.development.js:16536
recursivelyTraverseAndDoubleInvokeEffectsInDEV @ react-dom-client.development.js:16536
recursivelyTraverseAndDoubleInvokeEffectsInDEV @ react-dom-client.development.js:16536
recursivelyTraverseAndDoubleInvokeEffectsInDEV @ react-dom-client.development.js:16536
recursivelyTraverseAndDoubleInvokeEffectsInDEV @ react-dom-client.development.js:16536
recursivelyTraverseAndDoubleInvokeEffectsInDEV @ react-dom-client.development.js:16536
recursivelyTraverseAndDoubleInvokeEffectsInDEV @ react-dom-client.development.js:16536
recursivelyTraverseAndDoubleInvokeEffectsInDEV @ react-dom-client.development.js:16536
commitDoubleInvokeEffectsInDEV @ react-dom-client.development.js:16575
flushPassiveEffects @ react-dom-client.development.js:16348
flushPendingEffects @ react-dom-client.development.js:16299
performSyncWorkOnRoot @ react-dom-client.development.js:16828
flushSyncWorkAcrossRoots_impl @ react-dom-client.development.js:16677
flushSpawnedWork @ react-dom-client.development.js:16274
commitRoot @ react-dom-client.development.js:15998
commitRootWhenReady @ react-dom-client.development.js:15228
performWorkOnRoot @ react-dom-client.development.js:15147
performWorkOnRootViaSchedulerTask @ react-dom-client.development.js:16816
performWorkUntilDeadline @ scheduler.development.js:45
<TrainSection>
exports.jsxDEV @ react-jsx-dev-runtime.development.js:323
HomePage @ S:\Program Files\LiftLog\app\page.tsx:280
react_stack_bottom_frame @ react-dom-client.development.js:23584
renderWithHooksAgain @ react-dom-client.development.js:6893
renderWithHooks @ react-dom-client.development.js:6805
updateFunctionComponent @ react-dom-client.development.js:9247
beginWork @ react-dom-client.development.js:10858
runWithFiberInDEV @ react-dom-client.development.js:872
performUnitOfWork @ react-dom-client.development.js:15727
workLoopSync @ react-dom-client.development.js:15547
renderRootSync @ react-dom-client.development.js:15527
performWorkOnRoot @ react-dom-client.development.js:14991
performWorkOnRootViaSchedulerTask @ react-dom-client.development.js:16816
performWorkUntilDeadline @ scheduler.development.js:45
<HomePage>
exports.jsx @ react-jsx-runtime.development.js:323
ClientPageRoot @ client-page.js:20
react_stack_bottom_frame @ react-dom-client.development.js:23584
renderWithHooksAgain @ react-dom-client.development.js:6893
renderWithHooks @ react-dom-client.development.js:6805
updateFunctionComponent @ react-dom-client.development.js:9247
beginWork @ react-dom-client.development.js:10807
runWithFiberInDEV @ react-dom-client.development.js:872
performUnitOfWork @ react-dom-client.development.js:15727
workLoopConcurrentByScheduler @ react-dom-client.development.js:15721
renderRootConcurrent @ react-dom-client.development.js:15696
performWorkOnRoot @ react-dom-client.development.js:14990
performWorkOnRootViaSchedulerTask @ react-dom-client.development.js:16816
performWorkUntilDeadline @ scheduler.development.js:45
"use client"
Function.all @ VM516 <anonymous>:1
initializeElement @ react-server-dom-webpack-client.browser.development.js:1343
eval @ react-server-dom-webpack-client.browser.development.js:3066
initializeModelChunk @ react-server-dom-webpack-client.browser.development.js:1246
resolveModelChunk @ react-server-dom-webpack-client.browser.development.js:1101
processFullStringRow @ react-server-dom-webpack-client.browser.development.js:2899
processFullBinaryRow @ react-server-dom-webpack-client.browser.development.js:2766
processBinaryChunk @ react-server-dom-webpack-client.browser.development.js:2969
progress @ react-server-dom-webpack-client.browser.development.js:3233
"use server"
ResponseInstance @ react-server-dom-webpack-client.browser.development.js:2041
createResponseFromOptions @ react-server-dom-webpack-client.browser.development.js:3094
exports.createFromReadableStream @ react-server-dom-webpack-client.browser.development.js:3478
eval @ app-index.js:130
(app-pages-browser)/./node_modules/next/dist/client/app-index.js @ main-app.js?v=1760603219742:160
options.factory @ webpack.js:1
__webpack_require__ @ webpack.js:1
fn @ webpack.js:1
eval @ app-next-dev.js:14
eval @ app-bootstrap.js:59
loadScriptsInSequence @ app-bootstrap.js:24
appBootstrap @ app-bootstrap.js:53
eval @ app-next-dev.js:13
(app-pages-browser)/./node_modules/next/dist/client/app-next-dev.js @ main-app.js?v=1760603219742:182
options.factory @ webpack.js:1
__webpack_require__ @ webpack.js:1
__webpack_exec__ @ main-app.js?v=1760603219742:1878
(anonymous) @ main-app.js?v=1760603219742:1879
webpackJsonpCallback @ webpack.js:1
(anonymous) @ main-app.js?v=1760603219742:9
S:\Program Files\LiftLog\lib\workout-logger.ts:2023 [WorkoutLogger] Loading completed workouts...
S:\Program Files\LiftLog\lib\workout-logger.ts:2038 [WorkoutLogger] Found 35 workouts in database
S:\Program Files\LiftLog\lib\workout-logger.ts:2039 [WorkoutLogger] Sample workout data: {id: 'xm9gl40xp', user_id: '6bf0e5d0-cf5c-4820-90f5-346e1e2a4d4c', program_id: '44f1e494-178a-4e14-aaa2-651dd8844163', workout_name: 'Full Body A', start_time: 1760570042505, …}
S:\Program Files\LiftLog\lib\workout-logger.ts:2062 [WorkoutLogger] Loaded 35 workouts from database (forceRefresh: true )
S:\Program Files\LiftLog\lib\workout-logger.ts:2074 [WorkoutLogger] Loading in-progress workouts...
S:\Program Files\LiftLog\lib\workout-logger.ts:2038 [WorkoutLogger] Found 35 workouts in database
S:\Program Files\LiftLog\lib\workout-logger.ts:2039 [WorkoutLogger] Sample workout data: {id: 'xm9gl40xp', user_id: '6bf0e5d0-cf5c-4820-90f5-346e1e2a4d4c', program_id: '44f1e494-178a-4e14-aaa2-651dd8844163', workout_name: 'Full Body A', start_time: 1760570042505, …}
S:\Program Files\LiftLog\lib\workout-logger.ts:2064 [WorkoutLogger] Preserving local workouts, found 49995 characters of local data
S:\Program Files\LiftLog\lib\workout-logger.ts:2074 [WorkoutLogger] Loading in-progress workouts...
S:\Program Files\LiftLog\lib\workout-logger.ts:2088 [WorkoutLogger] Found 4 in-progress workouts in database
S:\Program Files\LiftLog\lib\workout-logger.ts:2110 [WorkoutLogger] Loaded 4 in-progress workouts from database (forceRefresh: true )
S:\Program Files\LiftLog\lib\workout-logger.ts:2121 [WorkoutLogger] Database loading completed. Total records loaded: 39
S:\Program Files\LiftLog\lib\workout-logger.ts:2088 [WorkoutLogger] Found 4 in-progress workouts in database
S:\Program Files\LiftLog\lib\workout-logger.ts:2112 [WorkoutLogger] Preserving local in-progress workouts, found 8261 characters of local data
S:\Program Files\LiftLog\lib\workout-logger.ts:2121 [WorkoutLogger] Database loading completed. Total records loaded: 39
S:\Program Files\LiftLog\lib\program-state.ts:949 [ProgramState] Loaded program history from database
S:\Program Files\LiftLog\lib\auth.ts:307 [Auth] User data loaded successfully
S:\Program Files\LiftLog\app\page.tsx:74 [HomePage] Data loading status: Validating workout data...
S:\Program Files\LiftLog\lib\workout-logger.ts:199 [WorkoutLogger] Starting migration from global to user-specific keys for user: 6bf0e5d0-cf5c-4820-90f5-346e1e2a4d4c
S:\Program Files\LiftLog\lib\workout-logger.ts:327 [WorkoutLogger] Starting cleanup of corrupted workouts...
S:\Program Files\LiftLog\lib\workout-logger.ts:388 [WorkoutLogger] Removing corrupted completed workout: inrb0ldas
S:\Program Files\LiftLog\lib\workout-logger.ts:388 [WorkoutLogger] Removing corrupted completed workout: qc8t59pjf
S:\Program Files\LiftLog\lib\workout-logger.ts:388 [WorkoutLogger] Removing corrupted completed workout: gjj40h0s2
S:\Program Files\LiftLog\lib\workout-logger.ts:388 [WorkoutLogger] Removing corrupted completed workout: jdatj7xev
S:\Program Files\LiftLog\lib\workout-logger.ts:388 [WorkoutLogger] Removing corrupted completed workout: qj2ffnqe0
S:\Program Files\LiftLog\lib\workout-logger.ts:388 [WorkoutLogger] Removing corrupted completed workout: ozdszecy2
S:\Program Files\LiftLog\lib\workout-logger.ts:388 [WorkoutLogger] Removing corrupted completed workout: z2ersci3x
S:\Program Files\LiftLog\lib\workout-logger.ts:388 [WorkoutLogger] Removing corrupted completed workout: j9e1jlxml
S:\Program Files\LiftLog\lib\workout-logger.ts:388 [WorkoutLogger] Removing corrupted completed workout: art7sg7n8
S:\Program Files\LiftLog\lib\workout-logger.ts:388 [WorkoutLogger] Removing corrupted completed workout: 3kzr80jng
S:\Program Files\LiftLog\lib\workout-logger.ts:388 [WorkoutLogger] Removing corrupted completed workout: jtxpiebiy
S:\Program Files\LiftLog\lib\workout-logger.ts:388 [WorkoutLogger] Removing corrupted completed workout: pv9gephe5
S:\Program Files\LiftLog\lib\workout-logger.ts:388 [WorkoutLogger] Removing corrupted completed workout: n3ej8h1ha
S:\Program Files\LiftLog\lib\workout-logger.ts:388 [WorkoutLogger] Removing corrupted completed workout: u2dn7ncpw
S:\Program Files\LiftLog\lib\workout-logger.ts:388 [WorkoutLogger] Removing corrupted completed workout: iq9vkkj8o
S:\Program Files\LiftLog\lib\workout-logger.ts:388 [WorkoutLogger] Removing corrupted completed workout: 8ck6g6o65
S:\Program Files\LiftLog\lib\workout-logger.ts:388 [WorkoutLogger] Removing corrupted completed workout: y1kzkfqgc
S:\Program Files\LiftLog\lib\workout-logger.ts:388 [WorkoutLogger] Removing corrupted completed workout: wb1auv2je
S:\Program Files\LiftLog\lib\workout-logger.ts:388 [WorkoutLogger] Removing corrupted completed workout: 5x6erxy3c
S:\Program Files\LiftLog\lib\workout-logger.ts:388 [WorkoutLogger] Removing corrupted completed workout: 1y5lt3pl6
S:\Program Files\LiftLog\lib\workout-logger.ts:388 [WorkoutLogger] Removing corrupted completed workout: jdyzwlihl
S:\Program Files\LiftLog\lib\workout-logger.ts:388 [WorkoutLogger] Removing corrupted completed workout: 95v1z20vm
S:\Program Files\LiftLog\lib\workout-logger.ts:388 [WorkoutLogger] Removing corrupted completed workout: w3q4hv3jf
S:\Program Files\LiftLog\lib\workout-logger.ts:388 [WorkoutLogger] Removing corrupted completed workout: q1ud05ft0
S:\Program Files\LiftLog\lib\workout-logger.ts:388 [WorkoutLogger] Removing corrupted completed workout: kk3zde052
S:\Program Files\LiftLog\lib\workout-logger.ts:388 [WorkoutLogger] Removing corrupted completed workout: bjh4ezwpq
S:\Program Files\LiftLog\lib\workout-logger.ts:396 [WorkoutLogger] Cleaned up 26 corrupted completed workouts
S:\Program Files\LiftLog\lib\workout-logger.ts:403 [WorkoutLogger] Cleanup completed. Total items removed: 26
S:\Program Files\LiftLog\lib\workout-logger.ts:412 [WorkoutLogger] Starting workout data integrity validation...
S:\Program Files\LiftLog\lib\workout-logger.ts:609 [WorkoutLogger] Workout data integrity validation completed. Validated 13 workouts, repaired 0 issues.
S:\Program Files\LiftLog\app\page.tsx:74 [HomePage] Data loading status: Loading active programs...
S:\Program Files\LiftLog\contexts\auth-context.tsx:154 [Auth] Dispatching programChanged event to refresh UI
S:\Program Files\LiftLog\components\train-section.tsx:79 [TrainSection] Active program changed event received, reloading...
S:\Program Files\LiftLog\components\train-section.tsx:24 [TrainSection] Loading active program...
S:\Program Files\LiftLog\components\train-section.tsx:28 [TrainSection] localStorage has active program: false
S:\Program Files\LiftLog\lib\workout-logger.ts:2000 [WorkoutLogger] Loading user data from database (forceRefresh: true )
S:\Program Files\LiftLog\lib\workout-logger.ts:2007 [WorkoutLogger] Testing database access...
S:\Program Files\LiftLog\app\page.tsx:74 [HomePage] Data loading status: Ready!
S:\Program Files\LiftLog\contexts\auth-context.tsx:166 [Auth] User application data loaded successfully
S:\Program Files\LiftLog\lib\workout-logger.ts:2023 [WorkoutLogger] Loading completed workouts...
S:\Program Files\LiftLog\lib\workout-logger.ts:2038 [WorkoutLogger] Found 35 workouts in database
S:\Program Files\LiftLog\lib\workout-logger.ts:2039 [WorkoutLogger] Sample workout data: {id: 'xm9gl40xp', user_id: '6bf0e5d0-cf5c-4820-90f5-346e1e2a4d4c', program_id: '44f1e494-178a-4e14-aaa2-651dd8844163', workout_name: 'Full Body A', start_time: 1760570042505, …}
S:\Program Files\LiftLog\lib\workout-logger.ts:2062 [WorkoutLogger] Loaded 35 workouts from database (forceRefresh: true )
S:\Program Files\LiftLog\lib\workout-logger.ts:2074 [WorkoutLogger] Loading in-progress workouts...
S:\Program Files\LiftLog\app\page.tsx:81 [HomePage] Loading completed, clearing status
S:\Program Files\LiftLog\lib\workout-logger.ts:2088 [WorkoutLogger] Found 4 in-progress workouts in database
S:\Program Files\LiftLog\lib\workout-logger.ts:2110 [WorkoutLogger] Loaded 4 in-progress workouts from database (forceRefresh: true )
S:\Program Files\LiftLog\lib\workout-logger.ts:2121 [WorkoutLogger] Database loading completed. Total records loaded: 39
S:\Program Files\LiftLog\lib\program-state.ts:949 [ProgramState] Loaded program history from database
S:\Program Files\LiftLog\lib\workout-logger.ts:2000 [WorkoutLogger] Loading user data from database (forceRefresh: true )
S:\Program Files\LiftLog\lib\workout-logger.ts:2007 [WorkoutLogger] Testing database access...
S:\Program Files\LiftLog\app\page.tsx:74 [HomePage] Data loading status: 
S:\Program Files\LiftLog\contexts\auth-context.tsx:163 [Auth] All data loading completed successfully
S:\Program Files\LiftLog\lib\workout-logger.ts:2023 [WorkoutLogger] Loading completed workouts...
S:\Program Files\LiftLog\lib\workout-logger.ts:2038 [WorkoutLogger] Found 35 workouts in database
S:\Program Files\LiftLog\lib\workout-logger.ts:2039 [WorkoutLogger] Sample workout data: {id: 'xm9gl40xp', user_id: '6bf0e5d0-cf5c-4820-90f5-346e1e2a4d4c', program_id: '44f1e494-178a-4e14-aaa2-651dd8844163', workout_name: 'Full Body A', start_time: 1760570042505, …}completed: truecreated_at: "2025-10-15T23:14:25.155242+00:00"day: 1end_time: 1760570065984exercises: (3) [{…}, {…}, {…}]id: "xm9gl40xp"notes: nullprogram_id: "44f1e494-178a-4e14-aaa2-651dd8844163"program_instance_id: "1ebc5771-6355-4c0f-b1e0-21ba92887da2"start_time: 1760570042505updated_at: "2025-10-15T23:14:27.061177+00:00"user_id: "6bf0e5d0-cf5c-4820-90f5-346e1e2a4d4c"week: 2workout_name: "Full Body A"[[Prototype]]: Object
S:\Program Files\LiftLog\lib\workout-logger.ts:2062 [WorkoutLogger] Loaded 35 workouts from database (forceRefresh: true )
S:\Program Files\LiftLog\lib\workout-logger.ts:2074 [WorkoutLogger] Loading in-progress workouts...
S:\Program Files\LiftLog\lib\workout-logger.ts:2088 [WorkoutLogger] Found 4 in-progress workouts in database
S:\Program Files\LiftLog\lib\workout-logger.ts:2110 [WorkoutLogger] Loaded 4 in-progress workouts from database (forceRefresh: true )
S:\Program Files\LiftLog\lib\workout-logger.ts:2121 [WorkoutLogger] Database loading completed. Total records loaded: 39
S:\Program Files\LiftLog\components\train-section.tsx:41 [TrainSection] Loaded active program: null
S:\Program Files\LiftLog\components\train-section.tsx:54 [TrainSection] No active program returned from ProgramStateManager
loadProgramData @ S:\Program Files\LiftLog\components\train-section.tsx:54
await in loadProgramData
TrainSection.useEffect.handleProgramChange @ S:\Program Files\LiftLog\components\train-section.tsx:80
loadUserApplicationData @ S:\Program Files\LiftLog\contexts\auth-context.tsx:155
await in loadUserApplicationData
AuthProvider.useEffect.checkOAuthCallback @ S:\Program Files\LiftLog\contexts\auth-context.tsx:35
await in AuthProvider.useEffect.checkOAuthCallback
AuthProvider.useEffect @ S:\Program Files\LiftLog\contexts\auth-context.tsx:53
react_stack_bottom_frame @ react-dom-client.development.js:23669
runWithFiberInDEV @ react-dom-client.development.js:872
commitHookEffectListMount @ react-dom-client.development.js:12345
commitHookPassiveMountEffects @ react-dom-client.development.js:12466
commitPassiveMountOnFiber @ react-dom-client.development.js:14387
recursivelyTraversePassiveMountEffects @ react-dom-client.development.js:14360
commitPassiveMountOnFiber @ react-dom-client.development.js:14514
recursivelyTraversePassiveMountEffects @ react-dom-client.development.js:14360
commitPassiveMountOnFiber @ react-dom-client.development.js:14514
recursivelyTraversePassiveMountEffects @ react-dom-client.development.js:14360
commitPassiveMountOnFiber @ react-dom-client.development.js:14514
recursivelyTraversePassiveMountEffects @ react-dom-client.development.js:14360
commitPassiveMountOnFiber @ react-dom-client.development.js:14380
recursivelyTraversePassiveMountEffects @ react-dom-client.development.js:14360
commitPassiveMountOnFiber @ react-dom-client.development.js:14380
recursivelyTraversePassiveMountEffects @ react-dom-client.development.js:14360
commitPassiveMountOnFiber @ react-dom-client.development.js:14390
recursivelyTraversePassiveMountEffects @ react-dom-client.development.js:14360
commitPassiveMountOnFiber @ react-dom-client.development.js:14380
recursivelyTraversePassiveMountEffects @ react-dom-client.development.js:14360
commitPassiveMountOnFiber @ react-dom-client.development.js:14390
recursivelyTraversePassiveMountEffects @ react-dom-client.development.js:14360
commitPassiveMountOnFiber @ react-dom-client.development.js:14380
recursivelyTraversePassiveMountEffects @ react-dom-client.development.js:14360
commitPassiveMountOnFiber @ react-dom-client.development.js:14380
recursivelyTraversePassiveMountEffects @ react-dom-client.development.js:14360
commitPassiveMountOnFiber @ react-dom-client.development.js:14390
recursivelyTraversePassiveMountEffects @ react-dom-client.development.js:14360
commitPassiveMountOnFiber @ react-dom-client.development.js:14380
recursivelyTraversePassiveMountEffects @ react-dom-client.development.js:14360
commitPassiveMountOnFiber @ react-dom-client.development.js:14514
recursivelyTraversePassiveMountEffects @ react-dom-client.development.js:14360
commitPassiveMountOnFiber @ react-dom-client.development.js:14514
recursivelyTraversePassiveMountEffects @ react-dom-client.development.js:14360
commitPassiveMountOnFiber @ react-dom-client.development.js:14514
recursivelyTraversePassiveMountEffects @ react-dom-client.development.js:14360
commitPassiveMountOnFiber @ react-dom-client.development.js:14514
recursivelyTraversePassiveMountEffects @ react-dom-client.development.js:14360
commitPassiveMountOnFiber @ react-dom-client.development.js:14514
recursivelyTraversePassiveMountEffects @ react-dom-client.development.js:14360
commitPassiveMountOnFiber @ react-dom-client.development.js:14514
recursivelyTraversePassiveMountEffects @ react-dom-client.development.js:14360
commitPassiveMountOnFiber @ react-dom-client.development.js:14380
recursivelyTraversePassiveMountEffects @ react-dom-client.development.js:14360
commitPassiveMountOnFiber @ react-dom-client.development.js:14390
recursivelyTraversePassiveMountEffects @ react-dom-client.development.js:14360
commitPassiveMountOnFiber @ react-dom-client.development.js:14380
recursivelyTraversePassiveMountEffects @ react-dom-client.development.js:14360
commitPassiveMountOnFiber @ react-dom-client.development.js:14380
recursivelyTraversePassiveMountEffects @ react-dom-client.development.js:14360
commitPassiveMountOnFiber @ react-dom-client.development.js:14380
recursivelyTraversePassiveMountEffects @ react-dom-client.development.js:14360
commitPassiveMountOnFiber @ react-dom-client.development.js:14514
recursivelyTraversePassiveMountEffects @ react-dom-client.development.js:14360
commitPassiveMountOnFiber @ react-dom-client.development.js:14380
recursivelyTraversePassiveMountEffects @ react-dom-client.development.js:14360
commitPassiveMountOnFiber @ react-dom-client.development.js:14380
recursivelyTraversePassiveMountEffects @ react-dom-client.development.js:14360
commitPassiveMountOnFiber @ react-dom-client.development.js:14514
recursivelyTraversePassiveMountEffects @ react-dom-client.development.js:14360
commitPassiveMountOnFiber @ react-dom-client.development.js:14514
recursivelyTraversePassiveMountEffects @ react-dom-client.development.js:14360
commitPassiveMountOnFiber @ react-dom-client.development.js:14399
flushPassiveEffects @ react-dom-client.development.js:16338
flushPendingEffects @ react-dom-client.development.js:16299
performSyncWorkOnRoot @ react-dom-client.development.js:16828
flushSyncWorkAcrossRoots_impl @ react-dom-client.development.js:16677
flushSpawnedWork @ react-dom-client.development.js:16274
commitRoot @ react-dom-client.development.js:15998
commitRootWhenReady @ react-dom-client.development.js:15228
performWorkOnRoot @ react-dom-client.development.js:15147
performWorkOnRootViaSchedulerTask @ react-dom-client.development.js:16816
performWorkUntilDeadline @ scheduler.development.js:45
"use client"
RootLayout @ layout.tsx:37
initializeElement @ react-server-dom-webpack-client.browser.development.js:1344
eval @ react-server-dom-webpack-client.browser.development.js:3066
initializeModelChunk @ react-server-dom-webpack-client.browser.development.js:1246
getOutlinedModel @ react-server-dom-webpack-client.browser.development.js:1634
parseModelString @ react-server-dom-webpack-client.browser.development.js:1993
eval @ react-server-dom-webpack-client.browser.development.js:2996
initializeModelChunk @ react-server-dom-webpack-client.browser.development.js:1246
resolveModelChunk @ react-server-dom-webpack-client.browser.development.js:1101
processFullStringRow @ react-server-dom-webpack-client.browser.development.js:2899
processFullBinaryRow @ react-server-dom-webpack-client.browser.development.js:2766
processBinaryChunk @ react-server-dom-webpack-client.browser.development.js:2969
progress @ react-server-dom-webpack-client.browser.development.js:3233
<RootLayout>
initializeFakeTask @ react-server-dom-webpack-client.browser.development.js:2529
initializeDebugInfo @ react-server-dom-webpack-client.browser.development.js:2554
initializeDebugChunk @ react-server-dom-webpack-client.browser.development.js:1193
processFullStringRow @ react-server-dom-webpack-client.browser.development.js:2850
processFullBinaryRow @ react-server-dom-webpack-client.browser.development.js:2766
processBinaryChunk @ react-server-dom-webpack-client.browser.development.js:2969
progress @ react-server-dom-webpack-client.browser.development.js:3233
"use server"
ResponseInstance @ react-server-dom-webpack-client.browser.development.js:2041
createResponseFromOptions @ react-server-dom-webpack-client.browser.development.js:3094
exports.createFromReadableStream @ react-server-dom-webpack-client.browser.development.js:3478
eval @ app-index.js:130
(app-pages-browser)/./node_modules/next/dist/client/app-index.js @ main-app.js?v=1760603219742:160
options.factory @ webpack.js:1
__webpack_require__ @ webpack.js:1
fn @ webpack.js:1
eval @ app-next-dev.js:14
eval @ app-bootstrap.js:59
loadScriptsInSequence @ app-bootstrap.js:24
appBootstrap @ app-bootstrap.js:53
eval @ app-next-dev.js:13
(app-pages-browser)/./node_modules/next/dist/client/app-next-dev.js @ main-app.js?v=1760603219742:182
options.factory @ webpack.js:1
__webpack_require__ @ webpack.js:1
__webpack_exec__ @ main-app.js?v=1760603219742:1878
(anonymous) @ main-app.js?v=1760603219742:1879
webpackJsonpCallback @ webpack.js:1
(anonymous) @ main-app.js?v=1760603219742:9
S:\Program Files\LiftLog\app\page.tsx:81 [HomePage] Loading completed, clearing status
S:\Program Files\LiftLog\lib\workout-logger.ts:2000 [WorkoutLogger] Loading user data from database (forceRefresh: true )
S:\Program Files\LiftLog\lib\workout-logger.ts:2007 [WorkoutLogger] Testing database access...
S:\Program Files\LiftLog\lib\workout-logger.ts:2023 [WorkoutLogger] Loading completed workouts...
S:\Program Files\LiftLog\lib\workout-logger.ts:2038 [WorkoutLogger] Found 35 workouts in database
S:\Program Files\LiftLog\lib\workout-logger.ts:2039 [WorkoutLogger] Sample workout data: {id: 'xm9gl40xp', user_id: '6bf0e5d0-cf5c-4820-90f5-346e1e2a4d4c', program_id: '44f1e494-178a-4e14-aaa2-651dd8844163', workout_name: 'Full Body A', start_time: 1760570042505, …}
S:\Program Files\LiftLog\lib\workout-logger.ts:2062 [WorkoutLogger] Loaded 35 workouts from database (forceRefresh: true )
S:\Program Files\LiftLog\lib\workout-logger.ts:2074 [WorkoutLogger] Loading in-progress workouts...
S:\Program Files\LiftLog\lib\workout-logger.ts:2088 [WorkoutLogger] Found 4 in-progress workouts in database
S:\Program Files\LiftLog\lib\workout-logger.ts:2110 [WorkoutLogger] Loaded 4 in-progress workouts from database (forceRefresh: true )
S:\Program Files\LiftLog\lib\workout-logger.ts:2121 [WorkoutLogger] Database loading completed. Total records loaded: 39
S:\Program Files\LiftLog\lib\program-state.ts:949 [ProgramState] Loaded program history from database
S:\Program Files\LiftLog\components\train-section.tsx:68 [TrainSection] Component mounted or updated, loading program data...
S:\Program Files\LiftLog\components\train-section.tsx:24 [TrainSection] Loading active program...
S:\Program Files\LiftLog\components\train-section.tsx:28 [TrainSection] localStorage has active program: false
S:\Program Files\LiftLog\lib\workout-logger.ts:2000 [WorkoutLogger] Loading user data from database (forceRefresh: true )
S:\Program Files\LiftLog\lib\workout-logger.ts:2007 [WorkoutLogger] Testing database access...
S:\Program Files\LiftLog\components\train-section.tsx:68 [TrainSection] Component mounted or updated, loading program data...
S:\Program Files\LiftLog\components\train-section.tsx:24 [TrainSection] Loading active program...
S:\Program Files\LiftLog\components\train-section.tsx:28 [TrainSection] localStorage has active program: false
S:\Program Files\LiftLog\lib\workout-logger.ts:2000 [WorkoutLogger] Loading user data from database (forceRefresh: true )
S:\Program Files\LiftLog\lib\workout-logger.ts:2007 [WorkoutLogger] Testing database access...
S:\Program Files\LiftLog\lib\workout-logger.ts:2023 [WorkoutLogger] Loading completed workouts...
S:\Program Files\LiftLog\lib\workout-logger.ts:2038 [WorkoutLogger] Found 35 workouts in database
S:\Program Files\LiftLog\lib\workout-logger.ts:2039 [WorkoutLogger] Sample workout data: {id: 'xm9gl40xp', user_id: '6bf0e5d0-cf5c-4820-90f5-346e1e2a4d4c', program_id: '44f1e494-178a-4e14-aaa2-651dd8844163', workout_name: 'Full Body A', start_time: 1760570042505, …}
S:\Program Files\LiftLog\lib\workout-logger.ts:2062 [WorkoutLogger] Loaded 35 workouts from database (forceRefresh: true )
S:\Program Files\LiftLog\lib\workout-logger.ts:2074 [WorkoutLogger] Loading in-progress workouts...
S:\Program Files\LiftLog\lib\workout-logger.ts:2023 [WorkoutLogger] Loading completed workouts...
S:\Program Files\LiftLog\lib\workout-logger.ts:2088 [WorkoutLogger] Found 4 in-progress workouts in database
S:\Program Files\LiftLog\lib\workout-logger.ts:2110 [WorkoutLogger] Loaded 4 in-progress workouts from database (forceRefresh: true )
S:\Program Files\LiftLog\lib\workout-logger.ts:2121 [WorkoutLogger] Database loading completed. Total records loaded: 39
S:\Program Files\LiftLog\lib\workout-logger.ts:2038 [WorkoutLogger] Found 35 workouts in database
S:\Program Files\LiftLog\lib\workout-logger.ts:2039 [WorkoutLogger] Sample workout data: {id: 'xm9gl40xp', user_id: '6bf0e5d0-cf5c-4820-90f5-346e1e2a4d4c', program_id: '44f1e494-178a-4e14-aaa2-651dd8844163', workout_name: 'Full Body A', start_time: 1760570042505, …}
S:\Program Files\LiftLog\lib\workout-logger.ts:2062 [WorkoutLogger] Loaded 35 workouts from database (forceRefresh: true )
S:\Program Files\LiftLog\lib\workout-logger.ts:2074 [WorkoutLogger] Loading in-progress workouts...
S:\Program Files\LiftLog\lib\workout-logger.ts:2088 [WorkoutLogger] Found 4 in-progress workouts in database
S:\Program Files\LiftLog\lib\workout-logger.ts:2110 [WorkoutLogger] Loaded 4 in-progress workouts from database (forceRefresh: true )
S:\Program Files\LiftLog\lib\workout-logger.ts:2121 [WorkoutLogger] Database loading completed. Total records loaded: 39
S:\Program Files\LiftLog\lib\program-state.ts:949 [ProgramState] Loaded program history from database
S:\Program Files\LiftLog\lib\workout-logger.ts:2000 [WorkoutLogger] Loading user data from database (forceRefresh: true )
S:\Program Files\LiftLog\lib\workout-logger.ts:2007 [WorkoutLogger] Testing database access...
S:\Program Files\LiftLog\lib\workout-logger.ts:2023 [WorkoutLogger] Loading completed workouts...
S:\Program Files\LiftLog\lib\program-state.ts:949 [ProgramState] Loaded program history from database
S:\Program Files\LiftLog\lib\workout-logger.ts:2000 [WorkoutLogger] Loading user data from database (forceRefresh: true )
S:\Program Files\LiftLog\lib\workout-logger.ts:2007 [WorkoutLogger] Testing database access...
S:\Program Files\LiftLog\lib\workout-logger.ts:2038 [WorkoutLogger] Found 35 workouts in database
S:\Program Files\LiftLog\lib\workout-logger.ts:2039 [WorkoutLogger] Sample workout data: {id: 'xm9gl40xp', user_id: '6bf0e5d0-cf5c-4820-90f5-346e1e2a4d4c', program_id: '44f1e494-178a-4e14-aaa2-651dd8844163', workout_name: 'Full Body A', start_time: 1760570042505, …}
S:\Program Files\LiftLog\lib\workout-logger.ts:2062 [WorkoutLogger] Loaded 35 workouts from database (forceRefresh: true )
S:\Program Files\LiftLog\lib\workout-logger.ts:2074 [WorkoutLogger] Loading in-progress workouts...
S:\Program Files\LiftLog\lib\workout-logger.ts:2023 [WorkoutLogger] Loading completed workouts...
S:\Program Files\LiftLog\lib\workout-logger.ts:2088 [WorkoutLogger] Found 4 in-progress workouts in database
S:\Program Files\LiftLog\lib\workout-logger.ts:2110 [WorkoutLogger] Loaded 4 in-progress workouts from database (forceRefresh: true )
S:\Program Files\LiftLog\lib\workout-logger.ts:2121 [WorkoutLogger] Database loading completed. Total records loaded: 39
S:\Program Files\LiftLog\components\train-section.tsx:41 [TrainSection] Loaded active program: null
S:\Program Files\LiftLog\components\train-section.tsx:54 [TrainSection] No active program returned from ProgramStateManager
loadProgramData @ S:\Program Files\LiftLog\components\train-section.tsx:54
await in loadProgramData
TrainSection.useEffect @ S:\Program Files\LiftLog\components\train-section.tsx:69
react_stack_bottom_frame @ react-dom-client.development.js:23669
runWithFiberInDEV @ react-dom-client.development.js:872
commitHookEffectListMount @ react-dom-client.development.js:12345
commitHookPassiveMountEffects @ react-dom-client.development.js:12466
commitPassiveMountOnFiber @ react-dom-client.development.js:14387
recursivelyTraversePassiveMountEffects @ react-dom-client.development.js:14360
commitPassiveMountOnFiber @ react-dom-client.development.js:14514
recursivelyTraversePassiveMountEffects @ react-dom-client.development.js:14360
commitPassiveMountOnFiber @ react-dom-client.development.js:14514
recursivelyTraversePassiveMountEffects @ react-dom-client.development.js:14360
commitPassiveMountOnFiber @ react-dom-client.development.js:14380
recursivelyTraversePassiveMountEffects @ react-dom-client.development.js:14360
commitPassiveMountOnFiber @ react-dom-client.development.js:14380
recursivelyTraversePassiveMountEffects @ react-dom-client.development.js:14360
commitPassiveMountOnFiber @ react-dom-client.development.js:14380
recursivelyTraversePassiveMountEffects @ react-dom-client.development.js:14360
commitPassiveMountOnFiber @ react-dom-client.development.js:14514
recursivelyTraversePassiveMountEffects @ react-dom-client.development.js:14360
commitPassiveMountOnFiber @ react-dom-client.development.js:14514
recursivelyTraversePassiveMountEffects @ react-dom-client.development.js:14360
commitPassiveMountOnFiber @ react-dom-client.development.js:14380
recursivelyTraversePassiveMountEffects @ react-dom-client.development.js:14360
commitPassiveMountOnFiber @ react-dom-client.development.js:14390
recursivelyTraversePassiveMountEffects @ react-dom-client.development.js:14360
commitPassiveMountOnFiber @ react-dom-client.development.js:14380
recursivelyTraversePassiveMountEffects @ react-dom-client.development.js:14360
commitPassiveMountOnFiber @ react-dom-client.development.js:14390
recursivelyTraversePassiveMountEffects @ react-dom-client.development.js:14360
commitPassiveMountOnFiber @ react-dom-client.development.js:14380
recursivelyTraversePassiveMountEffects @ react-dom-client.development.js:14360
commitPassiveMountOnFiber @ react-dom-client.development.js:14485
recursivelyTraversePassiveMountEffects @ react-dom-client.development.js:14360
commitPassiveMountOnFiber @ react-dom-client.development.js:14458
recursivelyTraversePassiveMountEffects @ react-dom-client.development.js:14360
commitPassiveMountOnFiber @ react-dom-client.development.js:14380
recursivelyTraversePassiveMountEffects @ react-dom-client.development.js:14360
commitPassiveMountOnFiber @ react-dom-client.development.js:14380
recursivelyTraversePassiveMountEffects @ react-dom-client.development.js:14360
commitPassiveMountOnFiber @ react-dom-client.development.js:14390
recursivelyTraversePassiveMountEffects @ react-dom-client.development.js:14360
commitPassiveMountOnFiber @ react-dom-client.development.js:14380
recursivelyTraversePassiveMountEffects @ react-dom-client.development.js:14360
commitPassiveMountOnFiber @ react-dom-client.development.js:14380
recursivelyTraversePassiveMountEffects @ react-dom-client.development.js:14360
commitPassiveMountOnFiber @ react-dom-client.development.js:14514
recursivelyTraversePassiveMountEffects @ react-dom-client.development.js:14360
commitPassiveMountOnFiber @ react-dom-client.development.js:14514
recursivelyTraversePassiveMountEffects @ react-dom-client.development.js:14360
commitPassiveMountOnFiber @ react-dom-client.development.js:14380
recursivelyTraversePassiveMountEffects @ react-dom-client.development.js:14360
commitPassiveMountOnFiber @ react-dom-client.development.js:14380
recursivelyTraversePassiveMountEffects @ react-dom-client.development.js:14360
commitPassiveMountOnFiber @ react-dom-client.development.js:14485
recursivelyTraversePassiveMountEffects @ react-dom-client.development.js:14360
commitPassiveMountOnFiber @ react-dom-client.development.js:14458
recursivelyTraversePassiveMountEffects @ react-dom-client.development.js:14360
commitPassiveMountOnFiber @ react-dom-client.development.js:14514
recursivelyTraversePassiveMountEffects @ react-dom-client.development.js:14360
commitPassiveMountOnFiber @ react-dom-client.development.js:14514
recursivelyTraversePassiveMountEffects @ react-dom-client.development.js:14360
commitPassiveMountOnFiber @ react-dom-client.development.js:14380
recursivelyTraversePassiveMountEffects @ react-dom-client.development.js:14360
commitPassiveMountOnFiber @ react-dom-client.development.js:14380
recursivelyTraversePassiveMountEffects @ react-dom-client.development.js:14360
commitPassiveMountOnFiber @ react-dom-client.development.js:14380
recursivelyTraversePassiveMountEffects @ react-dom-client.development.js:14360
commitPassiveMountOnFiber @ react-dom-client.development.js:14514
recursivelyTraversePassiveMountEffects @ react-dom-client.development.js:14360
commitPassiveMountOnFiber @ react-dom-client.development.js:14380
recursivelyTraversePassiveMountEffects @ react-dom-client.development.js:14360
commitPassiveMountOnFiber @ react-dom-client.development.js:14514
recursivelyTraversePassiveMountEffects @ react-dom-client.development.js:14360
commitPassiveMountOnFiber @ react-dom-client.development.js:14514
recursivelyTraversePassiveMountEffects @ react-dom-client.development.js:14360
commitPassiveMountOnFiber @ react-dom-client.development.js:14514
recursivelyTraversePassiveMountEffects @ react-dom-client.development.js:14360
commitPassiveMountOnFiber @ react-dom-client.development.js:14380
recursivelyTraversePassiveMountEffects @ react-dom-client.development.js:14360
commitPassiveMountOnFiber @ react-dom-client.development.js:14380
recursivelyTraversePassiveMountEffects @ react-dom-client.development.js:14360
commitPassiveMountOnFiber @ react-dom-client.development.js:14390
recursivelyTraversePassiveMountEffects @ react-dom-client.development.js:14360
commitPassiveMountOnFiber @ react-dom-client.development.js:14380
recursivelyTraversePassiveMountEffects @ react-dom-client.development.js:14360
commitPassiveMountOnFiber @ react-dom-client.development.js:14390
recursivelyTraversePassiveMountEffects @ react-dom-client.development.js:14360
commitPassiveMountOnFiber @ react-dom-client.development.js:14380
recursivelyTraversePassiveMountEffects @ react-dom-client.development.js:14360
commitPassiveMountOnFiber @ react-dom-client.development.js:14380
recursivelyTraversePassiveMountEffects @ react-dom-client.development.js:14360
commitPassiveMountOnFiber @ react-dom-client.development.js:14390
recursivelyTraversePassiveMountEffects @ react-dom-client.development.js:14360
commitPassiveMountOnFiber @ react-dom-client.development.js:14380
recursivelyTraversePassiveMountEffects @ react-dom-client.development.js:14360
commitPassiveMountOnFiber @ react-dom-client.development.js:14514
recursivelyTraversePassiveMountEffects @ react-dom-client.development.js:14360
commitPassiveMountOnFiber @ react-dom-client.development.js:14514
recursivelyTraversePassiveMountEffects @ react-dom-client.development.js:14360
commitPassiveMountOnFiber @ react-dom-client.development.js:14514
recursivelyTraversePassiveMountEffects @ react-dom-client.development.js:14360
commitPassiveMountOnFiber @ react-dom-client.development.js:14514
recursivelyTraversePassiveMountEffects @ react-dom-client.development.js:14360
commitPassiveMountOnFiber @ react-dom-client.development.js:14514
recursivelyTraversePassiveMountEffects @ react-dom-client.development.js:14360
commitPassiveMountOnFiber @ react-dom-client.development.js:14514
recursivelyTraversePassiveMountEffects @ react-dom-client.development.js:14360
commitPassiveMountOnFiber @ react-dom-client.development.js:14380
recursivelyTraversePassiveMountEffects @ react-dom-client.development.js:14360
commitPassiveMountOnFiber @ react-dom-client.development.js:14390
recursivelyTraversePassiveMountEffects @ react-dom-client.development.js:14360
commitPassiveMountOnFiber @ react-dom-client.development.js:14380
recursivelyTraversePassiveMountEffects @ react-dom-client.development.js:14360
commitPassiveMountOnFiber @ react-dom-client.development.js:14380
recursivelyTraversePassiveMountEffects @ react-dom-client.development.js:14360
commitPassiveMountOnFiber @ react-dom-client.development.js:14380
recursivelyTraversePassiveMountEffects @ react-dom-client.development.js:14360
commitPassiveMountOnFiber @ react-dom-client.development.js:14514
recursivelyTraversePassiveMountEffects @ react-dom-client.development.js:14360
commitPassiveMountOnFiber @ react-dom-client.development.js:14380
recursivelyTraversePassiveMountEffects @ react-dom-client.development.js:14360
commitPassiveMountOnFiber @ react-dom-client.development.js:14380
recursivelyTraversePassiveMountEffects @ react-dom-client.development.js:14360
commitPassiveMountOnFiber @ react-dom-client.development.js:14514
recursivelyTraversePassiveMountEffects @ react-dom-client.development.js:14360
commitPassiveMountOnFiber @ react-dom-client.development.js:14514
recursivelyTraversePassiveMountEffects @ react-dom-client.development.js:14360
commitPassiveMountOnFiber @ react-dom-client.development.js:14399
flushPassiveEffects @ react-dom-client.development.js:16338
flushPendingEffects @ react-dom-client.development.js:16299
performSyncWorkOnRoot @ react-dom-client.development.js:16828
flushSyncWorkAcrossRoots_impl @ react-dom-client.development.js:16677
flushSpawnedWork @ react-dom-client.development.js:16274
commitRoot @ react-dom-client.development.js:15998
commitRootWhenReady @ react-dom-client.development.js:15228
performWorkOnRoot @ react-dom-client.development.js:15147
performWorkOnRootViaSchedulerTask @ react-dom-client.development.js:16816
performWorkUntilDeadline @ scheduler.development.js:45
<TrainSection>
exports.jsxDEV @ react-jsx-dev-runtime.development.js:323
HomePage @ S:\Program Files\LiftLog\app\page.tsx:280
react_stack_bottom_frame @ react-dom-client.development.js:23584
renderWithHooksAgain @ react-dom-client.development.js:6893
renderWithHooks @ react-dom-client.development.js:6805
updateFunctionComponent @ react-dom-client.development.js:9247
beginWork @ react-dom-client.development.js:10858
runWithFiberInDEV @ react-dom-client.development.js:872
performUnitOfWork @ react-dom-client.development.js:15727
workLoopSync @ react-dom-client.development.js:15547
renderRootSync @ react-dom-client.development.js:15527
performWorkOnRoot @ react-dom-client.development.js:14991
performWorkOnRootViaSchedulerTask @ react-dom-client.development.js:16816
performWorkUntilDeadline @ scheduler.development.js:45
S:\Program Files\LiftLog\lib\workout-logger.ts:2038 [WorkoutLogger] Found 35 workouts in database
S:\Program Files\LiftLog\lib\workout-logger.ts:2039 [WorkoutLogger] Sample workout data: {id: 'xm9gl40xp', user_id: '6bf0e5d0-cf5c-4820-90f5-346e1e2a4d4c', program_id: '44f1e494-178a-4e14-aaa2-651dd8844163', workout_name: 'Full Body A', start_time: 1760570042505, …}
S:\Program Files\LiftLog\lib\workout-logger.ts:2062 [WorkoutLogger] Loaded 35 workouts from database (forceRefresh: true )
S:\Program Files\LiftLog\lib\workout-logger.ts:2074 [WorkoutLogger] Loading in-progress workouts...
S:\Program Files\LiftLog\lib\workout-logger.ts:2088 [WorkoutLogger] Found 4 in-progress workouts in database
S:\Program Files\LiftLog\lib\workout-logger.ts:2110 [WorkoutLogger] Loaded 4 in-progress workouts from database (forceRefresh: true )
S:\Program Files\LiftLog\lib\workout-logger.ts:2121 [WorkoutLogger] Database loading completed. Total records loaded: 39
S:\Program Files\LiftLog\components\train-section.tsx:41 [TrainSection] Loaded active program: null
S:\Program Files\LiftLog\components\train-section.tsx:54 [TrainSection] No active program returned from ProgramStateManager
loadProgramData @ S:\Program Files\LiftLog\components\train-section.tsx:54
await in loadProgramData
TrainSection.useEffect @ S:\Program Files\LiftLog\components\train-section.tsx:69
react_stack_bottom_frame @ react-dom-client.development.js:23669
runWithFiberInDEV @ react-dom-client.development.js:872
commitHookEffectListMount @ react-dom-client.development.js:12345
commitHookPassiveMountEffects @ react-dom-client.development.js:12466
reconnectPassiveEffects @ react-dom-client.development.js:14563
doubleInvokeEffectsOnFiber @ react-dom-client.development.js:16566
runWithFiberInDEV @ react-dom-client.development.js:872
recursivelyTraverseAndDoubleInvokeEffectsInDEV @ react-dom-client.development.js:16530
recursivelyTraverseAndDoubleInvokeEffectsInDEV @ react-dom-client.development.js:16536
recursivelyTraverseAndDoubleInvokeEffectsInDEV @ react-dom-client.development.js:16536
recursivelyTraverseAndDoubleInvokeEffectsInDEV @ react-dom-client.development.js:16536
recursivelyTraverseAndDoubleInvokeEffectsInDEV @ react-dom-client.development.js:16536
recursivelyTraverseAndDoubleInvokeEffectsInDEV @ react-dom-client.development.js:16536
recursivelyTraverseAndDoubleInvokeEffectsInDEV @ react-dom-client.development.js:16536
recursivelyTraverseAndDoubleInvokeEffectsInDEV @ react-dom-client.development.js:16536
recursivelyTraverseAndDoubleInvokeEffectsInDEV @ react-dom-client.development.js:16536
recursivelyTraverseAndDoubleInvokeEffectsInDEV @ react-dom-client.development.js:16536
recursivelyTraverseAndDoubleInvokeEffectsInDEV @ react-dom-client.development.js:16536
recursivelyTraverseAndDoubleInvokeEffectsInDEV @ react-dom-client.development.js:16536
recursivelyTraverseAndDoubleInvokeEffectsInDEV @ react-dom-client.development.js:16536
runWithFiberInDEV @ react-dom-client.development.js:875
recursivelyTraverseAndDoubleInvokeEffectsInDEV @ react-dom-client.development.js:16550
recursivelyTraverseAndDoubleInvokeEffectsInDEV @ react-dom-client.development.js:16536
recursivelyTraverseAndDoubleInvokeEffectsInDEV @ react-dom-client.development.js:16536
recursivelyTraverseAndDoubleInvokeEffectsInDEV @ react-dom-client.development.js:16536
recursivelyTraverseAndDoubleInvokeEffectsInDEV @ react-dom-client.development.js:16536
recursivelyTraverseAndDoubleInvokeEffectsInDEV @ react-dom-client.development.js:16536
recursivelyTraverseAndDoubleInvokeEffectsInDEV @ react-dom-client.development.js:16536
recursivelyTraverseAndDoubleInvokeEffectsInDEV @ react-dom-client.development.js:16536
recursivelyTraverseAndDoubleInvokeEffectsInDEV @ react-dom-client.development.js:16536
recursivelyTraverseAndDoubleInvokeEffectsInDEV @ react-dom-client.development.js:16536
recursivelyTraverseAndDoubleInvokeEffectsInDEV @ react-dom-client.development.js:16536
runWithFiberInDEV @ react-dom-client.development.js:875
recursivelyTraverseAndDoubleInvokeEffectsInDEV @ react-dom-client.development.js:16550
recursivelyTraverseAndDoubleInvokeEffectsInDEV @ react-dom-client.development.js:16536
recursivelyTraverseAndDoubleInvokeEffectsInDEV @ react-dom-client.development.js:16536
recursivelyTraverseAndDoubleInvokeEffectsInDEV @ react-dom-client.development.js:16536
recursivelyTraverseAndDoubleInvokeEffectsInDEV @ react-dom-client.development.js:16536
recursivelyTraverseAndDoubleInvokeEffectsInDEV @ react-dom-client.development.js:16536
recursivelyTraverseAndDoubleInvokeEffectsInDEV @ react-dom-client.development.js:16536
recursivelyTraverseAndDoubleInvokeEffectsInDEV @ react-dom-client.development.js:16536
recursivelyTraverseAndDoubleInvokeEffectsInDEV @ react-dom-client.development.js:16536
recursivelyTraverseAndDoubleInvokeEffectsInDEV @ react-dom-client.development.js:16536
recursivelyTraverseAndDoubleInvokeEffectsInDEV @ react-dom-client.development.js:16536
recursivelyTraverseAndDoubleInvokeEffectsInDEV @ react-dom-client.development.js:16536
recursivelyTraverseAndDoubleInvokeEffectsInDEV @ react-dom-client.development.js:16536
recursivelyTraverseAndDoubleInvokeEffectsInDEV @ react-dom-client.development.js:16536
recursivelyTraverseAndDoubleInvokeEffectsInDEV @ react-dom-client.development.js:16536
recursivelyTraverseAndDoubleInvokeEffectsInDEV @ react-dom-client.development.js:16536
recursivelyTraverseAndDoubleInvokeEffectsInDEV @ react-dom-client.development.js:16536
recursivelyTraverseAndDoubleInvokeEffectsInDEV @ react-dom-client.development.js:16536
recursivelyTraverseAndDoubleInvokeEffectsInDEV @ react-dom-client.development.js:16536
recursivelyTraverseAndDoubleInvokeEffectsInDEV @ react-dom-client.development.js:16536
recursivelyTraverseAndDoubleInvokeEffectsInDEV @ react-dom-client.development.js:16536
recursivelyTraverseAndDoubleInvokeEffectsInDEV @ react-dom-client.development.js:16536
recursivelyTraverseAndDoubleInvokeEffectsInDEV @ react-dom-client.development.js:16536
recursivelyTraverseAndDoubleInvokeEffectsInDEV @ react-dom-client.development.js:16536
recursivelyTraverseAndDoubleInvokeEffectsInDEV @ react-dom-client.development.js:16536
recursivelyTraverseAndDoubleInvokeEffectsInDEV @ react-dom-client.development.js:16536
recursivelyTraverseAndDoubleInvokeEffectsInDEV @ react-dom-client.development.js:16536
recursivelyTraverseAndDoubleInvokeEffectsInDEV @ react-dom-client.development.js:16536
recursivelyTraverseAndDoubleInvokeEffectsInDEV @ react-dom-client.development.js:16536
recursivelyTraverseAndDoubleInvokeEffectsInDEV @ react-dom-client.development.js:16536
recursivelyTraverseAndDoubleInvokeEffectsInDEV @ react-dom-client.development.js:16536
recursivelyTraverseAndDoubleInvokeEffectsInDEV @ react-dom-client.development.js:16536
recursivelyTraverseAndDoubleInvokeEffectsInDEV @ react-dom-client.development.js:16536
recursivelyTraverseAndDoubleInvokeEffectsInDEV @ react-dom-client.development.js:16536
recursivelyTraverseAndDoubleInvokeEffectsInDEV @ react-dom-client.development.js:16536
recursivelyTraverseAndDoubleInvokeEffectsInDEV @ react-dom-client.development.js:16536
recursivelyTraverseAndDoubleInvokeEffectsInDEV @ react-dom-client.development.js:16536
commitDoubleInvokeEffectsInDEV @ react-dom-client.development.js:16575
flushPassiveEffects @ react-dom-client.development.js:16348
flushPendingEffects @ react-dom-client.development.js:16299
performSyncWorkOnRoot @ react-dom-client.development.js:16828
flushSyncWorkAcrossRoots_impl @ react-dom-client.development.js:16677
flushSpawnedWork @ react-dom-client.development.js:16274
commitRoot @ react-dom-client.development.js:15998
commitRootWhenReady @ react-dom-client.development.js:15228
performWorkOnRoot @ react-dom-client.development.js:15147
performWorkOnRootViaSchedulerTask @ react-dom-client.development.js:16816
performWorkUntilDeadline @ scheduler.development.js:45
<TrainSection>
exports.jsxDEV @ react-jsx-dev-runtime.development.js:323
HomePage @ S:\Program Files\LiftLog\app\page.tsx:280
react_stack_bottom_frame @ react-dom-client.development.js:23584
renderWithHooksAgain @ react-dom-client.development.js:6893
renderWithHooks @ react-dom-client.development.js:6805
updateFunctionComponent @ react-dom-client.development.js:9247
beginWork @ react-dom-client.development.js:10858
runWithFiberInDEV @ react-dom-client.development.js:872
performUnitOfWork @ react-dom-client.development.js:15727
workLoopSync @ react-dom-client.development.js:15547
renderRootSync @ react-dom-client.development.js:15527
performWorkOnRoot @ react-dom-client.development.js:14991
performWorkOnRootViaSchedulerTask @ react-dom-client.development.js:16816
performWorkUntilDeadline @ scheduler.development.js:45
S:\Program Files\LiftLog\lib\workout-logger.ts:2278 [WorkoutLogger] Starting periodic sync
S:\Program Files\LiftLog\lib\workout-logger.ts:2000 [WorkoutLogger] Loading user data from database (forceRefresh: false )
S:\Program Files\LiftLog\lib\workout-logger.ts:2007 [WorkoutLogger] Testing database access...
S:\Program Files\LiftLog\lib\workout-logger.ts:2023 [WorkoutLogger] Loading completed workouts...
S:\Program Files\LiftLog\lib\workout-logger.ts:2038 [WorkoutLogger] Found 35 workouts in database
S:\Program Files\LiftLog\lib\workout-logger.ts:2039 [WorkoutLogger] Sample workout data: {id: 'xm9gl40xp', user_id: '6bf0e5d0-cf5c-4820-90f5-346e1e2a4d4c', program_id: '44f1e494-178a-4e14-aaa2-651dd8844163', workout_name: 'Full Body A', start_time: 1760570042505, …}
S:\Program Files\LiftLog\lib\workout-logger.ts:2064 [WorkoutLogger] Preserving local workouts, found 49995 characters of local data
S:\Program Files\LiftLog\lib\workout-logger.ts:2074 [WorkoutLogger] Loading in-progress workouts...
S:\Program Files\LiftLog\lib\workout-logger.ts:2088 [WorkoutLogger] Found 4 in-progress workouts in database
S:\Program Files\LiftLog\lib\workout-logger.ts:2112 [WorkoutLogger] Preserving local in-progress workouts, found 8261 characters of local data
S:\Program Files\LiftLog\lib\workout-logger.ts:2121 [WorkoutLogger] Database loading completed. Total records loaded: 39
S:\Program Files\LiftLog\lib\workout-logger.ts:2286 [WorkoutLogger] Periodic sync completed
